<?xml version="1.0" encoding="UTF-8"?>
<testsuite xmlns:xsi="http://www.w3.org/2001/XMLSchema-instance" xsi:noNamespaceSchemaLocation="https://maven.apache.org/surefire/maven-surefire-plugin/xsd/surefire-test-report-3.0.xsd" version="3.0" name="test.TestRunner" time="6.055" tests="13" errors="0" skipped="0" failures="0">
  <properties>
    <property name="java.specification.version" value="21"/>
    <property name="sun.jnu.encoding" value="UTF-8"/>
    <property name="java.class.path" value="/home/developer/repos/hector/ozymandyas_perfect_holidays/karate/target/test-classes:/home/developer/repos/hector/ozymandyas_perfect_holidays/karate/target/classes:/home/developer/.m2/repository/com/intuit/karate/karate-junit5/1.4.0/karate-junit5-1.4.0.jar:/home/developer/.m2/repository/com/intuit/karate/karate-core/1.4.0/karate-core-1.4.0.jar:/home/developer/.m2/repository/org/graalvm/js/js-scriptengine/22.3.0/js-scriptengine-22.3.0.jar:/home/developer/.m2/repository/org/graalvm/sdk/graal-sdk/22.3.0/graal-sdk-22.3.0.jar:/home/developer/.m2/repository/org/graalvm/js/js/22.3.0/js-22.3.0.jar:/home/developer/.m2/repository/org/graalvm/regex/regex/22.3.0/regex-22.3.0.jar:/home/developer/.m2/repository/org/graalvm/truffle/truffle-api/22.3.0/truffle-api-22.3.0.jar:/home/developer/.m2/repository/com/ibm/icu/icu4j/71.1/icu4j-71.1.jar:/home/developer/.m2/repository/org/thymeleaf/thymeleaf/3.0.14.RELEASE/thymeleaf-3.0.14.RELEASE.jar:/home/developer/.m2/repository/ognl/ognl/3.1.26/ognl-3.1.26.jar:/home/developer/.m2/repository/org/javassist/javassist/3.20.0-GA/javassist-3.20.0-GA.jar:/home/developer/.m2/repository/org/attoparser/attoparser/2.0.5.RELEASE/attoparser-2.0.5.RELEASE.jar:/home/developer/.m2/repository/org/unbescape/unbescape/1.1.6.RELEASE/unbescape-1.1.6.RELEASE.jar:/home/developer/.m2/repository/org/slf4j/slf4j-api/1.7.25/slf4j-api-1.7.25.jar:/home/developer/.m2/repository/com/linecorp/armeria/armeria/1.22.0/armeria-1.22.0.jar:/home/developer/.m2/repository/com/fasterxml/jackson/core/jackson-core/2.14.2/jackson-core-2.14.2.jar:/home/developer/.m2/repository/com/fasterxml/jackson/core/jackson-annotations/2.14.2/jackson-annotations-2.14.2.jar:/home/developer/.m2/repository/com/fasterxml/jackson/core/jackson-databind/2.14.2/jackson-databind-2.14.2.jar:/home/developer/.m2/repository/com/fasterxml/jackson/datatype/jackson-datatype-jdk8/2.14.2/jackson-datatype-jdk8-2.14.2.jar:/home/developer/.m2/repository/com/fasterxml/jackson/datatype/jackson-datatype-jsr310/2.14.2/jackson-datatype-jsr310-2.14.2.jar:/home/developer/.m2/repository/io/micrometer/micrometer-core/1.10.3/micrometer-core-1.10.3.jar:/home/developer/.m2/repository/io/micrometer/micrometer-commons/1.10.3/micrometer-commons-1.10.3.jar:/home/developer/.m2/repository/io/micrometer/micrometer-observation/1.10.3/micrometer-observation-1.10.3.jar:/home/developer/.m2/repository/org/hdrhistogram/HdrHistogram/2.1.12/HdrHistogram-2.1.12.jar:/home/developer/.m2/repository/org/latencyutils/LatencyUtils/2.0.3/LatencyUtils-2.0.3.jar:/home/developer/.m2/repository/io/netty/netty-transport/4.1.87.Final/netty-transport-4.1.87.Final.jar:/home/developer/.m2/repository/io/netty/netty-common/4.1.87.Final/netty-common-4.1.87.Final.jar:/home/developer/.m2/repository/io/netty/netty-buffer/4.1.87.Final/netty-buffer-4.1.87.Final.jar:/home/developer/.m2/repository/io/netty/netty-resolver/4.1.87.Final/netty-resolver-4.1.87.Final.jar:/home/developer/.m2/repository/io/netty/netty-codec-haproxy/4.1.87.Final/netty-codec-haproxy-4.1.87.Final.jar:/home/developer/.m2/repository/io/netty/netty-codec/4.1.87.Final/netty-codec-4.1.87.Final.jar:/home/developer/.m2/repository/io/netty/netty-codec-http2/4.1.87.Final/netty-codec-http2-4.1.87.Final.jar:/home/developer/.m2/repository/io/netty/netty-handler/4.1.87.Final/netty-handler-4.1.87.Final.jar:/home/developer/.m2/repository/io/netty/netty-codec-http/4.1.87.Final/netty-codec-http-4.1.87.Final.jar:/home/developer/.m2/repository/io/netty/netty-resolver-dns/4.1.87.Final/netty-resolver-dns-4.1.87.Final.jar:/home/developer/.m2/repository/io/netty/netty-codec-dns/4.1.87.Final/netty-codec-dns-4.1.87.Final.jar:/home/developer/.m2/repository/org/reactivestreams/reactive-streams/1.0.4/reactive-streams-1.0.4.jar:/home/developer/.m2/repository/com/google/code/findbugs/jsr305/3.0.2/jsr305-3.0.2.jar:/home/developer/.m2/repository/io/netty/netty-transport-native-unix-common/4.1.87.Final/netty-transport-native-unix-common-4.1.87.Final-linux-x86_64.jar:/home/developer/.m2/repository/io/netty/netty-transport-native-epoll/4.1.87.Final/netty-transport-native-epoll-4.1.87.Final-linux-x86_64.jar:/home/developer/.m2/repository/io/netty/netty-transport-native-unix-common/4.1.87.Final/netty-transport-native-unix-common-4.1.87.Final.jar:/home/developer/.m2/repository/io/netty/netty-transport-classes-epoll/4.1.87.Final/netty-transport-classes-epoll-4.1.87.Final.jar:/home/developer/.m2/repository/io/netty/netty-resolver-dns-native-macos/4.1.87.Final/netty-resolver-dns-native-macos-4.1.87.Final-osx-x86_64.jar:/home/developer/.m2/repository/io/netty/netty-resolver-dns-classes-macos/4.1.87.Final/netty-resolver-dns-classes-macos-4.1.87.Final.jar:/home/developer/.m2/repository/io/netty/netty-resolver-dns-native-macos/4.1.87.Final/netty-resolver-dns-native-macos-4.1.87.Final-osx-aarch_64.jar:/home/developer/.m2/repository/io/netty/netty-tcnative-boringssl-static/2.0.56.Final/netty-tcnative-boringssl-static-2.0.56.Final-linux-x86_64.jar:/home/developer/.m2/repository/io/netty/netty-tcnative-classes/2.0.56.Final/netty-tcnative-classes-2.0.56.Final.jar:/home/developer/.m2/repository/io/netty/netty-tcnative-boringssl-static/2.0.56.Final/netty-tcnative-boringssl-static-2.0.56.Final-linux-aarch_64.jar:/home/developer/.m2/repository/io/netty/netty-tcnative-boringssl-static/2.0.56.Final/netty-tcnative-boringssl-static-2.0.56.Final-osx-x86_64.jar:/home/developer/.m2/repository/io/netty/netty-tcnative-boringssl-static/2.0.56.Final/netty-tcnative-boringssl-static-2.0.56.Final-osx-aarch_64.jar:/home/developer/.m2/repository/io/netty/netty-tcnative-boringssl-static/2.0.56.Final/netty-tcnative-boringssl-static-2.0.56.Final-windows-x86_64.jar:/home/developer/.m2/repository/io/netty/netty-handler-proxy/4.1.87.Final/netty-handler-proxy-4.1.87.Final.jar:/home/developer/.m2/repository/io/netty/netty-codec-socks/4.1.87.Final/netty-codec-socks-4.1.87.Final.jar:/home/developer/.m2/repository/com/aayushatharva/brotli4j/brotli4j/1.9.0/brotli4j-1.9.0.jar:/home/developer/.m2/repository/org/apache/httpcomponents/httpclient/4.5.14/httpclient-4.5.14.jar:/home/developer/.m2/repository/org/apache/httpcomponents/httpcore/4.4.16/httpcore-4.4.16.jar:/home/developer/.m2/repository/commons-codec/commons-codec/1.11/commons-codec-1.11.jar:/home/developer/.m2/repository/ch/qos/logback/logback-classic/1.2.9/logback-classic-1.2.9.jar:/home/developer/.m2/repository/ch/qos/logback/logback-core/1.2.9/logback-core-1.2.9.jar:/home/developer/.m2/repository/org/slf4j/jcl-over-slf4j/1.7.32/jcl-over-slf4j-1.7.32.jar:/home/developer/.m2/repository/org/antlr/antlr4-runtime/4.11.1/antlr4-runtime-4.11.1.jar:/home/developer/.m2/repository/com/jayway/jsonpath/json-path/2.8.0/json-path-2.8.0.jar:/home/developer/.m2/repository/net/minidev/json-smart/2.4.10/json-smart-2.4.10.jar:/home/developer/.m2/repository/net/minidev/accessors-smart/2.4.9/accessors-smart-2.4.9.jar:/home/developer/.m2/repository/org/ow2/asm/asm/9.3/asm-9.3.jar:/home/developer/.m2/repository/org/yaml/snakeyaml/2.0/snakeyaml-2.0.jar:/home/developer/.m2/repository/de/siegmar/fastcsv/2.2.1/fastcsv-2.2.1.jar:/home/developer/.m2/repository/info/picocli/picocli/4.7.1/picocli-4.7.1.jar:/home/developer/.m2/repository/io/github/classgraph/classgraph/4.8.152/classgraph-4.8.152.jar:/home/developer/.m2/repository/io/github/t12y/resemble/1.0.2/resemble-1.0.2.jar:/home/developer/.m2/repository/io/github/t12y/ssim/1.0.0/ssim-1.0.0.jar:/home/developer/.m2/repository/org/junit/jupiter/junit-jupiter-api/5.9.1/junit-jupiter-api-5.9.1.jar:/home/developer/.m2/repository/org/opentest4j/opentest4j/1.2.0/opentest4j-1.2.0.jar:/home/developer/.m2/repository/org/junit/platform/junit-platform-commons/1.9.1/junit-platform-commons-1.9.1.jar:/home/developer/.m2/repository/org/apiguardian/apiguardian-api/1.1.2/apiguardian-api-1.1.2.jar:/home/developer/.m2/repository/org/junit/jupiter/junit-jupiter-engine/5.9.1/junit-jupiter-engine-5.9.1.jar:/home/developer/.m2/repository/org/junit/platform/junit-platform-engine/1.9.1/junit-platform-engine-1.9.1.jar:"/>
    <property name="java.vm.vendor" value="Ubuntu"/>
    <property name="sun.arch.data.model" value="64"/>
    <property name="java.vendor.url" value="https://ubuntu.com/"/>
    <property name="user.timezone" value="Europe/Madrid"/>
    <property name="os.name" value="Linux"/>
    <property name="java.vm.specification.version" value="21"/>
    <property name="sun.java.launcher" value="SUN_STANDARD"/>
    <property name="user.country" value="ES"/>
    <property name="sun.boot.library.path" value="/usr/lib/jvm/java-21-openjdk-amd64/lib"/>
    <property name="sun.java.command" value="/home/developer/repos/hector/ozymandyas_perfect_holidays/karate/target/surefire/surefirebooter-20250506235325742_3.jar /home/developer/repos/hector/ozymandyas_perfect_holidays/karate/target/surefire 2025-05-06T23-53-25_502-jvmRun1 surefire-20250506235325742_1tmp surefire_0-20250506235325742_2tmp"/>
    <property name="jdk.debug" value="release"/>
    <property name="surefire.test.class.path" value="/home/developer/repos/hector/ozymandyas_perfect_holidays/karate/target/test-classes:/home/developer/repos/hector/ozymandyas_perfect_holidays/karate/target/classes:/home/developer/.m2/repository/com/intuit/karate/karate-junit5/1.4.0/karate-junit5-1.4.0.jar:/home/developer/.m2/repository/com/intuit/karate/karate-core/1.4.0/karate-core-1.4.0.jar:/home/developer/.m2/repository/org/graalvm/js/js-scriptengine/22.3.0/js-scriptengine-22.3.0.jar:/home/developer/.m2/repository/org/graalvm/sdk/graal-sdk/22.3.0/graal-sdk-22.3.0.jar:/home/developer/.m2/repository/org/graalvm/js/js/22.3.0/js-22.3.0.jar:/home/developer/.m2/repository/org/graalvm/regex/regex/22.3.0/regex-22.3.0.jar:/home/developer/.m2/repository/org/graalvm/truffle/truffle-api/22.3.0/truffle-api-22.3.0.jar:/home/developer/.m2/repository/com/ibm/icu/icu4j/71.1/icu4j-71.1.jar:/home/developer/.m2/repository/org/thymeleaf/thymeleaf/3.0.14.RELEASE/thymeleaf-3.0.14.RELEASE.jar:/home/developer/.m2/repository/ognl/ognl/3.1.26/ognl-3.1.26.jar:/home/developer/.m2/repository/org/javassist/javassist/3.20.0-GA/javassist-3.20.0-GA.jar:/home/developer/.m2/repository/org/attoparser/attoparser/2.0.5.RELEASE/attoparser-2.0.5.RELEASE.jar:/home/developer/.m2/repository/org/unbescape/unbescape/1.1.6.RELEASE/unbescape-1.1.6.RELEASE.jar:/home/developer/.m2/repository/org/slf4j/slf4j-api/1.7.25/slf4j-api-1.7.25.jar:/home/developer/.m2/repository/com/linecorp/armeria/armeria/1.22.0/armeria-1.22.0.jar:/home/developer/.m2/repository/com/fasterxml/jackson/core/jackson-core/2.14.2/jackson-core-2.14.2.jar:/home/developer/.m2/repository/com/fasterxml/jackson/core/jackson-annotations/2.14.2/jackson-annotations-2.14.2.jar:/home/developer/.m2/repository/com/fasterxml/jackson/core/jackson-databind/2.14.2/jackson-databind-2.14.2.jar:/home/developer/.m2/repository/com/fasterxml/jackson/datatype/jackson-datatype-jdk8/2.14.2/jackson-datatype-jdk8-2.14.2.jar:/home/developer/.m2/repository/com/fasterxml/jackson/datatype/jackson-datatype-jsr310/2.14.2/jackson-datatype-jsr310-2.14.2.jar:/home/developer/.m2/repository/io/micrometer/micrometer-core/1.10.3/micrometer-core-1.10.3.jar:/home/developer/.m2/repository/io/micrometer/micrometer-commons/1.10.3/micrometer-commons-1.10.3.jar:/home/developer/.m2/repository/io/micrometer/micrometer-observation/1.10.3/micrometer-observation-1.10.3.jar:/home/developer/.m2/repository/org/hdrhistogram/HdrHistogram/2.1.12/HdrHistogram-2.1.12.jar:/home/developer/.m2/repository/org/latencyutils/LatencyUtils/2.0.3/LatencyUtils-2.0.3.jar:/home/developer/.m2/repository/io/netty/netty-transport/4.1.87.Final/netty-transport-4.1.87.Final.jar:/home/developer/.m2/repository/io/netty/netty-common/4.1.87.Final/netty-common-4.1.87.Final.jar:/home/developer/.m2/repository/io/netty/netty-buffer/4.1.87.Final/netty-buffer-4.1.87.Final.jar:/home/developer/.m2/repository/io/netty/netty-resolver/4.1.87.Final/netty-resolver-4.1.87.Final.jar:/home/developer/.m2/repository/io/netty/netty-codec-haproxy/4.1.87.Final/netty-codec-haproxy-4.1.87.Final.jar:/home/developer/.m2/repository/io/netty/netty-codec/4.1.87.Final/netty-codec-4.1.87.Final.jar:/home/developer/.m2/repository/io/netty/netty-codec-http2/4.1.87.Final/netty-codec-http2-4.1.87.Final.jar:/home/developer/.m2/repository/io/netty/netty-handler/4.1.87.Final/netty-handler-4.1.87.Final.jar:/home/developer/.m2/repository/io/netty/netty-codec-http/4.1.87.Final/netty-codec-http-4.1.87.Final.jar:/home/developer/.m2/repository/io/netty/netty-resolver-dns/4.1.87.Final/netty-resolver-dns-4.1.87.Final.jar:/home/developer/.m2/repository/io/netty/netty-codec-dns/4.1.87.Final/netty-codec-dns-4.1.87.Final.jar:/home/developer/.m2/repository/org/reactivestreams/reactive-streams/1.0.4/reactive-streams-1.0.4.jar:/home/developer/.m2/repository/com/google/code/findbugs/jsr305/3.0.2/jsr305-3.0.2.jar:/home/developer/.m2/repository/io/netty/netty-transport-native-unix-common/4.1.87.Final/netty-transport-native-unix-common-4.1.87.Final-linux-x86_64.jar:/home/developer/.m2/repository/io/netty/netty-transport-native-epoll/4.1.87.Final/netty-transport-native-epoll-4.1.87.Final-linux-x86_64.jar:/home/developer/.m2/repository/io/netty/netty-transport-native-unix-common/4.1.87.Final/netty-transport-native-unix-common-4.1.87.Final.jar:/home/developer/.m2/repository/io/netty/netty-transport-classes-epoll/4.1.87.Final/netty-transport-classes-epoll-4.1.87.Final.jar:/home/developer/.m2/repository/io/netty/netty-resolver-dns-native-macos/4.1.87.Final/netty-resolver-dns-native-macos-4.1.87.Final-osx-x86_64.jar:/home/developer/.m2/repository/io/netty/netty-resolver-dns-classes-macos/4.1.87.Final/netty-resolver-dns-classes-macos-4.1.87.Final.jar:/home/developer/.m2/repository/io/netty/netty-resolver-dns-native-macos/4.1.87.Final/netty-resolver-dns-native-macos-4.1.87.Final-osx-aarch_64.jar:/home/developer/.m2/repository/io/netty/netty-tcnative-boringssl-static/2.0.56.Final/netty-tcnative-boringssl-static-2.0.56.Final-linux-x86_64.jar:/home/developer/.m2/repository/io/netty/netty-tcnative-classes/2.0.56.Final/netty-tcnative-classes-2.0.56.Final.jar:/home/developer/.m2/repository/io/netty/netty-tcnative-boringssl-static/2.0.56.Final/netty-tcnative-boringssl-static-2.0.56.Final-linux-aarch_64.jar:/home/developer/.m2/repository/io/netty/netty-tcnative-boringssl-static/2.0.56.Final/netty-tcnative-boringssl-static-2.0.56.Final-osx-x86_64.jar:/home/developer/.m2/repository/io/netty/netty-tcnative-boringssl-static/2.0.56.Final/netty-tcnative-boringssl-static-2.0.56.Final-osx-aarch_64.jar:/home/developer/.m2/repository/io/netty/netty-tcnative-boringssl-static/2.0.56.Final/netty-tcnative-boringssl-static-2.0.56.Final-windows-x86_64.jar:/home/developer/.m2/repository/io/netty/netty-handler-proxy/4.1.87.Final/netty-handler-proxy-4.1.87.Final.jar:/home/developer/.m2/repository/io/netty/netty-codec-socks/4.1.87.Final/netty-codec-socks-4.1.87.Final.jar:/home/developer/.m2/repository/com/aayushatharva/brotli4j/brotli4j/1.9.0/brotli4j-1.9.0.jar:/home/developer/.m2/repository/org/apache/httpcomponents/httpclient/4.5.14/httpclient-4.5.14.jar:/home/developer/.m2/repository/org/apache/httpcomponents/httpcore/4.4.16/httpcore-4.4.16.jar:/home/developer/.m2/repository/commons-codec/commons-codec/1.11/commons-codec-1.11.jar:/home/developer/.m2/repository/ch/qos/logback/logback-classic/1.2.9/logback-classic-1.2.9.jar:/home/developer/.m2/repository/ch/qos/logback/logback-core/1.2.9/logback-core-1.2.9.jar:/home/developer/.m2/repository/org/slf4j/jcl-over-slf4j/1.7.32/jcl-over-slf4j-1.7.32.jar:/home/developer/.m2/repository/org/antlr/antlr4-runtime/4.11.1/antlr4-runtime-4.11.1.jar:/home/developer/.m2/repository/com/jayway/jsonpath/json-path/2.8.0/json-path-2.8.0.jar:/home/developer/.m2/repository/net/minidev/json-smart/2.4.10/json-smart-2.4.10.jar:/home/developer/.m2/repository/net/minidev/accessors-smart/2.4.9/accessors-smart-2.4.9.jar:/home/developer/.m2/repository/org/ow2/asm/asm/9.3/asm-9.3.jar:/home/developer/.m2/repository/org/yaml/snakeyaml/2.0/snakeyaml-2.0.jar:/home/developer/.m2/repository/de/siegmar/fastcsv/2.2.1/fastcsv-2.2.1.jar:/home/developer/.m2/repository/info/picocli/picocli/4.7.1/picocli-4.7.1.jar:/home/developer/.m2/repository/io/github/classgraph/classgraph/4.8.152/classgraph-4.8.152.jar:/home/developer/.m2/repository/io/github/t12y/resemble/1.0.2/resemble-1.0.2.jar:/home/developer/.m2/repository/io/github/t12y/ssim/1.0.0/ssim-1.0.0.jar:/home/developer/.m2/repository/org/junit/jupiter/junit-jupiter-api/5.9.1/junit-jupiter-api-5.9.1.jar:/home/developer/.m2/repository/org/opentest4j/opentest4j/1.2.0/opentest4j-1.2.0.jar:/home/developer/.m2/repository/org/junit/platform/junit-platform-commons/1.9.1/junit-platform-commons-1.9.1.jar:/home/developer/.m2/repository/org/apiguardian/apiguardian-api/1.1.2/apiguardian-api-1.1.2.jar:/home/developer/.m2/repository/org/junit/jupiter/junit-jupiter-engine/5.9.1/junit-jupiter-engine-5.9.1.jar:/home/developer/.m2/repository/org/junit/platform/junit-platform-engine/1.9.1/junit-platform-engine-1.9.1.jar:"/>
    <property name="sun.cpu.endian" value="little"/>
    <property name="user.home" value="/home/developer"/>
    <property name="user.language" value="es"/>
    <property name="java.specification.vendor" value="Oracle Corporation"/>
    <property name="java.version.date" value="2025-04-15"/>
    <property name="java.home" value="/usr/lib/jvm/java-21-openjdk-amd64"/>
    <property name="file.separator" value="/"/>
    <property name="basedir" value="/home/developer/repos/hector/ozymandyas_perfect_holidays/karate"/>
    <property name="java.vm.compressedOopsMode" value="Zero based"/>
    <property name="line.separator" value="&#10;"/>
    <property name="java.specification.name" value="Java Platform API Specification"/>
    <property name="java.vm.specification.vendor" value="Oracle Corporation"/>
    <property name="surefire.real.class.path" value="/home/developer/repos/hector/ozymandyas_perfect_holidays/karate/target/surefire/surefirebooter-20250506235325742_3.jar"/>
    <property name="sun.management.compiler" value="HotSpot 64-Bit Tiered Compilers"/>
    <property name="java.runtime.version" value="21.0.7+6-Ubuntu-0ubuntu124.04"/>
    <property name="user.name" value="developer"/>
    <property name="stdout.encoding" value="UTF-8"/>
    <property name="path.separator" value=":"/>
    <property name="os.version" value="6.11.0-24-generic"/>
    <property name="java.runtime.name" value="OpenJDK Runtime Environment"/>
    <property name="file.encoding" value="UTF-8"/>
    <property name="java.vm.name" value="OpenJDK 64-Bit Server VM"/>
    <property name="localRepository" value="/home/developer/.m2/repository"/>
    <property name="java.vendor.url.bug" value="https://bugs.launchpad.net/ubuntu/+source/openjdk-21"/>
    <property name="java.io.tmpdir" value="/tmp"/>
    <property name="java.version" value="21.0.7"/>
    <property name="user.dir" value="/home/developer/repos/hector/ozymandyas_perfect_holidays/karate"/>
    <property name="os.arch" value="amd64"/>
    <property name="java.vm.specification.name" value="Java Virtual Machine Specification"/>
    <property name="native.encoding" value="UTF-8"/>
    <property name="java.library.path" value="/usr/java/packages/lib:/usr/lib/x86_64-linux-gnu/jni:/lib/x86_64-linux-gnu:/usr/lib/x86_64-linux-gnu:/usr/lib/jni:/lib:/usr/lib"/>
    <property name="java.vm.info" value="mixed mode, sharing"/>
    <property name="stderr.encoding" value="UTF-8"/>
    <property name="java.vendor" value="Ubuntu"/>
    <property name="java.vm.version" value="21.0.7+6-Ubuntu-0ubuntu124.04"/>
    <property name="sun.io.unicode.encoding" value="UnicodeLittle"/>
    <property name="java.class.version" value="65.0"/>
  </properties>
  <testcase name="[1.1:24] Valid current weather for coordinates 40.4168,-3.7038" classname="tests/test_current_weather" time="1.491">
    <system-out><![CDATA[23:53:27.976 [main] DEBUG org.apache.http.client.protocol.RequestAddCookies - CookieSpec selected: karate
23:53:27.982 [main] DEBUG org.apache.http.client.protocol.RequestAuthCache - Auth cache not set in the context
23:53:27.984 [main] DEBUG com.intuit.karate - request:
1 > GET https://api.openweathermap.org/data/2.5/weather?appid=4b66cf4f354cd07b407c07800dc8c2f9&lon=-3.7038&units=metric&lat=40.4168
1 > Accept: application/json
1 > Host: api.openweathermap.org
1 > Connection: Keep-Alive
1 > User-Agent: Apache-HttpClient/4.5.14 (Java/21.0.7)
1 > Accept-Encoding: gzip,deflate


23:53:27.986 [main] DEBUG org.apache.http.impl.conn.PoolingHttpClientConnectionManager - Connection request: [route: {s}->https://api.openweathermap.org:443][total available: 0; route allocated: 0 of 5; total allocated: 0 of 10]
23:53:27.992 [main] DEBUG org.apache.http.impl.conn.PoolingHttpClientConnectionManager - Connection leased: [id: 0][route: {s}->https://api.openweathermap.org:443][total available: 0; route allocated: 1 of 5; total allocated: 1 of 10]
23:53:27.993 [main] DEBUG org.apache.http.impl.execchain.MainClientExec - Opening connection {s}->https://api.openweathermap.org:443
23:53:28.009 [main] DEBUG org.apache.http.impl.conn.DefaultHttpClientConnectionOperator - Connecting to api.openweathermap.org/176.9.63.49:443
23:53:28.009 [main] DEBUG org.apache.http.conn.ssl.SSLConnectionSocketFactory - Connecting socket to api.openweathermap.org/176.9.63.49:443 with timeout 30000
23:53:28.156 [main] DEBUG org.apache.http.conn.ssl.SSLConnectionSocketFactory - Enabled protocols: [TLSv1.3, TLSv1.2]
23:53:28.156 [main] DEBUG org.apache.http.conn.ssl.SSLConnectionSocketFactory - Enabled cipher suites:[TLS_AES_256_GCM_SHA384, TLS_AES_128_GCM_SHA256, TLS_CHACHA20_POLY1305_SHA256, TLS_ECDHE_ECDSA_WITH_AES_256_GCM_SHA384, TLS_ECDHE_ECDSA_WITH_AES_128_GCM_SHA256, TLS_ECDHE_ECDSA_WITH_CHACHA20_POLY1305_SHA256, TLS_ECDHE_RSA_WITH_AES_256_GCM_SHA384, TLS_ECDHE_RSA_WITH_CHACHA20_POLY1305_SHA256, TLS_ECDHE_RSA_WITH_AES_128_GCM_SHA256, TLS_DHE_RSA_WITH_AES_256_GCM_SHA384, TLS_DHE_RSA_WITH_CHACHA20_POLY1305_SHA256, TLS_DHE_DSS_WITH_AES_256_GCM_SHA384, TLS_DHE_RSA_WITH_AES_128_GCM_SHA256, TLS_DHE_DSS_WITH_AES_128_GCM_SHA256, TLS_ECDHE_ECDSA_WITH_AES_256_CBC_SHA384, TLS_ECDHE_RSA_WITH_AES_256_CBC_SHA384, TLS_ECDHE_ECDSA_WITH_AES_128_CBC_SHA256, TLS_ECDHE_RSA_WITH_AES_128_CBC_SHA256, TLS_DHE_RSA_WITH_AES_256_CBC_SHA256, TLS_DHE_DSS_WITH_AES_256_CBC_SHA256, TLS_DHE_RSA_WITH_AES_128_CBC_SHA256, TLS_DHE_DSS_WITH_AES_128_CBC_SHA256, TLS_ECDHE_ECDSA_WITH_AES_256_CBC_SHA, TLS_ECDHE_RSA_WITH_AES_256_CBC_SHA, TLS_ECDHE_ECDSA_WITH_AES_128_CBC_SHA, TLS_ECDHE_RSA_WITH_AES_128_CBC_SHA, TLS_DHE_RSA_WITH_AES_256_CBC_SHA, TLS_DHE_DSS_WITH_AES_256_CBC_SHA, TLS_DHE_RSA_WITH_AES_128_CBC_SHA, TLS_DHE_DSS_WITH_AES_128_CBC_SHA, TLS_RSA_WITH_AES_256_GCM_SHA384, TLS_RSA_WITH_AES_128_GCM_SHA256, TLS_RSA_WITH_AES_256_CBC_SHA256, TLS_RSA_WITH_AES_128_CBC_SHA256, TLS_RSA_WITH_AES_256_CBC_SHA, TLS_RSA_WITH_AES_128_CBC_SHA, TLS_EMPTY_RENEGOTIATION_INFO_SCSV]
23:53:28.156 [main] DEBUG org.apache.http.conn.ssl.SSLConnectionSocketFactory - Starting handshake
23:53:28.329 [main] DEBUG org.apache.http.conn.ssl.SSLConnectionSocketFactory - Secure session established
23:53:28.329 [main] DEBUG org.apache.http.conn.ssl.SSLConnectionSocketFactory -  negotiated protocol: TLSv1.3
23:53:28.329 [main] DEBUG org.apache.http.conn.ssl.SSLConnectionSocketFactory -  negotiated cipher suite: TLS_AES_256_GCM_SHA384
23:53:28.329 [main] DEBUG org.apache.http.conn.ssl.SSLConnectionSocketFactory -  peer principal: CN=*.openweathermap.org, O=Openweather Ltd., ST=London, C=GB
23:53:28.329 [main] DEBUG org.apache.http.conn.ssl.SSLConnectionSocketFactory -  peer alternative names: [*.openweathermap.org, openweathermap.org]
23:53:28.329 [main] DEBUG org.apache.http.conn.ssl.SSLConnectionSocketFactory -  issuer principal: CN=Sectigo RSA Organization Validation Secure Server CA, O=Sectigo Limited, L=Salford, ST=Greater Manchester, C=GB
23:53:28.332 [main] DEBUG org.apache.http.impl.conn.DefaultHttpClientConnectionOperator - Connection established 192.168.1.135:42304<->176.9.63.49:443
23:53:28.332 [main] DEBUG org.apache.http.impl.conn.DefaultManagedHttpClientConnection - http-outgoing-0: set socket timeout to 30000
23:53:28.332 [main] DEBUG org.apache.http.impl.execchain.MainClientExec - Executing request GET /data/2.5/weather?appid=4b66cf4f354cd07b407c07800dc8c2f9&lon=-3.7038&units=metric&lat=40.4168 HTTP/1.1
23:53:28.332 [main] DEBUG org.apache.http.impl.execchain.MainClientExec - Target auth state: UNCHALLENGED
23:53:28.332 [main] DEBUG org.apache.http.impl.execchain.MainClientExec - Proxy auth state: UNCHALLENGED
23:53:28.333 [main] DEBUG org.apache.http.headers - http-outgoing-0 >> GET /data/2.5/weather?appid=4b66cf4f354cd07b407c07800dc8c2f9&lon=-3.7038&units=metric&lat=40.4168 HTTP/1.1
23:53:28.333 [main] DEBUG org.apache.http.headers - http-outgoing-0 >> Accept: application/json
23:53:28.333 [main] DEBUG org.apache.http.headers - http-outgoing-0 >> Host: api.openweathermap.org
23:53:28.333 [main] DEBUG org.apache.http.headers - http-outgoing-0 >> Connection: Keep-Alive
23:53:28.333 [main] DEBUG org.apache.http.headers - http-outgoing-0 >> User-Agent: Apache-HttpClient/4.5.14 (Java/21.0.7)
23:53:28.334 [main] DEBUG org.apache.http.headers - http-outgoing-0 >> Accept-Encoding: gzip,deflate
23:53:28.334 [main] DEBUG org.apache.http.wire - http-outgoing-0 >> "GET /data/2.5/weather?appid=4b66cf4f354cd07b407c07800dc8c2f9&lon=-3.7038&units=metric&lat=40.4168 HTTP/1.1[\r][\n]"
23:53:28.334 [main] DEBUG org.apache.http.wire - http-outgoing-0 >> "Accept: application/json[\r][\n]"
23:53:28.334 [main] DEBUG org.apache.http.wire - http-outgoing-0 >> "Host: api.openweathermap.org[\r][\n]"
23:53:28.334 [main] DEBUG org.apache.http.wire - http-outgoing-0 >> "Connection: Keep-Alive[\r][\n]"
23:53:28.334 [main] DEBUG org.apache.http.wire - http-outgoing-0 >> "User-Agent: Apache-HttpClient/4.5.14 (Java/21.0.7)[\r][\n]"
23:53:28.334 [main] DEBUG org.apache.http.wire - http-outgoing-0 >> "Accept-Encoding: gzip,deflate[\r][\n]"
23:53:28.334 [main] DEBUG org.apache.http.wire - http-outgoing-0 >> "[\r][\n]"
23:53:28.379 [main] DEBUG org.apache.http.wire - http-outgoing-0 << "HTTP/1.1 200 OK[\r][\n]"
23:53:28.380 [main] DEBUG org.apache.http.wire - http-outgoing-0 << "Server: openresty[\r][\n]"
23:53:28.380 [main] DEBUG org.apache.http.wire - http-outgoing-0 << "Date: Tue, 06 May 2025 21:53:28 GMT[\r][\n]"
23:53:28.380 [main] DEBUG org.apache.http.wire - http-outgoing-0 << "Content-Type: application/json; charset=utf-8[\r][\n]"
23:53:28.380 [main] DEBUG org.apache.http.wire - http-outgoing-0 << "Content-Length: 521[\r][\n]"
23:53:28.380 [main] DEBUG org.apache.http.wire - http-outgoing-0 << "Connection: keep-alive[\r][\n]"
23:53:28.380 [main] DEBUG org.apache.http.wire - http-outgoing-0 << "X-Cache-Key: /data/2.5/weather?lat=40.42&lon=-3.7&units=metric[\r][\n]"
23:53:28.380 [main] DEBUG org.apache.http.wire - http-outgoing-0 << "Access-Control-Allow-Origin: *[\r][\n]"
23:53:28.380 [main] DEBUG org.apache.http.wire - http-outgoing-0 << "Access-Control-Allow-Credentials: true[\r][\n]"
23:53:28.381 [main] DEBUG org.apache.http.wire - http-outgoing-0 << "Access-Control-Allow-Methods: GET, POST[\r][\n]"
23:53:28.381 [main] DEBUG org.apache.http.wire - http-outgoing-0 << "[\r][\n]"
23:53:28.381 [main] DEBUG org.apache.http.wire - http-outgoing-0 << "{"coord":{"lon":-3.7038,"lat":40.4168},"weather":[{"id":802,"main":"Clouds","description":"scattered clouds","icon":"03n"}],"base":"stations","main":{"temp":12.11,"feels_like":10.86,"temp_min":10.21,"temp_max":12.68,"pressure":1014,"humidity":57,"sea_level":1014,"grnd_level":939},"visibility":10000,"wind":{"speed":2.68,"deg":346,"gust":6.26},"clouds":{"all":40},"dt":1746568326,"sys":{"type":2,"id":2084029,"country":"ES","sunrise":1746508074,"sunset":1746558894},"timezone":7200,"id":3117735,"name":"Madrid","cod":200}"
23:53:28.383 [main] DEBUG org.apache.http.headers - http-outgoing-0 << HTTP/1.1 200 OK
23:53:28.384 [main] DEBUG org.apache.http.headers - http-outgoing-0 << Server: openresty
23:53:28.384 [main] DEBUG org.apache.http.headers - http-outgoing-0 << Date: Tue, 06 May 2025 21:53:28 GMT
23:53:28.384 [main] DEBUG org.apache.http.headers - http-outgoing-0 << Content-Type: application/json; charset=utf-8
23:53:28.384 [main] DEBUG org.apache.http.headers - http-outgoing-0 << Content-Length: 521
23:53:28.384 [main] DEBUG org.apache.http.headers - http-outgoing-0 << Connection: keep-alive
23:53:28.384 [main] DEBUG org.apache.http.headers - http-outgoing-0 << X-Cache-Key: /data/2.5/weather?lat=40.42&lon=-3.7&units=metric
23:53:28.384 [main] DEBUG org.apache.http.headers - http-outgoing-0 << Access-Control-Allow-Origin: *
23:53:28.384 [main] DEBUG org.apache.http.headers - http-outgoing-0 << Access-Control-Allow-Credentials: true
23:53:28.385 [main] DEBUG org.apache.http.headers - http-outgoing-0 << Access-Control-Allow-Methods: GET, POST
23:53:28.388 [main] DEBUG org.apache.http.impl.execchain.MainClientExec - Connection can be kept alive indefinitely
23:53:28.391 [main] DEBUG org.apache.http.impl.conn.PoolingHttpClientConnectionManager - Connection [id: 0][route: {s}->https://api.openweathermap.org:443] can be kept alive indefinitely
23:53:28.392 [main] DEBUG org.apache.http.impl.conn.DefaultManagedHttpClientConnection - http-outgoing-0: set socket timeout to 0
23:53:28.392 [main] DEBUG org.apache.http.impl.conn.PoolingHttpClientConnectionManager - Connection released: [id: 0][route: {s}->https://api.openweathermap.org:443][total available: 1; route allocated: 1 of 5; total allocated: 1 of 10]
23:53:28.392 [main] DEBUG org.apache.http.impl.conn.PoolingHttpClientConnectionManager - Connection manager is shutting down
23:53:28.393 [main] DEBUG org.apache.http.impl.conn.DefaultManagedHttpClientConnection - http-outgoing-0: Close connection
23:53:28.395 [main] DEBUG org.apache.http.impl.conn.PoolingHttpClientConnectionManager - Connection manager shut down
23:53:28.398 [main] DEBUG com.intuit.karate - response time in milliseconds: 407
1 < 200
1 < Server: openresty
1 < Date: Tue, 06 May 2025 21:53:28 GMT
1 < Content-Type: application/json; charset=utf-8
1 < Content-Length: 521
1 < Connection: keep-alive
1 < X-Cache-Key: /data/2.5/weather?lat=40.42&lon=-3.7&units=metric
1 < Access-Control-Allow-Origin: *
1 < Access-Control-Allow-Credentials: true
1 < Access-Control-Allow-Methods: GET, POST
{"coord":{"lon":-3.7038,"lat":40.4168},"weather":[{"id":802,"main":"Clouds","description":"scattered clouds","icon":"03n"}],"base":"stations","main":{"temp":12.11,"feels_like":10.86,"temp_min":10.21,"temp_max":12.68,"pressure":1014,"humidity":57,"sea_level":1014,"grnd_level":939},"visibility":10000,"wind":{"speed":2.68,"deg":346,"gust":6.26},"clouds":{"all":40},"dt":1746568326,"sys":{"type":2,"id":2084029,"country":"ES","sunrise":1746508074,"sunset":1746558894},"timezone":7200,"id":3117735,"name":"Madrid","cod":200}

23:53:28.456 [main] DEBUG com.jayway.jsonpath.internal.path.CompiledPath - Evaluating path: $
23:53:28.468 [main] DEBUG com.jayway.jsonpath.internal.path.CompiledPath - Evaluating path: $['main']
23:53:28.469 [main] DEBUG com.jayway.jsonpath.internal.path.CompiledPath - Evaluating path: $
23:53:28.471 [main] DEBUG com.jayway.jsonpath.internal.path.CompiledPath - Evaluating path: $['weather'][0]
23:53:28.471 [main] DEBUG com.jayway.jsonpath.internal.path.CompiledPath - Evaluating path: $
]]></system-out>
  </testcase>
  <testcase name="[1.2:25] Valid current weather for coordinates 51.5074,-0.1278" classname="tests/test_current_weather" time="0.215">
    <system-out><![CDATA[23:53:28.495 [main] DEBUG org.apache.http.client.protocol.RequestAddCookies - CookieSpec selected: karate
23:53:28.495 [main] DEBUG org.apache.http.client.protocol.RequestAuthCache - Auth cache not set in the context
23:53:28.495 [main] DEBUG com.intuit.karate - request:
1 > GET https://api.openweathermap.org/data/2.5/weather?appid=4b66cf4f354cd07b407c07800dc8c2f9&lon=-0.1278&units=metric&lat=51.5074
1 > Accept: application/json
1 > Host: api.openweathermap.org
1 > Connection: Keep-Alive
1 > User-Agent: Apache-HttpClient/4.5.14 (Java/21.0.7)
1 > Accept-Encoding: gzip,deflate


23:53:28.495 [main] DEBUG org.apache.http.impl.conn.PoolingHttpClientConnectionManager - Connection request: [route: {s}->https://api.openweathermap.org:443][total available: 0; route allocated: 0 of 5; total allocated: 0 of 10]
23:53:28.495 [main] DEBUG org.apache.http.impl.conn.PoolingHttpClientConnectionManager - Connection leased: [id: 1][route: {s}->https://api.openweathermap.org:443][total available: 0; route allocated: 1 of 5; total allocated: 1 of 10]
23:53:28.495 [main] DEBUG org.apache.http.impl.execchain.MainClientExec - Opening connection {s}->https://api.openweathermap.org:443
23:53:28.496 [main] DEBUG org.apache.http.impl.conn.DefaultHttpClientConnectionOperator - Connecting to api.openweathermap.org/176.9.63.49:443
23:53:28.496 [main] DEBUG org.apache.http.conn.ssl.SSLConnectionSocketFactory - Connecting socket to api.openweathermap.org/176.9.63.49:443 with timeout 30000
23:53:28.564 [main] DEBUG org.apache.http.conn.ssl.SSLConnectionSocketFactory - Enabled protocols: [TLSv1.3, TLSv1.2]
23:53:28.565 [main] DEBUG org.apache.http.conn.ssl.SSLConnectionSocketFactory - Enabled cipher suites:[TLS_AES_256_GCM_SHA384, TLS_AES_128_GCM_SHA256, TLS_CHACHA20_POLY1305_SHA256, TLS_ECDHE_ECDSA_WITH_AES_256_GCM_SHA384, TLS_ECDHE_ECDSA_WITH_AES_128_GCM_SHA256, TLS_ECDHE_ECDSA_WITH_CHACHA20_POLY1305_SHA256, TLS_ECDHE_RSA_WITH_AES_256_GCM_SHA384, TLS_ECDHE_RSA_WITH_CHACHA20_POLY1305_SHA256, TLS_ECDHE_RSA_WITH_AES_128_GCM_SHA256, TLS_DHE_RSA_WITH_AES_256_GCM_SHA384, TLS_DHE_RSA_WITH_CHACHA20_POLY1305_SHA256, TLS_DHE_DSS_WITH_AES_256_GCM_SHA384, TLS_DHE_RSA_WITH_AES_128_GCM_SHA256, TLS_DHE_DSS_WITH_AES_128_GCM_SHA256, TLS_ECDHE_ECDSA_WITH_AES_256_CBC_SHA384, TLS_ECDHE_RSA_WITH_AES_256_CBC_SHA384, TLS_ECDHE_ECDSA_WITH_AES_128_CBC_SHA256, TLS_ECDHE_RSA_WITH_AES_128_CBC_SHA256, TLS_DHE_RSA_WITH_AES_256_CBC_SHA256, TLS_DHE_DSS_WITH_AES_256_CBC_SHA256, TLS_DHE_RSA_WITH_AES_128_CBC_SHA256, TLS_DHE_DSS_WITH_AES_128_CBC_SHA256, TLS_ECDHE_ECDSA_WITH_AES_256_CBC_SHA, TLS_ECDHE_RSA_WITH_AES_256_CBC_SHA, TLS_ECDHE_ECDSA_WITH_AES_128_CBC_SHA, TLS_ECDHE_RSA_WITH_AES_128_CBC_SHA, TLS_DHE_RSA_WITH_AES_256_CBC_SHA, TLS_DHE_DSS_WITH_AES_256_CBC_SHA, TLS_DHE_RSA_WITH_AES_128_CBC_SHA, TLS_DHE_DSS_WITH_AES_128_CBC_SHA, TLS_RSA_WITH_AES_256_GCM_SHA384, TLS_RSA_WITH_AES_128_GCM_SHA256, TLS_RSA_WITH_AES_256_CBC_SHA256, TLS_RSA_WITH_AES_128_CBC_SHA256, TLS_RSA_WITH_AES_256_CBC_SHA, TLS_RSA_WITH_AES_128_CBC_SHA, TLS_EMPTY_RENEGOTIATION_INFO_SCSV]
23:53:28.565 [main] DEBUG org.apache.http.conn.ssl.SSLConnectionSocketFactory - Starting handshake
23:53:28.627 [main] DEBUG org.apache.http.conn.ssl.SSLConnectionSocketFactory - Secure session established
23:53:28.627 [main] DEBUG org.apache.http.conn.ssl.SSLConnectionSocketFactory -  negotiated protocol: TLSv1.3
23:53:28.627 [main] DEBUG org.apache.http.conn.ssl.SSLConnectionSocketFactory -  negotiated cipher suite: TLS_AES_256_GCM_SHA384
23:53:28.627 [main] DEBUG org.apache.http.conn.ssl.SSLConnectionSocketFactory -  peer principal: CN=*.openweathermap.org, O=Openweather Ltd., ST=London, C=GB
23:53:28.627 [main] DEBUG org.apache.http.conn.ssl.SSLConnectionSocketFactory -  peer alternative names: [*.openweathermap.org, openweathermap.org]
23:53:28.628 [main] DEBUG org.apache.http.conn.ssl.SSLConnectionSocketFactory -  issuer principal: CN=Sectigo RSA Organization Validation Secure Server CA, O=Sectigo Limited, L=Salford, ST=Greater Manchester, C=GB
23:53:28.628 [main] DEBUG org.apache.http.impl.conn.DefaultHttpClientConnectionOperator - Connection established 192.168.1.135:42308<->176.9.63.49:443
23:53:28.628 [main] DEBUG org.apache.http.impl.conn.DefaultManagedHttpClientConnection - http-outgoing-1: set socket timeout to 30000
23:53:28.628 [main] DEBUG org.apache.http.impl.execchain.MainClientExec - Executing request GET /data/2.5/weather?appid=4b66cf4f354cd07b407c07800dc8c2f9&lon=-0.1278&units=metric&lat=51.5074 HTTP/1.1
23:53:28.629 [main] DEBUG org.apache.http.impl.execchain.MainClientExec - Target auth state: UNCHALLENGED
23:53:28.629 [main] DEBUG org.apache.http.impl.execchain.MainClientExec - Proxy auth state: UNCHALLENGED
23:53:28.629 [main] DEBUG org.apache.http.headers - http-outgoing-1 >> GET /data/2.5/weather?appid=4b66cf4f354cd07b407c07800dc8c2f9&lon=-0.1278&units=metric&lat=51.5074 HTTP/1.1
23:53:28.630 [main] DEBUG org.apache.http.headers - http-outgoing-1 >> Accept: application/json
23:53:28.630 [main] DEBUG org.apache.http.headers - http-outgoing-1 >> Host: api.openweathermap.org
23:53:28.630 [main] DEBUG org.apache.http.headers - http-outgoing-1 >> Connection: Keep-Alive
23:53:28.630 [main] DEBUG org.apache.http.headers - http-outgoing-1 >> User-Agent: Apache-HttpClient/4.5.14 (Java/21.0.7)
23:53:28.630 [main] DEBUG org.apache.http.headers - http-outgoing-1 >> Accept-Encoding: gzip,deflate
23:53:28.630 [main] DEBUG org.apache.http.wire - http-outgoing-1 >> "GET /data/2.5/weather?appid=4b66cf4f354cd07b407c07800dc8c2f9&lon=-0.1278&units=metric&lat=51.5074 HTTP/1.1[\r][\n]"
23:53:28.630 [main] DEBUG org.apache.http.wire - http-outgoing-1 >> "Accept: application/json[\r][\n]"
23:53:28.630 [main] DEBUG org.apache.http.wire - http-outgoing-1 >> "Host: api.openweathermap.org[\r][\n]"
23:53:28.630 [main] DEBUG org.apache.http.wire - http-outgoing-1 >> "Connection: Keep-Alive[\r][\n]"
23:53:28.630 [main] DEBUG org.apache.http.wire - http-outgoing-1 >> "User-Agent: Apache-HttpClient/4.5.14 (Java/21.0.7)[\r][\n]"
23:53:28.631 [main] DEBUG org.apache.http.wire - http-outgoing-1 >> "Accept-Encoding: gzip,deflate[\r][\n]"
23:53:28.631 [main] DEBUG org.apache.http.wire - http-outgoing-1 >> "[\r][\n]"
23:53:28.677 [main] DEBUG org.apache.http.wire - http-outgoing-1 << "HTTP/1.1 200 OK[\r][\n]"
23:53:28.677 [main] DEBUG org.apache.http.wire - http-outgoing-1 << "Server: openresty[\r][\n]"
23:53:28.677 [main] DEBUG org.apache.http.wire - http-outgoing-1 << "Date: Tue, 06 May 2025 21:53:28 GMT[\r][\n]"
23:53:28.677 [main] DEBUG org.apache.http.wire - http-outgoing-1 << "Content-Type: application/json; charset=utf-8[\r][\n]"
23:53:28.677 [main] DEBUG org.apache.http.wire - http-outgoing-1 << "Content-Length: 501[\r][\n]"
23:53:28.677 [main] DEBUG org.apache.http.wire - http-outgoing-1 << "Connection: keep-alive[\r][\n]"
23:53:28.677 [main] DEBUG org.apache.http.wire - http-outgoing-1 << "X-Cache-Key: /data/2.5/weather?lat=51.51&lon=-0.13&units=metric[\r][\n]"
23:53:28.677 [main] DEBUG org.apache.http.wire - http-outgoing-1 << "Access-Control-Allow-Origin: *[\r][\n]"
23:53:28.677 [main] DEBUG org.apache.http.wire - http-outgoing-1 << "Access-Control-Allow-Credentials: true[\r][\n]"
23:53:28.677 [main] DEBUG org.apache.http.wire - http-outgoing-1 << "Access-Control-Allow-Methods: GET, POST[\r][\n]"
23:53:28.678 [main] DEBUG org.apache.http.wire - http-outgoing-1 << "[\r][\n]"
23:53:28.678 [main] DEBUG org.apache.http.wire - http-outgoing-1 << "{"coord":{"lon":-0.1278,"lat":51.5074},"weather":[{"id":803,"main":"Clouds","description":"broken clouds","icon":"04n"}],"base":"stations","main":{"temp":10.21,"feels_like":9.19,"temp_min":8.78,"temp_max":11,"pressure":1025,"humidity":73,"sea_level":1025,"grnd_level":1021},"visibility":10000,"wind":{"speed":4.63,"deg":30},"clouds":{"all":75},"dt":1746568144,"sys":{"type":2,"id":2075535,"country":"GB","sunrise":1746505384,"sunset":1746559868},"timezone":3600,"id":2643743,"name":"London","cod":200}"
23:53:28.678 [main] DEBUG org.apache.http.headers - http-outgoing-1 << HTTP/1.1 200 OK
23:53:28.678 [main] DEBUG org.apache.http.headers - http-outgoing-1 << Server: openresty
23:53:28.678 [main] DEBUG org.apache.http.headers - http-outgoing-1 << Date: Tue, 06 May 2025 21:53:28 GMT
23:53:28.678 [main] DEBUG org.apache.http.headers - http-outgoing-1 << Content-Type: application/json; charset=utf-8
23:53:28.678 [main] DEBUG org.apache.http.headers - http-outgoing-1 << Content-Length: 501
23:53:28.678 [main] DEBUG org.apache.http.headers - http-outgoing-1 << Connection: keep-alive
23:53:28.678 [main] DEBUG org.apache.http.headers - http-outgoing-1 << X-Cache-Key: /data/2.5/weather?lat=51.51&lon=-0.13&units=metric
23:53:28.679 [main] DEBUG org.apache.http.headers - http-outgoing-1 << Access-Control-Allow-Origin: *
23:53:28.679 [main] DEBUG org.apache.http.headers - http-outgoing-1 << Access-Control-Allow-Credentials: true
23:53:28.679 [main] DEBUG org.apache.http.headers - http-outgoing-1 << Access-Control-Allow-Methods: GET, POST
23:53:28.679 [main] DEBUG org.apache.http.impl.execchain.MainClientExec - Connection can be kept alive indefinitely
23:53:28.679 [main] DEBUG org.apache.http.impl.conn.PoolingHttpClientConnectionManager - Connection [id: 1][route: {s}->https://api.openweathermap.org:443] can be kept alive indefinitely
23:53:28.679 [main] DEBUG org.apache.http.impl.conn.DefaultManagedHttpClientConnection - http-outgoing-1: set socket timeout to 0
23:53:28.680 [main] DEBUG org.apache.http.impl.conn.PoolingHttpClientConnectionManager - Connection released: [id: 1][route: {s}->https://api.openweathermap.org:443][total available: 1; route allocated: 1 of 5; total allocated: 1 of 10]
23:53:28.680 [main] DEBUG org.apache.http.impl.conn.PoolingHttpClientConnectionManager - Connection manager is shutting down
23:53:28.680 [main] DEBUG org.apache.http.impl.conn.DefaultManagedHttpClientConnection - http-outgoing-1: Close connection
23:53:28.681 [main] DEBUG org.apache.http.impl.conn.PoolingHttpClientConnectionManager - Connection manager shut down
23:53:28.681 [main] DEBUG com.intuit.karate - response time in milliseconds: 185
1 < 200
1 < Server: openresty
1 < Date: Tue, 06 May 2025 21:53:28 GMT
1 < Content-Type: application/json; charset=utf-8
1 < Content-Length: 501
1 < Connection: keep-alive
1 < X-Cache-Key: /data/2.5/weather?lat=51.51&lon=-0.13&units=metric
1 < Access-Control-Allow-Origin: *
1 < Access-Control-Allow-Credentials: true
1 < Access-Control-Allow-Methods: GET, POST
{"coord":{"lon":-0.1278,"lat":51.5074},"weather":[{"id":803,"main":"Clouds","description":"broken clouds","icon":"04n"}],"base":"stations","main":{"temp":10.21,"feels_like":9.19,"temp_min":8.78,"temp_max":11,"pressure":1025,"humidity":73,"sea_level":1025,"grnd_level":1021},"visibility":10000,"wind":{"speed":4.63,"deg":30},"clouds":{"all":75},"dt":1746568144,"sys":{"type":2,"id":2075535,"country":"GB","sunrise":1746505384,"sunset":1746559868},"timezone":3600,"id":2643743,"name":"London","cod":200}

23:53:28.687 [main] DEBUG com.jayway.jsonpath.internal.path.CompiledPath - Evaluating path: $
23:53:28.689 [main] DEBUG com.jayway.jsonpath.internal.path.CompiledPath - Evaluating path: $['main']
23:53:28.690 [main] DEBUG com.jayway.jsonpath.internal.path.CompiledPath - Evaluating path: $
23:53:28.691 [main] DEBUG com.jayway.jsonpath.internal.path.CompiledPath - Evaluating path: $['weather'][0]
23:53:28.692 [main] DEBUG com.jayway.jsonpath.internal.path.CompiledPath - Evaluating path: $
]]></system-out>
  </testcase>
  <testcase name="[1.3:26] Valid current weather for coordinates 40.7128,-74.0060" classname="tests/test_current_weather" time="0.199">
    <system-out><![CDATA[23:53:28.724 [main] DEBUG org.apache.http.client.protocol.RequestAddCookies - CookieSpec selected: karate
23:53:28.724 [main] DEBUG org.apache.http.client.protocol.RequestAuthCache - Auth cache not set in the context
23:53:28.724 [main] DEBUG com.intuit.karate - request:
1 > GET https://api.openweathermap.org/data/2.5/weather?appid=4b66cf4f354cd07b407c07800dc8c2f9&lon=-74.0060&units=metric&lat=40.7128
1 > Accept: application/json
1 > Host: api.openweathermap.org
1 > Connection: Keep-Alive
1 > User-Agent: Apache-HttpClient/4.5.14 (Java/21.0.7)
1 > Accept-Encoding: gzip,deflate


23:53:28.725 [main] DEBUG org.apache.http.impl.conn.PoolingHttpClientConnectionManager - Connection request: [route: {s}->https://api.openweathermap.org:443][total available: 0; route allocated: 0 of 5; total allocated: 0 of 10]
23:53:28.725 [main] DEBUG org.apache.http.impl.conn.PoolingHttpClientConnectionManager - Connection leased: [id: 2][route: {s}->https://api.openweathermap.org:443][total available: 0; route allocated: 1 of 5; total allocated: 1 of 10]
23:53:28.725 [main] DEBUG org.apache.http.impl.execchain.MainClientExec - Opening connection {s}->https://api.openweathermap.org:443
23:53:28.725 [main] DEBUG org.apache.http.impl.conn.DefaultHttpClientConnectionOperator - Connecting to api.openweathermap.org/176.9.63.49:443
23:53:28.725 [main] DEBUG org.apache.http.conn.ssl.SSLConnectionSocketFactory - Connecting socket to api.openweathermap.org/176.9.63.49:443 with timeout 30000
23:53:28.772 [main] DEBUG org.apache.http.conn.ssl.SSLConnectionSocketFactory - Enabled protocols: [TLSv1.3, TLSv1.2]
23:53:28.772 [main] DEBUG org.apache.http.conn.ssl.SSLConnectionSocketFactory - Enabled cipher suites:[TLS_AES_256_GCM_SHA384, TLS_AES_128_GCM_SHA256, TLS_CHACHA20_POLY1305_SHA256, TLS_ECDHE_ECDSA_WITH_AES_256_GCM_SHA384, TLS_ECDHE_ECDSA_WITH_AES_128_GCM_SHA256, TLS_ECDHE_ECDSA_WITH_CHACHA20_POLY1305_SHA256, TLS_ECDHE_RSA_WITH_AES_256_GCM_SHA384, TLS_ECDHE_RSA_WITH_CHACHA20_POLY1305_SHA256, TLS_ECDHE_RSA_WITH_AES_128_GCM_SHA256, TLS_DHE_RSA_WITH_AES_256_GCM_SHA384, TLS_DHE_RSA_WITH_CHACHA20_POLY1305_SHA256, TLS_DHE_DSS_WITH_AES_256_GCM_SHA384, TLS_DHE_RSA_WITH_AES_128_GCM_SHA256, TLS_DHE_DSS_WITH_AES_128_GCM_SHA256, TLS_ECDHE_ECDSA_WITH_AES_256_CBC_SHA384, TLS_ECDHE_RSA_WITH_AES_256_CBC_SHA384, TLS_ECDHE_ECDSA_WITH_AES_128_CBC_SHA256, TLS_ECDHE_RSA_WITH_AES_128_CBC_SHA256, TLS_DHE_RSA_WITH_AES_256_CBC_SHA256, TLS_DHE_DSS_WITH_AES_256_CBC_SHA256, TLS_DHE_RSA_WITH_AES_128_CBC_SHA256, TLS_DHE_DSS_WITH_AES_128_CBC_SHA256, TLS_ECDHE_ECDSA_WITH_AES_256_CBC_SHA, TLS_ECDHE_RSA_WITH_AES_256_CBC_SHA, TLS_ECDHE_ECDSA_WITH_AES_128_CBC_SHA, TLS_ECDHE_RSA_WITH_AES_128_CBC_SHA, TLS_DHE_RSA_WITH_AES_256_CBC_SHA, TLS_DHE_DSS_WITH_AES_256_CBC_SHA, TLS_DHE_RSA_WITH_AES_128_CBC_SHA, TLS_DHE_DSS_WITH_AES_128_CBC_SHA, TLS_RSA_WITH_AES_256_GCM_SHA384, TLS_RSA_WITH_AES_128_GCM_SHA256, TLS_RSA_WITH_AES_256_CBC_SHA256, TLS_RSA_WITH_AES_128_CBC_SHA256, TLS_RSA_WITH_AES_256_CBC_SHA, TLS_RSA_WITH_AES_128_CBC_SHA, TLS_EMPTY_RENEGOTIATION_INFO_SCSV]
23:53:28.773 [main] DEBUG org.apache.http.conn.ssl.SSLConnectionSocketFactory - Starting handshake
23:53:28.831 [main] DEBUG org.apache.http.conn.ssl.SSLConnectionSocketFactory - Secure session established
23:53:28.831 [main] DEBUG org.apache.http.conn.ssl.SSLConnectionSocketFactory -  negotiated protocol: TLSv1.3
23:53:28.831 [main] DEBUG org.apache.http.conn.ssl.SSLConnectionSocketFactory -  negotiated cipher suite: TLS_AES_256_GCM_SHA384
23:53:28.831 [main] DEBUG org.apache.http.conn.ssl.SSLConnectionSocketFactory -  peer principal: CN=*.openweathermap.org, O=Openweather Ltd., ST=London, C=GB
23:53:28.831 [main] DEBUG org.apache.http.conn.ssl.SSLConnectionSocketFactory -  peer alternative names: [*.openweathermap.org, openweathermap.org]
23:53:28.831 [main] DEBUG org.apache.http.conn.ssl.SSLConnectionSocketFactory -  issuer principal: CN=Sectigo RSA Organization Validation Secure Server CA, O=Sectigo Limited, L=Salford, ST=Greater Manchester, C=GB
23:53:28.831 [main] DEBUG org.apache.http.impl.conn.DefaultHttpClientConnectionOperator - Connection established 192.168.1.135:42314<->176.9.63.49:443
23:53:28.832 [main] DEBUG org.apache.http.impl.conn.DefaultManagedHttpClientConnection - http-outgoing-2: set socket timeout to 30000
23:53:28.832 [main] DEBUG org.apache.http.impl.execchain.MainClientExec - Executing request GET /data/2.5/weather?appid=4b66cf4f354cd07b407c07800dc8c2f9&lon=-74.0060&units=metric&lat=40.7128 HTTP/1.1
23:53:28.832 [main] DEBUG org.apache.http.impl.execchain.MainClientExec - Target auth state: UNCHALLENGED
23:53:28.832 [main] DEBUG org.apache.http.impl.execchain.MainClientExec - Proxy auth state: UNCHALLENGED
23:53:28.832 [main] DEBUG org.apache.http.headers - http-outgoing-2 >> GET /data/2.5/weather?appid=4b66cf4f354cd07b407c07800dc8c2f9&lon=-74.0060&units=metric&lat=40.7128 HTTP/1.1
23:53:28.832 [main] DEBUG org.apache.http.headers - http-outgoing-2 >> Accept: application/json
23:53:28.832 [main] DEBUG org.apache.http.headers - http-outgoing-2 >> Host: api.openweathermap.org
23:53:28.832 [main] DEBUG org.apache.http.headers - http-outgoing-2 >> Connection: Keep-Alive
23:53:28.833 [main] DEBUG org.apache.http.headers - http-outgoing-2 >> User-Agent: Apache-HttpClient/4.5.14 (Java/21.0.7)
23:53:28.833 [main] DEBUG org.apache.http.headers - http-outgoing-2 >> Accept-Encoding: gzip,deflate
23:53:28.833 [main] DEBUG org.apache.http.wire - http-outgoing-2 >> "GET /data/2.5/weather?appid=4b66cf4f354cd07b407c07800dc8c2f9&lon=-74.0060&units=metric&lat=40.7128 HTTP/1.1[\r][\n]"
23:53:28.833 [main] DEBUG org.apache.http.wire - http-outgoing-2 >> "Accept: application/json[\r][\n]"
23:53:28.833 [main] DEBUG org.apache.http.wire - http-outgoing-2 >> "Host: api.openweathermap.org[\r][\n]"
23:53:28.833 [main] DEBUG org.apache.http.wire - http-outgoing-2 >> "Connection: Keep-Alive[\r][\n]"
23:53:28.833 [main] DEBUG org.apache.http.wire - http-outgoing-2 >> "User-Agent: Apache-HttpClient/4.5.14 (Java/21.0.7)[\r][\n]"
23:53:28.833 [main] DEBUG org.apache.http.wire - http-outgoing-2 >> "Accept-Encoding: gzip,deflate[\r][\n]"
23:53:28.833 [main] DEBUG org.apache.http.wire - http-outgoing-2 >> "[\r][\n]"
23:53:28.878 [main] DEBUG org.apache.http.wire - http-outgoing-2 << "HTTP/1.1 200 OK[\r][\n]"
23:53:28.879 [main] DEBUG org.apache.http.wire - http-outgoing-2 << "Server: openresty[\r][\n]"
23:53:28.879 [main] DEBUG org.apache.http.wire - http-outgoing-2 << "Date: Tue, 06 May 2025 21:53:28 GMT[\r][\n]"
23:53:28.879 [main] DEBUG org.apache.http.wire - http-outgoing-2 << "Content-Type: application/json; charset=utf-8[\r][\n]"
23:53:28.879 [main] DEBUG org.apache.http.wire - http-outgoing-2 << "Content-Length: 512[\r][\n]"
23:53:28.879 [main] DEBUG org.apache.http.wire - http-outgoing-2 << "Connection: keep-alive[\r][\n]"
23:53:28.879 [main] DEBUG org.apache.http.wire - http-outgoing-2 << "X-Cache-Key: /data/2.5/weather?lat=40.71&lon=-74.01&units=metric[\r][\n]"
23:53:28.879 [main] DEBUG org.apache.http.wire - http-outgoing-2 << "Access-Control-Allow-Origin: *[\r][\n]"
23:53:28.879 [main] DEBUG org.apache.http.wire - http-outgoing-2 << "Access-Control-Allow-Credentials: true[\r][\n]"
23:53:28.879 [main] DEBUG org.apache.http.wire - http-outgoing-2 << "Access-Control-Allow-Methods: GET, POST[\r][\n]"
23:53:28.879 [main] DEBUG org.apache.http.wire - http-outgoing-2 << "[\r][\n]"
23:53:28.880 [main] DEBUG org.apache.http.wire - http-outgoing-2 << "{"coord":{"lon":-74.006,"lat":40.7128},"weather":[{"id":701,"main":"Mist","description":"mist","icon":"50d"}],"base":"stations","main":{"temp":15.65,"feels_like":15.73,"temp_min":14.59,"temp_max":17.33,"pressure":1013,"humidity":94,"sea_level":1013,"grnd_level":1011},"visibility":4828,"wind":{"speed":8.23,"deg":130,"gust":10.8},"clouds":{"all":100},"dt":1746568209,"sys":{"type":2,"id":2037026,"country":"US","sunrise":1746524893,"sunset":1746575819},"timezone":-14400,"id":5128581,"name":"New York","cod":200}"
23:53:28.880 [main] DEBUG org.apache.http.headers - http-outgoing-2 << HTTP/1.1 200 OK
23:53:28.880 [main] DEBUG org.apache.http.headers - http-outgoing-2 << Server: openresty
23:53:28.880 [main] DEBUG org.apache.http.headers - http-outgoing-2 << Date: Tue, 06 May 2025 21:53:28 GMT
23:53:28.880 [main] DEBUG org.apache.http.headers - http-outgoing-2 << Content-Type: application/json; charset=utf-8
23:53:28.881 [main] DEBUG org.apache.http.headers - http-outgoing-2 << Content-Length: 512
23:53:28.881 [main] DEBUG org.apache.http.headers - http-outgoing-2 << Connection: keep-alive
23:53:28.881 [main] DEBUG org.apache.http.headers - http-outgoing-2 << X-Cache-Key: /data/2.5/weather?lat=40.71&lon=-74.01&units=metric
23:53:28.881 [main] DEBUG org.apache.http.headers - http-outgoing-2 << Access-Control-Allow-Origin: *
23:53:28.881 [main] DEBUG org.apache.http.headers - http-outgoing-2 << Access-Control-Allow-Credentials: true
23:53:28.881 [main] DEBUG org.apache.http.headers - http-outgoing-2 << Access-Control-Allow-Methods: GET, POST
23:53:28.882 [main] DEBUG org.apache.http.impl.execchain.MainClientExec - Connection can be kept alive indefinitely
23:53:28.882 [main] DEBUG org.apache.http.impl.conn.PoolingHttpClientConnectionManager - Connection [id: 2][route: {s}->https://api.openweathermap.org:443] can be kept alive indefinitely
23:53:28.883 [main] DEBUG org.apache.http.impl.conn.DefaultManagedHttpClientConnection - http-outgoing-2: set socket timeout to 0
23:53:28.883 [main] DEBUG org.apache.http.impl.conn.PoolingHttpClientConnectionManager - Connection released: [id: 2][route: {s}->https://api.openweathermap.org:443][total available: 1; route allocated: 1 of 5; total allocated: 1 of 10]
23:53:28.883 [main] DEBUG org.apache.http.impl.conn.PoolingHttpClientConnectionManager - Connection manager is shutting down
23:53:28.883 [main] DEBUG org.apache.http.impl.conn.DefaultManagedHttpClientConnection - http-outgoing-2: Close connection
23:53:28.884 [main] DEBUG org.apache.http.impl.conn.PoolingHttpClientConnectionManager - Connection manager shut down
23:53:28.884 [main] DEBUG com.intuit.karate - response time in milliseconds: 158
1 < 200
1 < Server: openresty
1 < Date: Tue, 06 May 2025 21:53:28 GMT
1 < Content-Type: application/json; charset=utf-8
1 < Content-Length: 512
1 < Connection: keep-alive
1 < X-Cache-Key: /data/2.5/weather?lat=40.71&lon=-74.01&units=metric
1 < Access-Control-Allow-Origin: *
1 < Access-Control-Allow-Credentials: true
1 < Access-Control-Allow-Methods: GET, POST
{"coord":{"lon":-74.006,"lat":40.7128},"weather":[{"id":701,"main":"Mist","description":"mist","icon":"50d"}],"base":"stations","main":{"temp":15.65,"feels_like":15.73,"temp_min":14.59,"temp_max":17.33,"pressure":1013,"humidity":94,"sea_level":1013,"grnd_level":1011},"visibility":4828,"wind":{"speed":8.23,"deg":130,"gust":10.8},"clouds":{"all":100},"dt":1746568209,"sys":{"type":2,"id":2037026,"country":"US","sunrise":1746524893,"sunset":1746575819},"timezone":-14400,"id":5128581,"name":"New York","cod":200}

23:53:28.889 [main] DEBUG com.jayway.jsonpath.internal.path.CompiledPath - Evaluating path: $
23:53:28.891 [main] DEBUG com.jayway.jsonpath.internal.path.CompiledPath - Evaluating path: $['main']
23:53:28.891 [main] DEBUG com.jayway.jsonpath.internal.path.CompiledPath - Evaluating path: $
23:53:28.893 [main] DEBUG com.jayway.jsonpath.internal.path.CompiledPath - Evaluating path: $['weather'][0]
23:53:28.894 [main] DEBUG com.jayway.jsonpath.internal.path.CompiledPath - Evaluating path: $
]]></system-out>
  </testcase>
  <testcase name="[2:28] Missing API key returns 401" classname="tests/test_current_weather" time="0.203">
    <system-out><![CDATA[23:53:28.922 [main] DEBUG org.apache.http.client.protocol.RequestAddCookies - CookieSpec selected: karate
23:53:28.922 [main] DEBUG org.apache.http.client.protocol.RequestAuthCache - Auth cache not set in the context
23:53:28.922 [main] DEBUG com.intuit.karate - request:
1 > GET https://api.openweathermap.org/data/2.5/weather?lon=-3.7038&lat=40.4168
1 > Accept: application/json
1 > Host: api.openweathermap.org
1 > Connection: Keep-Alive
1 > User-Agent: Apache-HttpClient/4.5.14 (Java/21.0.7)
1 > Accept-Encoding: gzip,deflate


23:53:28.923 [main] DEBUG org.apache.http.impl.conn.PoolingHttpClientConnectionManager - Connection request: [route: {s}->https://api.openweathermap.org:443][total available: 0; route allocated: 0 of 5; total allocated: 0 of 10]
23:53:28.923 [main] DEBUG org.apache.http.impl.conn.PoolingHttpClientConnectionManager - Connection leased: [id: 3][route: {s}->https://api.openweathermap.org:443][total available: 0; route allocated: 1 of 5; total allocated: 1 of 10]
23:53:28.923 [main] DEBUG org.apache.http.impl.execchain.MainClientExec - Opening connection {s}->https://api.openweathermap.org:443
23:53:28.924 [main] DEBUG org.apache.http.impl.conn.DefaultHttpClientConnectionOperator - Connecting to api.openweathermap.org/176.9.63.49:443
23:53:28.924 [main] DEBUG org.apache.http.conn.ssl.SSLConnectionSocketFactory - Connecting socket to api.openweathermap.org/176.9.63.49:443 with timeout 30000
23:53:28.977 [main] DEBUG org.apache.http.conn.ssl.SSLConnectionSocketFactory - Enabled protocols: [TLSv1.3, TLSv1.2]
23:53:28.977 [main] DEBUG org.apache.http.conn.ssl.SSLConnectionSocketFactory - Enabled cipher suites:[TLS_AES_256_GCM_SHA384, TLS_AES_128_GCM_SHA256, TLS_CHACHA20_POLY1305_SHA256, TLS_ECDHE_ECDSA_WITH_AES_256_GCM_SHA384, TLS_ECDHE_ECDSA_WITH_AES_128_GCM_SHA256, TLS_ECDHE_ECDSA_WITH_CHACHA20_POLY1305_SHA256, TLS_ECDHE_RSA_WITH_AES_256_GCM_SHA384, TLS_ECDHE_RSA_WITH_CHACHA20_POLY1305_SHA256, TLS_ECDHE_RSA_WITH_AES_128_GCM_SHA256, TLS_DHE_RSA_WITH_AES_256_GCM_SHA384, TLS_DHE_RSA_WITH_CHACHA20_POLY1305_SHA256, TLS_DHE_DSS_WITH_AES_256_GCM_SHA384, TLS_DHE_RSA_WITH_AES_128_GCM_SHA256, TLS_DHE_DSS_WITH_AES_128_GCM_SHA256, TLS_ECDHE_ECDSA_WITH_AES_256_CBC_SHA384, TLS_ECDHE_RSA_WITH_AES_256_CBC_SHA384, TLS_ECDHE_ECDSA_WITH_AES_128_CBC_SHA256, TLS_ECDHE_RSA_WITH_AES_128_CBC_SHA256, TLS_DHE_RSA_WITH_AES_256_CBC_SHA256, TLS_DHE_DSS_WITH_AES_256_CBC_SHA256, TLS_DHE_RSA_WITH_AES_128_CBC_SHA256, TLS_DHE_DSS_WITH_AES_128_CBC_SHA256, TLS_ECDHE_ECDSA_WITH_AES_256_CBC_SHA, TLS_ECDHE_RSA_WITH_AES_256_CBC_SHA, TLS_ECDHE_ECDSA_WITH_AES_128_CBC_SHA, TLS_ECDHE_RSA_WITH_AES_128_CBC_SHA, TLS_DHE_RSA_WITH_AES_256_CBC_SHA, TLS_DHE_DSS_WITH_AES_256_CBC_SHA, TLS_DHE_RSA_WITH_AES_128_CBC_SHA, TLS_DHE_DSS_WITH_AES_128_CBC_SHA, TLS_RSA_WITH_AES_256_GCM_SHA384, TLS_RSA_WITH_AES_128_GCM_SHA256, TLS_RSA_WITH_AES_256_CBC_SHA256, TLS_RSA_WITH_AES_128_CBC_SHA256, TLS_RSA_WITH_AES_256_CBC_SHA, TLS_RSA_WITH_AES_128_CBC_SHA, TLS_EMPTY_RENEGOTIATION_INFO_SCSV]
23:53:28.978 [main] DEBUG org.apache.http.conn.ssl.SSLConnectionSocketFactory - Starting handshake
23:53:29.040 [main] DEBUG org.apache.http.conn.ssl.SSLConnectionSocketFactory - Secure session established
23:53:29.040 [main] DEBUG org.apache.http.conn.ssl.SSLConnectionSocketFactory -  negotiated protocol: TLSv1.3
23:53:29.040 [main] DEBUG org.apache.http.conn.ssl.SSLConnectionSocketFactory -  negotiated cipher suite: TLS_AES_256_GCM_SHA384
23:53:29.040 [main] DEBUG org.apache.http.conn.ssl.SSLConnectionSocketFactory -  peer principal: CN=*.openweathermap.org, O=Openweather Ltd., ST=London, C=GB
23:53:29.041 [main] DEBUG org.apache.http.conn.ssl.SSLConnectionSocketFactory -  peer alternative names: [*.openweathermap.org, openweathermap.org]
23:53:29.041 [main] DEBUG org.apache.http.conn.ssl.SSLConnectionSocketFactory -  issuer principal: CN=Sectigo RSA Organization Validation Secure Server CA, O=Sectigo Limited, L=Salford, ST=Greater Manchester, C=GB
23:53:29.041 [main] DEBUG org.apache.http.impl.conn.DefaultHttpClientConnectionOperator - Connection established 192.168.1.135:42328<->176.9.63.49:443
23:53:29.042 [main] DEBUG org.apache.http.impl.conn.DefaultManagedHttpClientConnection - http-outgoing-3: set socket timeout to 30000
23:53:29.042 [main] DEBUG org.apache.http.impl.execchain.MainClientExec - Executing request GET /data/2.5/weather?lon=-3.7038&lat=40.4168 HTTP/1.1
23:53:29.042 [main] DEBUG org.apache.http.impl.execchain.MainClientExec - Target auth state: UNCHALLENGED
23:53:29.042 [main] DEBUG org.apache.http.impl.execchain.MainClientExec - Proxy auth state: UNCHALLENGED
23:53:29.043 [main] DEBUG org.apache.http.headers - http-outgoing-3 >> GET /data/2.5/weather?lon=-3.7038&lat=40.4168 HTTP/1.1
23:53:29.043 [main] DEBUG org.apache.http.headers - http-outgoing-3 >> Accept: application/json
23:53:29.043 [main] DEBUG org.apache.http.headers - http-outgoing-3 >> Host: api.openweathermap.org
23:53:29.043 [main] DEBUG org.apache.http.headers - http-outgoing-3 >> Connection: Keep-Alive
23:53:29.043 [main] DEBUG org.apache.http.headers - http-outgoing-3 >> User-Agent: Apache-HttpClient/4.5.14 (Java/21.0.7)
23:53:29.043 [main] DEBUG org.apache.http.headers - http-outgoing-3 >> Accept-Encoding: gzip,deflate
23:53:29.043 [main] DEBUG org.apache.http.wire - http-outgoing-3 >> "GET /data/2.5/weather?lon=-3.7038&lat=40.4168 HTTP/1.1[\r][\n]"
23:53:29.044 [main] DEBUG org.apache.http.wire - http-outgoing-3 >> "Accept: application/json[\r][\n]"
23:53:29.044 [main] DEBUG org.apache.http.wire - http-outgoing-3 >> "Host: api.openweathermap.org[\r][\n]"
23:53:29.044 [main] DEBUG org.apache.http.wire - http-outgoing-3 >> "Connection: Keep-Alive[\r][\n]"
23:53:29.044 [main] DEBUG org.apache.http.wire - http-outgoing-3 >> "User-Agent: Apache-HttpClient/4.5.14 (Java/21.0.7)[\r][\n]"
23:53:29.044 [main] DEBUG org.apache.http.wire - http-outgoing-3 >> "Accept-Encoding: gzip,deflate[\r][\n]"
23:53:29.044 [main] DEBUG org.apache.http.wire - http-outgoing-3 >> "[\r][\n]"
23:53:29.090 [main] DEBUG org.apache.http.wire - http-outgoing-3 << "HTTP/1.1 401 Unauthorized[\r][\n]"
23:53:29.090 [main] DEBUG org.apache.http.wire - http-outgoing-3 << "Server: openresty[\r][\n]"
23:53:29.090 [main] DEBUG org.apache.http.wire - http-outgoing-3 << "Date: Tue, 06 May 2025 21:53:28 GMT[\r][\n]"
23:53:29.090 [main] DEBUG org.apache.http.wire - http-outgoing-3 << "Content-Type: application/json; charset=utf-8[\r][\n]"
23:53:29.090 [main] DEBUG org.apache.http.wire - http-outgoing-3 << "Content-Length: 108[\r][\n]"
23:53:29.090 [main] DEBUG org.apache.http.wire - http-outgoing-3 << "Connection: keep-alive[\r][\n]"
23:53:29.091 [main] DEBUG org.apache.http.wire - http-outgoing-3 << "X-Cache-Key: /data/2.5/weather?lat=40.42&lon=-3.7[\r][\n]"
23:53:29.091 [main] DEBUG org.apache.http.wire - http-outgoing-3 << "Access-Control-Allow-Origin: *[\r][\n]"
23:53:29.091 [main] DEBUG org.apache.http.wire - http-outgoing-3 << "Access-Control-Allow-Credentials: true[\r][\n]"
23:53:29.091 [main] DEBUG org.apache.http.wire - http-outgoing-3 << "Access-Control-Allow-Methods: GET, POST[\r][\n]"
23:53:29.091 [main] DEBUG org.apache.http.wire - http-outgoing-3 << "[\r][\n]"
23:53:29.091 [main] DEBUG org.apache.http.wire - http-outgoing-3 << "{"cod":401, "message": "Invalid API key. Please see https://openweathermap.org/faq#error401 for more info."}"
23:53:29.092 [main] DEBUG org.apache.http.headers - http-outgoing-3 << HTTP/1.1 401 Unauthorized
23:53:29.092 [main] DEBUG org.apache.http.headers - http-outgoing-3 << Server: openresty
23:53:29.092 [main] DEBUG org.apache.http.headers - http-outgoing-3 << Date: Tue, 06 May 2025 21:53:28 GMT
23:53:29.092 [main] DEBUG org.apache.http.headers - http-outgoing-3 << Content-Type: application/json; charset=utf-8
23:53:29.092 [main] DEBUG org.apache.http.headers - http-outgoing-3 << Content-Length: 108
23:53:29.092 [main] DEBUG org.apache.http.headers - http-outgoing-3 << Connection: keep-alive
23:53:29.092 [main] DEBUG org.apache.http.headers - http-outgoing-3 << X-Cache-Key: /data/2.5/weather?lat=40.42&lon=-3.7
23:53:29.092 [main] DEBUG org.apache.http.headers - http-outgoing-3 << Access-Control-Allow-Origin: *
23:53:29.092 [main] DEBUG org.apache.http.headers - http-outgoing-3 << Access-Control-Allow-Credentials: true
23:53:29.092 [main] DEBUG org.apache.http.headers - http-outgoing-3 << Access-Control-Allow-Methods: GET, POST
23:53:29.093 [main] DEBUG org.apache.http.impl.execchain.MainClientExec - Connection can be kept alive indefinitely
23:53:29.093 [main] DEBUG org.apache.http.impl.auth.HttpAuthenticator - Authentication required
23:53:29.093 [main] DEBUG org.apache.http.impl.auth.HttpAuthenticator - api.openweathermap.org:443 requested authentication
23:53:29.093 [main] DEBUG org.apache.http.impl.auth.HttpAuthenticator - Response contains no authentication challenges
23:53:29.093 [main] DEBUG org.apache.http.impl.conn.PoolingHttpClientConnectionManager - Connection [id: 3][route: {s}->https://api.openweathermap.org:443] can be kept alive indefinitely
23:53:29.093 [main] DEBUG org.apache.http.impl.conn.DefaultManagedHttpClientConnection - http-outgoing-3: set socket timeout to 0
23:53:29.094 [main] DEBUG org.apache.http.impl.conn.PoolingHttpClientConnectionManager - Connection released: [id: 3][route: {s}->https://api.openweathermap.org:443][total available: 1; route allocated: 1 of 5; total allocated: 1 of 10]
23:53:29.094 [main] DEBUG org.apache.http.impl.conn.PoolingHttpClientConnectionManager - Connection manager is shutting down
23:53:29.094 [main] DEBUG org.apache.http.impl.conn.DefaultManagedHttpClientConnection - http-outgoing-3: Close connection
23:53:29.095 [main] DEBUG org.apache.http.impl.conn.PoolingHttpClientConnectionManager - Connection manager shut down
23:53:29.095 [main] DEBUG com.intuit.karate - response time in milliseconds: 171
1 < 401
1 < Server: openresty
1 < Date: Tue, 06 May 2025 21:53:28 GMT
1 < Content-Type: application/json; charset=utf-8
1 < Content-Length: 108
1 < Connection: keep-alive
1 < X-Cache-Key: /data/2.5/weather?lat=40.42&lon=-3.7
1 < Access-Control-Allow-Origin: *
1 < Access-Control-Allow-Credentials: true
1 < Access-Control-Allow-Methods: GET, POST
{"cod":401, "message": "Invalid API key. Please see https://openweathermap.org/faq#error401 for more info."}

]]></system-out>
  </testcase>
  <testcase name="[3:34] Missing latitude returns 400" classname="tests/test_current_weather" time="0.217">
    <system-out><![CDATA[23:53:29.123 [main] DEBUG org.apache.http.client.protocol.RequestAddCookies - CookieSpec selected: karate
23:53:29.123 [main] DEBUG org.apache.http.client.protocol.RequestAuthCache - Auth cache not set in the context
23:53:29.123 [main] DEBUG com.intuit.karate - request:
1 > GET https://api.openweathermap.org/data/2.5/weather?appid=4b66cf4f354cd07b407c07800dc8c2f9&lon=-3.7038
1 > Accept: application/json
1 > Host: api.openweathermap.org
1 > Connection: Keep-Alive
1 > User-Agent: Apache-HttpClient/4.5.14 (Java/21.0.7)
1 > Accept-Encoding: gzip,deflate


23:53:29.124 [main] DEBUG org.apache.http.impl.conn.PoolingHttpClientConnectionManager - Connection request: [route: {s}->https://api.openweathermap.org:443][total available: 0; route allocated: 0 of 5; total allocated: 0 of 10]
23:53:29.124 [main] DEBUG org.apache.http.impl.conn.PoolingHttpClientConnectionManager - Connection leased: [id: 4][route: {s}->https://api.openweathermap.org:443][total available: 0; route allocated: 1 of 5; total allocated: 1 of 10]
23:53:29.124 [main] DEBUG org.apache.http.impl.execchain.MainClientExec - Opening connection {s}->https://api.openweathermap.org:443
23:53:29.125 [main] DEBUG org.apache.http.impl.conn.DefaultHttpClientConnectionOperator - Connecting to api.openweathermap.org/176.9.63.49:443
23:53:29.125 [main] DEBUG org.apache.http.conn.ssl.SSLConnectionSocketFactory - Connecting socket to api.openweathermap.org/176.9.63.49:443 with timeout 30000
23:53:29.185 [main] DEBUG org.apache.http.conn.ssl.SSLConnectionSocketFactory - Enabled protocols: [TLSv1.3, TLSv1.2]
23:53:29.186 [main] DEBUG org.apache.http.conn.ssl.SSLConnectionSocketFactory - Enabled cipher suites:[TLS_AES_256_GCM_SHA384, TLS_AES_128_GCM_SHA256, TLS_CHACHA20_POLY1305_SHA256, TLS_ECDHE_ECDSA_WITH_AES_256_GCM_SHA384, TLS_ECDHE_ECDSA_WITH_AES_128_GCM_SHA256, TLS_ECDHE_ECDSA_WITH_CHACHA20_POLY1305_SHA256, TLS_ECDHE_RSA_WITH_AES_256_GCM_SHA384, TLS_ECDHE_RSA_WITH_CHACHA20_POLY1305_SHA256, TLS_ECDHE_RSA_WITH_AES_128_GCM_SHA256, TLS_DHE_RSA_WITH_AES_256_GCM_SHA384, TLS_DHE_RSA_WITH_CHACHA20_POLY1305_SHA256, TLS_DHE_DSS_WITH_AES_256_GCM_SHA384, TLS_DHE_RSA_WITH_AES_128_GCM_SHA256, TLS_DHE_DSS_WITH_AES_128_GCM_SHA256, TLS_ECDHE_ECDSA_WITH_AES_256_CBC_SHA384, TLS_ECDHE_RSA_WITH_AES_256_CBC_SHA384, TLS_ECDHE_ECDSA_WITH_AES_128_CBC_SHA256, TLS_ECDHE_RSA_WITH_AES_128_CBC_SHA256, TLS_DHE_RSA_WITH_AES_256_CBC_SHA256, TLS_DHE_DSS_WITH_AES_256_CBC_SHA256, TLS_DHE_RSA_WITH_AES_128_CBC_SHA256, TLS_DHE_DSS_WITH_AES_128_CBC_SHA256, TLS_ECDHE_ECDSA_WITH_AES_256_CBC_SHA, TLS_ECDHE_RSA_WITH_AES_256_CBC_SHA, TLS_ECDHE_ECDSA_WITH_AES_128_CBC_SHA, TLS_ECDHE_RSA_WITH_AES_128_CBC_SHA, TLS_DHE_RSA_WITH_AES_256_CBC_SHA, TLS_DHE_DSS_WITH_AES_256_CBC_SHA, TLS_DHE_RSA_WITH_AES_128_CBC_SHA, TLS_DHE_DSS_WITH_AES_128_CBC_SHA, TLS_RSA_WITH_AES_256_GCM_SHA384, TLS_RSA_WITH_AES_128_GCM_SHA256, TLS_RSA_WITH_AES_256_CBC_SHA256, TLS_RSA_WITH_AES_128_CBC_SHA256, TLS_RSA_WITH_AES_256_CBC_SHA, TLS_RSA_WITH_AES_128_CBC_SHA, TLS_EMPTY_RENEGOTIATION_INFO_SCSV]
23:53:29.186 [main] DEBUG org.apache.http.conn.ssl.SSLConnectionSocketFactory - Starting handshake
23:53:29.239 [main] DEBUG org.apache.http.conn.ssl.SSLConnectionSocketFactory - Secure session established
23:53:29.239 [main] DEBUG org.apache.http.conn.ssl.SSLConnectionSocketFactory -  negotiated protocol: TLSv1.3
23:53:29.239 [main] DEBUG org.apache.http.conn.ssl.SSLConnectionSocketFactory -  negotiated cipher suite: TLS_AES_256_GCM_SHA384
23:53:29.239 [main] DEBUG org.apache.http.conn.ssl.SSLConnectionSocketFactory -  peer principal: CN=*.openweathermap.org, O=Openweather Ltd., ST=London, C=GB
23:53:29.240 [main] DEBUG org.apache.http.conn.ssl.SSLConnectionSocketFactory -  peer alternative names: [*.openweathermap.org, openweathermap.org]
23:53:29.240 [main] DEBUG org.apache.http.conn.ssl.SSLConnectionSocketFactory -  issuer principal: CN=Sectigo RSA Organization Validation Secure Server CA, O=Sectigo Limited, L=Salford, ST=Greater Manchester, C=GB
23:53:29.240 [main] DEBUG org.apache.http.impl.conn.DefaultHttpClientConnectionOperator - Connection established 192.168.1.135:42338<->176.9.63.49:443
23:53:29.240 [main] DEBUG org.apache.http.impl.conn.DefaultManagedHttpClientConnection - http-outgoing-4: set socket timeout to 30000
23:53:29.240 [main] DEBUG org.apache.http.impl.execchain.MainClientExec - Executing request GET /data/2.5/weather?appid=4b66cf4f354cd07b407c07800dc8c2f9&lon=-3.7038 HTTP/1.1
23:53:29.240 [main] DEBUG org.apache.http.impl.execchain.MainClientExec - Target auth state: UNCHALLENGED
23:53:29.240 [main] DEBUG org.apache.http.impl.execchain.MainClientExec - Proxy auth state: UNCHALLENGED
23:53:29.240 [main] DEBUG org.apache.http.headers - http-outgoing-4 >> GET /data/2.5/weather?appid=4b66cf4f354cd07b407c07800dc8c2f9&lon=-3.7038 HTTP/1.1
23:53:29.241 [main] DEBUG org.apache.http.headers - http-outgoing-4 >> Accept: application/json
23:53:29.241 [main] DEBUG org.apache.http.headers - http-outgoing-4 >> Host: api.openweathermap.org
23:53:29.241 [main] DEBUG org.apache.http.headers - http-outgoing-4 >> Connection: Keep-Alive
23:53:29.241 [main] DEBUG org.apache.http.headers - http-outgoing-4 >> User-Agent: Apache-HttpClient/4.5.14 (Java/21.0.7)
23:53:29.241 [main] DEBUG org.apache.http.headers - http-outgoing-4 >> Accept-Encoding: gzip,deflate
23:53:29.241 [main] DEBUG org.apache.http.wire - http-outgoing-4 >> "GET /data/2.5/weather?appid=4b66cf4f354cd07b407c07800dc8c2f9&lon=-3.7038 HTTP/1.1[\r][\n]"
23:53:29.241 [main] DEBUG org.apache.http.wire - http-outgoing-4 >> "Accept: application/json[\r][\n]"
23:53:29.241 [main] DEBUG org.apache.http.wire - http-outgoing-4 >> "Host: api.openweathermap.org[\r][\n]"
23:53:29.241 [main] DEBUG org.apache.http.wire - http-outgoing-4 >> "Connection: Keep-Alive[\r][\n]"
23:53:29.241 [main] DEBUG org.apache.http.wire - http-outgoing-4 >> "User-Agent: Apache-HttpClient/4.5.14 (Java/21.0.7)[\r][\n]"
23:53:29.241 [main] DEBUG org.apache.http.wire - http-outgoing-4 >> "Accept-Encoding: gzip,deflate[\r][\n]"
23:53:29.241 [main] DEBUG org.apache.http.wire - http-outgoing-4 >> "[\r][\n]"
23:53:29.310 [main] DEBUG org.apache.http.wire - http-outgoing-4 << "HTTP/1.1 400 Bad Request[\r][\n]"
23:53:29.311 [main] DEBUG org.apache.http.wire - http-outgoing-4 << "Server: openresty[\r][\n]"
23:53:29.311 [main] DEBUG org.apache.http.wire - http-outgoing-4 << "Date: Tue, 06 May 2025 21:53:29 GMT[\r][\n]"
23:53:29.311 [main] DEBUG org.apache.http.wire - http-outgoing-4 << "Content-Type: application/json; charset=utf-8[\r][\n]"
23:53:29.311 [main] DEBUG org.apache.http.wire - http-outgoing-4 << "Content-Length: 44[\r][\n]"
23:53:29.311 [main] DEBUG org.apache.http.wire - http-outgoing-4 << "Connection: keep-alive[\r][\n]"
23:53:29.311 [main] DEBUG org.apache.http.wire - http-outgoing-4 << "X-Cache-Key: /data/2.5/weather?lon=-3.7[\r][\n]"
23:53:29.311 [main] DEBUG org.apache.http.wire - http-outgoing-4 << "Access-Control-Allow-Origin: *[\r][\n]"
23:53:29.311 [main] DEBUG org.apache.http.wire - http-outgoing-4 << "Access-Control-Allow-Credentials: true[\r][\n]"
23:53:29.311 [main] DEBUG org.apache.http.wire - http-outgoing-4 << "Access-Control-Allow-Methods: GET, POST[\r][\n]"
23:53:29.311 [main] DEBUG org.apache.http.wire - http-outgoing-4 << "[\r][\n]"
23:53:29.311 [main] DEBUG org.apache.http.wire - http-outgoing-4 << "{"cod":"400","message":"Nothing to geocode"}"
23:53:29.312 [main] DEBUG org.apache.http.headers - http-outgoing-4 << HTTP/1.1 400 Bad Request
23:53:29.312 [main] DEBUG org.apache.http.headers - http-outgoing-4 << Server: openresty
23:53:29.312 [main] DEBUG org.apache.http.headers - http-outgoing-4 << Date: Tue, 06 May 2025 21:53:29 GMT
23:53:29.312 [main] DEBUG org.apache.http.headers - http-outgoing-4 << Content-Type: application/json; charset=utf-8
23:53:29.312 [main] DEBUG org.apache.http.headers - http-outgoing-4 << Content-Length: 44
23:53:29.312 [main] DEBUG org.apache.http.headers - http-outgoing-4 << Connection: keep-alive
23:53:29.312 [main] DEBUG org.apache.http.headers - http-outgoing-4 << X-Cache-Key: /data/2.5/weather?lon=-3.7
23:53:29.312 [main] DEBUG org.apache.http.headers - http-outgoing-4 << Access-Control-Allow-Origin: *
23:53:29.312 [main] DEBUG org.apache.http.headers - http-outgoing-4 << Access-Control-Allow-Credentials: true
23:53:29.312 [main] DEBUG org.apache.http.headers - http-outgoing-4 << Access-Control-Allow-Methods: GET, POST
23:53:29.313 [main] DEBUG org.apache.http.impl.execchain.MainClientExec - Connection can be kept alive indefinitely
23:53:29.313 [main] DEBUG org.apache.http.impl.conn.PoolingHttpClientConnectionManager - Connection [id: 4][route: {s}->https://api.openweathermap.org:443] can be kept alive indefinitely
23:53:29.313 [main] DEBUG org.apache.http.impl.conn.DefaultManagedHttpClientConnection - http-outgoing-4: set socket timeout to 0
23:53:29.314 [main] DEBUG org.apache.http.impl.conn.PoolingHttpClientConnectionManager - Connection released: [id: 4][route: {s}->https://api.openweathermap.org:443][total available: 1; route allocated: 1 of 5; total allocated: 1 of 10]
23:53:29.314 [main] DEBUG org.apache.http.impl.conn.PoolingHttpClientConnectionManager - Connection manager is shutting down
23:53:29.314 [main] DEBUG org.apache.http.impl.conn.DefaultManagedHttpClientConnection - http-outgoing-4: Close connection
23:53:29.314 [main] DEBUG org.apache.http.impl.conn.PoolingHttpClientConnectionManager - Connection manager shut down
23:53:29.315 [main] DEBUG com.intuit.karate - response time in milliseconds: 190
1 < 400
1 < Server: openresty
1 < Date: Tue, 06 May 2025 21:53:29 GMT
1 < Content-Type: application/json; charset=utf-8
1 < Content-Length: 44
1 < Connection: keep-alive
1 < X-Cache-Key: /data/2.5/weather?lon=-3.7
1 < Access-Control-Allow-Origin: *
1 < Access-Control-Allow-Credentials: true
1 < Access-Control-Allow-Methods: GET, POST
{"cod":"400","message":"Nothing to geocode"}

]]></system-out>
  </testcase>
  <testcase name="[4:40] Missing longitude returns 400" classname="tests/test_current_weather" time="1.045">
    <system-out><![CDATA[23:53:29.346 [main] DEBUG org.apache.http.client.protocol.RequestAddCookies - CookieSpec selected: karate
23:53:29.346 [main] DEBUG org.apache.http.client.protocol.RequestAuthCache - Auth cache not set in the context
23:53:29.347 [main] DEBUG com.intuit.karate - request:
1 > GET https://api.openweathermap.org/data/2.5/weather?appid=4b66cf4f354cd07b407c07800dc8c2f9&lat=40.4168
1 > Accept: application/json
1 > Host: api.openweathermap.org
1 > Connection: Keep-Alive
1 > User-Agent: Apache-HttpClient/4.5.14 (Java/21.0.7)
1 > Accept-Encoding: gzip,deflate


23:53:29.347 [main] DEBUG org.apache.http.impl.conn.PoolingHttpClientConnectionManager - Connection request: [route: {s}->https://api.openweathermap.org:443][total available: 0; route allocated: 0 of 5; total allocated: 0 of 10]
23:53:29.347 [main] DEBUG org.apache.http.impl.conn.PoolingHttpClientConnectionManager - Connection leased: [id: 5][route: {s}->https://api.openweathermap.org:443][total available: 0; route allocated: 1 of 5; total allocated: 1 of 10]
23:53:29.348 [main] DEBUG org.apache.http.impl.execchain.MainClientExec - Opening connection {s}->https://api.openweathermap.org:443
23:53:29.348 [main] DEBUG org.apache.http.impl.conn.DefaultHttpClientConnectionOperator - Connecting to api.openweathermap.org/176.9.63.49:443
23:53:29.348 [main] DEBUG org.apache.http.conn.ssl.SSLConnectionSocketFactory - Connecting socket to api.openweathermap.org/176.9.63.49:443 with timeout 30000
23:53:29.394 [main] DEBUG org.apache.http.conn.ssl.SSLConnectionSocketFactory - Enabled protocols: [TLSv1.3, TLSv1.2]
23:53:29.394 [main] DEBUG org.apache.http.conn.ssl.SSLConnectionSocketFactory - Enabled cipher suites:[TLS_AES_256_GCM_SHA384, TLS_AES_128_GCM_SHA256, TLS_CHACHA20_POLY1305_SHA256, TLS_ECDHE_ECDSA_WITH_AES_256_GCM_SHA384, TLS_ECDHE_ECDSA_WITH_AES_128_GCM_SHA256, TLS_ECDHE_ECDSA_WITH_CHACHA20_POLY1305_SHA256, TLS_ECDHE_RSA_WITH_AES_256_GCM_SHA384, TLS_ECDHE_RSA_WITH_CHACHA20_POLY1305_SHA256, TLS_ECDHE_RSA_WITH_AES_128_GCM_SHA256, TLS_DHE_RSA_WITH_AES_256_GCM_SHA384, TLS_DHE_RSA_WITH_CHACHA20_POLY1305_SHA256, TLS_DHE_DSS_WITH_AES_256_GCM_SHA384, TLS_DHE_RSA_WITH_AES_128_GCM_SHA256, TLS_DHE_DSS_WITH_AES_128_GCM_SHA256, TLS_ECDHE_ECDSA_WITH_AES_256_CBC_SHA384, TLS_ECDHE_RSA_WITH_AES_256_CBC_SHA384, TLS_ECDHE_ECDSA_WITH_AES_128_CBC_SHA256, TLS_ECDHE_RSA_WITH_AES_128_CBC_SHA256, TLS_DHE_RSA_WITH_AES_256_CBC_SHA256, TLS_DHE_DSS_WITH_AES_256_CBC_SHA256, TLS_DHE_RSA_WITH_AES_128_CBC_SHA256, TLS_DHE_DSS_WITH_AES_128_CBC_SHA256, TLS_ECDHE_ECDSA_WITH_AES_256_CBC_SHA, TLS_ECDHE_RSA_WITH_AES_256_CBC_SHA, TLS_ECDHE_ECDSA_WITH_AES_128_CBC_SHA, TLS_ECDHE_RSA_WITH_AES_128_CBC_SHA, TLS_DHE_RSA_WITH_AES_256_CBC_SHA, TLS_DHE_DSS_WITH_AES_256_CBC_SHA, TLS_DHE_RSA_WITH_AES_128_CBC_SHA, TLS_DHE_DSS_WITH_AES_128_CBC_SHA, TLS_RSA_WITH_AES_256_GCM_SHA384, TLS_RSA_WITH_AES_128_GCM_SHA256, TLS_RSA_WITH_AES_256_CBC_SHA256, TLS_RSA_WITH_AES_128_CBC_SHA256, TLS_RSA_WITH_AES_256_CBC_SHA, TLS_RSA_WITH_AES_128_CBC_SHA, TLS_EMPTY_RENEGOTIATION_INFO_SCSV]
23:53:29.394 [main] DEBUG org.apache.http.conn.ssl.SSLConnectionSocketFactory - Starting handshake
23:53:29.450 [main] DEBUG org.apache.http.conn.ssl.SSLConnectionSocketFactory - Secure session established
23:53:29.450 [main] DEBUG org.apache.http.conn.ssl.SSLConnectionSocketFactory -  negotiated protocol: TLSv1.3
23:53:29.450 [main] DEBUG org.apache.http.conn.ssl.SSLConnectionSocketFactory -  negotiated cipher suite: TLS_AES_256_GCM_SHA384
23:53:29.450 [main] DEBUG org.apache.http.conn.ssl.SSLConnectionSocketFactory -  peer principal: CN=*.openweathermap.org, O=Openweather Ltd., ST=London, C=GB
23:53:29.451 [main] DEBUG org.apache.http.conn.ssl.SSLConnectionSocketFactory -  peer alternative names: [*.openweathermap.org, openweathermap.org]
23:53:29.451 [main] DEBUG org.apache.http.conn.ssl.SSLConnectionSocketFactory -  issuer principal: CN=Sectigo RSA Organization Validation Secure Server CA, O=Sectigo Limited, L=Salford, ST=Greater Manchester, C=GB
23:53:29.451 [main] DEBUG org.apache.http.impl.conn.DefaultHttpClientConnectionOperator - Connection established 192.168.1.135:42346<->176.9.63.49:443
23:53:29.451 [main] DEBUG org.apache.http.impl.conn.DefaultManagedHttpClientConnection - http-outgoing-5: set socket timeout to 30000
23:53:29.452 [main] DEBUG org.apache.http.impl.execchain.MainClientExec - Executing request GET /data/2.5/weather?appid=4b66cf4f354cd07b407c07800dc8c2f9&lat=40.4168 HTTP/1.1
23:53:29.452 [main] DEBUG org.apache.http.impl.execchain.MainClientExec - Target auth state: UNCHALLENGED
23:53:29.452 [main] DEBUG org.apache.http.impl.execchain.MainClientExec - Proxy auth state: UNCHALLENGED
23:53:29.452 [main] DEBUG org.apache.http.headers - http-outgoing-5 >> GET /data/2.5/weather?appid=4b66cf4f354cd07b407c07800dc8c2f9&lat=40.4168 HTTP/1.1
23:53:29.452 [main] DEBUG org.apache.http.headers - http-outgoing-5 >> Accept: application/json
23:53:29.452 [main] DEBUG org.apache.http.headers - http-outgoing-5 >> Host: api.openweathermap.org
23:53:29.452 [main] DEBUG org.apache.http.headers - http-outgoing-5 >> Connection: Keep-Alive
23:53:29.453 [main] DEBUG org.apache.http.headers - http-outgoing-5 >> User-Agent: Apache-HttpClient/4.5.14 (Java/21.0.7)
23:53:29.453 [main] DEBUG org.apache.http.headers - http-outgoing-5 >> Accept-Encoding: gzip,deflate
23:53:29.453 [main] DEBUG org.apache.http.wire - http-outgoing-5 >> "GET /data/2.5/weather?appid=4b66cf4f354cd07b407c07800dc8c2f9&lat=40.4168 HTTP/1.1[\r][\n]"
23:53:29.453 [main] DEBUG org.apache.http.wire - http-outgoing-5 >> "Accept: application/json[\r][\n]"
23:53:29.453 [main] DEBUG org.apache.http.wire - http-outgoing-5 >> "Host: api.openweathermap.org[\r][\n]"
23:53:29.453 [main] DEBUG org.apache.http.wire - http-outgoing-5 >> "Connection: Keep-Alive[\r][\n]"
23:53:29.453 [main] DEBUG org.apache.http.wire - http-outgoing-5 >> "User-Agent: Apache-HttpClient/4.5.14 (Java/21.0.7)[\r][\n]"
23:53:29.453 [main] DEBUG org.apache.http.wire - http-outgoing-5 >> "Accept-Encoding: gzip,deflate[\r][\n]"
23:53:29.453 [main] DEBUG org.apache.http.wire - http-outgoing-5 >> "[\r][\n]"
23:53:29.500 [main] DEBUG org.apache.http.wire - http-outgoing-5 << "HTTP/1.1 400 Bad Request[\r][\n]"
23:53:29.500 [main] DEBUG org.apache.http.wire - http-outgoing-5 << "Server: openresty[\r][\n]"
23:53:29.500 [main] DEBUG org.apache.http.wire - http-outgoing-5 << "Date: Tue, 06 May 2025 21:53:29 GMT[\r][\n]"
23:53:29.500 [main] DEBUG org.apache.http.wire - http-outgoing-5 << "Content-Type: application/json; charset=utf-8[\r][\n]"
23:53:29.500 [main] DEBUG org.apache.http.wire - http-outgoing-5 << "Content-Length: 44[\r][\n]"
23:53:29.500 [main] DEBUG org.apache.http.wire - http-outgoing-5 << "Connection: keep-alive[\r][\n]"
23:53:29.500 [main] DEBUG org.apache.http.wire - http-outgoing-5 << "X-Cache-Key: /data/2.5/weather?lat=40.42[\r][\n]"
23:53:29.500 [main] DEBUG org.apache.http.wire - http-outgoing-5 << "Access-Control-Allow-Origin: *[\r][\n]"
23:53:29.500 [main] DEBUG org.apache.http.wire - http-outgoing-5 << "Access-Control-Allow-Credentials: true[\r][\n]"
23:53:29.500 [main] DEBUG org.apache.http.wire - http-outgoing-5 << "Access-Control-Allow-Methods: GET, POST[\r][\n]"
23:53:29.500 [main] DEBUG org.apache.http.wire - http-outgoing-5 << "[\r][\n]"
23:53:29.501 [main] DEBUG org.apache.http.wire - http-outgoing-5 << "{"cod":"400","message":"Nothing to geocode"}"
23:53:29.501 [main] DEBUG org.apache.http.headers - http-outgoing-5 << HTTP/1.1 400 Bad Request
23:53:29.501 [main] DEBUG org.apache.http.headers - http-outgoing-5 << Server: openresty
23:53:29.501 [main] DEBUG org.apache.http.headers - http-outgoing-5 << Date: Tue, 06 May 2025 21:53:29 GMT
23:53:29.501 [main] DEBUG org.apache.http.headers - http-outgoing-5 << Content-Type: application/json; charset=utf-8
23:53:29.501 [main] DEBUG org.apache.http.headers - http-outgoing-5 << Content-Length: 44
23:53:29.501 [main] DEBUG org.apache.http.headers - http-outgoing-5 << Connection: keep-alive
23:53:29.501 [main] DEBUG org.apache.http.headers - http-outgoing-5 << X-Cache-Key: /data/2.5/weather?lat=40.42
23:53:29.501 [main] DEBUG org.apache.http.headers - http-outgoing-5 << Access-Control-Allow-Origin: *
23:53:29.501 [main] DEBUG org.apache.http.headers - http-outgoing-5 << Access-Control-Allow-Credentials: true
23:53:29.501 [main] DEBUG org.apache.http.headers - http-outgoing-5 << Access-Control-Allow-Methods: GET, POST
23:53:29.501 [main] DEBUG org.apache.http.impl.execchain.MainClientExec - Connection can be kept alive indefinitely
23:53:29.502 [main] DEBUG org.apache.http.impl.conn.PoolingHttpClientConnectionManager - Connection [id: 5][route: {s}->https://api.openweathermap.org:443] can be kept alive indefinitely
23:53:29.502 [main] DEBUG org.apache.http.impl.conn.DefaultManagedHttpClientConnection - http-outgoing-5: set socket timeout to 0
23:53:29.502 [main] DEBUG org.apache.http.impl.conn.PoolingHttpClientConnectionManager - Connection released: [id: 5][route: {s}->https://api.openweathermap.org:443][total available: 1; route allocated: 1 of 5; total allocated: 1 of 10]
23:53:29.502 [main] DEBUG org.apache.http.impl.conn.PoolingHttpClientConnectionManager - Connection manager is shutting down
23:53:29.502 [main] DEBUG org.apache.http.impl.conn.DefaultManagedHttpClientConnection - http-outgoing-5: Close connection
23:53:29.503 [main] DEBUG org.apache.http.impl.conn.PoolingHttpClientConnectionManager - Connection manager shut down
23:53:29.503 [main] DEBUG com.intuit.karate - response time in milliseconds: 155
1 < 400
1 < Server: openresty
1 < Date: Tue, 06 May 2025 21:53:29 GMT
1 < Content-Type: application/json; charset=utf-8
1 < Content-Length: 44
1 < Connection: keep-alive
1 < X-Cache-Key: /data/2.5/weather?lat=40.42
1 < Access-Control-Allow-Origin: *
1 < Access-Control-Allow-Credentials: true
1 < Access-Control-Allow-Methods: GET, POST
{"cod":"400","message":"Nothing to geocode"}

23:53:29.564 [main] DEBUG org.thymeleaf.TemplateEngine - [THYMELEAF] INITIALIZING TEMPLATE ENGINE
23:53:29.717 [main] DEBUG org.thymeleaf.TemplateEngine.CONFIG - Initializing Thymeleaf Template engine configuration...
[THYMELEAF] TEMPLATE ENGINE CONFIGURATION:
[THYMELEAF] * Thymeleaf version: 3.0.14.RELEASE (built 2021-12-08T00:45:29+0000)
[THYMELEAF] * Cache Manager implementation: org.thymeleaf.cache.StandardCacheManager
[THYMELEAF] * Template resolvers:
[THYMELEAF]     * [1] com.intuit.karate.template.ResourceHtmlTemplateResolver
[THYMELEAF] * Message resolvers:
[THYMELEAF]     * org.thymeleaf.messageresolver.StandardMessageResolver
[THYMELEAF] * Link builders:
[THYMELEAF]     * org.thymeleaf.linkbuilder.StandardLinkBuilder
[THYMELEAF] * Dialect [1 of 2]: Standard (com.intuit.karate.template.KarateStandardDialect)
[THYMELEAF]     * Prefix: "th"
[THYMELEAF]     * Processors for Template Mode: HTML
[THYMELEAF]         * Element Tag Processors by [matching element and attribute name] [precedence]:
[THYMELEAF]             * [* {th:include,data-th-include}] [100]: org.thymeleaf.standard.processor.StandardIncludeTagProcessor
[THYMELEAF]             * [* {th:insert,data-th-insert}] [100]: org.thymeleaf.standard.processor.StandardInsertTagProcessor
[THYMELEAF]             * [* {th:replace,data-th-replace}] [100]: org.thymeleaf.standard.processor.StandardReplaceTagProcessor
[THYMELEAF]             * [* {th:substituteby,data-th-substituteby}] [100]: org.thymeleaf.standard.processor.StandardSubstituteByTagProcessor
[THYMELEAF]             * [* {th:each,data-th-each}] [200]: com.intuit.karate.template.KarateEachTagProcessor
[THYMELEAF]             * [* {th:switch,data-th-switch}] [250]: org.thymeleaf.standard.processor.StandardSwitchTagProcessor
[THYMELEAF]             * [* {th:case,data-th-case}] [275]: org.thymeleaf.standard.processor.StandardCaseTagProcessor
[THYMELEAF]             * [* {th:if,data-th-if}] [300]: org.thymeleaf.standard.processor.StandardIfTagProcessor
[THYMELEAF]             * [* {th:unless,data-th-unless}] [400]: org.thymeleaf.standard.processor.StandardUnlessTagProcessor
[THYMELEAF]             * [* {th:object,data-th-object}] [500]: org.thymeleaf.standard.processor.StandardObjectTagProcessor
[THYMELEAF]             * [* {th:with,data-th-with}] [600]: com.intuit.karate.template.KarateWithTagProcessor
[THYMELEAF]             * [* {th:attr,data-th-attr}] [700]: com.intuit.karate.template.KarateAttributeTagProcessor.KarateAttrTagProcessor
[THYMELEAF]             * [* {th:attrappend,data-th-attrappend}] [900]: com.intuit.karate.template.KarateAttributeTagProcessor.KarateAttrappendTagProcessor
[THYMELEAF]             * [* {th:attrprepend,data-th-attrprepend}] [900]: com.intuit.karate.template.KarateAttributeTagProcessor.KarateAttrprependTagProcessor
[THYMELEAF]             * [* {th:alt-title,data-th-alt-title}] [990]: org.thymeleaf.standard.processor.StandardAltTitleTagProcessor
[THYMELEAF]             * [* {th:lang-xmllang,data-th-lang-xmllang}] [990]: org.thymeleaf.standard.processor.StandardLangXmlLangTagProcessor
[THYMELEAF]             * [* {th:action,data-th-action}] [1000]: org.thymeleaf.standard.processor.StandardActionTagProcessor
[THYMELEAF]             * [* {th:declare,data-th-declare}] [1000]: org.thymeleaf.standard.processor.StandardConditionalFixedValueTagProcessor
[THYMELEAF]             * [* {th:novalidate,data-th-novalidate}] [1000]: org.thymeleaf.standard.processor.StandardConditionalFixedValueTagProcessor
[THYMELEAF]             * [* {th:disabled,data-th-disabled}] [1000]: org.thymeleaf.standard.processor.StandardConditionalFixedValueTagProcessor
[THYMELEAF]             * [* {th:controls,data-th-controls}] [1000]: org.thymeleaf.standard.processor.StandardConditionalFixedValueTagProcessor
[THYMELEAF]             * [* {th:autoplay,data-th-autoplay}] [1000]: org.thymeleaf.standard.processor.StandardConditionalFixedValueTagProcessor
[THYMELEAF]             * [* {th:nowrap,data-th-nowrap}] [1000]: org.thymeleaf.standard.processor.StandardConditionalFixedValueTagProcessor
[THYMELEAF]             * [* {th:checked,data-th-checked}] [1000]: org.thymeleaf.standard.processor.StandardConditionalFixedValueTagProcessor
[THYMELEAF]             * [* {th:required,data-th-required}] [1000]: org.thymeleaf.standard.processor.StandardConditionalFixedValueTagProcessor
[THYMELEAF]             * [* {th:autofocus,data-th-autofocus}] [1000]: org.thymeleaf.standard.processor.StandardConditionalFixedValueTagProcessor
[THYMELEAF]             * [* {th:hidden,data-th-hidden}] [1000]: org.thymeleaf.standard.processor.StandardConditionalFixedValueTagProcessor
[THYMELEAF]             * [* {th:ismap,data-th-ismap}] [1000]: org.thymeleaf.standard.processor.StandardConditionalFixedValueTagProcessor
[THYMELEAF]             * [* {th:selected,data-th-selected}] [1000]: org.thymeleaf.standard.processor.StandardConditionalFixedValueTagProcessor
[THYMELEAF]             * [* {th:reversed,data-th-reversed}] [1000]: org.thymeleaf.standard.processor.StandardConditionalFixedValueTagProcessor
[THYMELEAF]             * [* {th:open,data-th-open}] [1000]: org.thymeleaf.standard.processor.StandardConditionalFixedValueTagProcessor
[THYMELEAF]             * [* {th:multiple,data-th-multiple}] [1000]: org.thymeleaf.standard.processor.StandardConditionalFixedValueTagProcessor
[THYMELEAF]             * [* {th:async,data-th-async}] [1000]: org.thymeleaf.standard.processor.StandardConditionalFixedValueTagProcessor
[THYMELEAF]             * [* {th:loop,data-th-loop}] [1000]: org.thymeleaf.standard.processor.StandardConditionalFixedValueTagProcessor
[THYMELEAF]             * [* {th:formnovalidate,data-th-formnovalidate}] [1000]: org.thymeleaf.standard.processor.StandardConditionalFixedValueTagProcessor
[THYMELEAF]             * [* {th:scoped,data-th-scoped}] [1000]: org.thymeleaf.standard.processor.StandardConditionalFixedValueTagProcessor
[THYMELEAF]             * [* {th:seamless,data-th-seamless}] [1000]: org.thymeleaf.standard.processor.StandardConditionalFixedValueTagProcessor
[THYMELEAF]             * [* {th:readonly,data-th-readonly}] [1000]: org.thymeleaf.standard.processor.StandardConditionalFixedValueTagProcessor
[THYMELEAF]             * [* {th:default,data-th-default}] [1000]: org.thymeleaf.standard.processor.StandardConditionalFixedValueTagProcessor
[THYMELEAF]             * [* {th:pubdate,data-th-pubdate}] [1000]: org.thymeleaf.standard.processor.StandardConditionalFixedValueTagProcessor
[THYMELEAF]             * [* {th:defer,data-th-defer}] [1000]: org.thymeleaf.standard.processor.StandardConditionalFixedValueTagProcessor
[THYMELEAF]             * [* {th:onmessage,data-th-onmessage}] [1000]: org.thymeleaf.standard.processor.StandardDOMEventAttributeTagProcessor
[THYMELEAF]             * [* {th:ondrop,data-th-ondrop}] [1000]: org.thymeleaf.standard.processor.StandardDOMEventAttributeTagProcessor
[THYMELEAF]             * [* {th:onmousedown,data-th-onmousedown}] [1000]: org.thymeleaf.standard.processor.StandardDOMEventAttributeTagProcessor
[THYMELEAF]             * [* {th:onmousewheel,data-th-onmousewheel}] [1000]: org.thymeleaf.standard.processor.StandardDOMEventAttributeTagProcessor
[THYMELEAF]             * [* {th:onforminput,data-th-onforminput}] [1000]: org.thymeleaf.standard.processor.StandardDOMEventAttributeTagProcessor
[THYMELEAF]             * [* {th:onplaying,data-th-onplaying}] [1000]: org.thymeleaf.standard.processor.StandardDOMEventAttributeTagProcessor
[THYMELEAF]             * [* {th:onoffline,data-th-onoffline}] [1000]: org.thymeleaf.standard.processor.StandardDOMEventAttributeTagProcessor
[THYMELEAF]             * [* {th:onredo,data-th-onredo}] [1000]: org.thymeleaf.standard.processor.StandardDOMEventAttributeTagProcessor
[THYMELEAF]             * [* {th:onpopstate,data-th-onpopstate}] [1000]: org.thymeleaf.standard.processor.StandardDOMEventAttributeTagProcessor
[THYMELEAF]             * [* {th:onreadystatechange,data-th-onreadystatechange}] [1000]: org.thymeleaf.standard.processor.StandardDOMEventAttributeTagProcessor
[THYMELEAF]             * [* {th:onpause,data-th-onpause}] [1000]: org.thymeleaf.standard.processor.StandardDOMEventAttributeTagProcessor
[THYMELEAF]             * [* {th:ondragstart,data-th-ondragstart}] [1000]: org.thymeleaf.standard.processor.StandardDOMEventAttributeTagProcessor
[THYMELEAF]             * [* {th:onratechange,data-th-onratechange}] [1000]: org.thymeleaf.standard.processor.StandardDOMEventAttributeTagProcessor
[THYMELEAF]             * [* {th:ononline,data-th-ononline}] [1000]: org.thymeleaf.standard.processor.StandardDOMEventAttributeTagProcessor
[THYMELEAF]             * [* {th:oninput,data-th-oninput}] [1000]: org.thymeleaf.standard.processor.StandardDOMEventAttributeTagProcessor
[THYMELEAF]             * [* {th:oncontextmenu,data-th-oncontextmenu}] [1000]: org.thymeleaf.standard.processor.StandardDOMEventAttributeTagProcessor
[THYMELEAF]             * [* {th:ondragenter,data-th-ondragenter}] [1000]: org.thymeleaf.standard.processor.StandardDOMEventAttributeTagProcessor
[THYMELEAF]             * [* {th:onmousemove,data-th-onmousemove}] [1000]: org.thymeleaf.standard.processor.StandardDOMEventAttributeTagProcessor
[THYMELEAF]             * [* {th:ondragend,data-th-ondragend}] [1000]: org.thymeleaf.standard.processor.StandardDOMEventAttributeTagProcessor
[THYMELEAF]             * [* {th:ondragover,data-th-ondragover}] [1000]: org.thymeleaf.standard.processor.StandardDOMEventAttributeTagProcessor
[THYMELEAF]             * [* {th:ondrag,data-th-ondrag}] [1000]: org.thymeleaf.standard.processor.StandardDOMEventAttributeTagProcessor
[THYMELEAF]             * [* {th:oninvalid,data-th-oninvalid}] [1000]: org.thymeleaf.standard.processor.StandardDOMEventAttributeTagProcessor
[THYMELEAF]             * [* {th:onkeypress,data-th-onkeypress}] [1000]: org.thymeleaf.standard.processor.StandardDOMEventAttributeTagProcessor
[THYMELEAF]             * [* {th:onscroll,data-th-onscroll}] [1000]: org.thymeleaf.standard.processor.StandardDOMEventAttributeTagProcessor
[THYMELEAF]             * [* {th:ondblclick,data-th-ondblclick}] [1000]: org.thymeleaf.standard.processor.StandardDOMEventAttributeTagProcessor
[THYMELEAF]             * [* {th:onload,data-th-onload}] [1000]: org.thymeleaf.standard.processor.StandardDOMEventAttributeTagProcessor
[THYMELEAF]             * [* {th:onseeked,data-th-onseeked}] [1000]: org.thymeleaf.standard.processor.StandardDOMEventAttributeTagProcessor
[THYMELEAF]             * [* {th:onundo,data-th-onundo}] [1000]: org.thymeleaf.standard.processor.StandardDOMEventAttributeTagProcessor
[THYMELEAF]             * [* {th:onstorage,data-th-onstorage}] [1000]: org.thymeleaf.standard.processor.StandardDOMEventAttributeTagProcessor
[THYMELEAF]             * [* {th:onmouseover,data-th-onmouseover}] [1000]: org.thymeleaf.standard.processor.StandardDOMEventAttributeTagProcessor
[THYMELEAF]             * [* {th:onsuspend,data-th-onsuspend}] [1000]: org.thymeleaf.standard.processor.StandardDOMEventAttributeTagProcessor
[THYMELEAF]             * [* {th:onsubmit,data-th-onsubmit}] [1000]: org.thymeleaf.standard.processor.StandardDOMEventAttributeTagProcessor
[THYMELEAF]             * [* {th:onerror,data-th-onerror}] [1000]: org.thymeleaf.standard.processor.StandardDOMEventAttributeTagProcessor
[THYMELEAF]             * [* {th:onkeydown,data-th-onkeydown}] [1000]: org.thymeleaf.standard.processor.StandardDOMEventAttributeTagProcessor
[THYMELEAF]             * [* {th:onhashchange,data-th-onhashchange}] [1000]: org.thymeleaf.standard.processor.StandardDOMEventAttributeTagProcessor
[THYMELEAF]             * [* {th:onselect,data-th-onselect}] [1000]: org.thymeleaf.standard.processor.StandardDOMEventAttributeTagProcessor
[THYMELEAF]             * [* {th:ondragleave,data-th-ondragleave}] [1000]: org.thymeleaf.standard.processor.StandardDOMEventAttributeTagProcessor
[THYMELEAF]             * [* {th:onseeking,data-th-onseeking}] [1000]: org.thymeleaf.standard.processor.StandardDOMEventAttributeTagProcessor
[THYMELEAF]             * [* {th:onbeforeprint,data-th-onbeforeprint}] [1000]: org.thymeleaf.standard.processor.StandardDOMEventAttributeTagProcessor
[THYMELEAF]             * [* {th:onvolumechange,data-th-onvolumechange}] [1000]: org.thymeleaf.standard.processor.StandardDOMEventAttributeTagProcessor
[THYMELEAF]             * [* {th:onchange,data-th-onchange}] [1000]: org.thymeleaf.standard.processor.StandardDOMEventAttributeTagProcessor
[THYMELEAF]             * [* {th:onloadedmetadata,data-th-onloadedmetadata}] [1000]: org.thymeleaf.standard.processor.StandardDOMEventAttributeTagProcessor
[THYMELEAF]             * [* {th:onmouseout,data-th-onmouseout}] [1000]: org.thymeleaf.standard.processor.StandardDOMEventAttributeTagProcessor
[THYMELEAF]             * [* {th:onabort,data-th-onabort}] [1000]: org.thymeleaf.standard.processor.StandardDOMEventAttributeTagProcessor
[THYMELEAF]             * [* {th:onprogress,data-th-onprogress}] [1000]: org.thymeleaf.standard.processor.StandardDOMEventAttributeTagProcessor
[THYMELEAF]             * [* {th:onloadeddata,data-th-onloadeddata}] [1000]: org.thymeleaf.standard.processor.StandardDOMEventAttributeTagProcessor
[THYMELEAF]             * [* {th:onclick,data-th-onclick}] [1000]: org.thymeleaf.standard.processor.StandardDOMEventAttributeTagProcessor
[THYMELEAF]             * [* {th:onemptied,data-th-onemptied}] [1000]: org.thymeleaf.standard.processor.StandardDOMEventAttributeTagProcessor
[THYMELEAF]             * [* {th:ondurationchange,data-th-ondurationchange}] [1000]: org.thymeleaf.standard.processor.StandardDOMEventAttributeTagProcessor
[THYMELEAF]             * [* {th:onblur,data-th-onblur}] [1000]: org.thymeleaf.standard.processor.StandardDOMEventAttributeTagProcessor
[THYMELEAF]             * [* {th:onwaiting,data-th-onwaiting}] [1000]: org.thymeleaf.standard.processor.StandardDOMEventAttributeTagProcessor
[THYMELEAF]             * [* {th:onfocus,data-th-onfocus}] [1000]: org.thymeleaf.standard.processor.StandardDOMEventAttributeTagProcessor
[THYMELEAF]             * [* {th:onshow,data-th-onshow}] [1000]: org.thymeleaf.standard.processor.StandardDOMEventAttributeTagProcessor
[THYMELEAF]             * [* {th:onafterprint,data-th-onafterprint}] [1000]: org.thymeleaf.standard.processor.StandardDOMEventAttributeTagProcessor
[THYMELEAF]             * [* {th:onreset,data-th-onreset}] [1000]: org.thymeleaf.standard.processor.StandardDOMEventAttributeTagProcessor
[THYMELEAF]             * [* {th:onresize,data-th-onresize}] [1000]: org.thymeleaf.standard.processor.StandardDOMEventAttributeTagProcessor
[THYMELEAF]             * [* {th:oncanplaythrough,data-th-oncanplaythrough}] [1000]: org.thymeleaf.standard.processor.StandardDOMEventAttributeTagProcessor
[THYMELEAF]             * [* {th:onstalled,data-th-onstalled}] [1000]: org.thymeleaf.standard.processor.StandardDOMEventAttributeTagProcessor
[THYMELEAF]             * [* {th:onended,data-th-onended}] [1000]: org.thymeleaf.standard.processor.StandardDOMEventAttributeTagProcessor
[THYMELEAF]             * [* {th:onbeforeunload,data-th-onbeforeunload}] [1000]: org.thymeleaf.standard.processor.StandardDOMEventAttributeTagProcessor
[THYMELEAF]             * [* {th:oncanplay,data-th-oncanplay}] [1000]: org.thymeleaf.standard.processor.StandardDOMEventAttributeTagProcessor
[THYMELEAF]             * [* {th:onunload,data-th-onunload}] [1000]: org.thymeleaf.standard.processor.StandardDOMEventAttributeTagProcessor
[THYMELEAF]             * [* {th:onmouseup,data-th-onmouseup}] [1000]: org.thymeleaf.standard.processor.StandardDOMEventAttributeTagProcessor
[THYMELEAF]             * [* {th:onplay,data-th-onplay}] [1000]: org.thymeleaf.standard.processor.StandardDOMEventAttributeTagProcessor
[THYMELEAF]             * [* {th:onformchange,data-th-onformchange}] [1000]: org.thymeleaf.standard.processor.StandardDOMEventAttributeTagProcessor
[THYMELEAF]             * [* {th:ontimeupdate,data-th-ontimeupdate}] [1000]: org.thymeleaf.standard.processor.StandardDOMEventAttributeTagProcessor
[THYMELEAF]             * [* {th:onloadstart,data-th-onloadstart}] [1000]: org.thymeleaf.standard.processor.StandardDOMEventAttributeTagProcessor
[THYMELEAF]             * [* {th:onkeyup,data-th-onkeyup}] [1000]: org.thymeleaf.standard.processor.StandardDOMEventAttributeTagProcessor
[THYMELEAF]             * [* {th:href,data-th-href}] [1000]: org.thymeleaf.standard.processor.StandardHrefTagProcessor
[THYMELEAF]             * [* {th:inline,data-th-inline}] [1000]: org.thymeleaf.standard.processor.StandardInlineHTMLTagProcessor
[THYMELEAF]             * [* {th:method,data-th-method}] [1000]: org.thymeleaf.standard.processor.StandardMethodTagProcessor
[THYMELEAF]             * [* {th:name,data-th-name}] [1000]: org.thymeleaf.standard.processor.StandardNonRemovableAttributeTagProcessor
[THYMELEAF]             * [* {th:type,data-th-type}] [1000]: org.thymeleaf.standard.processor.StandardNonRemovableAttributeTagProcessor
[THYMELEAF]             * [* {th:step,data-th-step}] [1000]: org.thymeleaf.standard.processor.StandardRemovableAttributeTagProcessor
[THYMELEAF]             * [* {th:accept-charset,data-th-accept-charset}] [1000]: org.thymeleaf.standard.processor.StandardRemovableAttributeTagProcessor
[THYMELEAF]             * [* {th:marginheight,data-th-marginheight}] [1000]: org.thymeleaf.standard.processor.StandardRemovableAttributeTagProcessor
[THYMELEAF]             * [* {th:pattern,data-th-pattern}] [1000]: org.thymeleaf.standard.processor.StandardRemovableAttributeTagProcessor
[THYMELEAF]             * [* {th:headers,data-th-headers}] [1000]: org.thymeleaf.standard.processor.StandardRemovableAttributeTagProcessor
[THYMELEAF]             * [* {th:frameborder,data-th-frameborder}] [1000]: org.thymeleaf.standard.processor.StandardRemovableAttributeTagProcessor
[THYMELEAF]             * [* {th:contenteditable,data-th-contenteditable}] [1000]: org.thymeleaf.standard.processor.StandardRemovableAttributeTagProcessor
[THYMELEAF]             * [* {th:maxlength,data-th-maxlength}] [1000]: org.thymeleaf.standard.processor.StandardRemovableAttributeTagProcessor
[THYMELEAF]             * [* {th:http-equiv,data-th-http-equiv}] [1000]: org.thymeleaf.standard.processor.StandardRemovableAttributeTagProcessor
[THYMELEAF]             * [* {th:datetime,data-th-datetime}] [1000]: org.thymeleaf.standard.processor.StandardRemovableAttributeTagProcessor
[THYMELEAF]             * [* {th:cellspacing,data-th-cellspacing}] [1000]: org.thymeleaf.standard.processor.StandardRemovableAttributeTagProcessor
[THYMELEAF]             * [* {th:label,data-th-label}] [1000]: org.thymeleaf.standard.processor.StandardRemovableAttributeTagProcessor
[THYMELEAF]             * [* {th:style,data-th-style}] [1000]: org.thymeleaf.standard.processor.StandardRemovableAttributeTagProcessor
[THYMELEAF]             * [* {th:cite,data-th-cite}] [1000]: org.thymeleaf.standard.processor.StandardRemovableAttributeTagProcessor
[THYMELEAF]             * [* {th:sandbox,data-th-sandbox}] [1000]: org.thymeleaf.standard.processor.StandardRemovableAttributeTagProcessor
[THYMELEAF]             * [* {th:poster,data-th-poster}] [1000]: org.thymeleaf.standard.processor.StandardRemovableAttributeTagProcessor
[THYMELEAF]             * [* {th:wrap,data-th-wrap}] [1000]: org.thymeleaf.standard.processor.StandardRemovableAttributeTagProcessor
[THYMELEAF]             * [* {th:frame,data-th-frame}] [1000]: org.thymeleaf.standard.processor.StandardRemovableAttributeTagProcessor
[THYMELEAF]             * [* {th:sizes,data-th-sizes}] [1000]: org.thymeleaf.standard.processor.StandardRemovableAttributeTagProcessor
[THYMELEAF]             * [* {th:challenge,data-th-challenge}] [1000]: org.thymeleaf.standard.processor.StandardRemovableAttributeTagProcessor
[THYMELEAF]             * [* {th:spellcheck,data-th-spellcheck}] [1000]: org.thymeleaf.standard.processor.StandardRemovableAttributeTagProcessor
[THYMELEAF]             * [* {th:icon,data-th-icon}] [1000]: org.thymeleaf.standard.processor.StandardRemovableAttributeTagProcessor
[THYMELEAF]             * [* {th:align,data-th-align}] [1000]: org.thymeleaf.standard.processor.StandardRemovableAttributeTagProcessor
[THYMELEAF]             * [* {th:cellpadding,data-th-cellpadding}] [1000]: org.thymeleaf.standard.processor.StandardRemovableAttributeTagProcessor
[THYMELEAF]             * [* {th:media,data-th-media}] [1000]: org.thymeleaf.standard.processor.StandardRemovableAttributeTagProcessor
[THYMELEAF]             * [* {th:title,data-th-title}] [1000]: org.thymeleaf.standard.processor.StandardRemovableAttributeTagProcessor
[THYMELEAF]             * [* {th:hreflang,data-th-hreflang}] [1000]: org.thymeleaf.standard.processor.StandardRemovableAttributeTagProcessor
[THYMELEAF]             * [* {th:form,data-th-form}] [1000]: org.thymeleaf.standard.processor.StandardRemovableAttributeTagProcessor
[THYMELEAF]             * [* {th:target,data-th-target}] [1000]: org.thymeleaf.standard.processor.StandardRemovableAttributeTagProcessor
[THYMELEAF]             * [* {th:low,data-th-low}] [1000]: org.thymeleaf.standard.processor.StandardRemovableAttributeTagProcessor
[THYMELEAF]             * [* {th:rev,data-th-rev}] [1000]: org.thymeleaf.standard.processor.StandardRemovableAttributeTagProcessor
[THYMELEAF]             * [* {th:high,data-th-high}] [1000]: org.thymeleaf.standard.processor.StandardRemovableAttributeTagProcessor
[THYMELEAF]             * [* {th:cols,data-th-cols}] [1000]: org.thymeleaf.standard.processor.StandardRemovableAttributeTagProcessor
[THYMELEAF]             * [* {th:keytype,data-th-keytype}] [1000]: org.thymeleaf.standard.processor.StandardRemovableAttributeTagProcessor
[THYMELEAF]             * [* {th:kind,data-th-kind}] [1000]: org.thymeleaf.standard.processor.StandardRemovableAttributeTagProcessor
[THYMELEAF]             * [* {th:width,data-th-width}] [1000]: org.thymeleaf.standard.processor.StandardRemovableAttributeTagProcessor
[THYMELEAF]             * [* {th:vspace,data-th-vspace}] [1000]: org.thymeleaf.standard.processor.StandardRemovableAttributeTagProcessor
[THYMELEAF]             * [* {th:rows,data-th-rows}] [1000]: org.thymeleaf.standard.processor.StandardRemovableAttributeTagProcessor
[THYMELEAF]             * [* {th:valuetype,data-th-valuetype}] [1000]: org.thymeleaf.standard.processor.StandardRemovableAttributeTagProcessor
[THYMELEAF]             * [* {th:usemap,data-th-usemap}] [1000]: org.thymeleaf.standard.processor.StandardRemovableAttributeTagProcessor
[THYMELEAF]             * [* {th:scheme,data-th-scheme}] [1000]: org.thymeleaf.standard.processor.StandardRemovableAttributeTagProcessor
[THYMELEAF]             * [* {th:min,data-th-min}] [1000]: org.thymeleaf.standard.processor.StandardRemovableAttributeTagProcessor
[THYMELEAF]             * [* {th:rel,data-th-rel}] [1000]: org.thymeleaf.standard.processor.StandardRemovableAttributeTagProcessor
[THYMELEAF]             * [* {th:height,data-th-height}] [1000]: org.thymeleaf.standard.processor.StandardRemovableAttributeTagProcessor
[THYMELEAF]             * [* {th:start,data-th-start}] [1000]: org.thymeleaf.standard.processor.StandardRemovableAttributeTagProcessor
[THYMELEAF]             * [* {th:archive,data-th-archive}] [1000]: org.thymeleaf.standard.processor.StandardRemovableAttributeTagProcessor
[THYMELEAF]             * [* {th:dropzone,data-th-dropzone}] [1000]: org.thymeleaf.standard.processor.StandardRemovableAttributeTagProcessor
[THYMELEAF]             * [* {th:marginwidth,data-th-marginwidth}] [1000]: org.thymeleaf.standard.processor.StandardRemovableAttributeTagProcessor
[THYMELEAF]             * [* {th:size,data-th-size}] [1000]: org.thymeleaf.standard.processor.StandardRemovableAttributeTagProcessor
[THYMELEAF]             * [* {th:compact,data-th-compact}] [1000]: org.thymeleaf.standard.processor.StandardRemovableAttributeTagProcessor
[THYMELEAF]             * [* {th:data,data-th-data}] [1000]: org.thymeleaf.standard.processor.StandardRemovableAttributeTagProcessor
[THYMELEAF]             * [* {th:alt,data-th-alt}] [1000]: org.thymeleaf.standard.processor.StandardRemovableAttributeTagProcessor
[THYMELEAF]             * [* {th:scrolling,data-th-scrolling}] [1000]: org.thymeleaf.standard.processor.StandardRemovableAttributeTagProcessor
[THYMELEAF]             * [* {th:radiogroup,data-th-radiogroup}] [1000]: org.thymeleaf.standard.processor.StandardRemovableAttributeTagProcessor
[THYMELEAF]             * [* {th:longdesc,data-th-longdesc}] [1000]: org.thymeleaf.standard.processor.StandardRemovableAttributeTagProcessor
[THYMELEAF]             * [* {th:autocomplete,data-th-autocomplete}] [1000]: org.thymeleaf.standard.processor.StandardRemovableAttributeTagProcessor
[THYMELEAF]             * [* {th:placeholder,data-th-placeholder}] [1000]: org.thymeleaf.standard.processor.StandardRemovableAttributeTagProcessor
[THYMELEAF]             * [* {th:enctype,data-th-enctype}] [1000]: org.thymeleaf.standard.processor.StandardRemovableAttributeTagProcessor
[THYMELEAF]             * [* {th:tabindex,data-th-tabindex}] [1000]: org.thymeleaf.standard.processor.StandardRemovableAttributeTagProcessor
[THYMELEAF]             * [* {th:hspace,data-th-hspace}] [1000]: org.thymeleaf.standard.processor.StandardRemovableAttributeTagProcessor
[THYMELEAF]             * [* {th:classid,data-th-classid}] [1000]: org.thymeleaf.standard.processor.StandardRemovableAttributeTagProcessor
[THYMELEAF]             * [* {th:class,data-th-class}] [1000]: org.thymeleaf.standard.processor.StandardRemovableAttributeTagProcessor
[THYMELEAF]             * [* {th:rowspan,data-th-rowspan}] [1000]: org.thymeleaf.standard.processor.StandardRemovableAttributeTagProcessor
[THYMELEAF]             * [* {th:rules,data-th-rules}] [1000]: org.thymeleaf.standard.processor.StandardRemovableAttributeTagProcessor
[THYMELEAF]             * [* {th:optimum,data-th-optimum}] [1000]: org.thymeleaf.standard.processor.StandardRemovableAttributeTagProcessor
[THYMELEAF]             * [* {th:formmethod,data-th-formmethod}] [1000]: org.thymeleaf.standard.processor.StandardRemovableAttributeTagProcessor
[THYMELEAF]             * [* {th:srclang,data-th-srclang}] [1000]: org.thymeleaf.standard.processor.StandardRemovableAttributeTagProcessor
[THYMELEAF]             * [* {th:list,data-th-list}] [1000]: org.thymeleaf.standard.processor.StandardRemovableAttributeTagProcessor
[THYMELEAF]             * [* {th:formenctype,data-th-formenctype}] [1000]: org.thymeleaf.standard.processor.StandardRemovableAttributeTagProcessor
[THYMELEAF]             * [* {th:bgcolor,data-th-bgcolor}] [1000]: org.thymeleaf.standard.processor.StandardRemovableAttributeTagProcessor
[THYMELEAF]             * [* {th:id,data-th-id}] [1000]: org.thymeleaf.standard.processor.StandardRemovableAttributeTagProcessor
[THYMELEAF]             * [* {th:background,data-th-background}] [1000]: org.thymeleaf.standard.processor.StandardRemovableAttributeTagProcessor
[THYMELEAF]             * [* {th:formtarget,data-th-formtarget}] [1000]: org.thymeleaf.standard.processor.StandardRemovableAttributeTagProcessor
[THYMELEAF]             * [* {th:for,data-th-for}] [1000]: org.thymeleaf.standard.processor.StandardRemovableAttributeTagProcessor
[THYMELEAF]             * [* {th:max,data-th-max}] [1000]: org.thymeleaf.standard.processor.StandardRemovableAttributeTagProcessor
[THYMELEAF]             * [* {th:preload,data-th-preload}] [1000]: org.thymeleaf.standard.processor.StandardRemovableAttributeTagProcessor
[THYMELEAF]             * [* {th:audio,data-th-audio}] [1000]: org.thymeleaf.standard.processor.StandardRemovableAttributeTagProcessor
[THYMELEAF]             * [* {th:content,data-th-content}] [1000]: org.thymeleaf.standard.processor.StandardRemovableAttributeTagProcessor
[THYMELEAF]             * [* {th:draggable,data-th-draggable}] [1000]: org.thymeleaf.standard.processor.StandardRemovableAttributeTagProcessor
[THYMELEAF]             * [* {th:border,data-th-border}] [1000]: org.thymeleaf.standard.processor.StandardRemovableAttributeTagProcessor
[THYMELEAF]             * [* {th:codetype,data-th-codetype}] [1000]: org.thymeleaf.standard.processor.StandardRemovableAttributeTagProcessor
[THYMELEAF]             * [* {th:standby,data-th-standby}] [1000]: org.thymeleaf.standard.processor.StandardRemovableAttributeTagProcessor
[THYMELEAF]             * [* {th:axis,data-th-axis}] [1000]: org.thymeleaf.standard.processor.StandardRemovableAttributeTagProcessor
[THYMELEAF]             * [* {th:colspan,data-th-colspan}] [1000]: org.thymeleaf.standard.processor.StandardRemovableAttributeTagProcessor
[THYMELEAF]             * [* {th:scope,data-th-scope}] [1000]: org.thymeleaf.standard.processor.StandardRemovableAttributeTagProcessor
[THYMELEAF]             * [* {th:formaction,data-th-formaction}] [1000]: org.thymeleaf.standard.processor.StandardRemovableAttributeTagProcessor
[THYMELEAF]             * [* {th:codebase,data-th-codebase}] [1000]: org.thymeleaf.standard.processor.StandardRemovableAttributeTagProcessor
[THYMELEAF]             * [* {th:span,data-th-span}] [1000]: org.thymeleaf.standard.processor.StandardRemovableAttributeTagProcessor
[THYMELEAF]             * [* {th:abbr,data-th-abbr}] [1000]: org.thymeleaf.standard.processor.StandardRemovableAttributeTagProcessor
[THYMELEAF]             * [* {th:summary,data-th-summary}] [1000]: org.thymeleaf.standard.processor.StandardRemovableAttributeTagProcessor
[THYMELEAF]             * [* {th:dir,data-th-dir}] [1000]: org.thymeleaf.standard.processor.StandardRemovableAttributeTagProcessor
[THYMELEAF]             * [* {th:charset,data-th-charset}] [1000]: org.thymeleaf.standard.processor.StandardRemovableAttributeTagProcessor
[THYMELEAF]             * [* {th:lang,data-th-lang}] [1000]: org.thymeleaf.standard.processor.StandardRemovableAttributeTagProcessor
[THYMELEAF]             * [* {th:accept,data-th-accept}] [1000]: org.thymeleaf.standard.processor.StandardRemovableAttributeTagProcessor
[THYMELEAF]             * [* {th:manifest,data-th-manifest}] [1000]: org.thymeleaf.standard.processor.StandardRemovableAttributeTagProcessor
[THYMELEAF]             * [* {th:accesskey,data-th-accesskey}] [1000]: org.thymeleaf.standard.processor.StandardRemovableAttributeTagProcessor
[THYMELEAF]             * [* {th:contextmenu,data-th-contextmenu}] [1000]: org.thymeleaf.standard.processor.StandardRemovableAttributeTagProcessor
[THYMELEAF]             * [* {th:src,data-th-src}] [1000]: org.thymeleaf.standard.processor.StandardSrcTagProcessor
[THYMELEAF]             * [* {th:value,data-th-value}] [1000]: org.thymeleaf.standard.processor.StandardValueTagProcessor
[THYMELEAF]             * [* {th:xmlbase,data-th-xmlbase}] [1000]: org.thymeleaf.standard.processor.StandardXmlBaseTagProcessor
[THYMELEAF]             * [* {th:xmllang,data-th-xmllang}] [1000]: org.thymeleaf.standard.processor.StandardXmlLangTagProcessor
[THYMELEAF]             * [* {xmlns:th}] [1000]: org.thymeleaf.standard.processor.StandardXmlNsTagProcessor
[THYMELEAF]             * [* {th:xmlspace,data-th-xmlspace}] [1000]: org.thymeleaf.standard.processor.StandardXmlSpaceTagProcessor
[THYMELEAF]             * [* {th:classappend,data-th-classappend}] [1100]: org.thymeleaf.standard.processor.StandardClassappendTagProcessor
[THYMELEAF]             * [* {th:styleappend,data-th-styleappend}] [1100]: org.thymeleaf.standard.processor.StandardStyleappendTagProcessor
[THYMELEAF]             * [* {th:text,data-th-text}] [1300]: org.thymeleaf.standard.processor.StandardTextTagProcessor
[THYMELEAF]             * [* {th:utext,data-th-utext}] [1400]: org.thymeleaf.standard.processor.StandardUtextTagProcessor
[THYMELEAF]             * [* {th:fragment,data-th-fragment}] [1500]: org.thymeleaf.standard.processor.StandardFragmentTagProcessor
[THYMELEAF]             * [* {th:assert,data-th-assert}] [1550]: org.thymeleaf.standard.processor.StandardAssertTagProcessor
[THYMELEAF]             * [* {th:remove,data-th-remove}] [1600]: org.thymeleaf.standard.processor.StandardRemoveTagProcessor
[THYMELEAF]             * [* {th:ref,data-th-ref}] [10000]: org.thymeleaf.standard.processor.StandardRefAttributeTagProcessor
[THYMELEAF]             * [{th:block,th-block} *] [100000]: org.thymeleaf.standard.processor.StandardBlockTagProcessor
[THYMELEAF]             * [* th:*] [2147483647]: org.thymeleaf.standard.processor.StandardDefaultAttributesTagProcessor
[THYMELEAF]         * Text Processors by [precedence]:
[THYMELEAF]             * [1000]: org.thymeleaf.standard.processor.StandardInliningTextProcessor
[THYMELEAF]         * DOCTYPE Processors by [precedence]:
[THYMELEAF]             * [1000]: org.thymeleaf.standard.processor.StandardTranslationDocTypeProcessor
[THYMELEAF]         * CDATA Section Processors by [precedence]:
[THYMELEAF]             * [1000]: org.thymeleaf.standard.processor.StandardInliningCDATASectionProcessor
[THYMELEAF]         * Comment Processors by [precedence]:
[THYMELEAF]             * [1000]: org.thymeleaf.standard.processor.StandardInliningCommentProcessor
[THYMELEAF]             * [1100]: org.thymeleaf.standard.processor.StandardConditionalCommentProcessor
[THYMELEAF]     * Processors for Template Mode: XML
[THYMELEAF]         * Element Tag Processors by [matching element and attribute name] [precedence]:
[THYMELEAF]             * [* {th:include}] [100]: org.thymeleaf.standard.processor.StandardIncludeTagProcessor
[THYMELEAF]             * [* {th:insert}] [100]: org.thymeleaf.standard.processor.StandardInsertTagProcessor
[THYMELEAF]             * [* {th:replace}] [100]: org.thymeleaf.standard.processor.StandardReplaceTagProcessor
[THYMELEAF]             * [* {th:substituteby}] [100]: org.thymeleaf.standard.processor.StandardSubstituteByTagProcessor
[THYMELEAF]             * [* {th:each}] [200]: com.intuit.karate.template.KarateEachTagProcessor
[THYMELEAF]             * [* {th:switch}] [250]: org.thymeleaf.standard.processor.StandardSwitchTagProcessor
[THYMELEAF]             * [* {th:case}] [275]: org.thymeleaf.standard.processor.StandardCaseTagProcessor
[THYMELEAF]             * [* {th:if}] [300]: org.thymeleaf.standard.processor.StandardIfTagProcessor
[THYMELEAF]             * [* {th:unless}] [400]: org.thymeleaf.standard.processor.StandardUnlessTagProcessor
[THYMELEAF]             * [* {th:object}] [500]: org.thymeleaf.standard.processor.StandardObjectTagProcessor
[THYMELEAF]             * [* {th:with}] [600]: com.intuit.karate.template.KarateWithTagProcessor
[THYMELEAF]             * [* {th:attr}] [700]: com.intuit.karate.template.KarateAttributeTagProcessor.KarateAttrTagProcessor
[THYMELEAF]             * [* {th:attrappend}] [900]: com.intuit.karate.template.KarateAttributeTagProcessor.KarateAttrappendTagProcessor
[THYMELEAF]             * [* {th:attrprepend}] [900]: com.intuit.karate.template.KarateAttributeTagProcessor.KarateAttrprependTagProcessor
[THYMELEAF]             * [* {th:inline}] [1000]: org.thymeleaf.standard.processor.StandardInlineXMLTagProcessor
[THYMELEAF]             * [* {xmlns:th}] [1000]: org.thymeleaf.standard.processor.StandardXmlNsTagProcessor
[THYMELEAF]             * [* {th:text}] [1300]: org.thymeleaf.standard.processor.StandardTextTagProcessor
[THYMELEAF]             * [* {th:utext}] [1400]: org.thymeleaf.standard.processor.StandardUtextTagProcessor
[THYMELEAF]             * [* {th:fragment}] [1500]: org.thymeleaf.standard.processor.StandardFragmentTagProcessor
[THYMELEAF]             * [* {th:assert}] [1550]: org.thymeleaf.standard.processor.StandardAssertTagProcessor
[THYMELEAF]             * [* {th:remove}] [1600]: org.thymeleaf.standard.processor.StandardRemoveTagProcessor
[THYMELEAF]             * [* {th:ref}] [10000]: org.thymeleaf.standard.processor.StandardRefAttributeTagProcessor
[THYMELEAF]             * [{th:block} *] [100000]: org.thymeleaf.standard.processor.StandardBlockTagProcessor
[THYMELEAF]             * [* th:*] [2147483647]: org.thymeleaf.standard.processor.StandardDefaultAttributesTagProcessor
[THYMELEAF]         * Text Processors by [precedence]:
[THYMELEAF]             * [1000]: org.thymeleaf.standard.processor.StandardInliningTextProcessor
[THYMELEAF]         * CDATA Section Processors by [precedence]:
[THYMELEAF]             * [1000]: org.thymeleaf.standard.processor.StandardInliningCDATASectionProcessor
[THYMELEAF]         * Comment Processors by [precedence]:
[THYMELEAF]             * [1000]: org.thymeleaf.standard.processor.StandardInliningCommentProcessor
[THYMELEAF]     * Processors for Template Mode: TEXT
[THYMELEAF]         * Element Tag Processors by [matching element and attribute name] [precedence]:
[THYMELEAF]             * [* {th:insert}] [100]: org.thymeleaf.standard.processor.StandardInsertTagProcessor
[THYMELEAF]             * [* {th:replace}] [100]: org.thymeleaf.standard.processor.StandardReplaceTagProcessor
[THYMELEAF]             * [* {th:each}] [200]: com.intuit.karate.template.KarateEachTagProcessor
[THYMELEAF]             * [* {th:switch}] [250]: org.thymeleaf.standard.processor.StandardSwitchTagProcessor
[THYMELEAF]             * [* {th:case}] [275]: org.thymeleaf.standard.processor.StandardCaseTagProcessor
[THYMELEAF]             * [* {th:if}] [300]: org.thymeleaf.standard.processor.StandardIfTagProcessor
[THYMELEAF]             * [* {th:unless}] [400]: org.thymeleaf.standard.processor.StandardUnlessTagProcessor
[THYMELEAF]             * [* {th:object}] [500]: org.thymeleaf.standard.processor.StandardObjectTagProcessor
[THYMELEAF]             * [* {th:with}] [600]: com.intuit.karate.template.KarateWithTagProcessor
[THYMELEAF]             * [* {th:inline}] [1000]: org.thymeleaf.standard.processor.StandardInlineTextualTagProcessor
[THYMELEAF]             * [* {th:text}] [1300]: org.thymeleaf.standard.processor.StandardTextTagProcessor
[THYMELEAF]             * [* {th:utext}] [1400]: org.thymeleaf.standard.processor.StandardUtextTagProcessor
[THYMELEAF]             * [* {th:assert}] [1550]: org.thymeleaf.standard.processor.StandardAssertTagProcessor
[THYMELEAF]             * [* {th:remove}] [1600]: org.thymeleaf.standard.processor.StandardRemoveTagProcessor
[THYMELEAF]             * [{th:block} *] [100000]: org.thymeleaf.standard.processor.StandardBlockTagProcessor
[THYMELEAF]             * [* 100000] [org.thymeleaf.standard.processor.StandardBlockTagProcessor]: {}
[THYMELEAF]         * Text Processors by [precedence]:
[THYMELEAF]             * [1000]: org.thymeleaf.standard.processor.StandardInliningTextProcessor
[THYMELEAF]     * Processors for Template Mode: JAVASCRIPT
[THYMELEAF]         * Element Tag Processors by [matching element and attribute name] [precedence]:
[THYMELEAF]             * [* {th:insert}] [100]: org.thymeleaf.standard.processor.StandardInsertTagProcessor
[THYMELEAF]             * [* {th:replace}] [100]: org.thymeleaf.standard.processor.StandardReplaceTagProcessor
[THYMELEAF]             * [* {th:each}] [200]: com.intuit.karate.template.KarateEachTagProcessor
[THYMELEAF]             * [* {th:switch}] [250]: org.thymeleaf.standard.processor.StandardSwitchTagProcessor
[THYMELEAF]             * [* {th:case}] [275]: org.thymeleaf.standard.processor.StandardCaseTagProcessor
[THYMELEAF]             * [* {th:if}] [300]: org.thymeleaf.standard.processor.StandardIfTagProcessor
[THYMELEAF]             * [* {th:unless}] [400]: org.thymeleaf.standard.processor.StandardUnlessTagProcessor
[THYMELEAF]             * [* {th:object}] [500]: org.thymeleaf.standard.processor.StandardObjectTagProcessor
[THYMELEAF]             * [* {th:with}] [600]: com.intuit.karate.template.KarateWithTagProcessor
[THYMELEAF]             * [* {th:inline}] [1000]: org.thymeleaf.standard.processor.StandardInlineTextualTagProcessor
[THYMELEAF]             * [* {th:text}] [1300]: org.thymeleaf.standard.processor.StandardTextTagProcessor
[THYMELEAF]             * [* {th:utext}] [1400]: org.thymeleaf.standard.processor.StandardUtextTagProcessor
[THYMELEAF]             * [* {th:assert}] [1550]: org.thymeleaf.standard.processor.StandardAssertTagProcessor
[THYMELEAF]             * [* {th:remove}] [1600]: org.thymeleaf.standard.processor.StandardRemoveTagProcessor
[THYMELEAF]             * [{th:block} *] [100000]: org.thymeleaf.standard.processor.StandardBlockTagProcessor
[THYMELEAF]             * [* 100000] [org.thymeleaf.standard.processor.StandardBlockTagProcessor]: {}
[THYMELEAF]         * Text Processors by [precedence]:
[THYMELEAF]             * [1000]: org.thymeleaf.standard.processor.StandardInliningTextProcessor
[THYMELEAF]     * Processors for Template Mode: CSS
[THYMELEAF]         * Element Tag Processors by [matching element and attribute name] [precedence]:
[THYMELEAF]             * [* {th:insert}] [100]: org.thymeleaf.standard.processor.StandardInsertTagProcessor
[THYMELEAF]             * [* {th:replace}] [100]: org.thymeleaf.standard.processor.StandardReplaceTagProcessor
[THYMELEAF]             * [* {th:each}] [200]: com.intuit.karate.template.KarateEachTagProcessor
[THYMELEAF]             * [* {th:switch}] [250]: org.thymeleaf.standard.processor.StandardSwitchTagProcessor
[THYMELEAF]             * [* {th:case}] [275]: org.thymeleaf.standard.processor.StandardCaseTagProcessor
[THYMELEAF]             * [* {th:if}] [300]: org.thymeleaf.standard.processor.StandardIfTagProcessor
[THYMELEAF]             * [* {th:unless}] [400]: org.thymeleaf.standard.processor.StandardUnlessTagProcessor
[THYMELEAF]             * [* {th:object}] [500]: org.thymeleaf.standard.processor.StandardObjectTagProcessor
[THYMELEAF]             * [* {th:with}] [600]: com.intuit.karate.template.KarateWithTagProcessor
[THYMELEAF]             * [* {th:inline}] [1000]: org.thymeleaf.standard.processor.StandardInlineTextualTagProcessor
[THYMELEAF]             * [* {th:text}] [1300]: org.thymeleaf.standard.processor.StandardTextTagProcessor
[THYMELEAF]             * [* {th:utext}] [1400]: org.thymeleaf.standard.processor.StandardUtextTagProcessor
[THYMELEAF]             * [* {th:assert}] [1550]: org.thymeleaf.standard.processor.StandardAssertTagProcessor
[THYMELEAF]             * [* {th:remove}] [1600]: org.thymeleaf.standard.processor.StandardRemoveTagProcessor
[THYMELEAF]             * [* 100000] [org.thymeleaf.standard.processor.StandardBlockTagProcessor]: {}
[THYMELEAF]             * [{th:block} *] [100000]: org.thymeleaf.standard.processor.StandardBlockTagProcessor
[THYMELEAF]         * Text Processors by [precedence]:
[THYMELEAF]             * [1000]: org.thymeleaf.standard.processor.StandardInliningTextProcessor
[THYMELEAF]     * Expression Objects:
[THYMELEAF]         * #ctx
[THYMELEAF]         * #root
[THYMELEAF]         * #vars
[THYMELEAF]         * #object
[THYMELEAF]         * #locale
[THYMELEAF]         * #request
[THYMELEAF]         * #response
[THYMELEAF]         * #session
[THYMELEAF]         * #servletContext
[THYMELEAF]         * #conversions
[THYMELEAF]         * #uris
[THYMELEAF]         * #calendars
[THYMELEAF]         * #dates
[THYMELEAF]         * #bools
[THYMELEAF]         * #numbers
[THYMELEAF]         * #objects
[THYMELEAF]         * #strings
[THYMELEAF]         * #arrays
[THYMELEAF]         * #lists
[THYMELEAF]         * #sets
[THYMELEAF]         * #maps
[THYMELEAF]         * #aggregates
[THYMELEAF]         * #messages
[THYMELEAF]         * #ids
[THYMELEAF]         * #execInfo
[THYMELEAF]         * #httpServletRequest
[THYMELEAF]         * #httpSession
[THYMELEAF]     * Execution Attributes:
[THYMELEAF]         * "StandardExpressionParser": com.intuit.karate.template.KarateStandardDialect@733e6df7
[THYMELEAF]         * "StandardJavaScriptSerializer": org.thymeleaf.standard.serializer.StandardJavaScriptSerializer@3a296107
[THYMELEAF]         * "StandardCSSSerializer": org.thymeleaf.standard.serializer.StandardCSSSerializer@1f129467
[THYMELEAF]         * "StandardVariableExpressionEvaluator": com.intuit.karate.template.KarateStandardDialect@733e6df7
[THYMELEAF]         * "StandardConversionService": org.thymeleaf.standard.expression.StandardConversionService@646cd766
[THYMELEAF] * Dialect [2 of 2]: karate (com.intuit.karate.template.KarateScriptDialect)
[THYMELEAF]     * Prefix: "ka"
[THYMELEAF]     * Processors for Template Mode: HTML
[THYMELEAF]         * Element Tag Processors by [matching element and attribute name] [precedence]:
[THYMELEAF]             * [* {src}] [1000]: com.intuit.karate.template.KaScriptAttrProcessor
[THYMELEAF]         * Element Model Processors by [matching element and attribute name] [precedence]:
[THYMELEAF]             * [{script} {ka:scope,data-ka-scope}] [1000]: com.intuit.karate.template.KaScriptElemProcessor
[THYMELEAF]             * [* {ka:set,data-ka-set}] [1000]: com.intuit.karate.template.KaSetElemProcessor
[THYMELEAF] TEMPLATE ENGINE CONFIGURED OK
23:53:29.718 [main] DEBUG org.thymeleaf.TemplateEngine - [THYMELEAF] TEMPLATE ENGINE INITIALIZED
---------------------------------------------------------
feature: classpath:tests/test_current_weather.feature
scenarios:  6 | passed:  6 | failed:  0 | time: 1,7289
---------------------------------------------------------

]]></system-out>
  </testcase>
  <testcase name="[1.1:26] Valid 5-day/3-hour forecast for coordinates 40.4168,-3.7038" classname="tests/test_forecast" time="0.265">
    <system-out><![CDATA[23:53:30.375 [main] DEBUG org.apache.http.client.protocol.RequestAddCookies - CookieSpec selected: karate
23:53:30.375 [main] DEBUG org.apache.http.client.protocol.RequestAuthCache - Auth cache not set in the context
23:53:30.375 [main] DEBUG com.intuit.karate - request:
1 > GET https://api.openweathermap.org/data/2.5/forecast?appid=4b66cf4f354cd07b407c07800dc8c2f9&lon=-3.7038&units=metric&lat=40.4168
1 > Accept: application/json
1 > Host: api.openweathermap.org
1 > Connection: Keep-Alive
1 > User-Agent: Apache-HttpClient/4.5.14 (Java/21.0.7)
1 > Accept-Encoding: gzip,deflate


23:53:30.375 [main] DEBUG org.apache.http.impl.conn.PoolingHttpClientConnectionManager - Connection request: [route: {s}->https://api.openweathermap.org:443][total available: 0; route allocated: 0 of 5; total allocated: 0 of 10]
23:53:30.376 [main] DEBUG org.apache.http.impl.conn.PoolingHttpClientConnectionManager - Connection leased: [id: 6][route: {s}->https://api.openweathermap.org:443][total available: 0; route allocated: 1 of 5; total allocated: 1 of 10]
23:53:30.376 [main] DEBUG org.apache.http.impl.execchain.MainClientExec - Opening connection {s}->https://api.openweathermap.org:443
23:53:30.376 [main] DEBUG org.apache.http.impl.conn.DefaultHttpClientConnectionOperator - Connecting to api.openweathermap.org/176.9.63.49:443
23:53:30.376 [main] DEBUG org.apache.http.conn.ssl.SSLConnectionSocketFactory - Connecting socket to api.openweathermap.org/176.9.63.49:443 with timeout 30000
23:53:30.456 [main] DEBUG org.apache.http.conn.ssl.SSLConnectionSocketFactory - Enabled protocols: [TLSv1.3, TLSv1.2]
23:53:30.456 [main] DEBUG org.apache.http.conn.ssl.SSLConnectionSocketFactory - Enabled cipher suites:[TLS_AES_256_GCM_SHA384, TLS_AES_128_GCM_SHA256, TLS_CHACHA20_POLY1305_SHA256, TLS_ECDHE_ECDSA_WITH_AES_256_GCM_SHA384, TLS_ECDHE_ECDSA_WITH_AES_128_GCM_SHA256, TLS_ECDHE_ECDSA_WITH_CHACHA20_POLY1305_SHA256, TLS_ECDHE_RSA_WITH_AES_256_GCM_SHA384, TLS_ECDHE_RSA_WITH_CHACHA20_POLY1305_SHA256, TLS_ECDHE_RSA_WITH_AES_128_GCM_SHA256, TLS_DHE_RSA_WITH_AES_256_GCM_SHA384, TLS_DHE_RSA_WITH_CHACHA20_POLY1305_SHA256, TLS_DHE_DSS_WITH_AES_256_GCM_SHA384, TLS_DHE_RSA_WITH_AES_128_GCM_SHA256, TLS_DHE_DSS_WITH_AES_128_GCM_SHA256, TLS_ECDHE_ECDSA_WITH_AES_256_CBC_SHA384, TLS_ECDHE_RSA_WITH_AES_256_CBC_SHA384, TLS_ECDHE_ECDSA_WITH_AES_128_CBC_SHA256, TLS_ECDHE_RSA_WITH_AES_128_CBC_SHA256, TLS_DHE_RSA_WITH_AES_256_CBC_SHA256, TLS_DHE_DSS_WITH_AES_256_CBC_SHA256, TLS_DHE_RSA_WITH_AES_128_CBC_SHA256, TLS_DHE_DSS_WITH_AES_128_CBC_SHA256, TLS_ECDHE_ECDSA_WITH_AES_256_CBC_SHA, TLS_ECDHE_RSA_WITH_AES_256_CBC_SHA, TLS_ECDHE_ECDSA_WITH_AES_128_CBC_SHA, TLS_ECDHE_RSA_WITH_AES_128_CBC_SHA, TLS_DHE_RSA_WITH_AES_256_CBC_SHA, TLS_DHE_DSS_WITH_AES_256_CBC_SHA, TLS_DHE_RSA_WITH_AES_128_CBC_SHA, TLS_DHE_DSS_WITH_AES_128_CBC_SHA, TLS_RSA_WITH_AES_256_GCM_SHA384, TLS_RSA_WITH_AES_128_GCM_SHA256, TLS_RSA_WITH_AES_256_CBC_SHA256, TLS_RSA_WITH_AES_128_CBC_SHA256, TLS_RSA_WITH_AES_256_CBC_SHA, TLS_RSA_WITH_AES_128_CBC_SHA, TLS_EMPTY_RENEGOTIATION_INFO_SCSV]
23:53:30.456 [main] DEBUG org.apache.http.conn.ssl.SSLConnectionSocketFactory - Starting handshake
23:53:30.509 [main] DEBUG org.apache.http.conn.ssl.SSLConnectionSocketFactory - Secure session established
23:53:30.509 [main] DEBUG org.apache.http.conn.ssl.SSLConnectionSocketFactory -  negotiated protocol: TLSv1.3
23:53:30.509 [main] DEBUG org.apache.http.conn.ssl.SSLConnectionSocketFactory -  negotiated cipher suite: TLS_AES_256_GCM_SHA384
23:53:30.509 [main] DEBUG org.apache.http.conn.ssl.SSLConnectionSocketFactory -  peer principal: CN=*.openweathermap.org, O=Openweather Ltd., ST=London, C=GB
23:53:30.509 [main] DEBUG org.apache.http.conn.ssl.SSLConnectionSocketFactory -  peer alternative names: [*.openweathermap.org, openweathermap.org]
23:53:30.509 [main] DEBUG org.apache.http.conn.ssl.SSLConnectionSocketFactory -  issuer principal: CN=Sectigo RSA Organization Validation Secure Server CA, O=Sectigo Limited, L=Salford, ST=Greater Manchester, C=GB
23:53:30.510 [main] DEBUG org.apache.http.impl.conn.DefaultHttpClientConnectionOperator - Connection established 192.168.1.135:42348<->176.9.63.49:443
23:53:30.510 [main] DEBUG org.apache.http.impl.conn.DefaultManagedHttpClientConnection - http-outgoing-6: set socket timeout to 30000
23:53:30.510 [main] DEBUG org.apache.http.impl.execchain.MainClientExec - Executing request GET /data/2.5/forecast?appid=4b66cf4f354cd07b407c07800dc8c2f9&lon=-3.7038&units=metric&lat=40.4168 HTTP/1.1
23:53:30.510 [main] DEBUG org.apache.http.impl.execchain.MainClientExec - Target auth state: UNCHALLENGED
23:53:30.510 [main] DEBUG org.apache.http.impl.execchain.MainClientExec - Proxy auth state: UNCHALLENGED
23:53:30.510 [main] DEBUG org.apache.http.headers - http-outgoing-6 >> GET /data/2.5/forecast?appid=4b66cf4f354cd07b407c07800dc8c2f9&lon=-3.7038&units=metric&lat=40.4168 HTTP/1.1
23:53:30.510 [main] DEBUG org.apache.http.headers - http-outgoing-6 >> Accept: application/json
23:53:30.510 [main] DEBUG org.apache.http.headers - http-outgoing-6 >> Host: api.openweathermap.org
23:53:30.510 [main] DEBUG org.apache.http.headers - http-outgoing-6 >> Connection: Keep-Alive
23:53:30.510 [main] DEBUG org.apache.http.headers - http-outgoing-6 >> User-Agent: Apache-HttpClient/4.5.14 (Java/21.0.7)
23:53:30.511 [main] DEBUG org.apache.http.headers - http-outgoing-6 >> Accept-Encoding: gzip,deflate
23:53:30.511 [main] DEBUG org.apache.http.wire - http-outgoing-6 >> "GET /data/2.5/forecast?appid=4b66cf4f354cd07b407c07800dc8c2f9&lon=-3.7038&units=metric&lat=40.4168 HTTP/1.1[\r][\n]"
23:53:30.511 [main] DEBUG org.apache.http.wire - http-outgoing-6 >> "Accept: application/json[\r][\n]"
23:53:30.511 [main] DEBUG org.apache.http.wire - http-outgoing-6 >> "Host: api.openweathermap.org[\r][\n]"
23:53:30.511 [main] DEBUG org.apache.http.wire - http-outgoing-6 >> "Connection: Keep-Alive[\r][\n]"
23:53:30.511 [main] DEBUG org.apache.http.wire - http-outgoing-6 >> "User-Agent: Apache-HttpClient/4.5.14 (Java/21.0.7)[\r][\n]"
23:53:30.511 [main] DEBUG org.apache.http.wire - http-outgoing-6 >> "Accept-Encoding: gzip,deflate[\r][\n]"
23:53:30.511 [main] DEBUG org.apache.http.wire - http-outgoing-6 >> "[\r][\n]"
23:53:30.606 [main] DEBUG org.apache.http.wire - http-outgoing-6 << "HTTP/1.1 200 OK[\r][\n]"
23:53:30.607 [main] DEBUG org.apache.http.wire - http-outgoing-6 << "Server: openresty[\r][\n]"
23:53:30.607 [main] DEBUG org.apache.http.wire - http-outgoing-6 << "Date: Tue, 06 May 2025 21:53:30 GMT[\r][\n]"
23:53:30.607 [main] DEBUG org.apache.http.wire - http-outgoing-6 << "Content-Type: application/json; charset=utf-8[\r][\n]"
23:53:30.607 [main] DEBUG org.apache.http.wire - http-outgoing-6 << "Content-Length: 15959[\r][\n]"
23:53:30.607 [main] DEBUG org.apache.http.wire - http-outgoing-6 << "Connection: keep-alive[\r][\n]"
23:53:30.607 [main] DEBUG org.apache.http.wire - http-outgoing-6 << "X-Cache-Key: /data/2.5/forecast?lat=40.42&lon=-3.7&units=metric[\r][\n]"
23:53:30.607 [main] DEBUG org.apache.http.wire - http-outgoing-6 << "Access-Control-Allow-Origin: *[\r][\n]"
23:53:30.607 [main] DEBUG org.apache.http.wire - http-outgoing-6 << "Access-Control-Allow-Credentials: true[\r][\n]"
23:53:30.607 [main] DEBUG org.apache.http.wire - http-outgoing-6 << "Access-Control-Allow-Methods: GET, POST[\r][\n]"
23:53:30.607 [main] DEBUG org.apache.http.wire - http-outgoing-6 << "[\r][\n]"
23:53:30.609 [main] DEBUG org.apache.http.wire - http-outgoing-6 << "{"cod":"200","message":0,"cnt":40,"list":[{"dt":1746576000,"main":{"temp":11.49,"feels_like":10.13,"temp_min":10.24,"temp_max":11.49,"pressure":1014,"sea_level":1014,"grnd_level":940,"humidity":55,"temp_kf":1.25},"weather":[{"id":802,"main":"Clouds","description":"scattered clouds","icon":"03n"}],"clouds":{"all":43},"wind":{"speed":5.59,"deg":38,"gust":9.42},"visibility":10000,"pop":0,"sys":{"pod":"n"},"dt_txt":"2025-05-07 00:00:00"},{"dt":1746586800,"main":{"temp":10.1,"feels_like":8.55,"temp_min":9.09,"temp_max":10.1,"pressure":1014,"sea_level":1014,"grnd_level":939,"humidity":53,"temp_kf":1.01},"weather":[{"id":801,"main":"Clouds","description":"few clouds","icon":"02n"}],"clouds":{"all":20},"wind":{"speed":5.1,"deg":45,"gust":9.13},"visibility":10000,"pop":0,"sys":{"pod":"n"},"dt_txt":"2025-05-07 03:00:00"},{"dt":1746597600,"main":{"temp":9.16,"feels_like":6.66,"temp_min":9.16,"temp_max":9.16,"pressure":1015,"sea_level":1015,"grnd_level":939,"humidity":51,"temp_kf":0},"weather":[{"id":801,"main":"Clouds","description":"few clouds","icon":"02d"}],"clouds":{"all":21},"wind":{"speed":4.7,"deg":41,"gust":8.23},"visibility":10000,"pop":0,"sys":{"pod":"d"},"dt_txt":"2025-05-07 06:00:00"},{"dt":1746608400,"main":{"temp":13.57,"feels_like":12.08,"temp_min":13.57,"temp_max":13.57,"pressure":1014,"sea_level":1014,"grnd_level":940,"humidity":42,"temp_kf":0},"weather":[{"id":801,"main":"Clouds","description":"few clouds","icon":"02d"}],"clouds":{"all":17},"wind":{"speed":3.75,"deg":59,"gust":3.74},"visibility":10000,"pop":0,"sys":{"pod":"d"},"dt_txt":"2025-05-07 09:00:00"},{"dt":1746619200,"main":{"temp":12.15,"feels_like":10.47,"temp_min":12.15,"temp_max":12.15,"pressure":1013,"sea_level":1013,"grnd_level":939,"humidity":40,"temp_kf":0},"weather":[{"id":802,"main":"Clouds","description":"scattered clouds","icon":"03d"}],"clouds":{"all":48},"wind":{"speed":2.14,"deg":131,"gust":2.38},"visibility":10000,"pop":0,"sys":{"pod":"d"},"dt_txt":"2025-05-07 12:00:00"},{"dt":1746630000,"main":{"temp":19.24,"feels_like":18.13,"temp_min":19.24,"temp_max":19.24,"pressure":1011,"sea_level":1011,"grnd_level":937,"humidity":35,"temp_kf":0},"weather":[{"id":804,"main":"Clouds","description":"overcast clouds","icon":"04d"}],"clouds":{"all":100},"wind":{"speed":2.04,"deg":212,"gust":3.93},"visibility":10000,"pop":0,"sys":{"pod":"d"},"dt_txt":"2025-05-07 15:00:00"},{"dt":1746640800,"main":{"temp":18.58,"feels_like":17.41,"temp_min":18.58,"temp_max":18.58,"pressure":1010,"sea_level":1010,"grnd_level":936,"humidity":35,"temp_kf":0},"weather":[{"id":804,"main":"Clouds","description":"overcast clouds","icon":"04d"}],"clouds":{"all":100},"wind":{"speed":2.83,"deg":249,"gust":3.24},"visibility":10000,"pop":0,"sys":{"pod":"d"},"dt_txt":"2025-05-07 18:00:00"},{"dt":1746651600,"main":{"temp":15.99,"feels_like":14.87,"temp_min":15.99,"temp_max":15.99,"pressure":1011,"sea_level":1011,"grnd_level":937,"humidity":47,"temp_kf":0},"weather":[{"id":804,"main":"Clouds","description":"overcast clouds","icon":"04n"}],"clouds":{"all":100},"wind":{"speed":2.26,"deg":253,"gust":3.62},"visibility":10000,"pop":0,"sys":{"pod":"n"},"dt_txt":"2025-05-07 21:00:00"},{"dt":1746662400,"main":{"temp":14.85,"feels_like":13.75,"temp_min":14.85,"temp_max":14.85,"pressure":1010,"sea_level":1010,"grnd_level":936,"humidity":52,"temp_kf":0},"weather":[{"id":804,"main":"Clouds","description":"overcast clouds","icon":"04n"}],"clouds":{"all":100},"wind":{"speed":0.47,"deg":2,"gust":1.91},"visibility":10000,"pop":0,"sys":{"pod":"n"},"dt_txt":"2025-05-08 00:00:00"},{"dt":1746673200,"main":{"temp":12.5,"feels_like":11.48,"temp_min":12.5,"temp_max":12.5,"pressure":1010,"sea_level":1010,"grnd_level":936,"humidity":64,"temp_kf":0},"weather":[{"id":500,"main":"Rain","description":"light rain","icon":"10n"}],"clouds":{"all":87},"wind":{"speed":2.2,"deg":43,"gust":4.22},"visibility":10000,"pop":0.33,"rain":{"3h":0.17},"sys":{"pod":"n"},"dt_txt":"2025-05-08 03:00:00"},{"dt":1746684000,"main":{"temp":12.36,"feels_like":11.32,"temp_min":12.36,"temp_max":12.36,"pressure":1010,"sea_level":1010,"grnd_level":936,"humidity":64,"temp_kf":0},"weather":[{"id":804,"main":"Clouds","description":"overcast clouds","icon":"04d"}],"clouds":{"all":94},"wind":{"speed":1.61,"deg":34,"gust":2.49},"visibility":10000,"pop":0,"sys":{"pod":"d"},"dt_txt":"2025-05-08 06:00:00"},{"dt":1746694800,"main":{"temp":15.95,"feels_like":14.93,"temp_min":15.95,"temp_max":15.95,"pressure":1010,"sea_level":1010,"grnd_level":936,"humidity":51,"temp_kf":0},"weather":[{"id":804,"main":"Clouds","description":"overcast clouds","icon":"04d"}],"clouds":{"all":99},"wind":{"speed":0.95,"deg":195,"gust":1.6},"visibility":10000,"pop":0,"sys":{"pod":"d"},"dt_txt":"2025-05-08 09:00:00"},{"dt":1746705600,"main":{"temp":19.96,"feels_like":18.9,"temp_min":19.96,"temp_max":19.96,"pressure":1008,"sea_level":1008,"grnd_level":935,"humidity":34,"temp_kf":0},"weather":[{"id":500,"main":"Rain","description":"light rain","icon":"10d"}],"clouds":{"all":100},"wind":{"speed":3.33,"deg":247,"gust":3.42},"visibility":10000,"pop":0.32,"rain":{"3h":0.34},"sys":{"pod":"d"},"dt_txt":"2025-05-08 12:00:00"},{"dt":1746716400,"main":{"temp":15.95,"feels_like":15.09,"temp_min":15.95,"temp_max":15.95,"pressure":1009,"sea_level":1009,"grnd_level":935,"humidity":57,"temp_kf":0},"weather":[{"id":500,"main":"Rain","description":"light rain","icon":"10d"}],"clouds":{"all":100},"wind":{"speed":4.09,"deg":298,"gust":5.36},"visibility":10000,"pop":1,"rain":{"3h":0.77},"sys":{"pod":"d"},"dt_txt":"2025-05-08 15:00:00"},{"dt":1746727200,"main":{"temp":16.22,"feels_like":15.23,"temp_min":16.22,"temp_max":16.22,"pressure":1009,"sea_level":1009,"grnd_level":935,"humidity":51,"temp_kf":0},"weather":[{"id":500,"main":"Rain","description":"light rain","icon":"10d"}],"clouds":{"all":100},"wind":{"speed":0.58,"deg":262,"gust":1.63},"visibility":10000,"pop":1,"rain":{"3h":0.46},"sys":{"pod":"d"},"dt_txt":"2025-05-08 18:00:00"},{"dt":1746738000,"main":{"temp":14.52,"feels_like":13.62,"temp_min":14.52,"temp_max":14.52,"pressure":1010,"sea_level":1010,"grnd_level":936,"humidity":61,"temp_kf":0},"weather":[{"id":804,"main":"Clouds","description":"overcast clouds","icon":"04n"}],"clouds":{"all":100},"wind":{"speed":3.07,"deg":235,"gust":3.94},"visibility":10000,"pop":0.06,"sys":{"pod":"n"},"dt_txt":"2025-05-08 21:00:00"},{"dt":1746748800,"main":{"temp":13.64,"feels_like":12.81,"temp_min":13.64,"temp_max":13.64,"pressure":1010,"sea_level":1010,"grnd_level":935,"humidity":67,"temp_kf":0},"weather":[{"id":500,"main":"Rain","description":"light rain","icon":"10n"}],"clouds":{"all":100},"wind":{"speed":1.22,"deg":255,"gust":1.7},"visibility":10000,"pop":0.43,"rain":{"3h":0.48},"sys":{"pod":"n"},"dt_txt":"2025-05-09 00:00:00"},{"dt":1746759600,"main":{"temp":12.95,"feels_like":12.21,"temp_min":12.95,"temp_max":12.95,"pressure":1009,"sea_level":1009,"grnd_level":935,"humidity":73,"temp_kf":0},"weather":[{"id":500,"main":"Rain","description":"light rain","icon":"10n"}],"clouds":{"all":100},"wind":{"speed":0.92,"deg":247,"gust":2.07},"visibility":10000,"pop":0.8,"rain":{"3h":0.44},"sys":{"pod":"n"},"dt_txt":"2025-05-09 03:00:00"},{"dt":1746770400,"main":{"temp":12.13,"feels_like":11.44,"temp_min":12.13,"temp_max":12.13,"pressure":1010,"sea_level":1010,"grnd_level":935,"humidity":78,"temp_kf":0},"weather":[{"id":500,"main":"Rain","description":"light rain","icon":"10d"}],"clouds":{"all":100},"wind":{"speed":1.65,"deg":215,"gust":2.44},"visibility":10000,"pop":0.79,"rain":{"3h":0.35},"sys":{"pod":"d"},"dt_txt":"2025-05-09 06:00:00"},{"dt":1746781200,"main":{"temp":12.28,"feels_like":11.5,"temp_min":12.28,"temp_max":12.28,"pressure":1010,"sea_level":1010,"grnd_level":936,"humidity":74,"temp_kf":0},"weather":[{"id":500,"main":"Rain","description":"light rain","icon":"10d"}],"clouds":{"a"
23:53:30.610 [main] DEBUG org.apache.http.headers - http-outgoing-6 << HTTP/1.1 200 OK
23:53:30.610 [main] DEBUG org.apache.http.headers - http-outgoing-6 << Server: openresty
23:53:30.610 [main] DEBUG org.apache.http.headers - http-outgoing-6 << Date: Tue, 06 May 2025 21:53:30 GMT
23:53:30.610 [main] DEBUG org.apache.http.headers - http-outgoing-6 << Content-Type: application/json; charset=utf-8
23:53:30.610 [main] DEBUG org.apache.http.headers - http-outgoing-6 << Content-Length: 15959
23:53:30.610 [main] DEBUG org.apache.http.headers - http-outgoing-6 << Connection: keep-alive
23:53:30.610 [main] DEBUG org.apache.http.headers - http-outgoing-6 << X-Cache-Key: /data/2.5/forecast?lat=40.42&lon=-3.7&units=metric
23:53:30.610 [main] DEBUG org.apache.http.headers - http-outgoing-6 << Access-Control-Allow-Origin: *
23:53:30.610 [main] DEBUG org.apache.http.headers - http-outgoing-6 << Access-Control-Allow-Credentials: true
23:53:30.610 [main] DEBUG org.apache.http.headers - http-outgoing-6 << Access-Control-Allow-Methods: GET, POST
23:53:30.611 [main] DEBUG org.apache.http.impl.execchain.MainClientExec - Connection can be kept alive indefinitely
23:53:30.611 [main] DEBUG org.apache.http.wire - http-outgoing-6 << "ll":100},"wind":{"speed":4.74,"deg":228,"gust":5.3},"visibility":10000,"pop":0.36,"rain":{"3h":0.2},"sys":{"pod":"d"},"dt_txt":"2025-05-09 09:00:00"},{"dt":1746792000,"main":{"temp":17.34,"feels_like":16.23,"temp_min":17.34,"temp_max":17.34,"pressure":1009,"sea_level":1009,"grnd_level":936,"humidity":42,"temp_kf":0},"weather":[{"id":804,"main":"Clouds","description":"overcast clouds","icon":"04d"}],"clouds":{"all":86},"wind":{"speed":6.14,"deg":217,"gust":6.23},"visibility":10000,"pop":0.17,"sys":{"pod":"d"},"dt_txt":"2025-05-09 12:00:00"},{"dt":1746802800,"main":{"temp":19.1,"feels_like":17.9,"temp_min":19.1,"temp_max":19.1,"pressure":1008,"sea_level":1008,"grnd_level":935,"humidity":32,"temp_kf":0},"weather":[{"id":800,"main":"Clear","description":"clear sky","icon":"01d"}],"clouds":{"all":8},"wind":{"speed":6.37,"deg":224,"gust":7.68},"visibility":10000,"pop":0,"sys":{"pod":"d"},"dt_txt":"2025-05-09 15:00:00"},{"dt":1746813600,"main":{"temp":17.74,"feels_like":16.48,"temp_min":17.74,"temp_max":17.74,"press"
23:53:30.612 [main] DEBUG org.apache.http.wire - http-outgoing-6 << "ure":1009,"sea_level":1009,"grnd_level":935,"humidity":35,"temp_kf":0},"weather":[{"id":800,"main":"Clear","description":"clear sky","icon":"01d"}],"clouds":{"all":9},"wind":{"speed":6.71,"deg":223,"gust":7.58},"visibility":10000,"pop":0,"sys":{"pod":"d"},"dt_txt":"2025-05-09 18:00:00"},{"dt":1746824400,"main":{"temp":14.75,"feels_like":13.53,"temp_min":14.75,"temp_max":14.75,"pressure":1011,"sea_level":1011,"grnd_level":937,"humidity":48,"temp_kf":0},"weather":[{"id":800,"main":"Clear","description":"clear sky","icon":"01n"}],"clouds":{"all":3},"wind":{"speed":3.49,"deg":234,"gust":7.42},"visibility":10000,"pop":0,"sys":{"pod":"n"},"dt_txt":"2025-05-09 21:00:00"},{"dt":1746835200,"main":{"temp":12.74,"feels_like":11.77,"temp_min":12.74,"temp_max":12.74,"pressure":1012,"sea_level":1012,"grnd_level":937,"humidity":65,"temp_kf":0},"weather":[{"id":800,"main":"Clear","description":"clear sky","icon":"01n"}],"clouds":{"all":3},"wind":{"speed":2.83,"deg":223,"gust":5.58},"visibility":10000,"pop":0,"sys":{"pod":"n""
23:53:30.612 [main] DEBUG org.apache.http.wire - http-outgoing-6 << "},"dt_txt":"2025-05-10 00:00:00"},{"dt":1746846000,"main":{"temp":12.91,"feels_like":11.82,"temp_min":12.91,"temp_max":12.91,"pressure":1012,"sea_level":1012,"grnd_level":937,"humidity":60,"temp_kf":0},"weather":[{"id":803,"main":"Clouds","description":"broken clouds","icon":"04n"}],"clouds":{"all":52},"wind":{"speed":1.89,"deg":193,"gust":2.88},"visibility":10000,"pop":0,"sys":{"pod":"n"},"dt_txt":"2025-05-10 03:00:00"},{"dt":1746856800,"main":{"temp":12.78,"feels_like":11.73,"temp_min":12.78,"temp_max":12.78,"pressure":1012,"sea_level":1012,"grnd_level":938,"humidity":62,"temp_kf":0},"weather":[{"id":803,"main":"Clouds","description":"broken clouds","icon":"04d"}],"clouds":{"all":70},"wind":{"speed":1.5,"deg":213,"gust":2.69},"visibility":10000,"pop":0,"sys":{"pod":"d"},"dt_txt":"2025-05-10 06:00:00"},{"dt":1746867600,"main":{"temp":15.05,"feels_like":13.97,"temp_min":15.05,"temp_max":15.05,"pressure":1012,"sea_level":1012,"grnd_level":938,"humidity":52,"temp_kf":0},"weather":[{"id":500,"main":"Rain","descr"
23:53:30.612 [main] DEBUG org.apache.http.wire - http-outgoing-6 << "iption":"light rain","icon":"10d"}],"clouds":{"all":99},"wind":{"speed":2.4,"deg":214,"gust":5.59},"visibility":10000,"pop":0.2,"rain":{"3h":0.13},"sys":{"pod":"d"},"dt_txt":"2025-05-10 09:00:00"},{"dt":1746878400,"main":{"temp":19.75,"feels_like":18.64,"temp_min":19.75,"temp_max":19.75,"pressure":1011,"sea_level":1011,"grnd_level":937,"humidity":33,"temp_kf":0},"weather":[{"id":803,"main":"Clouds","description":"broken clouds","icon":"04d"}],"clouds":{"all":68},"wind":{"speed":5.7,"deg":225,"gust":8.36},"visibility":10000,"pop":0,"sys":{"pod":"d"},"dt_txt":"2025-05-10 12:00:00"},{"dt":1746889200,"main":{"temp":20.35,"feels_like":19.28,"temp_min":20.35,"temp_max":20.35,"pressure":1010,"sea_level":1010,"grnd_level":937,"humidity":32,"temp_kf":0},"weather":[{"id":802,"main":"Clouds","description":"scattered clouds","icon":"03d"}],"clouds":{"all":50},"wind":{"speed":5.45,"deg":203,"gust":7.89},"visibility":10000,"pop":0,"sys":{"pod":"d"},"dt_txt":"2025-05-10 15:00:00"},{"dt":1746900000,"main":{"temp":19.06,"feel"
23:53:30.613 [main] DEBUG org.apache.http.wire - http-outgoing-6 << "s_like":17.94,"temp_min":19.06,"temp_max":19.06,"pressure":1011,"sea_level":1011,"grnd_level":937,"humidity":35,"temp_kf":0},"weather":[{"id":803,"main":"Clouds","description":"broken clouds","icon":"04d"}],"clouds":{"all":65},"wind":{"speed":4.4,"deg":234,"gust":6.16},"visibility":10000,"pop":0,"sys":{"pod":"d"},"dt_txt":"2025-05-10 18:00:00"},{"dt":1746910800,"main":{"temp":16.25,"feels_like":15.05,"temp_min":16.25,"temp_max":16.25,"pressure":1012,"sea_level":1012,"grnd_level":938,"humidity":43,"temp_kf":0},"weather":[{"id":803,"main":"Clouds","description":"broken clouds","icon":"04n"}],"clouds":{"all":79},"wind":{"speed":2.47,"deg":269,"gust":4.47},"visibility":10000,"pop":0,"sys":{"pod":"n"},"dt_txt":"2025-05-10 21:00:00"},{"dt":1746921600,"main":{"temp":15.08,"feels_like":13.82,"temp_min":15.08,"temp_max":15.08,"pressure":1013,"sea_level":1013,"grnd_level":939,"humidity":45,"temp_kf":0},"weather":[{"id":804,"main":"Clouds","description":"overcast clouds","icon":"04n"}],"clouds":{"all":88},"wind":{"speed"
23:53:30.613 [main] DEBUG org.apache.http.wire - http-outgoing-6 << "":1.91,"deg":186,"gust":1.99},"visibility":10000,"pop":0,"sys":{"pod":"n"},"dt_txt":"2025-05-11 00:00:00"},{"dt":1746932400,"main":{"temp":13.06,"feels_like":11.83,"temp_min":13.06,"temp_max":13.06,"pressure":1013,"sea_level":1013,"grnd_level":938,"humidity":54,"temp_kf":0},"weather":[{"id":803,"main":"Clouds","description":"broken clouds","icon":"04n"}],"clouds":{"all":84},"wind":{"speed":0.16,"deg":338,"gust":1.2},"visibility":10000,"pop":0,"sys":{"pod":"n"},"dt_txt":"2025-05-11 03:00:00"},{"dt":1746943200,"main":{"temp":12.49,"feels_like":11.28,"temp_min":12.49,"temp_max":12.49,"pressure":1013,"sea_level":1013,"grnd_level":938,"humidity":57,"temp_kf":0},"weather":[{"id":803,"main":"Clouds","description":"broken clouds","icon":"04d"}],"clouds":{"all":79},"wind":{"speed":1.32,"deg":46,"gust":1.8},"visibility":10000,"pop":0,"sys":{"pod":"d"},"dt_txt":"2025-05-11 06:00:00"},{"dt":1746954000,"main":{"temp":17.11,"feels_like":15.95,"temp_min":17.11,"temp_max":17.11,"pressure":1013,"sea_level":1013,"grnd_level":9"
23:53:30.613 [main] DEBUG org.apache.http.wire - http-outgoing-6 << "39,"humidity":41,"temp_kf":0},"weather":[{"id":804,"main":"Clouds","description":"overcast clouds","icon":"04d"}],"clouds":{"all":91},"wind":{"speed":0.7,"deg":193,"gust":1.42},"visibility":10000,"pop":0,"sys":{"pod":"d"},"dt_txt":"2025-05-11 09:00:00"},{"dt":1746964800,"main":{"temp":19.95,"feels_like":18.86,"temp_min":19.95,"temp_max":19.95,"pressure":1012,"sea_level":1012,"grnd_level":938,"humidity":33,"temp_kf":0},"weather":[{"id":804,"main":"Clouds","description":"overcast clouds","icon":"04d"}],"clouds":{"all":85},"wind":{"speed":4.42,"deg":231,"gust":4.68},"visibility":10000,"pop":0,"sys":{"pod":"d"},"dt_txt":"2025-05-11 12:00:00"},{"dt":1746975600,"main":{"temp":20.8,"feels_like":19.8,"temp_min":20.8,"temp_max":20.8,"pressure":1010,"sea_level":1010,"grnd_level":937,"humidity":33,"temp_kf":0},"weather":[{"id":803,"main":"Clouds","description":"broken clouds","icon":"04d"}],"clouds":{"all":81},"wind":{"speed":5.85,"deg":244,"gust":7.16},"visibility":10000,"pop":0,"sys":{"pod":"d"},"dt_txt":"2025-05-11 1"
23:53:30.614 [main] DEBUG org.apache.http.wire - http-outgoing-6 << "5:00:00"},{"dt":1746986400,"main":{"temp":18.59,"feels_like":17.58,"temp_min":18.59,"temp_max":18.59,"pressure":1011,"sea_level":1011,"grnd_level":937,"humidity":41,"temp_kf":0},"weather":[{"id":803,"main":"Clouds","description":"broken clouds","icon":"04d"}],"clouds":{"all":61},"wind":{"speed":7.4,"deg":237,"gust":7.85},"visibility":10000,"pop":0,"sys":{"pod":"d"},"dt_txt":"2025-05-11 18:00:00"},{"dt":1746997200,"main":{"temp":16.17,"feels_like":15.04,"temp_min":16.17,"temp_max":16.17,"pressure":1013,"sea_level":1013,"grnd_level":939,"humidity":46,"temp_kf":0},"weather":[{"id":800,"main":"Clear","description":"clear sky","icon":"01n"}],"clouds":{"all":0},"wind":{"speed":4.03,"deg":273,"gust":7.48},"visibility":10000,"pop":0,"sys":{"pod":"n"},"dt_txt":"2025-05-11 21:00:00"}],"city":{"id":6545083,"name":"Sol","coord":{"lat":40.4167,"lon":-3.7036},"country":"ES","population":0,"timezone":7200,"sunrise":1746508074,"sunset":1746558894}}"
23:53:30.614 [main] DEBUG org.apache.http.impl.conn.PoolingHttpClientConnectionManager - Connection [id: 6][route: {s}->https://api.openweathermap.org:443] can be kept alive indefinitely
23:53:30.614 [main] DEBUG org.apache.http.impl.conn.DefaultManagedHttpClientConnection - http-outgoing-6: set socket timeout to 0
23:53:30.614 [main] DEBUG org.apache.http.impl.conn.PoolingHttpClientConnectionManager - Connection released: [id: 6][route: {s}->https://api.openweathermap.org:443][total available: 1; route allocated: 1 of 5; total allocated: 1 of 10]
23:53:30.614 [main] DEBUG org.apache.http.impl.conn.PoolingHttpClientConnectionManager - Connection manager is shutting down
23:53:30.614 [main] DEBUG org.apache.http.impl.conn.DefaultManagedHttpClientConnection - http-outgoing-6: Close connection
23:53:30.615 [main] DEBUG org.apache.http.impl.conn.PoolingHttpClientConnectionManager - Connection manager shut down
23:53:30.615 [main] DEBUG com.intuit.karate - response time in milliseconds: 239
1 < 200
1 < Server: openresty
1 < Date: Tue, 06 May 2025 21:53:30 GMT
1 < Content-Type: application/json; charset=utf-8
1 < Content-Length: 15959
1 < Connection: keep-alive
1 < X-Cache-Key: /data/2.5/forecast?lat=40.42&lon=-3.7&units=metric
1 < Access-Control-Allow-Origin: *
1 < Access-Control-Allow-Credentials: true
1 < Access-Control-Allow-Methods: GET, POST
{"cod":"200","message":0,"cnt":40,"list":[{"dt":1746576000,"main":{"temp":11.49,"feels_like":10.13,"temp_min":10.24,"temp_max":11.49,"pressure":1014,"sea_level":1014,"grnd_level":940,"humidity":55,"temp_kf":1.25},"weather":[{"id":802,"main":"Clouds","description":"scattered clouds","icon":"03n"}],"clouds":{"all":43},"wind":{"speed":5.59,"deg":38,"gust":9.42},"visibility":10000,"pop":0,"sys":{"pod":"n"},"dt_txt":"2025-05-07 00:00:00"},{"dt":1746586800,"main":{"temp":10.1,"feels_like":8.55,"temp_min":9.09,"temp_max":10.1,"pressure":1014,"sea_level":1014,"grnd_level":939,"humidity":53,"temp_kf":1.01},"weather":[{"id":801,"main":"Clouds","description":"few clouds","icon":"02n"}],"clouds":{"all":20},"wind":{"speed":5.1,"deg":45,"gust":9.13},"visibility":10000,"pop":0,"sys":{"pod":"n"},"dt_txt":"2025-05-07 03:00:00"},{"dt":1746597600,"main":{"temp":9.16,"feels_like":6.66,"temp_min":9.16,"temp_max":9.16,"pressure":1015,"sea_level":1015,"grnd_level":939,"humidity":51,"temp_kf":0},"weather":[{"id":801,"main":"Clouds","description":"few clouds","icon":"02d"}],"clouds":{"all":21},"wind":{"speed":4.7,"deg":41,"gust":8.23},"visibility":10000,"pop":0,"sys":{"pod":"d"},"dt_txt":"2025-05-07 06:00:00"},{"dt":1746608400,"main":{"temp":13.57,"feels_like":12.08,"temp_min":13.57,"temp_max":13.57,"pressure":1014,"sea_level":1014,"grnd_level":940,"humidity":42,"temp_kf":0},"weather":[{"id":801,"main":"Clouds","description":"few clouds","icon":"02d"}],"clouds":{"all":17},"wind":{"speed":3.75,"deg":59,"gust":3.74},"visibility":10000,"pop":0,"sys":{"pod":"d"},"dt_txt":"2025-05-07 09:00:00"},{"dt":1746619200,"main":{"temp":12.15,"feels_like":10.47,"temp_min":12.15,"temp_max":12.15,"pressure":1013,"sea_level":1013,"grnd_level":939,"humidity":40,"temp_kf":0},"weather":[{"id":802,"main":"Clouds","description":"scattered clouds","icon":"03d"}],"clouds":{"all":48},"wind":{"speed":2.14,"deg":131,"gust":2.38},"visibility":10000,"pop":0,"sys":{"pod":"d"},"dt_txt":"2025-05-07 12:00:00"},{"dt":1746630000,"main":{"temp":19.24,"feels_like":18.13,"temp_min":19.24,"temp_max":19.24,"pressure":1011,"sea_level":1011,"grnd_level":937,"humidity":35,"temp_kf":0},"weather":[{"id":804,"main":"Clouds","description":"overcast clouds","icon":"04d"}],"clouds":{"all":100},"wind":{"speed":2.04,"deg":212,"gust":3.93},"visibility":10000,"pop":0,"sys":{"pod":"d"},"dt_txt":"2025-05-07 15:00:00"},{"dt":1746640800,"main":{"temp":18.58,"feels_like":17.41,"temp_min":18.58,"temp_max":18.58,"pressure":1010,"sea_level":1010,"grnd_level":936,"humidity":35,"temp_kf":0},"weather":[{"id":804,"main":"Clouds","description":"overcast clouds","icon":"04d"}],"clouds":{"all":100},"wind":{"speed":2.83,"deg":249,"gust":3.24},"visibility":10000,"pop":0,"sys":{"pod":"d"},"dt_txt":"2025-05-07 18:00:00"},{"dt":1746651600,"main":{"temp":15.99,"feels_like":14.87,"temp_min":15.99,"temp_max":15.99,"pressure":1011,"sea_level":1011,"grnd_level":937,"humidity":47,"temp_kf":0},"weather":[{"id":804,"main":"Clouds","description":"overcast clouds","icon":"04n"}],"clouds":{"all":100},"wind":{"speed":2.26,"deg":253,"gust":3.62},"visibility":10000,"pop":0,"sys":{"pod":"n"},"dt_txt":"2025-05-07 21:00:00"},{"dt":1746662400,"main":{"temp":14.85,"feels_like":13.75,"temp_min":14.85,"temp_max":14.85,"pressure":1010,"sea_level":1010,"grnd_level":936,"humidity":52,"temp_kf":0},"weather":[{"id":804,"main":"Clouds","description":"overcast clouds","icon":"04n"}],"clouds":{"all":100},"wind":{"speed":0.47,"deg":2,"gust":1.91},"visibility":10000,"pop":0,"sys":{"pod":"n"},"dt_txt":"2025-05-08 00:00:00"},{"dt":1746673200,"main":{"temp":12.5,"feels_like":11.48,"temp_min":12.5,"temp_max":12.5,"pressure":1010,"sea_level":1010,"grnd_level":936,"humidity":64,"temp_kf":0},"weather":[{"id":500,"main":"Rain","description":"light rain","icon":"10n"}],"clouds":{"all":87},"wind":{"speed":2.2,"deg":43,"gust":4.22},"visibility":10000,"pop":0.33,"rain":{"3h":0.17},"sys":{"pod":"n"},"dt_txt":"2025-05-08 03:00:00"},{"dt":1746684000,"main":{"temp":12.36,"feels_like":11.32,"temp_min":12.36,"temp_max":12.36,"pressure":1010,"sea_level":1010,"grnd_level":936,"humidity":64,"temp_kf":0},"weather":[{"id":804,"main":"Clouds","description":"overcast clouds","icon":"04d"}],"clouds":{"all":94},"wind":{"speed":1.61,"deg":34,"gust":2.49},"visibility":10000,"pop":0,"sys":{"pod":"d"},"dt_txt":"2025-05-08 06:00:00"},{"dt":1746694800,"main":{"temp":15.95,"feels_like":14.93,"temp_min":15.95,"temp_max":15.95,"pressure":1010,"sea_level":1010,"grnd_level":936,"humidity":51,"temp_kf":0},"weather":[{"id":804,"main":"Clouds","description":"overcast clouds","icon":"04d"}],"clouds":{"all":99},"wind":{"speed":0.95,"deg":195,"gust":1.6},"visibility":10000,"pop":0,"sys":{"pod":"d"},"dt_txt":"2025-05-08 09:00:00"},{"dt":1746705600,"main":{"temp":19.96,"feels_like":18.9,"temp_min":19.96,"temp_max":19.96,"pressure":1008,"sea_level":1008,"grnd_level":935,"humidity":34,"temp_kf":0},"weather":[{"id":500,"main":"Rain","description":"light rain","icon":"10d"}],"clouds":{"all":100},"wind":{"speed":3.33,"deg":247,"gust":3.42},"visibility":10000,"pop":0.32,"rain":{"3h":0.34},"sys":{"pod":"d"},"dt_txt":"2025-05-08 12:00:00"},{"dt":1746716400,"main":{"temp":15.95,"feels_like":15.09,"temp_min":15.95,"temp_max":15.95,"pressure":1009,"sea_level":1009,"grnd_level":935,"humidity":57,"temp_kf":0},"weather":[{"id":500,"main":"Rain","description":"light rain","icon":"10d"}],"clouds":{"all":100},"wind":{"speed":4.09,"deg":298,"gust":5.36},"visibility":10000,"pop":1,"rain":{"3h":0.77},"sys":{"pod":"d"},"dt_txt":"2025-05-08 15:00:00"},{"dt":1746727200,"main":{"temp":16.22,"feels_like":15.23,"temp_min":16.22,"temp_max":16.22,"pressure":1009,"sea_level":1009,"grnd_level":935,"humidity":51,"temp_kf":0},"weather":[{"id":500,"main":"Rain","description":"light rain","icon":"10d"}],"clouds":{"all":100},"wind":{"speed":0.58,"deg":262,"gust":1.63},"visibility":10000,"pop":1,"rain":{"3h":0.46},"sys":{"pod":"d"},"dt_txt":"2025-05-08 18:00:00"},{"dt":1746738000,"main":{"temp":14.52,"feels_like":13.62,"temp_min":14.52,"temp_max":14.52,"pressure":1010,"sea_level":1010,"grnd_level":936,"humidity":61,"temp_kf":0},"weather":[{"id":804,"main":"Clouds","description":"overcast clouds","icon":"04n"}],"clouds":{"all":100},"wind":{"speed":3.07,"deg":235,"gust":3.94},"visibility":10000,"pop":0.06,"sys":{"pod":"n"},"dt_txt":"2025-05-08 21:00:00"},{"dt":1746748800,"main":{"temp":13.64,"feels_like":12.81,"temp_min":13.64,"temp_max":13.64,"pressure":1010,"sea_level":1010,"grnd_level":935,"humidity":67,"temp_kf":0},"weather":[{"id":500,"main":"Rain","description":"light rain","icon":"10n"}],"clouds":{"all":100},"wind":{"speed":1.22,"deg":255,"gust":1.7},"visibility":10000,"pop":0.43,"rain":{"3h":0.48},"sys":{"pod":"n"},"dt_txt":"2025-05-09 00:00:00"},{"dt":1746759600,"main":{"temp":12.95,"feels_like":12.21,"temp_min":12.95,"temp_max":12.95,"pressure":1009,"sea_level":1009,"grnd_level":935,"humidity":73,"temp_kf":0},"weather":[{"id":500,"main":"Rain","description":"light rain","icon":"10n"}],"clouds":{"all":100},"wind":{"speed":0.92,"deg":247,"gust":2.07},"visibility":10000,"pop":0.8,"rain":{"3h":0.44},"sys":{"pod":"n"},"dt_txt":"2025-05-09 03:00:00"},{"dt":1746770400,"main":{"temp":12.13,"feels_like":11.44,"temp_min":12.13,"temp_max":12.13,"pressure":1010,"sea_level":1010,"grnd_level":935,"humidity":78,"temp_kf":0},"weather":[{"id":500,"main":"Rain","description":"light rain","icon":"10d"}],"clouds":{"all":100},"wind":{"speed":1.65,"deg":215,"gust":2.44},"visibility":10000,"pop":0.79,"rain":{"3h":0.35},"sys":{"pod":"d"},"dt_txt":"2025-05-09 06:00:00"},{"dt":1746781200,"main":{"temp":12.28,"feels_like":11.5,"temp_min":12.28,"temp_max":12.28,"pressure":1010,"sea_level":1010,"grnd_level":936,"humidity":74,"temp_kf":0},"weather":[{"id":500,"main":"Rain","description":"light rain","icon":"10d"}],"clouds":{"all":100},"wind":{"speed":4.74,"deg":228,"gust":5.3},"visibility":10000,"pop":0.36,"rain":{"3h":0.2},"sys":{"pod":"d"},"dt_txt":"2025-05-09 09:00:00"},{"dt":1746792000,"main":{"temp":17.34,"feels_like":16.23,"temp_min":17.34,"temp_max":17.34,"pressure":1009,"sea_level":1009,"grnd_level":936,"humidity":42,"temp_kf":0},"weather":[{"id":804,"main":"Clouds","description":"overcast clouds","icon":"04d"}],"clouds":{"all":86},"wind":{"speed":6.14,"deg":217,"gust":6.23},"visibility":10000,"pop":0.17,"sys":{"pod":"d"},"dt_txt":"2025-05-09 12:00:00"},{"dt":1746802800,"main":{"temp":19.1,"feels_like":17.9,"temp_min":19.1,"temp_max":19.1,"pressure":1008,"sea_level":1008,"grnd_level":935,"humidity":32,"temp_kf":0},"weather":[{"id":800,"main":"Clear","description":"clear sky","icon":"01d"}],"clouds":{"all":8},"wind":{"speed":6.37,"deg":224,"gust":7.68},"visibility":10000,"pop":0,"sys":{"pod":"d"},"dt_txt":"2025-05-09 15:00:00"},{"dt":1746813600,"main":{"temp":17.74,"feels_like":16.48,"temp_min":17.74,"temp_max":17.74,"pressure":1009,"sea_level":1009,"grnd_level":935,"humidity":35,"temp_kf":0},"weather":[{"id":800,"main":"Clear","description":"clear sky","icon":"01d"}],"clouds":{"all":9},"wind":{"speed":6.71,"deg":223,"gust":7.58},"visibility":10000,"pop":0,"sys":{"pod":"d"},"dt_txt":"2025-05-09 18:00:00"},{"dt":1746824400,"main":{"temp":14.75,"feels_like":13.53,"temp_min":14.75,"temp_max":14.75,"pressure":1011,"sea_level":1011,"grnd_level":937,"humidity":48,"temp_kf":0},"weather":[{"id":800,"main":"Clear","description":"clear sky","icon":"01n"}],"clouds":{"all":3},"wind":{"speed":3.49,"deg":234,"gust":7.42},"visibility":10000,"pop":0,"sys":{"pod":"n"},"dt_txt":"2025-05-09 21:00:00"},{"dt":1746835200,"main":{"temp":12.74,"feels_like":11.77,"temp_min":12.74,"temp_max":12.74,"pressure":1012,"sea_level":1012,"grnd_level":937,"humidity":65,"temp_kf":0},"weather":[{"id":800,"main":"Clear","description":"clear sky","icon":"01n"}],"clouds":{"all":3},"wind":{"speed":2.83,"deg":223,"gust":5.58},"visibility":10000,"pop":0,"sys":{"pod":"n"},"dt_txt":"2025-05-10 00:00:00"},{"dt":1746846000,"main":{"temp":12.91,"feels_like":11.82,"temp_min":12.91,"temp_max":12.91,"pressure":1012,"sea_level":1012,"grnd_level":937,"humidity":60,"temp_kf":0},"weather":[{"id":803,"main":"Clouds","description":"broken clouds","icon":"04n"}],"clouds":{"all":52},"wind":{"speed":1.89,"deg":193,"gust":2.88},"visibility":10000,"pop":0,"sys":{"pod":"n"},"dt_txt":"2025-05-10 03:00:00"},{"dt":1746856800,"main":{"temp":12.78,"feels_like":11.73,"temp_min":12.78,"temp_max":12.78,"pressure":1012,"sea_level":1012,"grnd_level":938,"humidity":62,"temp_kf":0},"weather":[{"id":803,"main":"Clouds","description":"broken clouds","icon":"04d"}],"clouds":{"all":70},"wind":{"speed":1.5,"deg":213,"gust":2.69},"visibility":10000,"pop":0,"sys":{"pod":"d"},"dt_txt":"2025-05-10 06:00:00"},{"dt":1746867600,"main":{"temp":15.05,"feels_like":13.97,"temp_min":15.05,"temp_max":15.05,"pressure":1012,"sea_level":1012,"grnd_level":938,"humidity":52,"temp_kf":0},"weather":[{"id":500,"main":"Rain","description":"light rain","icon":"10d"}],"clouds":{"all":99},"wind":{"speed":2.4,"deg":214,"gust":5.59},"visibility":10000,"pop":0.2,"rain":{"3h":0.13},"sys":{"pod":"d"},"dt_txt":"2025-05-10 09:00:00"},{"dt":1746878400,"main":{"temp":19.75,"feels_like":18.64,"temp_min":19.75,"temp_max":19.75,"pressure":1011,"sea_level":1011,"grnd_level":937,"humidity":33,"temp_kf":0},"weather":[{"id":803,"main":"Clouds","description":"broken clouds","icon":"04d"}],"clouds":{"all":68},"wind":{"speed":5.7,"deg":225,"gust":8.36},"visibility":10000,"pop":0,"sys":{"pod":"d"},"dt_txt":"2025-05-10 12:00:00"},{"dt":1746889200,"main":{"temp":20.35,"feels_like":19.28,"temp_min":20.35,"temp_max":20.35,"pressure":1010,"sea_level":1010,"grnd_level":937,"humidity":32,"temp_kf":0},"weather":[{"id":802,"main":"Clouds","description":"scattered clouds","icon":"03d"}],"clouds":{"all":50},"wind":{"speed":5.45,"deg":203,"gust":7.89},"visibility":10000,"pop":0,"sys":{"pod":"d"},"dt_txt":"2025-05-10 15:00:00"},{"dt":1746900000,"main":{"temp":19.06,"feels_like":17.94,"temp_min":19.06,"temp_max":19.06,"pressure":1011,"sea_level":1011,"grnd_level":937,"humidity":35,"temp_kf":0},"weather":[{"id":803,"main":"Clouds","description":"broken clouds","icon":"04d"}],"clouds":{"all":65},"wind":{"speed":4.4,"deg":234,"gust":6.16},"visibility":10000,"pop":0,"sys":{"pod":"d"},"dt_txt":"2025-05-10 18:00:00"},{"dt":1746910800,"main":{"temp":16.25,"feels_like":15.05,"temp_min":16.25,"temp_max":16.25,"pressure":1012,"sea_level":1012,"grnd_level":938,"humidity":43,"temp_kf":0},"weather":[{"id":803,"main":"Clouds","description":"broken clouds","icon":"04n"}],"clouds":{"all":79},"wind":{"speed":2.47,"deg":269,"gust":4.47},"visibility":10000,"pop":0,"sys":{"pod":"n"},"dt_txt":"2025-05-10 21:00:00"},{"dt":1746921600,"main":{"temp":15.08,"feels_like":13.82,"temp_min":15.08,"temp_max":15.08,"pressure":1013,"sea_level":1013,"grnd_level":939,"humidity":45,"temp_kf":0},"weather":[{"id":804,"main":"Clouds","description":"overcast clouds","icon":"04n"}],"clouds":{"all":88},"wind":{"speed":1.91,"deg":186,"gust":1.99},"visibility":10000,"pop":0,"sys":{"pod":"n"},"dt_txt":"2025-05-11 00:00:00"},{"dt":1746932400,"main":{"temp":13.06,"feels_like":11.83,"temp_min":13.06,"temp_max":13.06,"pressure":1013,"sea_level":1013,"grnd_level":938,"humidity":54,"temp_kf":0},"weather":[{"id":803,"main":"Clouds","description":"broken clouds","icon":"04n"}],"clouds":{"all":84},"wind":{"speed":0.16,"deg":338,"gust":1.2},"visibility":10000,"pop":0,"sys":{"pod":"n"},"dt_txt":"2025-05-11 03:00:00"},{"dt":1746943200,"main":{"temp":12.49,"feels_like":11.28,"temp_min":12.49,"temp_max":12.49,"pressure":1013,"sea_level":1013,"grnd_level":938,"humidity":57,"temp_kf":0},"weather":[{"id":803,"main":"Clouds","description":"broken clouds","icon":"04d"}],"clouds":{"all":79},"wind":{"speed":1.32,"deg":46,"gust":1.8},"visibility":10000,"pop":0,"sys":{"pod":"d"},"dt_txt":"2025-05-11 06:00:00"},{"dt":1746954000,"main":{"temp":17.11,"feels_like":15.95,"temp_min":17.11,"temp_max":17.11,"pressure":1013,"sea_level":1013,"grnd_level":939,"humidity":41,"temp_kf":0},"weather":[{"id":804,"main":"Clouds","description":"overcast clouds","icon":"04d"}],"clouds":{"all":91},"wind":{"speed":0.7,"deg":193,"gust":1.42},"visibility":10000,"pop":0,"sys":{"pod":"d"},"dt_txt":"2025-05-11 09:00:00"},{"dt":1746964800,"main":{"temp":19.95,"feels_like":18.86,"temp_min":19.95,"temp_max":19.95,"pressure":1012,"sea_level":1012,"grnd_level":938,"humidity":33,"temp_kf":0},"weather":[{"id":804,"main":"Clouds","description":"overcast clouds","icon":"04d"}],"clouds":{"all":85},"wind":{"speed":4.42,"deg":231,"gust":4.68},"visibility":10000,"pop":0,"sys":{"pod":"d"},"dt_txt":"2025-05-11 12:00:00"},{"dt":1746975600,"main":{"temp":20.8,"feels_like":19.8,"temp_min":20.8,"temp_max":20.8,"pressure":1010,"sea_level":1010,"grnd_level":937,"humidity":33,"temp_kf":0},"weather":[{"id":803,"main":"Clouds","description":"broken clouds","icon":"04d"}],"clouds":{"all":81},"wind":{"speed":5.85,"deg":244,"gust":7.16},"visibility":10000,"pop":0,"sys":{"pod":"d"},"dt_txt":"2025-05-11 15:00:00"},{"dt":1746986400,"main":{"temp":18.59,"feels_like":17.58,"temp_min":18.59,"temp_max":18.59,"pressure":1011,"sea_level":1011,"grnd_level":937,"humidity":41,"temp_kf":0},"weather":[{"id":803,"main":"Clouds","description":"broken clouds","icon":"04d"}],"clouds":{"all":61},"wind":{"speed":7.4,"deg":237,"gust":7.85},"visibility":10000,"pop":0,"sys":{"pod":"d"},"dt_txt":"2025-05-11 18:00:00"},{"dt":1746997200,"main":{"temp":16.17,"feels_like":15.04,"temp_min":16.17,"temp_max":16.17,"pressure":1013,"sea_level":1013,"grnd_level":939,"humidity":46,"temp_kf":0},"weather":[{"id":800,"main":"Clear","description":"clear sky","icon":"01n"}],"clouds":{"all":0},"wind":{"speed":4.03,"deg":273,"gust":7.48},"visibility":10000,"pop":0,"sys":{"pod":"n"},"dt_txt":"2025-05-11 21:00:00"}],"city":{"id":6545083,"name":"Sol","coord":{"lat":40.4167,"lon":-3.7036},"country":"ES","population":0,"timezone":7200,"sunrise":1746508074,"sunset":1746558894}}

23:53:30.630 [main] DEBUG com.jayway.jsonpath.internal.path.CompiledPath - Evaluating path: $['list'][0]['dt']
23:53:30.632 [main] DEBUG com.jayway.jsonpath.internal.path.CompiledPath - Evaluating path: $['list'][0]['main']['temp']
]]></system-out>
  </testcase>
  <testcase name="[1.2:27] Valid 5-day/3-hour forecast for coordinates 51.5074,-0.1278" classname="tests/test_forecast" time="0.221">
    <system-out><![CDATA[23:53:30.646 [main] DEBUG org.apache.http.client.protocol.RequestAddCookies - CookieSpec selected: karate
23:53:30.647 [main] DEBUG org.apache.http.client.protocol.RequestAuthCache - Auth cache not set in the context
23:53:30.647 [main] DEBUG com.intuit.karate - request:
1 > GET https://api.openweathermap.org/data/2.5/forecast?appid=4b66cf4f354cd07b407c07800dc8c2f9&lon=-0.1278&units=metric&lat=51.5074
1 > Accept: application/json
1 > Host: api.openweathermap.org
1 > Connection: Keep-Alive
1 > User-Agent: Apache-HttpClient/4.5.14 (Java/21.0.7)
1 > Accept-Encoding: gzip,deflate


23:53:30.647 [main] DEBUG org.apache.http.impl.conn.PoolingHttpClientConnectionManager - Connection request: [route: {s}->https://api.openweathermap.org:443][total available: 0; route allocated: 0 of 5; total allocated: 0 of 10]
23:53:30.647 [main] DEBUG org.apache.http.impl.conn.PoolingHttpClientConnectionManager - Connection leased: [id: 7][route: {s}->https://api.openweathermap.org:443][total available: 0; route allocated: 1 of 5; total allocated: 1 of 10]
23:53:30.647 [main] DEBUG org.apache.http.impl.execchain.MainClientExec - Opening connection {s}->https://api.openweathermap.org:443
23:53:30.647 [main] DEBUG org.apache.http.impl.conn.DefaultHttpClientConnectionOperator - Connecting to api.openweathermap.org/176.9.63.49:443
23:53:30.648 [main] DEBUG org.apache.http.conn.ssl.SSLConnectionSocketFactory - Connecting socket to api.openweathermap.org/176.9.63.49:443 with timeout 30000
23:53:30.692 [main] DEBUG org.apache.http.conn.ssl.SSLConnectionSocketFactory - Enabled protocols: [TLSv1.3, TLSv1.2]
23:53:30.692 [main] DEBUG org.apache.http.conn.ssl.SSLConnectionSocketFactory - Enabled cipher suites:[TLS_AES_256_GCM_SHA384, TLS_AES_128_GCM_SHA256, TLS_CHACHA20_POLY1305_SHA256, TLS_ECDHE_ECDSA_WITH_AES_256_GCM_SHA384, TLS_ECDHE_ECDSA_WITH_AES_128_GCM_SHA256, TLS_ECDHE_ECDSA_WITH_CHACHA20_POLY1305_SHA256, TLS_ECDHE_RSA_WITH_AES_256_GCM_SHA384, TLS_ECDHE_RSA_WITH_CHACHA20_POLY1305_SHA256, TLS_ECDHE_RSA_WITH_AES_128_GCM_SHA256, TLS_DHE_RSA_WITH_AES_256_GCM_SHA384, TLS_DHE_RSA_WITH_CHACHA20_POLY1305_SHA256, TLS_DHE_DSS_WITH_AES_256_GCM_SHA384, TLS_DHE_RSA_WITH_AES_128_GCM_SHA256, TLS_DHE_DSS_WITH_AES_128_GCM_SHA256, TLS_ECDHE_ECDSA_WITH_AES_256_CBC_SHA384, TLS_ECDHE_RSA_WITH_AES_256_CBC_SHA384, TLS_ECDHE_ECDSA_WITH_AES_128_CBC_SHA256, TLS_ECDHE_RSA_WITH_AES_128_CBC_SHA256, TLS_DHE_RSA_WITH_AES_256_CBC_SHA256, TLS_DHE_DSS_WITH_AES_256_CBC_SHA256, TLS_DHE_RSA_WITH_AES_128_CBC_SHA256, TLS_DHE_DSS_WITH_AES_128_CBC_SHA256, TLS_ECDHE_ECDSA_WITH_AES_256_CBC_SHA, TLS_ECDHE_RSA_WITH_AES_256_CBC_SHA, TLS_ECDHE_ECDSA_WITH_AES_128_CBC_SHA, TLS_ECDHE_RSA_WITH_AES_128_CBC_SHA, TLS_DHE_RSA_WITH_AES_256_CBC_SHA, TLS_DHE_DSS_WITH_AES_256_CBC_SHA, TLS_DHE_RSA_WITH_AES_128_CBC_SHA, TLS_DHE_DSS_WITH_AES_128_CBC_SHA, TLS_RSA_WITH_AES_256_GCM_SHA384, TLS_RSA_WITH_AES_128_GCM_SHA256, TLS_RSA_WITH_AES_256_CBC_SHA256, TLS_RSA_WITH_AES_128_CBC_SHA256, TLS_RSA_WITH_AES_256_CBC_SHA, TLS_RSA_WITH_AES_128_CBC_SHA, TLS_EMPTY_RENEGOTIATION_INFO_SCSV]
23:53:30.692 [main] DEBUG org.apache.http.conn.ssl.SSLConnectionSocketFactory - Starting handshake
23:53:30.746 [main] DEBUG org.apache.http.conn.ssl.SSLConnectionSocketFactory - Secure session established
23:53:30.747 [main] DEBUG org.apache.http.conn.ssl.SSLConnectionSocketFactory -  negotiated protocol: TLSv1.3
23:53:30.747 [main] DEBUG org.apache.http.conn.ssl.SSLConnectionSocketFactory -  negotiated cipher suite: TLS_AES_256_GCM_SHA384
23:53:30.747 [main] DEBUG org.apache.http.conn.ssl.SSLConnectionSocketFactory -  peer principal: CN=*.openweathermap.org, O=Openweather Ltd., ST=London, C=GB
23:53:30.747 [main] DEBUG org.apache.http.conn.ssl.SSLConnectionSocketFactory -  peer alternative names: [*.openweathermap.org, openweathermap.org]
23:53:30.747 [main] DEBUG org.apache.http.conn.ssl.SSLConnectionSocketFactory -  issuer principal: CN=Sectigo RSA Organization Validation Secure Server CA, O=Sectigo Limited, L=Salford, ST=Greater Manchester, C=GB
23:53:30.747 [main] DEBUG org.apache.http.impl.conn.DefaultHttpClientConnectionOperator - Connection established 192.168.1.135:42354<->176.9.63.49:443
23:53:30.747 [main] DEBUG org.apache.http.impl.conn.DefaultManagedHttpClientConnection - http-outgoing-7: set socket timeout to 30000
23:53:30.747 [main] DEBUG org.apache.http.impl.execchain.MainClientExec - Executing request GET /data/2.5/forecast?appid=4b66cf4f354cd07b407c07800dc8c2f9&lon=-0.1278&units=metric&lat=51.5074 HTTP/1.1
23:53:30.747 [main] DEBUG org.apache.http.impl.execchain.MainClientExec - Target auth state: UNCHALLENGED
23:53:30.747 [main] DEBUG org.apache.http.impl.execchain.MainClientExec - Proxy auth state: UNCHALLENGED
23:53:30.747 [main] DEBUG org.apache.http.headers - http-outgoing-7 >> GET /data/2.5/forecast?appid=4b66cf4f354cd07b407c07800dc8c2f9&lon=-0.1278&units=metric&lat=51.5074 HTTP/1.1
23:53:30.747 [main] DEBUG org.apache.http.headers - http-outgoing-7 >> Accept: application/json
23:53:30.747 [main] DEBUG org.apache.http.headers - http-outgoing-7 >> Host: api.openweathermap.org
23:53:30.748 [main] DEBUG org.apache.http.headers - http-outgoing-7 >> Connection: Keep-Alive
23:53:30.748 [main] DEBUG org.apache.http.headers - http-outgoing-7 >> User-Agent: Apache-HttpClient/4.5.14 (Java/21.0.7)
23:53:30.748 [main] DEBUG org.apache.http.headers - http-outgoing-7 >> Accept-Encoding: gzip,deflate
23:53:30.748 [main] DEBUG org.apache.http.wire - http-outgoing-7 >> "GET /data/2.5/forecast?appid=4b66cf4f354cd07b407c07800dc8c2f9&lon=-0.1278&units=metric&lat=51.5074 HTTP/1.1[\r][\n]"
23:53:30.748 [main] DEBUG org.apache.http.wire - http-outgoing-7 >> "Accept: application/json[\r][\n]"
23:53:30.748 [main] DEBUG org.apache.http.wire - http-outgoing-7 >> "Host: api.openweathermap.org[\r][\n]"
23:53:30.748 [main] DEBUG org.apache.http.wire - http-outgoing-7 >> "Connection: Keep-Alive[\r][\n]"
23:53:30.748 [main] DEBUG org.apache.http.wire - http-outgoing-7 >> "User-Agent: Apache-HttpClient/4.5.14 (Java/21.0.7)[\r][\n]"
23:53:30.748 [main] DEBUG org.apache.http.wire - http-outgoing-7 >> "Accept-Encoding: gzip,deflate[\r][\n]"
23:53:30.748 [main] DEBUG org.apache.http.wire - http-outgoing-7 >> "[\r][\n]"
23:53:30.839 [main] DEBUG org.apache.http.wire - http-outgoing-7 << "HTTP/1.1 200 OK[\r][\n]"
23:53:30.840 [main] DEBUG org.apache.http.wire - http-outgoing-7 << "Server: openresty[\r][\n]"
23:53:30.840 [main] DEBUG org.apache.http.wire - http-outgoing-7 << "Date: Tue, 06 May 2025 21:53:30 GMT[\r][\n]"
23:53:30.840 [main] DEBUG org.apache.http.wire - http-outgoing-7 << "Content-Type: application/json; charset=utf-8[\r][\n]"
23:53:30.840 [main] DEBUG org.apache.http.wire - http-outgoing-7 << "Content-Length: 15724[\r][\n]"
23:53:30.840 [main] DEBUG org.apache.http.wire - http-outgoing-7 << "Connection: keep-alive[\r][\n]"
23:53:30.840 [main] DEBUG org.apache.http.wire - http-outgoing-7 << "X-Cache-Key: /data/2.5/forecast?lat=51.51&lon=-0.13&units=metric[\r][\n]"
23:53:30.840 [main] DEBUG org.apache.http.wire - http-outgoing-7 << "Access-Control-Allow-Origin: *[\r][\n]"
23:53:30.840 [main] DEBUG org.apache.http.wire - http-outgoing-7 << "Access-Control-Allow-Credentials: true[\r][\n]"
23:53:30.840 [main] DEBUG org.apache.http.wire - http-outgoing-7 << "Access-Control-Allow-Methods: GET, POST[\r][\n]"
23:53:30.840 [main] DEBUG org.apache.http.wire - http-outgoing-7 << "[\r][\n]"
23:53:30.842 [main] DEBUG org.apache.http.wire - http-outgoing-7 << "{"cod":"200","message":0,"cnt":40,"list":[{"dt":1746576000,"main":{"temp":9.55,"feels_like":8.56,"temp_min":8.22,"temp_max":9.55,"pressure":1025,"sea_level":1025,"grnd_level":1021,"humidity":76,"temp_kf":1.33},"weather":[{"id":803,"main":"Clouds","description":"broken clouds","icon":"04n"}],"clouds":{"all":80},"wind":{"speed":2.13,"deg":26,"gust":6.32},"visibility":10000,"pop":0,"sys":{"pod":"n"},"dt_txt":"2025-05-07 00:00:00"},{"dt":1746586800,"main":{"temp":7.99,"feels_like":6.87,"temp_min":6.88,"temp_max":7.99,"pressure":1025,"sea_level":1025,"grnd_level":1020,"humidity":81,"temp_kf":1.11},"weather":[{"id":803,"main":"Clouds","description":"broken clouds","icon":"04n"}],"clouds":{"all":76},"wind":{"speed":1.98,"deg":12,"gust":6.59},"visibility":10000,"pop":0,"sys":{"pod":"n"},"dt_txt":"2025-05-07 03:00:00"},{"dt":1746597600,"main":{"temp":8.08,"feels_like":6.07,"temp_min":8.08,"temp_max":8.08,"pressure":1025,"sea_level":1025,"grnd_level":1021,"humidity":81,"temp_kf":0},"weather":[{"id":804,"main":"Clouds","description":"overcast clouds","icon":"04d"}],"clouds":{"all":88},"wind":{"speed":3.22,"deg":20,"gust":7.54},"visibility":10000,"pop":0,"sys":{"pod":"d"},"dt_txt":"2025-05-07 06:00:00"},{"dt":1746608400,"main":{"temp":10.87,"feels_like":9.58,"temp_min":10.87,"temp_max":10.87,"pressure":1025,"sea_level":1025,"grnd_level":1020,"humidity":60,"temp_kf":0},"weather":[{"id":804,"main":"Clouds","description":"overcast clouds","icon":"04d"}],"clouds":{"all":100},"wind":{"speed":3.66,"deg":25,"gust":5.73},"visibility":10000,"pop":0,"sys":{"pod":"d"},"dt_txt":"2025-05-07 09:00:00"},{"dt":1746619200,"main":{"temp":14.62,"feels_like":13.29,"temp_min":14.62,"temp_max":14.62,"pressure":1023,"sea_level":1023,"grnd_level":1019,"humidity":44,"temp_kf":0},"weather":[{"id":804,"main":"Clouds","description":"overcast clouds","icon":"04d"}],"clouds":{"all":100},"wind":{"speed":4.35,"deg":21,"gust":5.98},"visibility":10000,"pop":0,"sys":{"pod":"d"},"dt_txt":"2025-05-07 12:00:00"},{"dt":1746630000,"main":{"temp":15.68,"feels_like":14.43,"temp_min":15.68,"temp_max":15.68,"pressure":1022,"sea_level":1022,"grnd_level":1018,"humidity":43,"temp_kf":0},"weather":[{"id":804,"main":"Clouds","description":"overcast clouds","icon":"04d"}],"clouds":{"all":100},"wind":{"speed":5.05,"deg":25,"gust":5.88},"visibility":10000,"pop":0,"sys":{"pod":"d"},"dt_txt":"2025-05-07 15:00:00"},{"dt":1746640800,"main":{"temp":13.95,"feels_like":12.78,"temp_min":13.95,"temp_max":13.95,"pressure":1022,"sea_level":1022,"grnd_level":1018,"humidity":53,"temp_kf":0},"weather":[{"id":804,"main":"Clouds","description":"overcast clouds","icon":"04d"}],"clouds":{"all":100},"wind":{"speed":4.26,"deg":29,"gust":5.27},"visibility":10000,"pop":0,"sys":{"pod":"d"},"dt_txt":"2025-05-07 18:00:00"},{"dt":1746651600,"main":{"temp":10.81,"feels_like":9.7,"temp_min":10.81,"temp_max":10.81,"pressure":1023,"sea_level":1023,"grnd_level":1018,"humidity":67,"temp_kf":0},"weather":[{"id":804,"main":"Clouds","description":"overcast clouds","icon":"04n"}],"clouds":{"all":100},"wind":{"speed":4.03,"deg":36,"gust":6.9},"visibility":10000,"pop":0,"sys":{"pod":"n"},"dt_txt":"2025-05-07 21:00:00"},{"dt":1746662400,"main":{"temp":8.49,"feels_like":6.32,"temp_min":8.49,"temp_max":8.49,"pressure":1022,"sea_level":1022,"grnd_level":1018,"humidity":79,"temp_kf":0},"weather":[{"id":804,"main":"Clouds","description":"overcast clouds","icon":"04n"}],"clouds":{"all":100},"wind":{"speed":3.65,"deg":31,"gust":8.47},"visibility":10000,"pop":0,"sys":{"pod":"n"},"dt_txt":"2025-05-08 00:00:00"},{"dt":1746673200,"main":{"temp":7.17,"feels_like":4.88,"temp_min":7.17,"temp_max":7.17,"pressure":1021,"sea_level":1021,"grnd_level":1017,"humidity":84,"temp_kf":0},"weather":[{"id":804,"main":"Clouds","description":"overcast clouds","icon":"04n"}],"clouds":{"all":96},"wind":{"speed":3.36,"deg":29,"gust":8.89},"visibility":10000,"pop":0,"sys":{"pod":"n"},"dt_txt":"2025-05-08 03:00:00"},{"dt":1746684000,"main":{"temp":7.29,"feels_like":4.87,"temp_min":7.29,"temp_max":7.29,"pressure":1021,"sea_level":1021,"grnd_level":1017,"humidity":81,"temp_kf":0},"weather":[{"id":803,"main":"Clouds","description":"broken clouds","icon":"04d"}],"clouds":{"all":64},"wind":{"speed":3.64,"deg":33,"gust":8.24},"visibility":10000,"pop":0,"sys":{"pod":"d"},"dt_txt":"2025-05-08 06:00:00"},{"dt":1746694800,"main":{"temp":12.48,"feels_like":11.17,"temp_min":12.48,"temp_max":12.48,"pressure":1021,"sea_level":1021,"grnd_level":1017,"humidity":53,"temp_kf":0},"weather":[{"id":800,"main":"Clear","description":"clear sky","icon":"01d"}],"clouds":{"all":1},"wind":{"speed":4.22,"deg":44,"gust":5.88},"visibility":10000,"pop":0,"sys":{"pod":"d"},"dt_txt":"2025-05-08 09:00:00"},{"dt":1746705600,"main":{"temp":16.39,"feels_like":15.18,"temp_min":16.39,"temp_max":16.39,"pressure":1020,"sea_level":1020,"grnd_level":1016,"humidity":42,"temp_kf":0},"weather":[{"id":800,"main":"Clear","description":"clear sky","icon":"01d"}],"clouds":{"all":3},"wind":{"speed":3.66,"deg":47,"gust":4.48},"visibility":10000,"pop":0,"sys":{"pod":"d"},"dt_txt":"2025-05-08 12:00:00"},{"dt":1746716400,"main":{"temp":16.13,"feels_like":15.03,"temp_min":16.13,"temp_max":16.13,"pressure":1019,"sea_level":1019,"grnd_level":1015,"humidity":47,"temp_kf":0},"weather":[{"id":803,"main":"Clouds","description":"broken clouds","icon":"04d"}],"clouds":{"all":54},"wind":{"speed":4.32,"deg":70,"gust":4.8},"visibility":10000,"pop":0,"sys":{"pod":"d"},"dt_txt":"2025-05-08 15:00:00"},{"dt":1746727200,"main":{"temp":14.69,"feels_like":13.62,"temp_min":14.69,"temp_max":14.69,"pressure":1020,"sea_level":1020,"grnd_level":1015,"humidity":54,"temp_kf":0},"weather":[{"id":803,"main":"Clouds","description":"broken clouds","icon":"04d"}],"clouds":{"all":78},"wind":{"speed":3.36,"deg":78,"gust":4.63},"visibility":10000,"pop":0,"sys":{"pod":"d"},"dt_txt":"2025-05-08 18:00:00"},{"dt":1746738000,"main":{"temp":10.89,"feels_like":9.91,"temp_min":10.89,"temp_max":10.89,"pressure":1021,"sea_level":1021,"grnd_level":1017,"humidity":72,"temp_kf":0},"weather":[{"id":802,"main":"Clouds","description":"scattered clouds","icon":"03n"}],"clouds":{"all":37},"wind":{"speed":2.23,"deg":63,"gust":6.11},"visibility":10000,"pop":0,"sys":{"pod":"n"},"dt_txt":"2025-05-08 21:00:00"},{"dt":1746748800,"main":{"temp":8.58,"feels_like":7.1,"temp_min":8.58,"temp_max":8.58,"pressure":1021,"sea_level":1021,"grnd_level":1017,"humidity":74,"temp_kf":0},"weather":[{"id":801,"main":"Clouds","description":"few clouds","icon":"02n"}],"clouds":{"all":20},"wind":{"speed":2.56,"deg":37,"gust":7.21},"visibility":10000,"pop":0,"sys":{"pod":"n"},"dt_txt":"2025-05-09 00:00:00"},{"dt":1746759600,"main":{"temp":7.29,"feels_like":5.73,"temp_min":7.29,"temp_max":7.29,"pressure":1021,"sea_level":1021,"grnd_level":1017,"humidity":80,"temp_kf":0},"weather":[{"id":801,"main":"Clouds","description":"few clouds","icon":"02n"}],"clouds":{"all":23},"wind":{"speed":2.35,"deg":25,"gust":7.39},"visibility":10000,"pop":0,"sys":{"pod":"n"},"dt_txt":"2025-05-09 03:00:00"},{"dt":1746770400,"main":{"temp":8.35,"feels_like":6.61,"temp_min":8.35,"temp_max":8.35,"pressure":1022,"sea_level":1022,"grnd_level":1017,"humidity":75,"temp_kf":0},"weather":[{"id":801,"main":"Clouds","description":"few clouds","icon":"02d"}],"clouds":{"all":23},"wind":{"speed":2.87,"deg":35,"gust":5.94},"visibility":10000,"pop":0,"sys":{"pod":"d"},"dt_txt":"2025-05-09 06:00:00"},{"dt":1746781200,"main":{"temp":15.14,"feels_like":13.99,"temp_min":15.14,"temp_max":15.14,"pressure":1022,"sea_level":1022,"grnd_level":1017,"humidity":49,"temp_kf":0},"weather":[{"id":800,"main":"Clear","description":"clear sky","icon":"01d"}],"clouds":{"all":10},"wind":{"speed":3.73,"deg":66,"gust":6.08},"visibility":10000,"pop":0,"sys":{"pod":"d"},"dt_txt":"2025-05-09 09:00:00"},{"dt":1746792000,"ma"
23:53:30.842 [main] DEBUG org.apache.http.headers - http-outgoing-7 << HTTP/1.1 200 OK
23:53:30.842 [main] DEBUG org.apache.http.headers - http-outgoing-7 << Server: openresty
23:53:30.842 [main] DEBUG org.apache.http.headers - http-outgoing-7 << Date: Tue, 06 May 2025 21:53:30 GMT
23:53:30.842 [main] DEBUG org.apache.http.headers - http-outgoing-7 << Content-Type: application/json; charset=utf-8
23:53:30.842 [main] DEBUG org.apache.http.headers - http-outgoing-7 << Content-Length: 15724
23:53:30.842 [main] DEBUG org.apache.http.headers - http-outgoing-7 << Connection: keep-alive
23:53:30.842 [main] DEBUG org.apache.http.headers - http-outgoing-7 << X-Cache-Key: /data/2.5/forecast?lat=51.51&lon=-0.13&units=metric
23:53:30.842 [main] DEBUG org.apache.http.headers - http-outgoing-7 << Access-Control-Allow-Origin: *
23:53:30.842 [main] DEBUG org.apache.http.headers - http-outgoing-7 << Access-Control-Allow-Credentials: true
23:53:30.842 [main] DEBUG org.apache.http.headers - http-outgoing-7 << Access-Control-Allow-Methods: GET, POST
23:53:30.843 [main] DEBUG org.apache.http.impl.execchain.MainClientExec - Connection can be kept alive indefinitely
23:53:30.843 [main] DEBUG org.apache.http.wire - http-outgoing-7 << "in":{"temp":17.76,"feels_like":16.45,"temp_min":17.76,"temp_max":17.76,"pressure":1021,"sea_level":1021,"grnd_level":1017,"humidity":33,"temp_kf":0},"weather":[{"id":801,"main":"Clouds","description":"few clouds","icon":"02d"}],"clouds":{"all":11},"wind":{"speed":5.33,"deg":84,"gust":7.1},"visibility":10000,"pop":0,"sys":{"pod":"d"},"dt_txt":"2025-05-09 12:00:00"},{"dt":1746802800,"main":{"temp":17.49,"feels_like":16.18,"temp_min":17.49,"temp_max":17.49,"pressure":1021,"sea_level":1021,"grnd_level":1017,"humidity":34,"temp_kf":0},"weather":[{"id":801,"main":"Clouds","description":"few clouds","icon":"02d"}],"clouds":{"all":13},"wind":{"speed":5.42,"deg":85,"gust":7.07},"visibility":10000,"pop":0,"sys":{"pod":"d"},"dt_txt":"2025-05-09 15:00:00"},{"dt":1746813600,"main":{"temp":15.35,"feels_like":14.06,"temp_min":15.35,"temp_max":15.35,"pressure":1022,"sea_level":1022,"grnd_level":1017,"humidity":43,"temp_kf":0},"weather":[{"id":800,"main":"Clear","description":"clear sky","icon":"01d"}],"clouds":{"all":10},"wi"
23:53:30.843 [main] DEBUG org.apache.http.wire - http-outgoing-7 << "nd":{"speed":4.47,"deg":80,"gust":6.02},"visibility":10000,"pop":0,"sys":{"pod":"d"},"dt_txt":"2025-05-09 18:00:00"},{"dt":1746824400,"main":{"temp":11.84,"feels_like":10.7,"temp_min":11.84,"temp_max":11.84,"pressure":1023,"sea_level":1023,"grnd_level":1018,"humidity":62,"temp_kf":0},"weather":[{"id":800,"main":"Clear","description":"clear sky","icon":"01n"}],"clouds":{"all":4},"wind":{"speed":3.38,"deg":71,"gust":9.43},"visibility":10000,"pop":0,"sys":{"pod":"n"},"dt_txt":"2025-05-09 21:00:00"},{"dt":1746835200,"main":{"temp":10.3,"feels_like":9.11,"temp_min":10.3,"temp_max":10.3,"pressure":1023,"sea_level":1023,"grnd_level":1018,"humidity":66,"temp_kf":0},"weather":[{"id":800,"main":"Clear","description":"clear sky","icon":"01n"}],"clouds":{"all":7},"wind":{"speed":3.09,"deg":58,"gust":10.28},"visibility":10000,"pop":0,"sys":{"pod":"n"},"dt_txt":"2025-05-10 00:00:00"},{"dt":1746846000,"main":{"temp":9.01,"feels_like":7.73,"temp_min":9.01,"temp_max":9.01,"pressure":1022,"sea_level":1022,"grnd_level":1018,"hu"
23:53:30.844 [main] DEBUG org.apache.http.wire - http-outgoing-7 << "midity":77,"temp_kf":0},"weather":[{"id":800,"main":"Clear","description":"clear sky","icon":"01n"}],"clouds":{"all":8},"wind":{"speed":2.39,"deg":55,"gust":8.14},"visibility":10000,"pop":0,"sys":{"pod":"n"},"dt_txt":"2025-05-10 03:00:00"},{"dt":1746856800,"main":{"temp":10.32,"feels_like":9.44,"temp_min":10.32,"temp_max":10.32,"pressure":1022,"sea_level":1022,"grnd_level":1018,"humidity":78,"temp_kf":0},"weather":[{"id":800,"main":"Clear","description":"clear sky","icon":"01d"}],"clouds":{"all":8},"wind":{"speed":2.81,"deg":63,"gust":7.81},"visibility":10000,"pop":0,"sys":{"pod":"d"},"dt_txt":"2025-05-10 06:00:00"},{"dt":1746867600,"main":{"temp":16.61,"feels_like":15.66,"temp_min":16.61,"temp_max":16.61,"pressure":1022,"sea_level":1022,"grnd_level":1018,"humidity":51,"temp_kf":0},"weather":[{"id":801,"main":"Clouds","description":"few clouds","icon":"02d"}],"clouds":{"all":16},"wind":{"speed":4.75,"deg":76,"gust":7.18},"visibility":10000,"pop":0,"sys":{"pod":"d"},"dt_txt":"2025-05-10 09:00:00"},{"dt":174687"
23:53:30.844 [main] DEBUG org.apache.http.wire - http-outgoing-7 << "8400,"main":{"temp":18.73,"feels_like":17.73,"temp_min":18.73,"temp_max":18.73,"pressure":1021,"sea_level":1021,"grnd_level":1017,"humidity":41,"temp_kf":0},"weather":[{"id":801,"main":"Clouds","description":"few clouds","icon":"02d"}],"clouds":{"all":17},"wind":{"speed":5.66,"deg":88,"gust":6.81},"visibility":10000,"pop":0,"sys":{"pod":"d"},"dt_txt":"2025-05-10 12:00:00"},{"dt":1746889200,"main":{"temp":18.11,"feels_like":17.07,"temp_min":18.11,"temp_max":18.11,"pressure":1021,"sea_level":1021,"grnd_level":1017,"humidity":42,"temp_kf":0},"weather":[{"id":803,"main":"Clouds","description":"broken clouds","icon":"04d"}],"clouds":{"all":74},"wind":{"speed":5.36,"deg":90,"gust":6.82},"visibility":10000,"pop":0,"sys":{"pod":"d"},"dt_txt":"2025-05-10 15:00:00"},{"dt":1746900000,"main":{"temp":15.68,"feels_like":14.45,"temp_min":15.68,"temp_max":15.68,"pressure":1021,"sea_level":1021,"grnd_level":1016,"humidity":44,"temp_kf":0},"weather":[{"id":802,"main":"Clouds","description":"scattered clouds","icon":"03d"}],"cl"
23:53:30.844 [main] DEBUG org.apache.http.wire - http-outgoing-7 << "ouds":{"all":44},"wind":{"speed":4.79,"deg":78,"gust":7.25},"visibility":10000,"pop":0,"sys":{"pod":"d"},"dt_txt":"2025-05-10 18:00:00"},{"dt":1746910800,"main":{"temp":11.95,"feels_like":10.69,"temp_min":11.95,"temp_max":11.95,"pressure":1021,"sea_level":1021,"grnd_level":1017,"humidity":57,"temp_kf":0},"weather":[{"id":802,"main":"Clouds","description":"scattered clouds","icon":"03n"}],"clouds":{"all":50},"wind":{"speed":3.94,"deg":72,"gust":10.5},"visibility":10000,"pop":0,"sys":{"pod":"n"},"dt_txt":"2025-05-10 21:00:00"},{"dt":1746921600,"main":{"temp":10.58,"feels_like":9.76,"temp_min":10.58,"temp_max":10.58,"pressure":1020,"sea_level":1020,"grnd_level":1016,"humidity":79,"temp_kf":0},"weather":[{"id":802,"main":"Clouds","description":"scattered clouds","icon":"03n"}],"clouds":{"all":42},"wind":{"speed":3.67,"deg":71,"gust":11.32},"visibility":10000,"pop":0,"sys":{"pod":"n"},"dt_txt":"2025-05-11 00:00:00"},{"dt":1746932400,"main":{"temp":10.12,"feels_like":9.54,"temp_min":10.12,"temp_max":10.12,"pressure"
23:53:30.845 [main] DEBUG org.apache.http.wire - http-outgoing-7 << "":1020,"sea_level":1020,"grnd_level":1015,"humidity":90,"temp_kf":0},"weather":[{"id":800,"main":"Clear","description":"clear sky","icon":"01n"}],"clouds":{"all":10},"wind":{"speed":3.22,"deg":70,"gust":10.47},"visibility":10000,"pop":0,"sys":{"pod":"n"},"dt_txt":"2025-05-11 03:00:00"},{"dt":1746943200,"main":{"temp":11.53,"feels_like":10.93,"temp_min":11.53,"temp_max":11.53,"pressure":1019,"sea_level":1019,"grnd_level":1015,"humidity":84,"temp_kf":0},"weather":[{"id":800,"main":"Clear","description":"clear sky","icon":"01d"}],"clouds":{"all":9},"wind":{"speed":3.85,"deg":68,"gust":10.46},"visibility":10000,"pop":0,"sys":{"pod":"d"},"dt_txt":"2025-05-11 06:00:00"},{"dt":1746954000,"main":{"temp":16.9,"feels_like":16.08,"temp_min":16.9,"temp_max":16.9,"pressure":1019,"sea_level":1019,"grnd_level":1015,"humidity":55,"temp_kf":0},"weather":[{"id":800,"main":"Clear","description":"clear sky","icon":"01d"}],"clouds":{"all":3},"wind":{"speed":5.22,"deg":83,"gust":7.57},"visibility":10000,"pop":0,"sys":{"pod":"d"},""
23:53:30.845 [main] DEBUG org.apache.http.wire - http-outgoing-7 << "dt_txt":"2025-05-11 09:00:00"},{"dt":1746964800,"main":{"temp":19.09,"feels_like":18.23,"temp_min":19.09,"temp_max":19.09,"pressure":1018,"sea_level":1018,"grnd_level":1014,"humidity":45,"temp_kf":0},"weather":[{"id":800,"main":"Clear","description":"clear sky","icon":"01d"}],"clouds":{"all":4},"wind":{"speed":5.63,"deg":88,"gust":6.76},"visibility":10000,"pop":0,"sys":{"pod":"d"},"dt_txt":"2025-05-11 12:00:00"},{"dt":1746975600,"main":{"temp":19.3,"feels_like":18.43,"temp_min":19.3,"temp_max":19.3,"pressure":1017,"sea_level":1017,"grnd_level":1013,"humidity":44,"temp_kf":0},"weather":[{"id":800,"main":"Clear","description":"clear sky","icon":"01d"}],"clouds":{"all":4},"wind":{"speed":4.99,"deg":89,"gust":5.88},"visibility":10000,"pop":0,"sys":{"pod":"d"},"dt_txt":"2025-05-11 15:00:00"},{"dt":1746986400,"main":{"temp":16.98,"feels_like":16.2,"temp_min":16.98,"temp_max":16.98,"pressure":1017,"sea_level":1017,"grnd_level":1013,"humidity":56,"temp_kf":0},"weather":[{"id":800,"main":"Clear","description":"clear s"
23:53:30.845 [main] DEBUG org.apache.http.wire - http-outgoing-7 << "ky","icon":"01d"}],"clouds":{"all":5},"wind":{"speed":4.73,"deg":79,"gust":6.4},"visibility":10000,"pop":0,"sys":{"pod":"d"},"dt_txt":"2025-05-11 18:00:00"},{"dt":1746997200,"main":{"temp":13.52,"feels_like":12.7,"temp_min":13.52,"temp_max":13.52,"pressure":1018,"sea_level":1018,"grnd_level":1013,"humidity":68,"temp_kf":0},"weather":[{"id":800,"main":"Clear","description":"clear sky","icon":"01n"}],"clouds":{"all":0},"wind":{"speed":3.63,"deg":63,"gust":10.57},"visibility":10000,"pop":0,"sys":{"pod":"n"},"dt_txt":"2025-05-11 21:00:00"}],"city":{"id":2643743,"name":"London","coord":{"lat":51.5073,"lon":-0.1276},"country":"GB","population":1000000,"timezone":3600,"sunrise":1746505384,"sunset":1746559868}}"
23:53:30.845 [main] DEBUG org.apache.http.impl.conn.PoolingHttpClientConnectionManager - Connection [id: 7][route: {s}->https://api.openweathermap.org:443] can be kept alive indefinitely
23:53:30.845 [main] DEBUG org.apache.http.impl.conn.DefaultManagedHttpClientConnection - http-outgoing-7: set socket timeout to 0
23:53:30.845 [main] DEBUG org.apache.http.impl.conn.PoolingHttpClientConnectionManager - Connection released: [id: 7][route: {s}->https://api.openweathermap.org:443][total available: 1; route allocated: 1 of 5; total allocated: 1 of 10]
23:53:30.845 [main] DEBUG org.apache.http.impl.conn.PoolingHttpClientConnectionManager - Connection manager is shutting down
23:53:30.845 [main] DEBUG org.apache.http.impl.conn.DefaultManagedHttpClientConnection - http-outgoing-7: Close connection
23:53:30.846 [main] DEBUG org.apache.http.impl.conn.PoolingHttpClientConnectionManager - Connection manager shut down
23:53:30.846 [main] DEBUG com.intuit.karate - response time in milliseconds: 198
1 < 200
1 < Server: openresty
1 < Date: Tue, 06 May 2025 21:53:30 GMT
1 < Content-Type: application/json; charset=utf-8
1 < Content-Length: 15724
1 < Connection: keep-alive
1 < X-Cache-Key: /data/2.5/forecast?lat=51.51&lon=-0.13&units=metric
1 < Access-Control-Allow-Origin: *
1 < Access-Control-Allow-Credentials: true
1 < Access-Control-Allow-Methods: GET, POST
{"cod":"200","message":0,"cnt":40,"list":[{"dt":1746576000,"main":{"temp":9.55,"feels_like":8.56,"temp_min":8.22,"temp_max":9.55,"pressure":1025,"sea_level":1025,"grnd_level":1021,"humidity":76,"temp_kf":1.33},"weather":[{"id":803,"main":"Clouds","description":"broken clouds","icon":"04n"}],"clouds":{"all":80},"wind":{"speed":2.13,"deg":26,"gust":6.32},"visibility":10000,"pop":0,"sys":{"pod":"n"},"dt_txt":"2025-05-07 00:00:00"},{"dt":1746586800,"main":{"temp":7.99,"feels_like":6.87,"temp_min":6.88,"temp_max":7.99,"pressure":1025,"sea_level":1025,"grnd_level":1020,"humidity":81,"temp_kf":1.11},"weather":[{"id":803,"main":"Clouds","description":"broken clouds","icon":"04n"}],"clouds":{"all":76},"wind":{"speed":1.98,"deg":12,"gust":6.59},"visibility":10000,"pop":0,"sys":{"pod":"n"},"dt_txt":"2025-05-07 03:00:00"},{"dt":1746597600,"main":{"temp":8.08,"feels_like":6.07,"temp_min":8.08,"temp_max":8.08,"pressure":1025,"sea_level":1025,"grnd_level":1021,"humidity":81,"temp_kf":0},"weather":[{"id":804,"main":"Clouds","description":"overcast clouds","icon":"04d"}],"clouds":{"all":88},"wind":{"speed":3.22,"deg":20,"gust":7.54},"visibility":10000,"pop":0,"sys":{"pod":"d"},"dt_txt":"2025-05-07 06:00:00"},{"dt":1746608400,"main":{"temp":10.87,"feels_like":9.58,"temp_min":10.87,"temp_max":10.87,"pressure":1025,"sea_level":1025,"grnd_level":1020,"humidity":60,"temp_kf":0},"weather":[{"id":804,"main":"Clouds","description":"overcast clouds","icon":"04d"}],"clouds":{"all":100},"wind":{"speed":3.66,"deg":25,"gust":5.73},"visibility":10000,"pop":0,"sys":{"pod":"d"},"dt_txt":"2025-05-07 09:00:00"},{"dt":1746619200,"main":{"temp":14.62,"feels_like":13.29,"temp_min":14.62,"temp_max":14.62,"pressure":1023,"sea_level":1023,"grnd_level":1019,"humidity":44,"temp_kf":0},"weather":[{"id":804,"main":"Clouds","description":"overcast clouds","icon":"04d"}],"clouds":{"all":100},"wind":{"speed":4.35,"deg":21,"gust":5.98},"visibility":10000,"pop":0,"sys":{"pod":"d"},"dt_txt":"2025-05-07 12:00:00"},{"dt":1746630000,"main":{"temp":15.68,"feels_like":14.43,"temp_min":15.68,"temp_max":15.68,"pressure":1022,"sea_level":1022,"grnd_level":1018,"humidity":43,"temp_kf":0},"weather":[{"id":804,"main":"Clouds","description":"overcast clouds","icon":"04d"}],"clouds":{"all":100},"wind":{"speed":5.05,"deg":25,"gust":5.88},"visibility":10000,"pop":0,"sys":{"pod":"d"},"dt_txt":"2025-05-07 15:00:00"},{"dt":1746640800,"main":{"temp":13.95,"feels_like":12.78,"temp_min":13.95,"temp_max":13.95,"pressure":1022,"sea_level":1022,"grnd_level":1018,"humidity":53,"temp_kf":0},"weather":[{"id":804,"main":"Clouds","description":"overcast clouds","icon":"04d"}],"clouds":{"all":100},"wind":{"speed":4.26,"deg":29,"gust":5.27},"visibility":10000,"pop":0,"sys":{"pod":"d"},"dt_txt":"2025-05-07 18:00:00"},{"dt":1746651600,"main":{"temp":10.81,"feels_like":9.7,"temp_min":10.81,"temp_max":10.81,"pressure":1023,"sea_level":1023,"grnd_level":1018,"humidity":67,"temp_kf":0},"weather":[{"id":804,"main":"Clouds","description":"overcast clouds","icon":"04n"}],"clouds":{"all":100},"wind":{"speed":4.03,"deg":36,"gust":6.9},"visibility":10000,"pop":0,"sys":{"pod":"n"},"dt_txt":"2025-05-07 21:00:00"},{"dt":1746662400,"main":{"temp":8.49,"feels_like":6.32,"temp_min":8.49,"temp_max":8.49,"pressure":1022,"sea_level":1022,"grnd_level":1018,"humidity":79,"temp_kf":0},"weather":[{"id":804,"main":"Clouds","description":"overcast clouds","icon":"04n"}],"clouds":{"all":100},"wind":{"speed":3.65,"deg":31,"gust":8.47},"visibility":10000,"pop":0,"sys":{"pod":"n"},"dt_txt":"2025-05-08 00:00:00"},{"dt":1746673200,"main":{"temp":7.17,"feels_like":4.88,"temp_min":7.17,"temp_max":7.17,"pressure":1021,"sea_level":1021,"grnd_level":1017,"humidity":84,"temp_kf":0},"weather":[{"id":804,"main":"Clouds","description":"overcast clouds","icon":"04n"}],"clouds":{"all":96},"wind":{"speed":3.36,"deg":29,"gust":8.89},"visibility":10000,"pop":0,"sys":{"pod":"n"},"dt_txt":"2025-05-08 03:00:00"},{"dt":1746684000,"main":{"temp":7.29,"feels_like":4.87,"temp_min":7.29,"temp_max":7.29,"pressure":1021,"sea_level":1021,"grnd_level":1017,"humidity":81,"temp_kf":0},"weather":[{"id":803,"main":"Clouds","description":"broken clouds","icon":"04d"}],"clouds":{"all":64},"wind":{"speed":3.64,"deg":33,"gust":8.24},"visibility":10000,"pop":0,"sys":{"pod":"d"},"dt_txt":"2025-05-08 06:00:00"},{"dt":1746694800,"main":{"temp":12.48,"feels_like":11.17,"temp_min":12.48,"temp_max":12.48,"pressure":1021,"sea_level":1021,"grnd_level":1017,"humidity":53,"temp_kf":0},"weather":[{"id":800,"main":"Clear","description":"clear sky","icon":"01d"}],"clouds":{"all":1},"wind":{"speed":4.22,"deg":44,"gust":5.88},"visibility":10000,"pop":0,"sys":{"pod":"d"},"dt_txt":"2025-05-08 09:00:00"},{"dt":1746705600,"main":{"temp":16.39,"feels_like":15.18,"temp_min":16.39,"temp_max":16.39,"pressure":1020,"sea_level":1020,"grnd_level":1016,"humidity":42,"temp_kf":0},"weather":[{"id":800,"main":"Clear","description":"clear sky","icon":"01d"}],"clouds":{"all":3},"wind":{"speed":3.66,"deg":47,"gust":4.48},"visibility":10000,"pop":0,"sys":{"pod":"d"},"dt_txt":"2025-05-08 12:00:00"},{"dt":1746716400,"main":{"temp":16.13,"feels_like":15.03,"temp_min":16.13,"temp_max":16.13,"pressure":1019,"sea_level":1019,"grnd_level":1015,"humidity":47,"temp_kf":0},"weather":[{"id":803,"main":"Clouds","description":"broken clouds","icon":"04d"}],"clouds":{"all":54},"wind":{"speed":4.32,"deg":70,"gust":4.8},"visibility":10000,"pop":0,"sys":{"pod":"d"},"dt_txt":"2025-05-08 15:00:00"},{"dt":1746727200,"main":{"temp":14.69,"feels_like":13.62,"temp_min":14.69,"temp_max":14.69,"pressure":1020,"sea_level":1020,"grnd_level":1015,"humidity":54,"temp_kf":0},"weather":[{"id":803,"main":"Clouds","description":"broken clouds","icon":"04d"}],"clouds":{"all":78},"wind":{"speed":3.36,"deg":78,"gust":4.63},"visibility":10000,"pop":0,"sys":{"pod":"d"},"dt_txt":"2025-05-08 18:00:00"},{"dt":1746738000,"main":{"temp":10.89,"feels_like":9.91,"temp_min":10.89,"temp_max":10.89,"pressure":1021,"sea_level":1021,"grnd_level":1017,"humidity":72,"temp_kf":0},"weather":[{"id":802,"main":"Clouds","description":"scattered clouds","icon":"03n"}],"clouds":{"all":37},"wind":{"speed":2.23,"deg":63,"gust":6.11},"visibility":10000,"pop":0,"sys":{"pod":"n"},"dt_txt":"2025-05-08 21:00:00"},{"dt":1746748800,"main":{"temp":8.58,"feels_like":7.1,"temp_min":8.58,"temp_max":8.58,"pressure":1021,"sea_level":1021,"grnd_level":1017,"humidity":74,"temp_kf":0},"weather":[{"id":801,"main":"Clouds","description":"few clouds","icon":"02n"}],"clouds":{"all":20},"wind":{"speed":2.56,"deg":37,"gust":7.21},"visibility":10000,"pop":0,"sys":{"pod":"n"},"dt_txt":"2025-05-09 00:00:00"},{"dt":1746759600,"main":{"temp":7.29,"feels_like":5.73,"temp_min":7.29,"temp_max":7.29,"pressure":1021,"sea_level":1021,"grnd_level":1017,"humidity":80,"temp_kf":0},"weather":[{"id":801,"main":"Clouds","description":"few clouds","icon":"02n"}],"clouds":{"all":23},"wind":{"speed":2.35,"deg":25,"gust":7.39},"visibility":10000,"pop":0,"sys":{"pod":"n"},"dt_txt":"2025-05-09 03:00:00"},{"dt":1746770400,"main":{"temp":8.35,"feels_like":6.61,"temp_min":8.35,"temp_max":8.35,"pressure":1022,"sea_level":1022,"grnd_level":1017,"humidity":75,"temp_kf":0},"weather":[{"id":801,"main":"Clouds","description":"few clouds","icon":"02d"}],"clouds":{"all":23},"wind":{"speed":2.87,"deg":35,"gust":5.94},"visibility":10000,"pop":0,"sys":{"pod":"d"},"dt_txt":"2025-05-09 06:00:00"},{"dt":1746781200,"main":{"temp":15.14,"feels_like":13.99,"temp_min":15.14,"temp_max":15.14,"pressure":1022,"sea_level":1022,"grnd_level":1017,"humidity":49,"temp_kf":0},"weather":[{"id":800,"main":"Clear","description":"clear sky","icon":"01d"}],"clouds":{"all":10},"wind":{"speed":3.73,"deg":66,"gust":6.08},"visibility":10000,"pop":0,"sys":{"pod":"d"},"dt_txt":"2025-05-09 09:00:00"},{"dt":1746792000,"main":{"temp":17.76,"feels_like":16.45,"temp_min":17.76,"temp_max":17.76,"pressure":1021,"sea_level":1021,"grnd_level":1017,"humidity":33,"temp_kf":0},"weather":[{"id":801,"main":"Clouds","description":"few clouds","icon":"02d"}],"clouds":{"all":11},"wind":{"speed":5.33,"deg":84,"gust":7.1},"visibility":10000,"pop":0,"sys":{"pod":"d"},"dt_txt":"2025-05-09 12:00:00"},{"dt":1746802800,"main":{"temp":17.49,"feels_like":16.18,"temp_min":17.49,"temp_max":17.49,"pressure":1021,"sea_level":1021,"grnd_level":1017,"humidity":34,"temp_kf":0},"weather":[{"id":801,"main":"Clouds","description":"few clouds","icon":"02d"}],"clouds":{"all":13},"wind":{"speed":5.42,"deg":85,"gust":7.07},"visibility":10000,"pop":0,"sys":{"pod":"d"},"dt_txt":"2025-05-09 15:00:00"},{"dt":1746813600,"main":{"temp":15.35,"feels_like":14.06,"temp_min":15.35,"temp_max":15.35,"pressure":1022,"sea_level":1022,"grnd_level":1017,"humidity":43,"temp_kf":0},"weather":[{"id":800,"main":"Clear","description":"clear sky","icon":"01d"}],"clouds":{"all":10},"wind":{"speed":4.47,"deg":80,"gust":6.02},"visibility":10000,"pop":0,"sys":{"pod":"d"},"dt_txt":"2025-05-09 18:00:00"},{"dt":1746824400,"main":{"temp":11.84,"feels_like":10.7,"temp_min":11.84,"temp_max":11.84,"pressure":1023,"sea_level":1023,"grnd_level":1018,"humidity":62,"temp_kf":0},"weather":[{"id":800,"main":"Clear","description":"clear sky","icon":"01n"}],"clouds":{"all":4},"wind":{"speed":3.38,"deg":71,"gust":9.43},"visibility":10000,"pop":0,"sys":{"pod":"n"},"dt_txt":"2025-05-09 21:00:00"},{"dt":1746835200,"main":{"temp":10.3,"feels_like":9.11,"temp_min":10.3,"temp_max":10.3,"pressure":1023,"sea_level":1023,"grnd_level":1018,"humidity":66,"temp_kf":0},"weather":[{"id":800,"main":"Clear","description":"clear sky","icon":"01n"}],"clouds":{"all":7},"wind":{"speed":3.09,"deg":58,"gust":10.28},"visibility":10000,"pop":0,"sys":{"pod":"n"},"dt_txt":"2025-05-10 00:00:00"},{"dt":1746846000,"main":{"temp":9.01,"feels_like":7.73,"temp_min":9.01,"temp_max":9.01,"pressure":1022,"sea_level":1022,"grnd_level":1018,"humidity":77,"temp_kf":0},"weather":[{"id":800,"main":"Clear","description":"clear sky","icon":"01n"}],"clouds":{"all":8},"wind":{"speed":2.39,"deg":55,"gust":8.14},"visibility":10000,"pop":0,"sys":{"pod":"n"},"dt_txt":"2025-05-10 03:00:00"},{"dt":1746856800,"main":{"temp":10.32,"feels_like":9.44,"temp_min":10.32,"temp_max":10.32,"pressure":1022,"sea_level":1022,"grnd_level":1018,"humidity":78,"temp_kf":0},"weather":[{"id":800,"main":"Clear","description":"clear sky","icon":"01d"}],"clouds":{"all":8},"wind":{"speed":2.81,"deg":63,"gust":7.81},"visibility":10000,"pop":0,"sys":{"pod":"d"},"dt_txt":"2025-05-10 06:00:00"},{"dt":1746867600,"main":{"temp":16.61,"feels_like":15.66,"temp_min":16.61,"temp_max":16.61,"pressure":1022,"sea_level":1022,"grnd_level":1018,"humidity":51,"temp_kf":0},"weather":[{"id":801,"main":"Clouds","description":"few clouds","icon":"02d"}],"clouds":{"all":16},"wind":{"speed":4.75,"deg":76,"gust":7.18},"visibility":10000,"pop":0,"sys":{"pod":"d"},"dt_txt":"2025-05-10 09:00:00"},{"dt":1746878400,"main":{"temp":18.73,"feels_like":17.73,"temp_min":18.73,"temp_max":18.73,"pressure":1021,"sea_level":1021,"grnd_level":1017,"humidity":41,"temp_kf":0},"weather":[{"id":801,"main":"Clouds","description":"few clouds","icon":"02d"}],"clouds":{"all":17},"wind":{"speed":5.66,"deg":88,"gust":6.81},"visibility":10000,"pop":0,"sys":{"pod":"d"},"dt_txt":"2025-05-10 12:00:00"},{"dt":1746889200,"main":{"temp":18.11,"feels_like":17.07,"temp_min":18.11,"temp_max":18.11,"pressure":1021,"sea_level":1021,"grnd_level":1017,"humidity":42,"temp_kf":0},"weather":[{"id":803,"main":"Clouds","description":"broken clouds","icon":"04d"}],"clouds":{"all":74},"wind":{"speed":5.36,"deg":90,"gust":6.82},"visibility":10000,"pop":0,"sys":{"pod":"d"},"dt_txt":"2025-05-10 15:00:00"},{"dt":1746900000,"main":{"temp":15.68,"feels_like":14.45,"temp_min":15.68,"temp_max":15.68,"pressure":1021,"sea_level":1021,"grnd_level":1016,"humidity":44,"temp_kf":0},"weather":[{"id":802,"main":"Clouds","description":"scattered clouds","icon":"03d"}],"clouds":{"all":44},"wind":{"speed":4.79,"deg":78,"gust":7.25},"visibility":10000,"pop":0,"sys":{"pod":"d"},"dt_txt":"2025-05-10 18:00:00"},{"dt":1746910800,"main":{"temp":11.95,"feels_like":10.69,"temp_min":11.95,"temp_max":11.95,"pressure":1021,"sea_level":1021,"grnd_level":1017,"humidity":57,"temp_kf":0},"weather":[{"id":802,"main":"Clouds","description":"scattered clouds","icon":"03n"}],"clouds":{"all":50},"wind":{"speed":3.94,"deg":72,"gust":10.5},"visibility":10000,"pop":0,"sys":{"pod":"n"},"dt_txt":"2025-05-10 21:00:00"},{"dt":1746921600,"main":{"temp":10.58,"feels_like":9.76,"temp_min":10.58,"temp_max":10.58,"pressure":1020,"sea_level":1020,"grnd_level":1016,"humidity":79,"temp_kf":0},"weather":[{"id":802,"main":"Clouds","description":"scattered clouds","icon":"03n"}],"clouds":{"all":42},"wind":{"speed":3.67,"deg":71,"gust":11.32},"visibility":10000,"pop":0,"sys":{"pod":"n"},"dt_txt":"2025-05-11 00:00:00"},{"dt":1746932400,"main":{"temp":10.12,"feels_like":9.54,"temp_min":10.12,"temp_max":10.12,"pressure":1020,"sea_level":1020,"grnd_level":1015,"humidity":90,"temp_kf":0},"weather":[{"id":800,"main":"Clear","description":"clear sky","icon":"01n"}],"clouds":{"all":10},"wind":{"speed":3.22,"deg":70,"gust":10.47},"visibility":10000,"pop":0,"sys":{"pod":"n"},"dt_txt":"2025-05-11 03:00:00"},{"dt":1746943200,"main":{"temp":11.53,"feels_like":10.93,"temp_min":11.53,"temp_max":11.53,"pressure":1019,"sea_level":1019,"grnd_level":1015,"humidity":84,"temp_kf":0},"weather":[{"id":800,"main":"Clear","description":"clear sky","icon":"01d"}],"clouds":{"all":9},"wind":{"speed":3.85,"deg":68,"gust":10.46},"visibility":10000,"pop":0,"sys":{"pod":"d"},"dt_txt":"2025-05-11 06:00:00"},{"dt":1746954000,"main":{"temp":16.9,"feels_like":16.08,"temp_min":16.9,"temp_max":16.9,"pressure":1019,"sea_level":1019,"grnd_level":1015,"humidity":55,"temp_kf":0},"weather":[{"id":800,"main":"Clear","description":"clear sky","icon":"01d"}],"clouds":{"all":3},"wind":{"speed":5.22,"deg":83,"gust":7.57},"visibility":10000,"pop":0,"sys":{"pod":"d"},"dt_txt":"2025-05-11 09:00:00"},{"dt":1746964800,"main":{"temp":19.09,"feels_like":18.23,"temp_min":19.09,"temp_max":19.09,"pressure":1018,"sea_level":1018,"grnd_level":1014,"humidity":45,"temp_kf":0},"weather":[{"id":800,"main":"Clear","description":"clear sky","icon":"01d"}],"clouds":{"all":4},"wind":{"speed":5.63,"deg":88,"gust":6.76},"visibility":10000,"pop":0,"sys":{"pod":"d"},"dt_txt":"2025-05-11 12:00:00"},{"dt":1746975600,"main":{"temp":19.3,"feels_like":18.43,"temp_min":19.3,"temp_max":19.3,"pressure":1017,"sea_level":1017,"grnd_level":1013,"humidity":44,"temp_kf":0},"weather":[{"id":800,"main":"Clear","description":"clear sky","icon":"01d"}],"clouds":{"all":4},"wind":{"speed":4.99,"deg":89,"gust":5.88},"visibility":10000,"pop":0,"sys":{"pod":"d"},"dt_txt":"2025-05-11 15:00:00"},{"dt":1746986400,"main":{"temp":16.98,"feels_like":16.2,"temp_min":16.98,"temp_max":16.98,"pressure":1017,"sea_level":1017,"grnd_level":1013,"humidity":56,"temp_kf":0},"weather":[{"id":800,"main":"Clear","description":"clear sky","icon":"01d"}],"clouds":{"all":5},"wind":{"speed":4.73,"deg":79,"gust":6.4},"visibility":10000,"pop":0,"sys":{"pod":"d"},"dt_txt":"2025-05-11 18:00:00"},{"dt":1746997200,"main":{"temp":13.52,"feels_like":12.7,"temp_min":13.52,"temp_max":13.52,"pressure":1018,"sea_level":1018,"grnd_level":1013,"humidity":68,"temp_kf":0},"weather":[{"id":800,"main":"Clear","description":"clear sky","icon":"01n"}],"clouds":{"all":0},"wind":{"speed":3.63,"deg":63,"gust":10.57},"visibility":10000,"pop":0,"sys":{"pod":"n"},"dt_txt":"2025-05-11 21:00:00"}],"city":{"id":2643743,"name":"London","coord":{"lat":51.5073,"lon":-0.1276},"country":"GB","population":1000000,"timezone":3600,"sunrise":1746505384,"sunset":1746559868}}

23:53:30.853 [main] DEBUG com.jayway.jsonpath.internal.path.CompiledPath - Evaluating path: $['list'][0]['dt']
23:53:30.854 [main] DEBUG com.jayway.jsonpath.internal.path.CompiledPath - Evaluating path: $['list'][0]['main']['temp']
]]></system-out>
  </testcase>
  <testcase name="[1.3:28] Valid 5-day/3-hour forecast for coordinates 40.7128,-74.0060" classname="tests/test_forecast" time="0.247">
    <system-out><![CDATA[23:53:30.892 [main] DEBUG org.apache.http.client.protocol.RequestAddCookies - CookieSpec selected: karate
23:53:30.893 [main] DEBUG org.apache.http.client.protocol.RequestAuthCache - Auth cache not set in the context
23:53:30.893 [main] DEBUG com.intuit.karate - request:
1 > GET https://api.openweathermap.org/data/2.5/forecast?appid=4b66cf4f354cd07b407c07800dc8c2f9&lon=-74.0060&units=metric&lat=40.7128
1 > Accept: application/json
1 > Host: api.openweathermap.org
1 > Connection: Keep-Alive
1 > User-Agent: Apache-HttpClient/4.5.14 (Java/21.0.7)
1 > Accept-Encoding: gzip,deflate


23:53:30.893 [main] DEBUG org.apache.http.impl.conn.PoolingHttpClientConnectionManager - Connection request: [route: {s}->https://api.openweathermap.org:443][total available: 0; route allocated: 0 of 5; total allocated: 0 of 10]
23:53:30.893 [main] DEBUG org.apache.http.impl.conn.PoolingHttpClientConnectionManager - Connection leased: [id: 8][route: {s}->https://api.openweathermap.org:443][total available: 0; route allocated: 1 of 5; total allocated: 1 of 10]
23:53:30.893 [main] DEBUG org.apache.http.impl.execchain.MainClientExec - Opening connection {s}->https://api.openweathermap.org:443
23:53:30.894 [main] DEBUG org.apache.http.impl.conn.DefaultHttpClientConnectionOperator - Connecting to api.openweathermap.org/176.9.63.49:443
23:53:30.894 [main] DEBUG org.apache.http.conn.ssl.SSLConnectionSocketFactory - Connecting socket to api.openweathermap.org/176.9.63.49:443 with timeout 30000
23:53:30.939 [main] DEBUG org.apache.http.conn.ssl.SSLConnectionSocketFactory - Enabled protocols: [TLSv1.3, TLSv1.2]
23:53:30.939 [main] DEBUG org.apache.http.conn.ssl.SSLConnectionSocketFactory - Enabled cipher suites:[TLS_AES_256_GCM_SHA384, TLS_AES_128_GCM_SHA256, TLS_CHACHA20_POLY1305_SHA256, TLS_ECDHE_ECDSA_WITH_AES_256_GCM_SHA384, TLS_ECDHE_ECDSA_WITH_AES_128_GCM_SHA256, TLS_ECDHE_ECDSA_WITH_CHACHA20_POLY1305_SHA256, TLS_ECDHE_RSA_WITH_AES_256_GCM_SHA384, TLS_ECDHE_RSA_WITH_CHACHA20_POLY1305_SHA256, TLS_ECDHE_RSA_WITH_AES_128_GCM_SHA256, TLS_DHE_RSA_WITH_AES_256_GCM_SHA384, TLS_DHE_RSA_WITH_CHACHA20_POLY1305_SHA256, TLS_DHE_DSS_WITH_AES_256_GCM_SHA384, TLS_DHE_RSA_WITH_AES_128_GCM_SHA256, TLS_DHE_DSS_WITH_AES_128_GCM_SHA256, TLS_ECDHE_ECDSA_WITH_AES_256_CBC_SHA384, TLS_ECDHE_RSA_WITH_AES_256_CBC_SHA384, TLS_ECDHE_ECDSA_WITH_AES_128_CBC_SHA256, TLS_ECDHE_RSA_WITH_AES_128_CBC_SHA256, TLS_DHE_RSA_WITH_AES_256_CBC_SHA256, TLS_DHE_DSS_WITH_AES_256_CBC_SHA256, TLS_DHE_RSA_WITH_AES_128_CBC_SHA256, TLS_DHE_DSS_WITH_AES_128_CBC_SHA256, TLS_ECDHE_ECDSA_WITH_AES_256_CBC_SHA, TLS_ECDHE_RSA_WITH_AES_256_CBC_SHA, TLS_ECDHE_ECDSA_WITH_AES_128_CBC_SHA, TLS_ECDHE_RSA_WITH_AES_128_CBC_SHA, TLS_DHE_RSA_WITH_AES_256_CBC_SHA, TLS_DHE_DSS_WITH_AES_256_CBC_SHA, TLS_DHE_RSA_WITH_AES_128_CBC_SHA, TLS_DHE_DSS_WITH_AES_128_CBC_SHA, TLS_RSA_WITH_AES_256_GCM_SHA384, TLS_RSA_WITH_AES_128_GCM_SHA256, TLS_RSA_WITH_AES_256_CBC_SHA256, TLS_RSA_WITH_AES_128_CBC_SHA256, TLS_RSA_WITH_AES_256_CBC_SHA, TLS_RSA_WITH_AES_128_CBC_SHA, TLS_EMPTY_RENEGOTIATION_INFO_SCSV]
23:53:30.939 [main] DEBUG org.apache.http.conn.ssl.SSLConnectionSocketFactory - Starting handshake
23:53:30.994 [main] DEBUG org.apache.http.conn.ssl.SSLConnectionSocketFactory - Secure session established
23:53:30.994 [main] DEBUG org.apache.http.conn.ssl.SSLConnectionSocketFactory -  negotiated protocol: TLSv1.3
23:53:30.994 [main] DEBUG org.apache.http.conn.ssl.SSLConnectionSocketFactory -  negotiated cipher suite: TLS_AES_256_GCM_SHA384
23:53:30.994 [main] DEBUG org.apache.http.conn.ssl.SSLConnectionSocketFactory -  peer principal: CN=*.openweathermap.org, O=Openweather Ltd., ST=London, C=GB
23:53:30.994 [main] DEBUG org.apache.http.conn.ssl.SSLConnectionSocketFactory -  peer alternative names: [*.openweathermap.org, openweathermap.org]
23:53:30.994 [main] DEBUG org.apache.http.conn.ssl.SSLConnectionSocketFactory -  issuer principal: CN=Sectigo RSA Organization Validation Secure Server CA, O=Sectigo Limited, L=Salford, ST=Greater Manchester, C=GB
23:53:30.994 [main] DEBUG org.apache.http.impl.conn.DefaultHttpClientConnectionOperator - Connection established 192.168.1.135:42356<->176.9.63.49:443
23:53:30.994 [main] DEBUG org.apache.http.impl.conn.DefaultManagedHttpClientConnection - http-outgoing-8: set socket timeout to 30000
23:53:30.995 [main] DEBUG org.apache.http.impl.execchain.MainClientExec - Executing request GET /data/2.5/forecast?appid=4b66cf4f354cd07b407c07800dc8c2f9&lon=-74.0060&units=metric&lat=40.7128 HTTP/1.1
23:53:30.995 [main] DEBUG org.apache.http.impl.execchain.MainClientExec - Target auth state: UNCHALLENGED
23:53:30.995 [main] DEBUG org.apache.http.impl.execchain.MainClientExec - Proxy auth state: UNCHALLENGED
23:53:30.995 [main] DEBUG org.apache.http.headers - http-outgoing-8 >> GET /data/2.5/forecast?appid=4b66cf4f354cd07b407c07800dc8c2f9&lon=-74.0060&units=metric&lat=40.7128 HTTP/1.1
23:53:30.995 [main] DEBUG org.apache.http.headers - http-outgoing-8 >> Accept: application/json
23:53:30.995 [main] DEBUG org.apache.http.headers - http-outgoing-8 >> Host: api.openweathermap.org
23:53:30.995 [main] DEBUG org.apache.http.headers - http-outgoing-8 >> Connection: Keep-Alive
23:53:30.995 [main] DEBUG org.apache.http.headers - http-outgoing-8 >> User-Agent: Apache-HttpClient/4.5.14 (Java/21.0.7)
23:53:30.995 [main] DEBUG org.apache.http.headers - http-outgoing-8 >> Accept-Encoding: gzip,deflate
23:53:30.995 [main] DEBUG org.apache.http.wire - http-outgoing-8 >> "GET /data/2.5/forecast?appid=4b66cf4f354cd07b407c07800dc8c2f9&lon=-74.0060&units=metric&lat=40.7128 HTTP/1.1[\r][\n]"
23:53:30.995 [main] DEBUG org.apache.http.wire - http-outgoing-8 >> "Accept: application/json[\r][\n]"
23:53:30.995 [main] DEBUG org.apache.http.wire - http-outgoing-8 >> "Host: api.openweathermap.org[\r][\n]"
23:53:30.995 [main] DEBUG org.apache.http.wire - http-outgoing-8 >> "Connection: Keep-Alive[\r][\n]"
23:53:30.995 [main] DEBUG org.apache.http.wire - http-outgoing-8 >> "User-Agent: Apache-HttpClient/4.5.14 (Java/21.0.7)[\r][\n]"
23:53:30.995 [main] DEBUG org.apache.http.wire - http-outgoing-8 >> "Accept-Encoding: gzip,deflate[\r][\n]"
23:53:30.995 [main] DEBUG org.apache.http.wire - http-outgoing-8 >> "[\r][\n]"
23:53:31.088 [main] DEBUG org.apache.http.wire - http-outgoing-8 << "HTTP/1.1 200 OK[\r][\n]"
23:53:31.088 [main] DEBUG org.apache.http.wire - http-outgoing-8 << "Server: openresty[\r][\n]"
23:53:31.088 [main] DEBUG org.apache.http.wire - http-outgoing-8 << "Date: Tue, 06 May 2025 21:53:30 GMT[\r][\n]"
23:53:31.088 [main] DEBUG org.apache.http.wire - http-outgoing-8 << "Content-Type: application/json; charset=utf-8[\r][\n]"
23:53:31.088 [main] DEBUG org.apache.http.wire - http-outgoing-8 << "Content-Length: 16086[\r][\n]"
23:53:31.088 [main] DEBUG org.apache.http.wire - http-outgoing-8 << "Connection: keep-alive[\r][\n]"
23:53:31.088 [main] DEBUG org.apache.http.wire - http-outgoing-8 << "X-Cache-Key: /data/2.5/forecast?lat=40.71&lon=-74.01&units=metric[\r][\n]"
23:53:31.088 [main] DEBUG org.apache.http.wire - http-outgoing-8 << "Access-Control-Allow-Origin: *[\r][\n]"
23:53:31.089 [main] DEBUG org.apache.http.wire - http-outgoing-8 << "Access-Control-Allow-Credentials: true[\r][\n]"
23:53:31.089 [main] DEBUG org.apache.http.wire - http-outgoing-8 << "Access-Control-Allow-Methods: GET, POST[\r][\n]"
23:53:31.089 [main] DEBUG org.apache.http.wire - http-outgoing-8 << "[\r][\n]"
23:53:31.090 [main] DEBUG org.apache.http.wire - http-outgoing-8 << "{"cod":"200","message":0,"cnt":40,"list":[{"dt":1746576000,"main":{"temp":16.14,"feels_like":16.13,"temp_min":16.14,"temp_max":17.19,"pressure":1013,"sea_level":1013,"grnd_level":1012,"humidity":89,"temp_kf":-1.05},"weather":[{"id":500,"main":"Rain","description":"light rain","icon":"10n"}],"clouds":{"all":91},"wind":{"speed":4.14,"deg":185,"gust":11.18},"visibility":10000,"pop":1,"rain":{"3h":1.53},"sys":{"pod":"n"},"dt_txt":"2025-05-07 00:00:00"},{"dt":1746586800,"main":{"temp":14.81,"feels_like":14.49,"temp_min":14.4,"temp_max":14.81,"pressure":1014,"sea_level":1014,"grnd_level":1014,"humidity":82,"temp_kf":0.41},"weather":[{"id":803,"main":"Clouds","description":"broken clouds","icon":"04n"}],"clouds":{"all":60},"wind":{"speed":3.16,"deg":230,"gust":8.88},"visibility":10000,"pop":0,"sys":{"pod":"n"},"dt_txt":"2025-05-07 03:00:00"},{"dt":1746597600,"main":{"temp":13.97,"feels_like":13.35,"temp_min":13.97,"temp_max":13.97,"pressure":1015,"sea_level":1015,"grnd_level":1013,"humidity":74,"temp_kf":0},"weather":[{"id":802,"main":"Clouds","description":"scattered clouds","icon":"03n"}],"clouds":{"all":49},"wind":{"speed":3.71,"deg":250,"gust":9.91},"visibility":10000,"pop":0,"sys":{"pod":"n"},"dt_txt":"2025-05-07 06:00:00"},{"dt":1746608400,"main":{"temp":13.95,"feels_like":13.36,"temp_min":13.95,"temp_max":13.95,"pressure":1014,"sea_level":1014,"grnd_level":1013,"humidity":75,"temp_kf":0},"weather":[{"id":804,"main":"Clouds","description":"overcast clouds","icon":"04n"}],"clouds":{"all":100},"wind":{"speed":5.27,"deg":239,"gust":13.11},"visibility":10000,"pop":0,"sys":{"pod":"n"},"dt_txt":"2025-05-07 09:00:00"},{"dt":1746619200,"main":{"temp":14.58,"feels_like":14.05,"temp_min":14.58,"temp_max":14.58,"pressure":1016,"sea_level":1016,"grnd_level":1014,"humidity":75,"temp_kf":0},"weather":[{"id":804,"main":"Clouds","description":"overcast clouds","icon":"04d"}],"clouds":{"all":100},"wind":{"speed":3.85,"deg":248,"gust":7.7},"visibility":10000,"pop":0,"sys":{"pod":"d"},"dt_txt":"2025-05-07 12:00:00"},{"dt":1746630000,"main":{"temp":18.95,"feels_like":18.31,"temp_min":18.95,"temp_max":18.95,"pressure":1015,"sea_level":1015,"grnd_level":1013,"humidity":54,"temp_kf":0},"weather":[{"id":803,"main":"Clouds","description":"broken clouds","icon":"04d"}],"clouds":{"all":77},"wind":{"speed":4.62,"deg":248,"gust":6.69},"visibility":10000,"pop":0,"sys":{"pod":"d"},"dt_txt":"2025-05-07 15:00:00"},{"dt":1746640800,"main":{"temp":22.06,"feels_like":21.42,"temp_min":22.06,"temp_max":22.06,"pressure":1014,"sea_level":1014,"grnd_level":1013,"humidity":42,"temp_kf":0},"weather":[{"id":802,"main":"Clouds","description":"scattered clouds","icon":"03d"}],"clouds":{"all":43},"wind":{"speed":3.52,"deg":228,"gust":4.71},"visibility":10000,"pop":0,"sys":{"pod":"d"},"dt_txt":"2025-05-07 18:00:00"},{"dt":1746651600,"main":{"temp":21.39,"feels_like":20.84,"temp_min":21.39,"temp_max":21.39,"pressure":1014,"sea_level":1014,"grnd_level":1012,"humidity":48,"temp_kf":0},"weather":[{"id":803,"main":"Clouds","description":"broken clouds","icon":"04d"}],"clouds":{"all":62},"wind":{"speed":3.44,"deg":256,"gust":5.23},"visibility":10000,"pop":0,"sys":{"pod":"d"},"dt_txt":"2025-05-07 21:00:00"},{"dt":1746662400,"main":{"temp":19.83,"feels_like":19.33,"temp_min":19.83,"temp_max":19.83,"pressure":1015,"sea_level":1015,"grnd_level":1013,"humidity":56,"temp_kf":0},"weather":[{"id":803,"main":"Clouds","description":"broken clouds","icon":"04n"}],"clouds":{"all":81},"wind":{"speed":4,"deg":281,"gust":6.86},"visibility":10000,"pop":0,"sys":{"pod":"n"},"dt_txt":"2025-05-08 00:00:00"},{"dt":1746673200,"main":{"temp":18.06,"feels_like":17.67,"temp_min":18.06,"temp_max":18.06,"pressure":1016,"sea_level":1016,"grnd_level":1014,"humidity":67,"temp_kf":0},"weather":[{"id":804,"main":"Clouds","description":"overcast clouds","icon":"04n"}],"clouds":{"all":100},"wind":{"speed":3.08,"deg":326,"gust":6.85},"visibility":10000,"pop":0,"sys":{"pod":"n"},"dt_txt":"2025-05-08 03:00:00"},{"dt":1746684000,"main":{"temp":17.26,"feels_like":16.9,"temp_min":17.26,"temp_max":17.26,"pressure":1016,"sea_level":1016,"grnd_level":1014,"humidity":71,"temp_kf":0},"weather":[{"id":804,"main":"Clouds","description":"overcast clouds","icon":"04n"}],"clouds":{"all":100},"wind":{"speed":1.97,"deg":303,"gust":4.53},"visibility":10000,"pop":0,"sys":{"pod":"n"},"dt_txt":"2025-05-08 06:00:00"},{"dt":1746694800,"main":{"temp":15.92,"feels_like":15.6,"temp_min":15.92,"temp_max":15.92,"pressure":1017,"sea_level":1017,"grnd_level":1015,"humidity":78,"temp_kf":0},"weather":[{"id":804,"main":"Clouds","description":"overcast clouds","icon":"04n"}],"clouds":{"all":100},"wind":{"speed":2.14,"deg":315,"gust":4.96},"visibility":10000,"pop":0,"sys":{"pod":"n"},"dt_txt":"2025-05-08 09:00:00"},{"dt":1746705600,"main":{"temp":17.23,"feels_like":16.76,"temp_min":17.23,"temp_max":17.23,"pressure":1018,"sea_level":1018,"grnd_level":1016,"humidity":67,"temp_kf":0},"weather":[{"id":804,"main":"Clouds","description":"overcast clouds","icon":"04d"}],"clouds":{"all":99},"wind":{"speed":2.07,"deg":346,"gust":3.04},"visibility":10000,"pop":0,"sys":{"pod":"d"},"dt_txt":"2025-05-08 12:00:00"},{"dt":1746716400,"main":{"temp":20.9,"feels_like":20.4,"temp_min":20.9,"temp_max":20.9,"pressure":1018,"sea_level":1018,"grnd_level":1016,"humidity":52,"temp_kf":0},"weather":[{"id":804,"main":"Clouds","description":"overcast clouds","icon":"04d"}],"clouds":{"all":91},"wind":{"speed":1.26,"deg":341,"gust":1.8},"visibility":10000,"pop":0,"sys":{"pod":"d"},"dt_txt":"2025-05-08 15:00:00"},{"dt":1746727200,"main":{"temp":22.02,"feels_like":21.56,"temp_min":22.02,"temp_max":22.02,"pressure":1016,"sea_level":1016,"grnd_level":1015,"humidity":49,"temp_kf":0},"weather":[{"id":804,"main":"Clouds","description":"overcast clouds","icon":"04d"}],"clouds":{"all":94},"wind":{"speed":1.42,"deg":201,"gust":1.99},"visibility":10000,"pop":0,"sys":{"pod":"d"},"dt_txt":"2025-05-08 18:00:00"},{"dt":1746738000,"main":{"temp":20.03,"feels_like":19.58,"temp_min":20.03,"temp_max":20.03,"pressure":1016,"sea_level":1016,"grnd_level":1015,"humidity":57,"temp_kf":0},"weather":[{"id":500,"main":"Rain","description":"light rain","icon":"10d"}],"clouds":{"all":93},"wind":{"speed":3.22,"deg":151,"gust":2.52},"visibility":10000,"pop":0.48,"rain":{"3h":0.16},"sys":{"pod":"d"},"dt_txt":"2025-05-08 21:00:00"},{"dt":1746748800,"main":{"temp":18.41,"feels_like":17.95,"temp_min":18.41,"temp_max":18.41,"pressure":1017,"sea_level":1017,"grnd_level":1016,"humidity":63,"temp_kf":0},"weather":[{"id":804,"main":"Clouds","description":"overcast clouds","icon":"04n"}],"clouds":{"all":89},"wind":{"speed":4.03,"deg":149,"gust":5.03},"visibility":10000,"pop":0.35,"sys":{"pod":"n"},"dt_txt":"2025-05-09 00:00:00"},{"dt":1746759600,"main":{"temp":16.74,"feels_like":16.51,"temp_min":16.74,"temp_max":16.74,"pressure":1018,"sea_level":1018,"grnd_level":1016,"humidity":78,"temp_kf":0},"weather":[{"id":500,"main":"Rain","description":"light rain","icon":"10n"}],"clouds":{"all":100},"wind":{"speed":2.57,"deg":118,"gust":3.35},"visibility":10000,"pop":0.72,"rain":{"3h":0.49},"sys":{"pod":"n"},"dt_txt":"2025-05-09 03:00:00"},{"dt":1746770400,"main":{"temp":16.23,"feels_like":16.02,"temp_min":16.23,"temp_max":16.23,"pressure":1017,"sea_level":1017,"grnd_level":1016,"humidity":81,"temp_kf":0},"weather":[{"id":500,"main":"Rain","description":"light rain","icon":"10n"}],"clouds":{"all":100},"wind":{"speed":0.76,"deg":53,"gust":0.9},"visibility":10000,"pop":0.8,"rain":{"3h":0.41},"sys":{"pod":"n"},"dt_txt":"2025-05-09 06:00:00"},{"dt":1746781200,"main":{"temp":15.13,"feels_like":15.1,"temp_min":15.13,"temp_max":15.13,"pressure":1017,"sea_level":1017,"grnd_level":1015,"humidity":92,"temp_kf":0},"weather":[{"id":501,"main":"Rain","description":"moderate rain","icon":"10n"}],"clouds":{"a"
23:53:31.091 [main] DEBUG org.apache.http.headers - http-outgoing-8 << HTTP/1.1 200 OK
23:53:31.091 [main] DEBUG org.apache.http.headers - http-outgoing-8 << Server: openresty
23:53:31.091 [main] DEBUG org.apache.http.headers - http-outgoing-8 << Date: Tue, 06 May 2025 21:53:30 GMT
23:53:31.091 [main] DEBUG org.apache.http.headers - http-outgoing-8 << Content-Type: application/json; charset=utf-8
23:53:31.091 [main] DEBUG org.apache.http.headers - http-outgoing-8 << Content-Length: 16086
23:53:31.091 [main] DEBUG org.apache.http.headers - http-outgoing-8 << Connection: keep-alive
23:53:31.091 [main] DEBUG org.apache.http.headers - http-outgoing-8 << X-Cache-Key: /data/2.5/forecast?lat=40.71&lon=-74.01&units=metric
23:53:31.091 [main] DEBUG org.apache.http.headers - http-outgoing-8 << Access-Control-Allow-Origin: *
23:53:31.091 [main] DEBUG org.apache.http.headers - http-outgoing-8 << Access-Control-Allow-Credentials: true
23:53:31.091 [main] DEBUG org.apache.http.headers - http-outgoing-8 << Access-Control-Allow-Methods: GET, POST
23:53:31.091 [main] DEBUG org.apache.http.impl.execchain.MainClientExec - Connection can be kept alive indefinitely
23:53:31.092 [main] DEBUG org.apache.http.wire - http-outgoing-8 << "ll":100},"wind":{"speed":2.88,"deg":98,"gust":3.95},"visibility":4408,"pop":1,"rain":{"3h":4.02},"sys":{"pod":"n"},"dt_txt":"2025-05-09 09:00:00"},{"dt":1746792000,"main":{"temp":14.78,"feels_like":14.59,"temp_min":14.78,"temp_max":14.78,"pressure":1017,"sea_level":1017,"grnd_level":1016,"humidity":87,"temp_kf":0},"weather":[{"id":501,"main":"Rain","description":"moderate rain","icon":"10d"}],"clouds":{"all":100},"wind":{"speed":4.68,"deg":95,"gust":8.26},"visibility":10000,"pop":1,"rain":{"3h":5.45},"sys":{"pod":"d"},"dt_txt":"2025-05-09 12:00:00"},{"dt":1746802800,"main":{"temp":15.08,"feels_like":14.71,"temp_min":15.08,"temp_max":15.08,"pressure":1016,"sea_level":1016,"grnd_level":1015,"humidity":79,"temp_kf":0},"weather":[{"id":804,"main":"Clouds","description":"overcast clouds","icon":"04d"}],"clouds":{"all":100},"wind":{"speed":7.25,"deg":104,"gust":10.59},"visibility":10000,"pop":0.44,"sys":{"pod":"d"},"dt_txt":"2025-05-09 15:00:00"},{"dt":1746813600,"main":{"temp":13.22,"feels_like":12.95,"temp_min":1"
23:53:31.092 [main] DEBUG org.apache.http.wire - http-outgoing-8 << "3.22,"temp_max":13.22,"pressure":1017,"sea_level":1017,"grnd_level":1015,"humidity":90,"temp_kf":0},"weather":[{"id":501,"main":"Rain","description":"moderate rain","icon":"10d"}],"clouds":{"all":100},"wind":{"speed":6.06,"deg":108,"gust":8.8},"visibility":6836,"pop":1,"rain":{"3h":4.73},"sys":{"pod":"d"},"dt_txt":"2025-05-09 18:00:00"},{"dt":1746824400,"main":{"temp":12.51,"feels_like":12.27,"temp_min":12.51,"temp_max":12.51,"pressure":1016,"sea_level":1016,"grnd_level":1014,"humidity":94,"temp_kf":0},"weather":[{"id":502,"main":"Rain","description":"heavy intensity rain","icon":"10d"}],"clouds":{"all":100},"wind":{"speed":4.6,"deg":90,"gust":6.52},"visibility":4476,"pop":1,"rain":{"3h":12.97},"sys":{"pod":"d"},"dt_txt":"2025-05-09 21:00:00"},{"dt":1746835200,"main":{"temp":12.52,"feels_like":12.2,"temp_min":12.52,"temp_max":12.52,"pressure":1016,"sea_level":1016,"grnd_level":1015,"humidity":91,"temp_kf":0},"weather":[{"id":501,"main":"Rain","description":"moderate rain","icon":"10d"}],"clouds":{"all":100},""
23:53:31.092 [main] DEBUG org.apache.http.wire - http-outgoing-8 << "wind":{"speed":4.36,"deg":76,"gust":6.16},"visibility":10000,"pop":1,"rain":{"3h":4.64},"sys":{"pod":"d"},"dt_txt":"2025-05-10 00:00:00"},{"dt":1746846000,"main":{"temp":12.29,"feels_like":11.9,"temp_min":12.29,"temp_max":12.29,"pressure":1016,"sea_level":1016,"grnd_level":1015,"humidity":89,"temp_kf":0},"weather":[{"id":500,"main":"Rain","description":"light rain","icon":"10n"}],"clouds":{"all":100},"wind":{"speed":2.71,"deg":56,"gust":3.2},"visibility":10000,"pop":0.5,"rain":{"3h":0.25},"sys":{"pod":"n"},"dt_txt":"2025-05-10 03:00:00"},{"dt":1746856800,"main":{"temp":11.57,"feels_like":11.13,"temp_min":11.57,"temp_max":11.57,"pressure":1016,"sea_level":1016,"grnd_level":1014,"humidity":90,"temp_kf":0},"weather":[{"id":500,"main":"Rain","description":"light rain","icon":"10n"}],"clouds":{"all":100},"wind":{"speed":4.69,"deg":358,"gust":5.94},"visibility":10000,"pop":1,"rain":{"3h":0.84},"sys":{"pod":"n"},"dt_txt":"2025-05-10 06:00:00"},{"dt":1746867600,"main":{"temp":10.9,"feels_like":10.24,"temp_min":10.9,""
23:53:31.092 [main] DEBUG org.apache.http.wire - http-outgoing-8 << "temp_max":10.9,"pressure":1017,"sea_level":1017,"grnd_level":1015,"humidity":84,"temp_kf":0},"weather":[{"id":500,"main":"Rain","description":"light rain","icon":"10n"}],"clouds":{"all":100},"wind":{"speed":3.61,"deg":328,"gust":5.83},"visibility":10000,"pop":0.28,"rain":{"3h":0.26},"sys":{"pod":"n"},"dt_txt":"2025-05-10 09:00:00"},{"dt":1746878400,"main":{"temp":12,"feels_like":11.21,"temp_min":12,"temp_max":12,"pressure":1019,"sea_level":1019,"grnd_level":1017,"humidity":75,"temp_kf":0},"weather":[{"id":804,"main":"Clouds","description":"overcast clouds","icon":"04d"}],"clouds":{"all":85},"wind":{"speed":6.06,"deg":319,"gust":8.15},"visibility":10000,"pop":0,"sys":{"pod":"d"},"dt_txt":"2025-05-10 12:00:00"},{"dt":1746889200,"main":{"temp":15.72,"feels_like":14.78,"temp_min":15.72,"temp_max":15.72,"pressure":1019,"sea_level":1019,"grnd_level":1017,"humidity":55,"temp_kf":0},"weather":[{"id":802,"main":"Clouds","description":"scattered clouds","icon":"03d"}],"clouds":{"all":49},"wind":{"speed":6.7,"deg":337,""
23:53:31.093 [main] DEBUG org.apache.http.wire - http-outgoing-8 << "gust":8.9},"visibility":10000,"pop":0,"sys":{"pod":"d"},"dt_txt":"2025-05-10 15:00:00"},{"dt":1746900000,"main":{"temp":19.05,"feels_like":18.26,"temp_min":19.05,"temp_max":19.05,"pressure":1019,"sea_level":1019,"grnd_level":1017,"humidity":48,"temp_kf":0},"weather":[{"id":802,"main":"Clouds","description":"scattered clouds","icon":"03d"}],"clouds":{"all":38},"wind":{"speed":5.93,"deg":337,"gust":8.02},"visibility":10000,"pop":0,"sys":{"pod":"d"},"dt_txt":"2025-05-10 18:00:00"},{"dt":1746910800,"main":{"temp":19,"feels_like":18.24,"temp_min":19,"temp_max":19,"pressure":1020,"sea_level":1020,"grnd_level":1018,"humidity":49,"temp_kf":0},"weather":[{"id":803,"main":"Clouds","description":"broken clouds","icon":"04d"}],"clouds":{"all":79},"wind":{"speed":6.47,"deg":342,"gust":8.03},"visibility":10000,"pop":0,"sys":{"pod":"d"},"dt_txt":"2025-05-10 21:00:00"},{"dt":1746921600,"main":{"temp":17.48,"feels_like":16.72,"temp_min":17.48,"temp_max":17.48,"pressure":1022,"sea_level":1022,"grnd_level":1020,"humidity":55,"t"
23:53:31.093 [main] DEBUG org.apache.http.wire - http-outgoing-8 << "emp_kf":0},"weather":[{"id":804,"main":"Clouds","description":"overcast clouds","icon":"04d"}],"clouds":{"all":90},"wind":{"speed":2.28,"deg":21,"gust":3.64},"visibility":10000,"pop":0,"sys":{"pod":"d"},"dt_txt":"2025-05-11 00:00:00"},{"dt":1746932400,"main":{"temp":16.22,"feels_like":15.54,"temp_min":16.22,"temp_max":16.22,"pressure":1024,"sea_level":1024,"grnd_level":1022,"humidity":63,"temp_kf":0},"weather":[{"id":804,"main":"Clouds","description":"overcast clouds","icon":"04n"}],"clouds":{"all":99},"wind":{"speed":2.6,"deg":289,"gust":4.63},"visibility":10000,"pop":0,"sys":{"pod":"n"},"dt_txt":"2025-05-11 03:00:00"},{"dt":1746943200,"main":{"temp":14.33,"feels_like":13.36,"temp_min":14.33,"temp_max":14.33,"pressure":1024,"sea_level":1024,"grnd_level":1022,"humidity":59,"temp_kf":0},"weather":[{"id":803,"main":"Clouds","description":"broken clouds","icon":"04n"}],"clouds":{"all":83},"wind":{"speed":2.62,"deg":302,"gust":4.85},"visibility":10000,"pop":0,"sys":{"pod":"n"},"dt_txt":"2025-05-11 06:00:00"},{"dt"
23:53:31.093 [main] DEBUG org.apache.http.wire - http-outgoing-8 << "":1746954000,"main":{"temp":13.37,"feels_like":12.3,"temp_min":13.37,"temp_max":13.37,"pressure":1025,"sea_level":1025,"grnd_level":1023,"humidity":59,"temp_kf":0},"weather":[{"id":800,"main":"Clear","description":"clear sky","icon":"01n"}],"clouds":{"all":4},"wind":{"speed":2.55,"deg":334,"gust":5.62},"visibility":10000,"pop":0,"sys":{"pod":"n"},"dt_txt":"2025-05-11 09:00:00"},{"dt":1746964800,"main":{"temp":15.39,"feels_like":14.37,"temp_min":15.39,"temp_max":15.39,"pressure":1026,"sea_level":1026,"grnd_level":1025,"humidity":53,"temp_kf":0},"weather":[{"id":800,"main":"Clear","description":"clear sky","icon":"01d"}],"clouds":{"all":3},"wind":{"speed":3.11,"deg":336,"gust":4.91},"visibility":10000,"pop":0,"sys":{"pod":"d"},"dt_txt":"2025-05-11 12:00:00"},{"dt":1746975600,"main":{"temp":20.55,"feels_like":19.81,"temp_min":20.55,"temp_max":20.55,"pressure":1026,"sea_level":1026,"grnd_level":1025,"humidity":44,"temp_kf":0},"weather":[{"id":800,"main":"Clear","description":"clear sky","icon":"01d"}],"clouds":{""
23:53:31.094 [main] DEBUG org.apache.http.wire - http-outgoing-8 << "all":0},"wind":{"speed":2.32,"deg":326,"gust":3.35},"visibility":10000,"pop":0,"sys":{"pod":"d"},"dt_txt":"2025-05-11 15:00:00"},{"dt":1746986400,"main":{"temp":23.35,"feels_like":22.73,"temp_min":23.35,"temp_max":23.35,"pressure":1025,"sea_level":1025,"grnd_level":1024,"humidity":38,"temp_kf":0},"weather":[{"id":800,"main":"Clear","description":"clear sky","icon":"01d"}],"clouds":{"all":0},"wind":{"speed":1.17,"deg":341,"gust":3.33},"visibility":10000,"pop":0,"sys":{"pod":"d"},"dt_txt":"2025-05-11 18:00:00"},{"dt":1746997200,"main":{"temp":23.61,"feels_like":23.02,"temp_min":23.61,"temp_max":23.61,"pressure":1025,"sea_level":1025,"grnd_level":1023,"humidity":38,"temp_kf":0},"weather":[{"id":800,"main":"Clear","description":"clear sky","icon":"01d"}],"clouds":{"all":2},"wind":{"speed":0.29,"deg":196,"gust":3.05},"visibility":10000,"pop":0,"sys":{"pod":"d"},"dt_txt":"2025-05-11 21:00:00"}],"city":{"id":5128581,"name":"New York","coord":{"lat":40.7128,"lon":-74.006},"country":"US","population":8175133,"timezone"
23:53:31.094 [main] DEBUG org.apache.http.wire - http-outgoing-8 << "":-14400,"sunrise":1746524893,"sunset":1746575819}}"
23:53:31.094 [main] DEBUG org.apache.http.impl.conn.PoolingHttpClientConnectionManager - Connection [id: 8][route: {s}->https://api.openweathermap.org:443] can be kept alive indefinitely
23:53:31.094 [main] DEBUG org.apache.http.impl.conn.DefaultManagedHttpClientConnection - http-outgoing-8: set socket timeout to 0
23:53:31.094 [main] DEBUG org.apache.http.impl.conn.PoolingHttpClientConnectionManager - Connection released: [id: 8][route: {s}->https://api.openweathermap.org:443][total available: 1; route allocated: 1 of 5; total allocated: 1 of 10]
23:53:31.094 [main] DEBUG org.apache.http.impl.conn.PoolingHttpClientConnectionManager - Connection manager is shutting down
23:53:31.094 [main] DEBUG org.apache.http.impl.conn.DefaultManagedHttpClientConnection - http-outgoing-8: Close connection
23:53:31.095 [main] DEBUG org.apache.http.impl.conn.PoolingHttpClientConnectionManager - Connection manager shut down
23:53:31.095 [main] DEBUG com.intuit.karate - response time in milliseconds: 201
1 < 200
1 < Server: openresty
1 < Date: Tue, 06 May 2025 21:53:30 GMT
1 < Content-Type: application/json; charset=utf-8
1 < Content-Length: 16086
1 < Connection: keep-alive
1 < X-Cache-Key: /data/2.5/forecast?lat=40.71&lon=-74.01&units=metric
1 < Access-Control-Allow-Origin: *
1 < Access-Control-Allow-Credentials: true
1 < Access-Control-Allow-Methods: GET, POST
{"cod":"200","message":0,"cnt":40,"list":[{"dt":1746576000,"main":{"temp":16.14,"feels_like":16.13,"temp_min":16.14,"temp_max":17.19,"pressure":1013,"sea_level":1013,"grnd_level":1012,"humidity":89,"temp_kf":-1.05},"weather":[{"id":500,"main":"Rain","description":"light rain","icon":"10n"}],"clouds":{"all":91},"wind":{"speed":4.14,"deg":185,"gust":11.18},"visibility":10000,"pop":1,"rain":{"3h":1.53},"sys":{"pod":"n"},"dt_txt":"2025-05-07 00:00:00"},{"dt":1746586800,"main":{"temp":14.81,"feels_like":14.49,"temp_min":14.4,"temp_max":14.81,"pressure":1014,"sea_level":1014,"grnd_level":1014,"humidity":82,"temp_kf":0.41},"weather":[{"id":803,"main":"Clouds","description":"broken clouds","icon":"04n"}],"clouds":{"all":60},"wind":{"speed":3.16,"deg":230,"gust":8.88},"visibility":10000,"pop":0,"sys":{"pod":"n"},"dt_txt":"2025-05-07 03:00:00"},{"dt":1746597600,"main":{"temp":13.97,"feels_like":13.35,"temp_min":13.97,"temp_max":13.97,"pressure":1015,"sea_level":1015,"grnd_level":1013,"humidity":74,"temp_kf":0},"weather":[{"id":802,"main":"Clouds","description":"scattered clouds","icon":"03n"}],"clouds":{"all":49},"wind":{"speed":3.71,"deg":250,"gust":9.91},"visibility":10000,"pop":0,"sys":{"pod":"n"},"dt_txt":"2025-05-07 06:00:00"},{"dt":1746608400,"main":{"temp":13.95,"feels_like":13.36,"temp_min":13.95,"temp_max":13.95,"pressure":1014,"sea_level":1014,"grnd_level":1013,"humidity":75,"temp_kf":0},"weather":[{"id":804,"main":"Clouds","description":"overcast clouds","icon":"04n"}],"clouds":{"all":100},"wind":{"speed":5.27,"deg":239,"gust":13.11},"visibility":10000,"pop":0,"sys":{"pod":"n"},"dt_txt":"2025-05-07 09:00:00"},{"dt":1746619200,"main":{"temp":14.58,"feels_like":14.05,"temp_min":14.58,"temp_max":14.58,"pressure":1016,"sea_level":1016,"grnd_level":1014,"humidity":75,"temp_kf":0},"weather":[{"id":804,"main":"Clouds","description":"overcast clouds","icon":"04d"}],"clouds":{"all":100},"wind":{"speed":3.85,"deg":248,"gust":7.7},"visibility":10000,"pop":0,"sys":{"pod":"d"},"dt_txt":"2025-05-07 12:00:00"},{"dt":1746630000,"main":{"temp":18.95,"feels_like":18.31,"temp_min":18.95,"temp_max":18.95,"pressure":1015,"sea_level":1015,"grnd_level":1013,"humidity":54,"temp_kf":0},"weather":[{"id":803,"main":"Clouds","description":"broken clouds","icon":"04d"}],"clouds":{"all":77},"wind":{"speed":4.62,"deg":248,"gust":6.69},"visibility":10000,"pop":0,"sys":{"pod":"d"},"dt_txt":"2025-05-07 15:00:00"},{"dt":1746640800,"main":{"temp":22.06,"feels_like":21.42,"temp_min":22.06,"temp_max":22.06,"pressure":1014,"sea_level":1014,"grnd_level":1013,"humidity":42,"temp_kf":0},"weather":[{"id":802,"main":"Clouds","description":"scattered clouds","icon":"03d"}],"clouds":{"all":43},"wind":{"speed":3.52,"deg":228,"gust":4.71},"visibility":10000,"pop":0,"sys":{"pod":"d"},"dt_txt":"2025-05-07 18:00:00"},{"dt":1746651600,"main":{"temp":21.39,"feels_like":20.84,"temp_min":21.39,"temp_max":21.39,"pressure":1014,"sea_level":1014,"grnd_level":1012,"humidity":48,"temp_kf":0},"weather":[{"id":803,"main":"Clouds","description":"broken clouds","icon":"04d"}],"clouds":{"all":62},"wind":{"speed":3.44,"deg":256,"gust":5.23},"visibility":10000,"pop":0,"sys":{"pod":"d"},"dt_txt":"2025-05-07 21:00:00"},{"dt":1746662400,"main":{"temp":19.83,"feels_like":19.33,"temp_min":19.83,"temp_max":19.83,"pressure":1015,"sea_level":1015,"grnd_level":1013,"humidity":56,"temp_kf":0},"weather":[{"id":803,"main":"Clouds","description":"broken clouds","icon":"04n"}],"clouds":{"all":81},"wind":{"speed":4,"deg":281,"gust":6.86},"visibility":10000,"pop":0,"sys":{"pod":"n"},"dt_txt":"2025-05-08 00:00:00"},{"dt":1746673200,"main":{"temp":18.06,"feels_like":17.67,"temp_min":18.06,"temp_max":18.06,"pressure":1016,"sea_level":1016,"grnd_level":1014,"humidity":67,"temp_kf":0},"weather":[{"id":804,"main":"Clouds","description":"overcast clouds","icon":"04n"}],"clouds":{"all":100},"wind":{"speed":3.08,"deg":326,"gust":6.85},"visibility":10000,"pop":0,"sys":{"pod":"n"},"dt_txt":"2025-05-08 03:00:00"},{"dt":1746684000,"main":{"temp":17.26,"feels_like":16.9,"temp_min":17.26,"temp_max":17.26,"pressure":1016,"sea_level":1016,"grnd_level":1014,"humidity":71,"temp_kf":0},"weather":[{"id":804,"main":"Clouds","description":"overcast clouds","icon":"04n"}],"clouds":{"all":100},"wind":{"speed":1.97,"deg":303,"gust":4.53},"visibility":10000,"pop":0,"sys":{"pod":"n"},"dt_txt":"2025-05-08 06:00:00"},{"dt":1746694800,"main":{"temp":15.92,"feels_like":15.6,"temp_min":15.92,"temp_max":15.92,"pressure":1017,"sea_level":1017,"grnd_level":1015,"humidity":78,"temp_kf":0},"weather":[{"id":804,"main":"Clouds","description":"overcast clouds","icon":"04n"}],"clouds":{"all":100},"wind":{"speed":2.14,"deg":315,"gust":4.96},"visibility":10000,"pop":0,"sys":{"pod":"n"},"dt_txt":"2025-05-08 09:00:00"},{"dt":1746705600,"main":{"temp":17.23,"feels_like":16.76,"temp_min":17.23,"temp_max":17.23,"pressure":1018,"sea_level":1018,"grnd_level":1016,"humidity":67,"temp_kf":0},"weather":[{"id":804,"main":"Clouds","description":"overcast clouds","icon":"04d"}],"clouds":{"all":99},"wind":{"speed":2.07,"deg":346,"gust":3.04},"visibility":10000,"pop":0,"sys":{"pod":"d"},"dt_txt":"2025-05-08 12:00:00"},{"dt":1746716400,"main":{"temp":20.9,"feels_like":20.4,"temp_min":20.9,"temp_max":20.9,"pressure":1018,"sea_level":1018,"grnd_level":1016,"humidity":52,"temp_kf":0},"weather":[{"id":804,"main":"Clouds","description":"overcast clouds","icon":"04d"}],"clouds":{"all":91},"wind":{"speed":1.26,"deg":341,"gust":1.8},"visibility":10000,"pop":0,"sys":{"pod":"d"},"dt_txt":"2025-05-08 15:00:00"},{"dt":1746727200,"main":{"temp":22.02,"feels_like":21.56,"temp_min":22.02,"temp_max":22.02,"pressure":1016,"sea_level":1016,"grnd_level":1015,"humidity":49,"temp_kf":0},"weather":[{"id":804,"main":"Clouds","description":"overcast clouds","icon":"04d"}],"clouds":{"all":94},"wind":{"speed":1.42,"deg":201,"gust":1.99},"visibility":10000,"pop":0,"sys":{"pod":"d"},"dt_txt":"2025-05-08 18:00:00"},{"dt":1746738000,"main":{"temp":20.03,"feels_like":19.58,"temp_min":20.03,"temp_max":20.03,"pressure":1016,"sea_level":1016,"grnd_level":1015,"humidity":57,"temp_kf":0},"weather":[{"id":500,"main":"Rain","description":"light rain","icon":"10d"}],"clouds":{"all":93},"wind":{"speed":3.22,"deg":151,"gust":2.52},"visibility":10000,"pop":0.48,"rain":{"3h":0.16},"sys":{"pod":"d"},"dt_txt":"2025-05-08 21:00:00"},{"dt":1746748800,"main":{"temp":18.41,"feels_like":17.95,"temp_min":18.41,"temp_max":18.41,"pressure":1017,"sea_level":1017,"grnd_level":1016,"humidity":63,"temp_kf":0},"weather":[{"id":804,"main":"Clouds","description":"overcast clouds","icon":"04n"}],"clouds":{"all":89},"wind":{"speed":4.03,"deg":149,"gust":5.03},"visibility":10000,"pop":0.35,"sys":{"pod":"n"},"dt_txt":"2025-05-09 00:00:00"},{"dt":1746759600,"main":{"temp":16.74,"feels_like":16.51,"temp_min":16.74,"temp_max":16.74,"pressure":1018,"sea_level":1018,"grnd_level":1016,"humidity":78,"temp_kf":0},"weather":[{"id":500,"main":"Rain","description":"light rain","icon":"10n"}],"clouds":{"all":100},"wind":{"speed":2.57,"deg":118,"gust":3.35},"visibility":10000,"pop":0.72,"rain":{"3h":0.49},"sys":{"pod":"n"},"dt_txt":"2025-05-09 03:00:00"},{"dt":1746770400,"main":{"temp":16.23,"feels_like":16.02,"temp_min":16.23,"temp_max":16.23,"pressure":1017,"sea_level":1017,"grnd_level":1016,"humidity":81,"temp_kf":0},"weather":[{"id":500,"main":"Rain","description":"light rain","icon":"10n"}],"clouds":{"all":100},"wind":{"speed":0.76,"deg":53,"gust":0.9},"visibility":10000,"pop":0.8,"rain":{"3h":0.41},"sys":{"pod":"n"},"dt_txt":"2025-05-09 06:00:00"},{"dt":1746781200,"main":{"temp":15.13,"feels_like":15.1,"temp_min":15.13,"temp_max":15.13,"pressure":1017,"sea_level":1017,"grnd_level":1015,"humidity":92,"temp_kf":0},"weather":[{"id":501,"main":"Rain","description":"moderate rain","icon":"10n"}],"clouds":{"all":100},"wind":{"speed":2.88,"deg":98,"gust":3.95},"visibility":4408,"pop":1,"rain":{"3h":4.02},"sys":{"pod":"n"},"dt_txt":"2025-05-09 09:00:00"},{"dt":1746792000,"main":{"temp":14.78,"feels_like":14.59,"temp_min":14.78,"temp_max":14.78,"pressure":1017,"sea_level":1017,"grnd_level":1016,"humidity":87,"temp_kf":0},"weather":[{"id":501,"main":"Rain","description":"moderate rain","icon":"10d"}],"clouds":{"all":100},"wind":{"speed":4.68,"deg":95,"gust":8.26},"visibility":10000,"pop":1,"rain":{"3h":5.45},"sys":{"pod":"d"},"dt_txt":"2025-05-09 12:00:00"},{"dt":1746802800,"main":{"temp":15.08,"feels_like":14.71,"temp_min":15.08,"temp_max":15.08,"pressure":1016,"sea_level":1016,"grnd_level":1015,"humidity":79,"temp_kf":0},"weather":[{"id":804,"main":"Clouds","description":"overcast clouds","icon":"04d"}],"clouds":{"all":100},"wind":{"speed":7.25,"deg":104,"gust":10.59},"visibility":10000,"pop":0.44,"sys":{"pod":"d"},"dt_txt":"2025-05-09 15:00:00"},{"dt":1746813600,"main":{"temp":13.22,"feels_like":12.95,"temp_min":13.22,"temp_max":13.22,"pressure":1017,"sea_level":1017,"grnd_level":1015,"humidity":90,"temp_kf":0},"weather":[{"id":501,"main":"Rain","description":"moderate rain","icon":"10d"}],"clouds":{"all":100},"wind":{"speed":6.06,"deg":108,"gust":8.8},"visibility":6836,"pop":1,"rain":{"3h":4.73},"sys":{"pod":"d"},"dt_txt":"2025-05-09 18:00:00"},{"dt":1746824400,"main":{"temp":12.51,"feels_like":12.27,"temp_min":12.51,"temp_max":12.51,"pressure":1016,"sea_level":1016,"grnd_level":1014,"humidity":94,"temp_kf":0},"weather":[{"id":502,"main":"Rain","description":"heavy intensity rain","icon":"10d"}],"clouds":{"all":100},"wind":{"speed":4.6,"deg":90,"gust":6.52},"visibility":4476,"pop":1,"rain":{"3h":12.97},"sys":{"pod":"d"},"dt_txt":"2025-05-09 21:00:00"},{"dt":1746835200,"main":{"temp":12.52,"feels_like":12.2,"temp_min":12.52,"temp_max":12.52,"pressure":1016,"sea_level":1016,"grnd_level":1015,"humidity":91,"temp_kf":0},"weather":[{"id":501,"main":"Rain","description":"moderate rain","icon":"10d"}],"clouds":{"all":100},"wind":{"speed":4.36,"deg":76,"gust":6.16},"visibility":10000,"pop":1,"rain":{"3h":4.64},"sys":{"pod":"d"},"dt_txt":"2025-05-10 00:00:00"},{"dt":1746846000,"main":{"temp":12.29,"feels_like":11.9,"temp_min":12.29,"temp_max":12.29,"pressure":1016,"sea_level":1016,"grnd_level":1015,"humidity":89,"temp_kf":0},"weather":[{"id":500,"main":"Rain","description":"light rain","icon":"10n"}],"clouds":{"all":100},"wind":{"speed":2.71,"deg":56,"gust":3.2},"visibility":10000,"pop":0.5,"rain":{"3h":0.25},"sys":{"pod":"n"},"dt_txt":"2025-05-10 03:00:00"},{"dt":1746856800,"main":{"temp":11.57,"feels_like":11.13,"temp_min":11.57,"temp_max":11.57,"pressure":1016,"sea_level":1016,"grnd_level":1014,"humidity":90,"temp_kf":0},"weather":[{"id":500,"main":"Rain","description":"light rain","icon":"10n"}],"clouds":{"all":100},"wind":{"speed":4.69,"deg":358,"gust":5.94},"visibility":10000,"pop":1,"rain":{"3h":0.84},"sys":{"pod":"n"},"dt_txt":"2025-05-10 06:00:00"},{"dt":1746867600,"main":{"temp":10.9,"feels_like":10.24,"temp_min":10.9,"temp_max":10.9,"pressure":1017,"sea_level":1017,"grnd_level":1015,"humidity":84,"temp_kf":0},"weather":[{"id":500,"main":"Rain","description":"light rain","icon":"10n"}],"clouds":{"all":100},"wind":{"speed":3.61,"deg":328,"gust":5.83},"visibility":10000,"pop":0.28,"rain":{"3h":0.26},"sys":{"pod":"n"},"dt_txt":"2025-05-10 09:00:00"},{"dt":1746878400,"main":{"temp":12,"feels_like":11.21,"temp_min":12,"temp_max":12,"pressure":1019,"sea_level":1019,"grnd_level":1017,"humidity":75,"temp_kf":0},"weather":[{"id":804,"main":"Clouds","description":"overcast clouds","icon":"04d"}],"clouds":{"all":85},"wind":{"speed":6.06,"deg":319,"gust":8.15},"visibility":10000,"pop":0,"sys":{"pod":"d"},"dt_txt":"2025-05-10 12:00:00"},{"dt":1746889200,"main":{"temp":15.72,"feels_like":14.78,"temp_min":15.72,"temp_max":15.72,"pressure":1019,"sea_level":1019,"grnd_level":1017,"humidity":55,"temp_kf":0},"weather":[{"id":802,"main":"Clouds","description":"scattered clouds","icon":"03d"}],"clouds":{"all":49},"wind":{"speed":6.7,"deg":337,"gust":8.9},"visibility":10000,"pop":0,"sys":{"pod":"d"},"dt_txt":"2025-05-10 15:00:00"},{"dt":1746900000,"main":{"temp":19.05,"feels_like":18.26,"temp_min":19.05,"temp_max":19.05,"pressure":1019,"sea_level":1019,"grnd_level":1017,"humidity":48,"temp_kf":0},"weather":[{"id":802,"main":"Clouds","description":"scattered clouds","icon":"03d"}],"clouds":{"all":38},"wind":{"speed":5.93,"deg":337,"gust":8.02},"visibility":10000,"pop":0,"sys":{"pod":"d"},"dt_txt":"2025-05-10 18:00:00"},{"dt":1746910800,"main":{"temp":19,"feels_like":18.24,"temp_min":19,"temp_max":19,"pressure":1020,"sea_level":1020,"grnd_level":1018,"humidity":49,"temp_kf":0},"weather":[{"id":803,"main":"Clouds","description":"broken clouds","icon":"04d"}],"clouds":{"all":79},"wind":{"speed":6.47,"deg":342,"gust":8.03},"visibility":10000,"pop":0,"sys":{"pod":"d"},"dt_txt":"2025-05-10 21:00:00"},{"dt":1746921600,"main":{"temp":17.48,"feels_like":16.72,"temp_min":17.48,"temp_max":17.48,"pressure":1022,"sea_level":1022,"grnd_level":1020,"humidity":55,"temp_kf":0},"weather":[{"id":804,"main":"Clouds","description":"overcast clouds","icon":"04d"}],"clouds":{"all":90},"wind":{"speed":2.28,"deg":21,"gust":3.64},"visibility":10000,"pop":0,"sys":{"pod":"d"},"dt_txt":"2025-05-11 00:00:00"},{"dt":1746932400,"main":{"temp":16.22,"feels_like":15.54,"temp_min":16.22,"temp_max":16.22,"pressure":1024,"sea_level":1024,"grnd_level":1022,"humidity":63,"temp_kf":0},"weather":[{"id":804,"main":"Clouds","description":"overcast clouds","icon":"04n"}],"clouds":{"all":99},"wind":{"speed":2.6,"deg":289,"gust":4.63},"visibility":10000,"pop":0,"sys":{"pod":"n"},"dt_txt":"2025-05-11 03:00:00"},{"dt":1746943200,"main":{"temp":14.33,"feels_like":13.36,"temp_min":14.33,"temp_max":14.33,"pressure":1024,"sea_level":1024,"grnd_level":1022,"humidity":59,"temp_kf":0},"weather":[{"id":803,"main":"Clouds","description":"broken clouds","icon":"04n"}],"clouds":{"all":83},"wind":{"speed":2.62,"deg":302,"gust":4.85},"visibility":10000,"pop":0,"sys":{"pod":"n"},"dt_txt":"2025-05-11 06:00:00"},{"dt":1746954000,"main":{"temp":13.37,"feels_like":12.3,"temp_min":13.37,"temp_max":13.37,"pressure":1025,"sea_level":1025,"grnd_level":1023,"humidity":59,"temp_kf":0},"weather":[{"id":800,"main":"Clear","description":"clear sky","icon":"01n"}],"clouds":{"all":4},"wind":{"speed":2.55,"deg":334,"gust":5.62},"visibility":10000,"pop":0,"sys":{"pod":"n"},"dt_txt":"2025-05-11 09:00:00"},{"dt":1746964800,"main":{"temp":15.39,"feels_like":14.37,"temp_min":15.39,"temp_max":15.39,"pressure":1026,"sea_level":1026,"grnd_level":1025,"humidity":53,"temp_kf":0},"weather":[{"id":800,"main":"Clear","description":"clear sky","icon":"01d"}],"clouds":{"all":3},"wind":{"speed":3.11,"deg":336,"gust":4.91},"visibility":10000,"pop":0,"sys":{"pod":"d"},"dt_txt":"2025-05-11 12:00:00"},{"dt":1746975600,"main":{"temp":20.55,"feels_like":19.81,"temp_min":20.55,"temp_max":20.55,"pressure":1026,"sea_level":1026,"grnd_level":1025,"humidity":44,"temp_kf":0},"weather":[{"id":800,"main":"Clear","description":"clear sky","icon":"01d"}],"clouds":{"all":0},"wind":{"speed":2.32,"deg":326,"gust":3.35},"visibility":10000,"pop":0,"sys":{"pod":"d"},"dt_txt":"2025-05-11 15:00:00"},{"dt":1746986400,"main":{"temp":23.35,"feels_like":22.73,"temp_min":23.35,"temp_max":23.35,"pressure":1025,"sea_level":1025,"grnd_level":1024,"humidity":38,"temp_kf":0},"weather":[{"id":800,"main":"Clear","description":"clear sky","icon":"01d"}],"clouds":{"all":0},"wind":{"speed":1.17,"deg":341,"gust":3.33},"visibility":10000,"pop":0,"sys":{"pod":"d"},"dt_txt":"2025-05-11 18:00:00"},{"dt":1746997200,"main":{"temp":23.61,"feels_like":23.02,"temp_min":23.61,"temp_max":23.61,"pressure":1025,"sea_level":1025,"grnd_level":1023,"humidity":38,"temp_kf":0},"weather":[{"id":800,"main":"Clear","description":"clear sky","icon":"01d"}],"clouds":{"all":2},"wind":{"speed":0.29,"deg":196,"gust":3.05},"visibility":10000,"pop":0,"sys":{"pod":"d"},"dt_txt":"2025-05-11 21:00:00"}],"city":{"id":5128581,"name":"New York","coord":{"lat":40.7128,"lon":-74.006},"country":"US","population":8175133,"timezone":-14400,"sunrise":1746524893,"sunset":1746575819}}

23:53:31.101 [main] DEBUG com.jayway.jsonpath.internal.path.CompiledPath - Evaluating path: $['list'][0]['dt']
23:53:31.102 [main] DEBUG com.jayway.jsonpath.internal.path.CompiledPath - Evaluating path: $['list'][0]['main']['temp']
]]></system-out>
  </testcase>
  <testcase name="[2:30] Missing latitude returns 400" classname="tests/test_forecast" time="0.17">
    <system-out><![CDATA[23:53:31.118 [main] DEBUG org.apache.http.client.protocol.RequestAddCookies - CookieSpec selected: karate
23:53:31.119 [main] DEBUG org.apache.http.client.protocol.RequestAuthCache - Auth cache not set in the context
23:53:31.119 [main] DEBUG com.intuit.karate - request:
1 > GET https://api.openweathermap.org/data/2.5/forecast?appid=4b66cf4f354cd07b407c07800dc8c2f9&lon=-3.7038
1 > Accept: application/json
1 > Host: api.openweathermap.org
1 > Connection: Keep-Alive
1 > User-Agent: Apache-HttpClient/4.5.14 (Java/21.0.7)
1 > Accept-Encoding: gzip,deflate


23:53:31.119 [main] DEBUG org.apache.http.impl.conn.PoolingHttpClientConnectionManager - Connection request: [route: {s}->https://api.openweathermap.org:443][total available: 0; route allocated: 0 of 5; total allocated: 0 of 10]
23:53:31.119 [main] DEBUG org.apache.http.impl.conn.PoolingHttpClientConnectionManager - Connection leased: [id: 9][route: {s}->https://api.openweathermap.org:443][total available: 0; route allocated: 1 of 5; total allocated: 1 of 10]
23:53:31.120 [main] DEBUG org.apache.http.impl.execchain.MainClientExec - Opening connection {s}->https://api.openweathermap.org:443
23:53:31.120 [main] DEBUG org.apache.http.impl.conn.DefaultHttpClientConnectionOperator - Connecting to api.openweathermap.org/176.9.63.49:443
23:53:31.120 [main] DEBUG org.apache.http.conn.ssl.SSLConnectionSocketFactory - Connecting socket to api.openweathermap.org/176.9.63.49:443 with timeout 30000
23:53:31.165 [main] DEBUG org.apache.http.conn.ssl.SSLConnectionSocketFactory - Enabled protocols: [TLSv1.3, TLSv1.2]
23:53:31.165 [main] DEBUG org.apache.http.conn.ssl.SSLConnectionSocketFactory - Enabled cipher suites:[TLS_AES_256_GCM_SHA384, TLS_AES_128_GCM_SHA256, TLS_CHACHA20_POLY1305_SHA256, TLS_ECDHE_ECDSA_WITH_AES_256_GCM_SHA384, TLS_ECDHE_ECDSA_WITH_AES_128_GCM_SHA256, TLS_ECDHE_ECDSA_WITH_CHACHA20_POLY1305_SHA256, TLS_ECDHE_RSA_WITH_AES_256_GCM_SHA384, TLS_ECDHE_RSA_WITH_CHACHA20_POLY1305_SHA256, TLS_ECDHE_RSA_WITH_AES_128_GCM_SHA256, TLS_DHE_RSA_WITH_AES_256_GCM_SHA384, TLS_DHE_RSA_WITH_CHACHA20_POLY1305_SHA256, TLS_DHE_DSS_WITH_AES_256_GCM_SHA384, TLS_DHE_RSA_WITH_AES_128_GCM_SHA256, TLS_DHE_DSS_WITH_AES_128_GCM_SHA256, TLS_ECDHE_ECDSA_WITH_AES_256_CBC_SHA384, TLS_ECDHE_RSA_WITH_AES_256_CBC_SHA384, TLS_ECDHE_ECDSA_WITH_AES_128_CBC_SHA256, TLS_ECDHE_RSA_WITH_AES_128_CBC_SHA256, TLS_DHE_RSA_WITH_AES_256_CBC_SHA256, TLS_DHE_DSS_WITH_AES_256_CBC_SHA256, TLS_DHE_RSA_WITH_AES_128_CBC_SHA256, TLS_DHE_DSS_WITH_AES_128_CBC_SHA256, TLS_ECDHE_ECDSA_WITH_AES_256_CBC_SHA, TLS_ECDHE_RSA_WITH_AES_256_CBC_SHA, TLS_ECDHE_ECDSA_WITH_AES_128_CBC_SHA, TLS_ECDHE_RSA_WITH_AES_128_CBC_SHA, TLS_DHE_RSA_WITH_AES_256_CBC_SHA, TLS_DHE_DSS_WITH_AES_256_CBC_SHA, TLS_DHE_RSA_WITH_AES_128_CBC_SHA, TLS_DHE_DSS_WITH_AES_128_CBC_SHA, TLS_RSA_WITH_AES_256_GCM_SHA384, TLS_RSA_WITH_AES_128_GCM_SHA256, TLS_RSA_WITH_AES_256_CBC_SHA256, TLS_RSA_WITH_AES_128_CBC_SHA256, TLS_RSA_WITH_AES_256_CBC_SHA, TLS_RSA_WITH_AES_128_CBC_SHA, TLS_EMPTY_RENEGOTIATION_INFO_SCSV]
23:53:31.165 [main] DEBUG org.apache.http.conn.ssl.SSLConnectionSocketFactory - Starting handshake
23:53:31.222 [main] DEBUG org.apache.http.conn.ssl.SSLConnectionSocketFactory - Secure session established
23:53:31.222 [main] DEBUG org.apache.http.conn.ssl.SSLConnectionSocketFactory -  negotiated protocol: TLSv1.3
23:53:31.222 [main] DEBUG org.apache.http.conn.ssl.SSLConnectionSocketFactory -  negotiated cipher suite: TLS_AES_256_GCM_SHA384
23:53:31.222 [main] DEBUG org.apache.http.conn.ssl.SSLConnectionSocketFactory -  peer principal: CN=*.openweathermap.org, O=Openweather Ltd., ST=London, C=GB
23:53:31.222 [main] DEBUG org.apache.http.conn.ssl.SSLConnectionSocketFactory -  peer alternative names: [*.openweathermap.org, openweathermap.org]
23:53:31.222 [main] DEBUG org.apache.http.conn.ssl.SSLConnectionSocketFactory -  issuer principal: CN=Sectigo RSA Organization Validation Secure Server CA, O=Sectigo Limited, L=Salford, ST=Greater Manchester, C=GB
23:53:31.223 [main] DEBUG org.apache.http.impl.conn.DefaultHttpClientConnectionOperator - Connection established 192.168.1.135:42366<->176.9.63.49:443
23:53:31.223 [main] DEBUG org.apache.http.impl.conn.DefaultManagedHttpClientConnection - http-outgoing-9: set socket timeout to 30000
23:53:31.223 [main] DEBUG org.apache.http.impl.execchain.MainClientExec - Executing request GET /data/2.5/forecast?appid=4b66cf4f354cd07b407c07800dc8c2f9&lon=-3.7038 HTTP/1.1
23:53:31.223 [main] DEBUG org.apache.http.impl.execchain.MainClientExec - Target auth state: UNCHALLENGED
23:53:31.223 [main] DEBUG org.apache.http.impl.execchain.MainClientExec - Proxy auth state: UNCHALLENGED
23:53:31.223 [main] DEBUG org.apache.http.headers - http-outgoing-9 >> GET /data/2.5/forecast?appid=4b66cf4f354cd07b407c07800dc8c2f9&lon=-3.7038 HTTP/1.1
23:53:31.223 [main] DEBUG org.apache.http.headers - http-outgoing-9 >> Accept: application/json
23:53:31.223 [main] DEBUG org.apache.http.headers - http-outgoing-9 >> Host: api.openweathermap.org
23:53:31.223 [main] DEBUG org.apache.http.headers - http-outgoing-9 >> Connection: Keep-Alive
23:53:31.223 [main] DEBUG org.apache.http.headers - http-outgoing-9 >> User-Agent: Apache-HttpClient/4.5.14 (Java/21.0.7)
23:53:31.223 [main] DEBUG org.apache.http.headers - http-outgoing-9 >> Accept-Encoding: gzip,deflate
23:53:31.223 [main] DEBUG org.apache.http.wire - http-outgoing-9 >> "GET /data/2.5/forecast?appid=4b66cf4f354cd07b407c07800dc8c2f9&lon=-3.7038 HTTP/1.1[\r][\n]"
23:53:31.223 [main] DEBUG org.apache.http.wire - http-outgoing-9 >> "Accept: application/json[\r][\n]"
23:53:31.223 [main] DEBUG org.apache.http.wire - http-outgoing-9 >> "Host: api.openweathermap.org[\r][\n]"
23:53:31.223 [main] DEBUG org.apache.http.wire - http-outgoing-9 >> "Connection: Keep-Alive[\r][\n]"
23:53:31.224 [main] DEBUG org.apache.http.wire - http-outgoing-9 >> "User-Agent: Apache-HttpClient/4.5.14 (Java/21.0.7)[\r][\n]"
23:53:31.224 [main] DEBUG org.apache.http.wire - http-outgoing-9 >> "Accept-Encoding: gzip,deflate[\r][\n]"
23:53:31.224 [main] DEBUG org.apache.http.wire - http-outgoing-9 >> "[\r][\n]"
23:53:31.270 [main] DEBUG org.apache.http.wire - http-outgoing-9 << "HTTP/1.1 400 Bad Request[\r][\n]"
23:53:31.270 [main] DEBUG org.apache.http.wire - http-outgoing-9 << "Server: openresty[\r][\n]"
23:53:31.270 [main] DEBUG org.apache.http.wire - http-outgoing-9 << "Date: Tue, 06 May 2025 21:53:31 GMT[\r][\n]"
23:53:31.270 [main] DEBUG org.apache.http.wire - http-outgoing-9 << "Content-Type: application/json; charset=utf-8[\r][\n]"
23:53:31.270 [main] DEBUG org.apache.http.wire - http-outgoing-9 << "Content-Length: 44[\r][\n]"
23:53:31.270 [main] DEBUG org.apache.http.wire - http-outgoing-9 << "Connection: keep-alive[\r][\n]"
23:53:31.270 [main] DEBUG org.apache.http.wire - http-outgoing-9 << "X-Cache-Key: /data/2.5/forecast?lon=-3.7[\r][\n]"
23:53:31.270 [main] DEBUG org.apache.http.wire - http-outgoing-9 << "Access-Control-Allow-Origin: *[\r][\n]"
23:53:31.270 [main] DEBUG org.apache.http.wire - http-outgoing-9 << "Access-Control-Allow-Credentials: true[\r][\n]"
23:53:31.270 [main] DEBUG org.apache.http.wire - http-outgoing-9 << "Access-Control-Allow-Methods: GET, POST[\r][\n]"
23:53:31.270 [main] DEBUG org.apache.http.wire - http-outgoing-9 << "[\r][\n]"
23:53:31.270 [main] DEBUG org.apache.http.wire - http-outgoing-9 << "{"cod":"400","message":"Nothing to geocode"}"
23:53:31.271 [main] DEBUG org.apache.http.headers - http-outgoing-9 << HTTP/1.1 400 Bad Request
23:53:31.271 [main] DEBUG org.apache.http.headers - http-outgoing-9 << Server: openresty
23:53:31.271 [main] DEBUG org.apache.http.headers - http-outgoing-9 << Date: Tue, 06 May 2025 21:53:31 GMT
23:53:31.271 [main] DEBUG org.apache.http.headers - http-outgoing-9 << Content-Type: application/json; charset=utf-8
23:53:31.271 [main] DEBUG org.apache.http.headers - http-outgoing-9 << Content-Length: 44
23:53:31.271 [main] DEBUG org.apache.http.headers - http-outgoing-9 << Connection: keep-alive
23:53:31.271 [main] DEBUG org.apache.http.headers - http-outgoing-9 << X-Cache-Key: /data/2.5/forecast?lon=-3.7
23:53:31.271 [main] DEBUG org.apache.http.headers - http-outgoing-9 << Access-Control-Allow-Origin: *
23:53:31.271 [main] DEBUG org.apache.http.headers - http-outgoing-9 << Access-Control-Allow-Credentials: true
23:53:31.271 [main] DEBUG org.apache.http.headers - http-outgoing-9 << Access-Control-Allow-Methods: GET, POST
23:53:31.271 [main] DEBUG org.apache.http.impl.execchain.MainClientExec - Connection can be kept alive indefinitely
23:53:31.271 [main] DEBUG org.apache.http.impl.conn.PoolingHttpClientConnectionManager - Connection [id: 9][route: {s}->https://api.openweathermap.org:443] can be kept alive indefinitely
23:53:31.271 [main] DEBUG org.apache.http.impl.conn.DefaultManagedHttpClientConnection - http-outgoing-9: set socket timeout to 0
23:53:31.271 [main] DEBUG org.apache.http.impl.conn.PoolingHttpClientConnectionManager - Connection released: [id: 9][route: {s}->https://api.openweathermap.org:443][total available: 1; route allocated: 1 of 5; total allocated: 1 of 10]
23:53:31.271 [main] DEBUG org.apache.http.impl.conn.PoolingHttpClientConnectionManager - Connection manager is shutting down
23:53:31.271 [main] DEBUG org.apache.http.impl.conn.DefaultManagedHttpClientConnection - http-outgoing-9: Close connection
23:53:31.272 [main] DEBUG org.apache.http.impl.conn.PoolingHttpClientConnectionManager - Connection manager shut down
23:53:31.272 [main] DEBUG com.intuit.karate - response time in milliseconds: 152
1 < 400
1 < Server: openresty
1 < Date: Tue, 06 May 2025 21:53:31 GMT
1 < Content-Type: application/json; charset=utf-8
1 < Content-Length: 44
1 < Connection: keep-alive
1 < X-Cache-Key: /data/2.5/forecast?lon=-3.7
1 < Access-Control-Allow-Origin: *
1 < Access-Control-Allow-Credentials: true
1 < Access-Control-Allow-Methods: GET, POST
{"cod":"400","message":"Nothing to geocode"}

]]></system-out>
  </testcase>
  <testcase name="[3:36] Missing longitude returns 400" classname="tests/test_forecast" time="0.165">
    <system-out><![CDATA[23:53:31.291 [main] DEBUG org.apache.http.client.protocol.RequestAddCookies - CookieSpec selected: karate
23:53:31.291 [main] DEBUG org.apache.http.client.protocol.RequestAuthCache - Auth cache not set in the context
23:53:31.291 [main] DEBUG com.intuit.karate - request:
1 > GET https://api.openweathermap.org/data/2.5/forecast?appid=4b66cf4f354cd07b407c07800dc8c2f9&lat=40.4168
1 > Accept: application/json
1 > Host: api.openweathermap.org
1 > Connection: Keep-Alive
1 > User-Agent: Apache-HttpClient/4.5.14 (Java/21.0.7)
1 > Accept-Encoding: gzip,deflate


23:53:31.292 [main] DEBUG org.apache.http.impl.conn.PoolingHttpClientConnectionManager - Connection request: [route: {s}->https://api.openweathermap.org:443][total available: 0; route allocated: 0 of 5; total allocated: 0 of 10]
23:53:31.292 [main] DEBUG org.apache.http.impl.conn.PoolingHttpClientConnectionManager - Connection leased: [id: 10][route: {s}->https://api.openweathermap.org:443][total available: 0; route allocated: 1 of 5; total allocated: 1 of 10]
23:53:31.292 [main] DEBUG org.apache.http.impl.execchain.MainClientExec - Opening connection {s}->https://api.openweathermap.org:443
23:53:31.292 [main] DEBUG org.apache.http.impl.conn.DefaultHttpClientConnectionOperator - Connecting to api.openweathermap.org/176.9.63.49:443
23:53:31.292 [main] DEBUG org.apache.http.conn.ssl.SSLConnectionSocketFactory - Connecting socket to api.openweathermap.org/176.9.63.49:443 with timeout 30000
23:53:31.337 [main] DEBUG org.apache.http.conn.ssl.SSLConnectionSocketFactory - Enabled protocols: [TLSv1.3, TLSv1.2]
23:53:31.337 [main] DEBUG org.apache.http.conn.ssl.SSLConnectionSocketFactory - Enabled cipher suites:[TLS_AES_256_GCM_SHA384, TLS_AES_128_GCM_SHA256, TLS_CHACHA20_POLY1305_SHA256, TLS_ECDHE_ECDSA_WITH_AES_256_GCM_SHA384, TLS_ECDHE_ECDSA_WITH_AES_128_GCM_SHA256, TLS_ECDHE_ECDSA_WITH_CHACHA20_POLY1305_SHA256, TLS_ECDHE_RSA_WITH_AES_256_GCM_SHA384, TLS_ECDHE_RSA_WITH_CHACHA20_POLY1305_SHA256, TLS_ECDHE_RSA_WITH_AES_128_GCM_SHA256, TLS_DHE_RSA_WITH_AES_256_GCM_SHA384, TLS_DHE_RSA_WITH_CHACHA20_POLY1305_SHA256, TLS_DHE_DSS_WITH_AES_256_GCM_SHA384, TLS_DHE_RSA_WITH_AES_128_GCM_SHA256, TLS_DHE_DSS_WITH_AES_128_GCM_SHA256, TLS_ECDHE_ECDSA_WITH_AES_256_CBC_SHA384, TLS_ECDHE_RSA_WITH_AES_256_CBC_SHA384, TLS_ECDHE_ECDSA_WITH_AES_128_CBC_SHA256, TLS_ECDHE_RSA_WITH_AES_128_CBC_SHA256, TLS_DHE_RSA_WITH_AES_256_CBC_SHA256, TLS_DHE_DSS_WITH_AES_256_CBC_SHA256, TLS_DHE_RSA_WITH_AES_128_CBC_SHA256, TLS_DHE_DSS_WITH_AES_128_CBC_SHA256, TLS_ECDHE_ECDSA_WITH_AES_256_CBC_SHA, TLS_ECDHE_RSA_WITH_AES_256_CBC_SHA, TLS_ECDHE_ECDSA_WITH_AES_128_CBC_SHA, TLS_ECDHE_RSA_WITH_AES_128_CBC_SHA, TLS_DHE_RSA_WITH_AES_256_CBC_SHA, TLS_DHE_DSS_WITH_AES_256_CBC_SHA, TLS_DHE_RSA_WITH_AES_128_CBC_SHA, TLS_DHE_DSS_WITH_AES_128_CBC_SHA, TLS_RSA_WITH_AES_256_GCM_SHA384, TLS_RSA_WITH_AES_128_GCM_SHA256, TLS_RSA_WITH_AES_256_CBC_SHA256, TLS_RSA_WITH_AES_128_CBC_SHA256, TLS_RSA_WITH_AES_256_CBC_SHA, TLS_RSA_WITH_AES_128_CBC_SHA, TLS_EMPTY_RENEGOTIATION_INFO_SCSV]
23:53:31.337 [main] DEBUG org.apache.http.conn.ssl.SSLConnectionSocketFactory - Starting handshake
23:53:31.391 [main] DEBUG org.apache.http.conn.ssl.SSLConnectionSocketFactory - Secure session established
23:53:31.391 [main] DEBUG org.apache.http.conn.ssl.SSLConnectionSocketFactory -  negotiated protocol: TLSv1.3
23:53:31.391 [main] DEBUG org.apache.http.conn.ssl.SSLConnectionSocketFactory -  negotiated cipher suite: TLS_AES_256_GCM_SHA384
23:53:31.391 [main] DEBUG org.apache.http.conn.ssl.SSLConnectionSocketFactory -  peer principal: CN=*.openweathermap.org, O=Openweather Ltd., ST=London, C=GB
23:53:31.391 [main] DEBUG org.apache.http.conn.ssl.SSLConnectionSocketFactory -  peer alternative names: [*.openweathermap.org, openweathermap.org]
23:53:31.391 [main] DEBUG org.apache.http.conn.ssl.SSLConnectionSocketFactory -  issuer principal: CN=Sectigo RSA Organization Validation Secure Server CA, O=Sectigo Limited, L=Salford, ST=Greater Manchester, C=GB
23:53:31.391 [main] DEBUG org.apache.http.impl.conn.DefaultHttpClientConnectionOperator - Connection established 192.168.1.135:42370<->176.9.63.49:443
23:53:31.391 [main] DEBUG org.apache.http.impl.conn.DefaultManagedHttpClientConnection - http-outgoing-10: set socket timeout to 30000
23:53:31.391 [main] DEBUG org.apache.http.impl.execchain.MainClientExec - Executing request GET /data/2.5/forecast?appid=4b66cf4f354cd07b407c07800dc8c2f9&lat=40.4168 HTTP/1.1
23:53:31.391 [main] DEBUG org.apache.http.impl.execchain.MainClientExec - Target auth state: UNCHALLENGED
23:53:31.391 [main] DEBUG org.apache.http.impl.execchain.MainClientExec - Proxy auth state: UNCHALLENGED
23:53:31.392 [main] DEBUG org.apache.http.headers - http-outgoing-10 >> GET /data/2.5/forecast?appid=4b66cf4f354cd07b407c07800dc8c2f9&lat=40.4168 HTTP/1.1
23:53:31.392 [main] DEBUG org.apache.http.headers - http-outgoing-10 >> Accept: application/json
23:53:31.392 [main] DEBUG org.apache.http.headers - http-outgoing-10 >> Host: api.openweathermap.org
23:53:31.392 [main] DEBUG org.apache.http.headers - http-outgoing-10 >> Connection: Keep-Alive
23:53:31.392 [main] DEBUG org.apache.http.headers - http-outgoing-10 >> User-Agent: Apache-HttpClient/4.5.14 (Java/21.0.7)
23:53:31.392 [main] DEBUG org.apache.http.headers - http-outgoing-10 >> Accept-Encoding: gzip,deflate
23:53:31.392 [main] DEBUG org.apache.http.wire - http-outgoing-10 >> "GET /data/2.5/forecast?appid=4b66cf4f354cd07b407c07800dc8c2f9&lat=40.4168 HTTP/1.1[\r][\n]"
23:53:31.392 [main] DEBUG org.apache.http.wire - http-outgoing-10 >> "Accept: application/json[\r][\n]"
23:53:31.392 [main] DEBUG org.apache.http.wire - http-outgoing-10 >> "Host: api.openweathermap.org[\r][\n]"
23:53:31.392 [main] DEBUG org.apache.http.wire - http-outgoing-10 >> "Connection: Keep-Alive[\r][\n]"
23:53:31.392 [main] DEBUG org.apache.http.wire - http-outgoing-10 >> "User-Agent: Apache-HttpClient/4.5.14 (Java/21.0.7)[\r][\n]"
23:53:31.392 [main] DEBUG org.apache.http.wire - http-outgoing-10 >> "Accept-Encoding: gzip,deflate[\r][\n]"
23:53:31.392 [main] DEBUG org.apache.http.wire - http-outgoing-10 >> "[\r][\n]"
23:53:31.437 [main] DEBUG org.apache.http.wire - http-outgoing-10 << "HTTP/1.1 400 Bad Request[\r][\n]"
23:53:31.437 [main] DEBUG org.apache.http.wire - http-outgoing-10 << "Server: openresty[\r][\n]"
23:53:31.437 [main] DEBUG org.apache.http.wire - http-outgoing-10 << "Date: Tue, 06 May 2025 21:53:31 GMT[\r][\n]"
23:53:31.437 [main] DEBUG org.apache.http.wire - http-outgoing-10 << "Content-Type: application/json; charset=utf-8[\r][\n]"
23:53:31.437 [main] DEBUG org.apache.http.wire - http-outgoing-10 << "Content-Length: 44[\r][\n]"
23:53:31.437 [main] DEBUG org.apache.http.wire - http-outgoing-10 << "Connection: keep-alive[\r][\n]"
23:53:31.437 [main] DEBUG org.apache.http.wire - http-outgoing-10 << "X-Cache-Key: /data/2.5/forecast?lat=40.42[\r][\n]"
23:53:31.437 [main] DEBUG org.apache.http.wire - http-outgoing-10 << "Access-Control-Allow-Origin: *[\r][\n]"
23:53:31.437 [main] DEBUG org.apache.http.wire - http-outgoing-10 << "Access-Control-Allow-Credentials: true[\r][\n]"
23:53:31.437 [main] DEBUG org.apache.http.wire - http-outgoing-10 << "Access-Control-Allow-Methods: GET, POST[\r][\n]"
23:53:31.437 [main] DEBUG org.apache.http.wire - http-outgoing-10 << "[\r][\n]"
23:53:31.437 [main] DEBUG org.apache.http.wire - http-outgoing-10 << "{"cod":"400","message":"Nothing to geocode"}"
23:53:31.438 [main] DEBUG org.apache.http.headers - http-outgoing-10 << HTTP/1.1 400 Bad Request
23:53:31.438 [main] DEBUG org.apache.http.headers - http-outgoing-10 << Server: openresty
23:53:31.438 [main] DEBUG org.apache.http.headers - http-outgoing-10 << Date: Tue, 06 May 2025 21:53:31 GMT
23:53:31.438 [main] DEBUG org.apache.http.headers - http-outgoing-10 << Content-Type: application/json; charset=utf-8
23:53:31.438 [main] DEBUG org.apache.http.headers - http-outgoing-10 << Content-Length: 44
23:53:31.438 [main] DEBUG org.apache.http.headers - http-outgoing-10 << Connection: keep-alive
23:53:31.438 [main] DEBUG org.apache.http.headers - http-outgoing-10 << X-Cache-Key: /data/2.5/forecast?lat=40.42
23:53:31.438 [main] DEBUG org.apache.http.headers - http-outgoing-10 << Access-Control-Allow-Origin: *
23:53:31.438 [main] DEBUG org.apache.http.headers - http-outgoing-10 << Access-Control-Allow-Credentials: true
23:53:31.438 [main] DEBUG org.apache.http.headers - http-outgoing-10 << Access-Control-Allow-Methods: GET, POST
23:53:31.438 [main] DEBUG org.apache.http.impl.execchain.MainClientExec - Connection can be kept alive indefinitely
23:53:31.438 [main] DEBUG org.apache.http.impl.conn.PoolingHttpClientConnectionManager - Connection [id: 10][route: {s}->https://api.openweathermap.org:443] can be kept alive indefinitely
23:53:31.438 [main] DEBUG org.apache.http.impl.conn.DefaultManagedHttpClientConnection - http-outgoing-10: set socket timeout to 0
23:53:31.438 [main] DEBUG org.apache.http.impl.conn.PoolingHttpClientConnectionManager - Connection released: [id: 10][route: {s}->https://api.openweathermap.org:443][total available: 1; route allocated: 1 of 5; total allocated: 1 of 10]
23:53:31.438 [main] DEBUG org.apache.http.impl.conn.PoolingHttpClientConnectionManager - Connection manager is shutting down
23:53:31.438 [main] DEBUG org.apache.http.impl.conn.DefaultManagedHttpClientConnection - http-outgoing-10: Close connection
23:53:31.439 [main] DEBUG org.apache.http.impl.conn.PoolingHttpClientConnectionManager - Connection manager shut down
23:53:31.439 [main] DEBUG com.intuit.karate - response time in milliseconds: 146
1 < 400
1 < Server: openresty
1 < Date: Tue, 06 May 2025 21:53:31 GMT
1 < Content-Type: application/json; charset=utf-8
1 < Content-Length: 44
1 < Connection: keep-alive
1 < X-Cache-Key: /data/2.5/forecast?lat=40.42
1 < Access-Control-Allow-Origin: *
1 < Access-Control-Allow-Credentials: true
1 < Access-Control-Allow-Methods: GET, POST
{"cod":"400","message":"Nothing to geocode"}

]]></system-out>
  </testcase>
  <testcase name="[4:42] Forecast in imperial units returns numeric temp" classname="tests/test_forecast" time="0.22">
    <system-out><![CDATA[23:53:31.457 [main] DEBUG org.apache.http.client.protocol.RequestAddCookies - CookieSpec selected: karate
23:53:31.458 [main] DEBUG org.apache.http.client.protocol.RequestAuthCache - Auth cache not set in the context
23:53:31.458 [main] DEBUG com.intuit.karate - request:
1 > GET https://api.openweathermap.org/data/2.5/forecast?appid=4b66cf4f354cd07b407c07800dc8c2f9&lon=-3.7038&units=imperial&lat=40.4168
1 > Accept: application/json
1 > Host: api.openweathermap.org
1 > Connection: Keep-Alive
1 > User-Agent: Apache-HttpClient/4.5.14 (Java/21.0.7)
1 > Accept-Encoding: gzip,deflate


23:53:31.458 [main] DEBUG org.apache.http.impl.conn.PoolingHttpClientConnectionManager - Connection request: [route: {s}->https://api.openweathermap.org:443][total available: 0; route allocated: 0 of 5; total allocated: 0 of 10]
23:53:31.458 [main] DEBUG org.apache.http.impl.conn.PoolingHttpClientConnectionManager - Connection leased: [id: 11][route: {s}->https://api.openweathermap.org:443][total available: 0; route allocated: 1 of 5; total allocated: 1 of 10]
23:53:31.458 [main] DEBUG org.apache.http.impl.execchain.MainClientExec - Opening connection {s}->https://api.openweathermap.org:443
23:53:31.459 [main] DEBUG org.apache.http.impl.conn.DefaultHttpClientConnectionOperator - Connecting to api.openweathermap.org/176.9.63.49:443
23:53:31.459 [main] DEBUG org.apache.http.conn.ssl.SSLConnectionSocketFactory - Connecting socket to api.openweathermap.org/176.9.63.49:443 with timeout 30000
23:53:31.505 [main] DEBUG org.apache.http.conn.ssl.SSLConnectionSocketFactory - Enabled protocols: [TLSv1.3, TLSv1.2]
23:53:31.505 [main] DEBUG org.apache.http.conn.ssl.SSLConnectionSocketFactory - Enabled cipher suites:[TLS_AES_256_GCM_SHA384, TLS_AES_128_GCM_SHA256, TLS_CHACHA20_POLY1305_SHA256, TLS_ECDHE_ECDSA_WITH_AES_256_GCM_SHA384, TLS_ECDHE_ECDSA_WITH_AES_128_GCM_SHA256, TLS_ECDHE_ECDSA_WITH_CHACHA20_POLY1305_SHA256, TLS_ECDHE_RSA_WITH_AES_256_GCM_SHA384, TLS_ECDHE_RSA_WITH_CHACHA20_POLY1305_SHA256, TLS_ECDHE_RSA_WITH_AES_128_GCM_SHA256, TLS_DHE_RSA_WITH_AES_256_GCM_SHA384, TLS_DHE_RSA_WITH_CHACHA20_POLY1305_SHA256, TLS_DHE_DSS_WITH_AES_256_GCM_SHA384, TLS_DHE_RSA_WITH_AES_128_GCM_SHA256, TLS_DHE_DSS_WITH_AES_128_GCM_SHA256, TLS_ECDHE_ECDSA_WITH_AES_256_CBC_SHA384, TLS_ECDHE_RSA_WITH_AES_256_CBC_SHA384, TLS_ECDHE_ECDSA_WITH_AES_128_CBC_SHA256, TLS_ECDHE_RSA_WITH_AES_128_CBC_SHA256, TLS_DHE_RSA_WITH_AES_256_CBC_SHA256, TLS_DHE_DSS_WITH_AES_256_CBC_SHA256, TLS_DHE_RSA_WITH_AES_128_CBC_SHA256, TLS_DHE_DSS_WITH_AES_128_CBC_SHA256, TLS_ECDHE_ECDSA_WITH_AES_256_CBC_SHA, TLS_ECDHE_RSA_WITH_AES_256_CBC_SHA, TLS_ECDHE_ECDSA_WITH_AES_128_CBC_SHA, TLS_ECDHE_RSA_WITH_AES_128_CBC_SHA, TLS_DHE_RSA_WITH_AES_256_CBC_SHA, TLS_DHE_DSS_WITH_AES_256_CBC_SHA, TLS_DHE_RSA_WITH_AES_128_CBC_SHA, TLS_DHE_DSS_WITH_AES_128_CBC_SHA, TLS_RSA_WITH_AES_256_GCM_SHA384, TLS_RSA_WITH_AES_128_GCM_SHA256, TLS_RSA_WITH_AES_256_CBC_SHA256, TLS_RSA_WITH_AES_128_CBC_SHA256, TLS_RSA_WITH_AES_256_CBC_SHA, TLS_RSA_WITH_AES_128_CBC_SHA, TLS_EMPTY_RENEGOTIATION_INFO_SCSV]
23:53:31.505 [main] DEBUG org.apache.http.conn.ssl.SSLConnectionSocketFactory - Starting handshake
23:53:31.559 [main] DEBUG org.apache.http.conn.ssl.SSLConnectionSocketFactory - Secure session established
23:53:31.559 [main] DEBUG org.apache.http.conn.ssl.SSLConnectionSocketFactory -  negotiated protocol: TLSv1.3
23:53:31.559 [main] DEBUG org.apache.http.conn.ssl.SSLConnectionSocketFactory -  negotiated cipher suite: TLS_AES_256_GCM_SHA384
23:53:31.559 [main] DEBUG org.apache.http.conn.ssl.SSLConnectionSocketFactory -  peer principal: CN=*.openweathermap.org, O=Openweather Ltd., ST=London, C=GB
23:53:31.559 [main] DEBUG org.apache.http.conn.ssl.SSLConnectionSocketFactory -  peer alternative names: [*.openweathermap.org, openweathermap.org]
23:53:31.559 [main] DEBUG org.apache.http.conn.ssl.SSLConnectionSocketFactory -  issuer principal: CN=Sectigo RSA Organization Validation Secure Server CA, O=Sectigo Limited, L=Salford, ST=Greater Manchester, C=GB
23:53:31.559 [main] DEBUG org.apache.http.impl.conn.DefaultHttpClientConnectionOperator - Connection established 192.168.1.135:42378<->176.9.63.49:443
23:53:31.559 [main] DEBUG org.apache.http.impl.conn.DefaultManagedHttpClientConnection - http-outgoing-11: set socket timeout to 30000
23:53:31.559 [main] DEBUG org.apache.http.impl.execchain.MainClientExec - Executing request GET /data/2.5/forecast?appid=4b66cf4f354cd07b407c07800dc8c2f9&lon=-3.7038&units=imperial&lat=40.4168 HTTP/1.1
23:53:31.559 [main] DEBUG org.apache.http.impl.execchain.MainClientExec - Target auth state: UNCHALLENGED
23:53:31.559 [main] DEBUG org.apache.http.impl.execchain.MainClientExec - Proxy auth state: UNCHALLENGED
23:53:31.559 [main] DEBUG org.apache.http.headers - http-outgoing-11 >> GET /data/2.5/forecast?appid=4b66cf4f354cd07b407c07800dc8c2f9&lon=-3.7038&units=imperial&lat=40.4168 HTTP/1.1
23:53:31.559 [main] DEBUG org.apache.http.headers - http-outgoing-11 >> Accept: application/json
23:53:31.559 [main] DEBUG org.apache.http.headers - http-outgoing-11 >> Host: api.openweathermap.org
23:53:31.559 [main] DEBUG org.apache.http.headers - http-outgoing-11 >> Connection: Keep-Alive
23:53:31.559 [main] DEBUG org.apache.http.headers - http-outgoing-11 >> User-Agent: Apache-HttpClient/4.5.14 (Java/21.0.7)
23:53:31.559 [main] DEBUG org.apache.http.headers - http-outgoing-11 >> Accept-Encoding: gzip,deflate
23:53:31.560 [main] DEBUG org.apache.http.wire - http-outgoing-11 >> "GET /data/2.5/forecast?appid=4b66cf4f354cd07b407c07800dc8c2f9&lon=-3.7038&units=imperial&lat=40.4168 HTTP/1.1[\r][\n]"
23:53:31.560 [main] DEBUG org.apache.http.wire - http-outgoing-11 >> "Accept: application/json[\r][\n]"
23:53:31.560 [main] DEBUG org.apache.http.wire - http-outgoing-11 >> "Host: api.openweathermap.org[\r][\n]"
23:53:31.560 [main] DEBUG org.apache.http.wire - http-outgoing-11 >> "Connection: Keep-Alive[\r][\n]"
23:53:31.560 [main] DEBUG org.apache.http.wire - http-outgoing-11 >> "User-Agent: Apache-HttpClient/4.5.14 (Java/21.0.7)[\r][\n]"
23:53:31.560 [main] DEBUG org.apache.http.wire - http-outgoing-11 >> "Accept-Encoding: gzip,deflate[\r][\n]"
23:53:31.560 [main] DEBUG org.apache.http.wire - http-outgoing-11 >> "[\r][\n]"
23:53:31.651 [main] DEBUG org.apache.http.wire - http-outgoing-11 << "HTTP/1.1 200 OK[\r][\n]"
23:53:31.651 [main] DEBUG org.apache.http.wire - http-outgoing-11 << "Server: openresty[\r][\n]"
23:53:31.651 [main] DEBUG org.apache.http.wire - http-outgoing-11 << "Date: Tue, 06 May 2025 21:53:31 GMT[\r][\n]"
23:53:31.651 [main] DEBUG org.apache.http.wire - http-outgoing-11 << "Content-Type: application/json; charset=utf-8[\r][\n]"
23:53:31.651 [main] DEBUG org.apache.http.wire - http-outgoing-11 << "Content-Length: 15996[\r][\n]"
23:53:31.651 [main] DEBUG org.apache.http.wire - http-outgoing-11 << "Connection: keep-alive[\r][\n]"
23:53:31.651 [main] DEBUG org.apache.http.wire - http-outgoing-11 << "X-Cache-Key: /data/2.5/forecast?lat=40.42&lon=-3.7&units=imperial[\r][\n]"
23:53:31.651 [main] DEBUG org.apache.http.wire - http-outgoing-11 << "Access-Control-Allow-Origin: *[\r][\n]"
23:53:31.651 [main] DEBUG org.apache.http.wire - http-outgoing-11 << "Access-Control-Allow-Credentials: true[\r][\n]"
23:53:31.651 [main] DEBUG org.apache.http.wire - http-outgoing-11 << "Access-Control-Allow-Methods: GET, POST[\r][\n]"
23:53:31.651 [main] DEBUG org.apache.http.wire - http-outgoing-11 << "[\r][\n]"
23:53:31.653 [main] DEBUG org.apache.http.wire - http-outgoing-11 << "{"cod":"200","message":0,"cnt":40,"list":[{"dt":1746576000,"main":{"temp":52.65,"feels_like":50.2,"temp_min":50.32,"temp_max":52.65,"pressure":1014,"sea_level":1014,"grnd_level":940,"humidity":55,"temp_kf":1.29},"weather":[{"id":802,"main":"Clouds","description":"scattered clouds","icon":"03n"}],"clouds":{"all":43},"wind":{"speed":12.5,"deg":38,"gust":21.07},"visibility":10000,"pop":0,"sys":{"pod":"n"},"dt_txt":"2025-05-07 00:00:00"},{"dt":1746586800,"main":{"temp":50.18,"feels_like":47.39,"temp_min":48.36,"temp_max":50.18,"pressure":1014,"sea_level":1014,"grnd_level":939,"humidity":53,"temp_kf":1.01},"weather":[{"id":801,"main":"Clouds","description":"few clouds","icon":"02n"}],"clouds":{"all":20},"wind":{"speed":11.41,"deg":45,"gust":20.42},"visibility":10000,"pop":0,"sys":{"pod":"n"},"dt_txt":"2025-05-07 03:00:00"},{"dt":1746597600,"main":{"temp":48.49,"feels_like":43.99,"temp_min":48.49,"temp_max":48.49,"pressure":1015,"sea_level":1015,"grnd_level":939,"humidity":51,"temp_kf":0},"weather":[{"id":801,"main":"Clouds","description":"few clouds","icon":"02d"}],"clouds":{"all":21},"wind":{"speed":10.51,"deg":41,"gust":18.41},"visibility":10000,"pop":0,"sys":{"pod":"d"},"dt_txt":"2025-05-07 06:00:00"},{"dt":1746608400,"main":{"temp":56.43,"feels_like":53.74,"temp_min":56.43,"temp_max":56.43,"pressure":1014,"sea_level":1014,"grnd_level":940,"humidity":42,"temp_kf":0},"weather":[{"id":801,"main":"Clouds","description":"few clouds","icon":"02d"}],"clouds":{"all":17},"wind":{"speed":8.39,"deg":59,"gust":8.37},"visibility":10000,"pop":0,"sys":{"pod":"d"},"dt_txt":"2025-05-07 09:00:00"},{"dt":1746619200,"main":{"temp":53.87,"feels_like":50.85,"temp_min":53.87,"temp_max":53.87,"pressure":1013,"sea_level":1013,"grnd_level":939,"humidity":40,"temp_kf":0},"weather":[{"id":802,"main":"Clouds","description":"scattered clouds","icon":"03d"}],"clouds":{"all":48},"wind":{"speed":4.79,"deg":131,"gust":5.32},"visibility":10000,"pop":0,"sys":{"pod":"d"},"dt_txt":"2025-05-07 12:00:00"},{"dt":1746630000,"main":{"temp":66.63,"feels_like":64.63,"temp_min":66.63,"temp_max":66.63,"pressure":1011,"sea_level":1011,"grnd_level":937,"humidity":35,"temp_kf":0},"weather":[{"id":804,"main":"Clouds","description":"overcast clouds","icon":"04d"}],"clouds":{"all":100},"wind":{"speed":4.56,"deg":212,"gust":8.79},"visibility":10000,"pop":0,"sys":{"pod":"d"},"dt_txt":"2025-05-07 15:00:00"},{"dt":1746640800,"main":{"temp":65.44,"feels_like":63.34,"temp_min":65.44,"temp_max":65.44,"pressure":1010,"sea_level":1010,"grnd_level":936,"humidity":35,"temp_kf":0},"weather":[{"id":804,"main":"Clouds","description":"overcast clouds","icon":"04d"}],"clouds":{"all":100},"wind":{"speed":6.33,"deg":249,"gust":7.25},"visibility":10000,"pop":0,"sys":{"pod":"d"},"dt_txt":"2025-05-07 18:00:00"},{"dt":1746651600,"main":{"temp":60.78,"feels_like":58.77,"temp_min":60.78,"temp_max":60.78,"pressure":1011,"sea_level":1011,"grnd_level":937,"humidity":47,"temp_kf":0},"weather":[{"id":804,"main":"Clouds","description":"overcast clouds","icon":"04n"}],"clouds":{"all":100},"wind":{"speed":5.06,"deg":253,"gust":8.1},"visibility":10000,"pop":0,"sys":{"pod":"n"},"dt_txt":"2025-05-07 21:00:00"},{"dt":1746662400,"main":{"temp":58.73,"feels_like":56.75,"temp_min":58.73,"temp_max":58.73,"pressure":1010,"sea_level":1010,"grnd_level":936,"humidity":52,"temp_kf":0},"weather":[{"id":804,"main":"Clouds","description":"overcast clouds","icon":"04n"}],"clouds":{"all":100},"wind":{"speed":1.05,"deg":2,"gust":4.27},"visibility":10000,"pop":0,"sys":{"pod":"n"},"dt_txt":"2025-05-08 00:00:00"},{"dt":1746673200,"main":{"temp":54.5,"feels_like":52.66,"temp_min":54.5,"temp_max":54.5,"pressure":1010,"sea_level":1010,"grnd_level":936,"humidity":64,"temp_kf":0},"weather":[{"id":500,"main":"Rain","description":"light rain","icon":"10n"}],"clouds":{"all":87},"wind":{"speed":4.92,"deg":43,"gust":9.44},"visibility":10000,"pop":0.33,"rain":{"3h":0.17},"sys":{"pod":"n"},"dt_txt":"2025-05-08 03:00:00"},{"dt":1746684000,"main":{"temp":54.25,"feels_like":52.38,"temp_min":54.25,"temp_max":54.25,"pressure":1010,"sea_level":1010,"grnd_level":936,"humidity":64,"temp_kf":0},"weather":[{"id":804,"main":"Clouds","description":"overcast clouds","icon":"04d"}],"clouds":{"all":94},"wind":{"speed":3.6,"deg":34,"gust":5.57},"visibility":10000,"pop":0,"sys":{"pod":"d"},"dt_txt":"2025-05-08 06:00:00"},{"dt":1746694800,"main":{"temp":60.71,"feels_like":58.87,"temp_min":60.71,"temp_max":60.71,"pressure":1010,"sea_level":1010,"grnd_level":936,"humidity":51,"temp_kf":0},"weather":[{"id":804,"main":"Clouds","description":"overcast clouds","icon":"04d"}],"clouds":{"all":99},"wind":{"speed":2.13,"deg":195,"gust":3.58},"visibility":10000,"pop":0,"sys":{"pod":"d"},"dt_txt":"2025-05-08 09:00:00"},{"dt":1746705600,"main":{"temp":67.93,"feels_like":66.02,"temp_min":67.93,"temp_max":67.93,"pressure":1008,"sea_level":1008,"grnd_level":935,"humidity":34,"temp_kf":0},"weather":[{"id":500,"main":"Rain","description":"light rain","icon":"10d"}],"clouds":{"all":100},"wind":{"speed":7.45,"deg":247,"gust":7.65},"visibility":10000,"pop":0.32,"rain":{"3h":0.34},"sys":{"pod":"d"},"dt_txt":"2025-05-08 12:00:00"},{"dt":1746716400,"main":{"temp":60.71,"feels_like":59.16,"temp_min":60.71,"temp_max":60.71,"pressure":1009,"sea_level":1009,"grnd_level":935,"humidity":57,"temp_kf":0},"weather":[{"id":500,"main":"Rain","description":"light rain","icon":"10d"}],"clouds":{"all":100},"wind":{"speed":9.15,"deg":298,"gust":11.99},"visibility":10000,"pop":1,"rain":{"3h":0.77},"sys":{"pod":"d"},"dt_txt":"2025-05-08 15:00:00"},{"dt":1746727200,"main":{"temp":61.2,"feels_like":59.41,"temp_min":61.2,"temp_max":61.2,"pressure":1009,"sea_level":1009,"grnd_level":935,"humidity":51,"temp_kf":0},"weather":[{"id":500,"main":"Rain","description":"light rain","icon":"10d"}],"clouds":{"all":100},"wind":{"speed":1.3,"deg":262,"gust":3.65},"visibility":10000,"pop":1,"rain":{"3h":0.46},"sys":{"pod":"d"},"dt_txt":"2025-05-08 18:00:00"},{"dt":1746738000,"main":{"temp":58.14,"feels_like":56.52,"temp_min":58.14,"temp_max":58.14,"pressure":1010,"sea_level":1010,"grnd_level":936,"humidity":61,"temp_kf":0},"weather":[{"id":804,"main":"Clouds","description":"overcast clouds","icon":"04n"}],"clouds":{"all":100},"wind":{"speed":6.87,"deg":235,"gust":8.81},"visibility":10000,"pop":0.06,"sys":{"pod":"n"},"dt_txt":"2025-05-08 21:00:00"},{"dt":1746748800,"main":{"temp":56.55,"feels_like":55.06,"temp_min":56.55,"temp_max":56.55,"pressure":1010,"sea_level":1010,"grnd_level":935,"humidity":67,"temp_kf":0},"weather":[{"id":500,"main":"Rain","description":"light rain","icon":"10n"}],"clouds":{"all":100},"wind":{"speed":2.73,"deg":255,"gust":3.8},"visibility":10000,"pop":0.43,"rain":{"3h":0.48},"sys":{"pod":"n"},"dt_txt":"2025-05-09 00:00:00"},{"dt":1746759600,"main":{"temp":55.31,"feels_like":53.98,"temp_min":55.31,"temp_max":55.31,"pressure":1009,"sea_level":1009,"grnd_level":935,"humidity":73,"temp_kf":0},"weather":[{"id":500,"main":"Rain","description":"light rain","icon":"10n"}],"clouds":{"all":100},"wind":{"speed":2.06,"deg":247,"gust":4.63},"visibility":10000,"pop":0.8,"rain":{"3h":0.44},"sys":{"pod":"n"},"dt_txt":"2025-05-09 03:00:00"},{"dt":1746770400,"main":{"temp":53.83,"feels_like":52.59,"temp_min":53.83,"temp_max":53.83,"pressure":1010,"sea_level":1010,"grnd_level":935,"humidity":78,"temp_kf":0},"weather":[{"id":500,"main":"Rain","description":"light rain","icon":"10d"}],"clouds":{"all":100},"wind":{"speed":3.69,"deg":215,"gust":5.46},"visibility":10000,"pop":0.79,"rain":{"3h":0.35},"sys":{"pod":"d"},"dt_txt":"2025-05-09 06:00:00"},{"dt":1746781200,"main":{"temp":54.1,"feels_like":52.7,"temp_min":54.1,"temp_max":54.1,"pressure":1010,"sea_level":1010,"grnd_level":936,"humidity":74,"temp_kf":0},"weather":[{"id":500,"main":"Rain","description":"light rain","icon":"10d"}],""
23:53:31.653 [main] DEBUG org.apache.http.headers - http-outgoing-11 << HTTP/1.1 200 OK
23:53:31.653 [main] DEBUG org.apache.http.headers - http-outgoing-11 << Server: openresty
23:53:31.653 [main] DEBUG org.apache.http.headers - http-outgoing-11 << Date: Tue, 06 May 2025 21:53:31 GMT
23:53:31.653 [main] DEBUG org.apache.http.headers - http-outgoing-11 << Content-Type: application/json; charset=utf-8
23:53:31.653 [main] DEBUG org.apache.http.headers - http-outgoing-11 << Content-Length: 15996
23:53:31.653 [main] DEBUG org.apache.http.headers - http-outgoing-11 << Connection: keep-alive
23:53:31.653 [main] DEBUG org.apache.http.headers - http-outgoing-11 << X-Cache-Key: /data/2.5/forecast?lat=40.42&lon=-3.7&units=imperial
23:53:31.653 [main] DEBUG org.apache.http.headers - http-outgoing-11 << Access-Control-Allow-Origin: *
23:53:31.653 [main] DEBUG org.apache.http.headers - http-outgoing-11 << Access-Control-Allow-Credentials: true
23:53:31.653 [main] DEBUG org.apache.http.headers - http-outgoing-11 << Access-Control-Allow-Methods: GET, POST
23:53:31.653 [main] DEBUG org.apache.http.impl.execchain.MainClientExec - Connection can be kept alive indefinitely
23:53:31.654 [main] DEBUG org.apache.http.wire - http-outgoing-11 << "clouds":{"all":100},"wind":{"speed":10.6,"deg":228,"gust":11.86},"visibility":10000,"pop":0.36,"rain":{"3h":0.2},"sys":{"pod":"d"},"dt_txt":"2025-05-09 09:00:00"},{"dt":1746792000,"main":{"temp":63.21,"feels_like":61.21,"temp_min":63.21,"temp_max":63.21,"pressure":1009,"sea_level":1009,"grnd_level":936,"humidity":42,"temp_kf":0},"weather":[{"id":804,"main":"Clouds","description":"overcast clouds","icon":"04d"}],"clouds":{"all":86},"wind":{"speed":13.73,"deg":217,"gust":13.94},"visibility":10000,"pop":0.17,"sys":{"pod":"d"},"dt_txt":"2025-05-09 12:00:00"},{"dt":1746802800,"main":{"temp":66.38,"feels_like":64.22,"temp_min":66.38,"temp_max":66.38,"pressure":1008,"sea_level":1008,"grnd_level":935,"humidity":32,"temp_kf":0},"weather":[{"id":800,"main":"Clear","description":"clear sky","icon":"01d"}],"clouds":{"all":8},"wind":{"speed":14.25,"deg":224,"gust":17.18},"visibility":10000,"pop":0,"sys":{"pod":"d"},"dt_txt":"2025-05-09 15:00:00"},{"dt":1746813600,"main":{"temp":63.93,"feels_like":61.66,"temp_min":63.93,"t"
23:53:31.654 [main] DEBUG org.apache.http.wire - http-outgoing-11 << "emp_max":63.93,"pressure":1009,"sea_level":1009,"grnd_level":935,"humidity":35,"temp_kf":0},"weather":[{"id":800,"main":"Clear","description":"clear sky","icon":"01d"}],"clouds":{"all":9},"wind":{"speed":15.01,"deg":223,"gust":16.96},"visibility":10000,"pop":0,"sys":{"pod":"d"},"dt_txt":"2025-05-09 18:00:00"},{"dt":1746824400,"main":{"temp":58.55,"feels_like":56.35,"temp_min":58.55,"temp_max":58.55,"pressure":1011,"sea_level":1011,"grnd_level":937,"humidity":48,"temp_kf":0},"weather":[{"id":800,"main":"Clear","description":"clear sky","icon":"01n"}],"clouds":{"all":3},"wind":{"speed":7.81,"deg":234,"gust":16.6},"visibility":10000,"pop":0,"sys":{"pod":"n"},"dt_txt":"2025-05-09 21:00:00"},{"dt":1746835200,"main":{"temp":54.93,"feels_like":53.19,"temp_min":54.93,"temp_max":54.93,"pressure":1012,"sea_level":1012,"grnd_level":937,"humidity":65,"temp_kf":0},"weather":[{"id":800,"main":"Clear","description":"clear sky","icon":"01n"}],"clouds":{"all":3},"wind":{"speed":6.33,"deg":223,"gust":12.48},"visibility":10000,"
23:53:31.655 [main] DEBUG org.apache.http.wire - http-outgoing-11 << ""pop":0,"sys":{"pod":"n"},"dt_txt":"2025-05-10 00:00:00"},{"dt":1746846000,"main":{"temp":55.24,"feels_like":53.28,"temp_min":55.24,"temp_max":55.24,"pressure":1012,"sea_level":1012,"grnd_level":937,"humidity":60,"temp_kf":0},"weather":[{"id":803,"main":"Clouds","description":"broken clouds","icon":"04n"}],"clouds":{"all":52},"wind":{"speed":4.23,"deg":193,"gust":6.44},"visibility":10000,"pop":0,"sys":{"pod":"n"},"dt_txt":"2025-05-10 03:00:00"},{"dt":1746856800,"main":{"temp":55,"feels_like":53.11,"temp_min":55,"temp_max":55,"pressure":1012,"sea_level":1012,"grnd_level":938,"humidity":62,"temp_kf":0},"weather":[{"id":803,"main":"Clouds","description":"broken clouds","icon":"04d"}],"clouds":{"all":70},"wind":{"speed":3.36,"deg":213,"gust":6.02},"visibility":10000,"pop":0,"sys":{"pod":"d"},"dt_txt":"2025-05-10 06:00:00"},{"dt":1746867600,"main":{"temp":59.09,"feels_like":57.15,"temp_min":59.09,"temp_max":59.09,"pressure":1012,"sea_level":1012,"grnd_level":938,"humidity":52,"temp_kf":0},"weather":[{"id":500,"mai"
23:53:31.655 [main] DEBUG org.apache.http.wire - http-outgoing-11 << "n":"Rain","description":"light rain","icon":"10d"}],"clouds":{"all":99},"wind":{"speed":5.37,"deg":214,"gust":12.5},"visibility":10000,"pop":0.2,"rain":{"3h":0.13},"sys":{"pod":"d"},"dt_txt":"2025-05-10 09:00:00"},{"dt":1746878400,"main":{"temp":67.55,"feels_like":65.55,"temp_min":67.55,"temp_max":67.55,"pressure":1011,"sea_level":1011,"grnd_level":937,"humidity":33,"temp_kf":0},"weather":[{"id":803,"main":"Clouds","description":"broken clouds","icon":"04d"}],"clouds":{"all":68},"wind":{"speed":12.75,"deg":225,"gust":18.7},"visibility":10000,"pop":0,"sys":{"pod":"d"},"dt_txt":"2025-05-10 12:00:00"},{"dt":1746889200,"main":{"temp":68.63,"feels_like":66.7,"temp_min":68.63,"temp_max":68.63,"pressure":1010,"sea_level":1010,"grnd_level":937,"humidity":32,"temp_kf":0},"weather":[{"id":802,"main":"Clouds","description":"scattered clouds","icon":"03d"}],"clouds":{"all":50},"wind":{"speed":12.19,"deg":203,"gust":17.65},"visibility":10000,"pop":0,"sys":{"pod":"d"},"dt_txt":"2025-05-10 15:00:00"},{"dt":1746900000,"main""
23:53:31.655 [main] DEBUG org.apache.http.wire - http-outgoing-11 << ":{"temp":66.31,"feels_like":64.29,"temp_min":66.31,"temp_max":66.31,"pressure":1011,"sea_level":1011,"grnd_level":937,"humidity":35,"temp_kf":0},"weather":[{"id":803,"main":"Clouds","description":"broken clouds","icon":"04d"}],"clouds":{"all":65},"wind":{"speed":9.84,"deg":234,"gust":13.78},"visibility":10000,"pop":0,"sys":{"pod":"d"},"dt_txt":"2025-05-10 18:00:00"},{"dt":1746910800,"main":{"temp":61.25,"feels_like":59.09,"temp_min":61.25,"temp_max":61.25,"pressure":1012,"sea_level":1012,"grnd_level":938,"humidity":43,"temp_kf":0},"weather":[{"id":803,"main":"Clouds","description":"broken clouds","icon":"04n"}],"clouds":{"all":79},"wind":{"speed":5.53,"deg":269,"gust":10},"visibility":10000,"pop":0,"sys":{"pod":"n"},"dt_txt":"2025-05-10 21:00:00"},{"dt":1746921600,"main":{"temp":59.14,"feels_like":56.88,"temp_min":59.14,"temp_max":59.14,"pressure":1013,"sea_level":1013,"grnd_level":939,"humidity":45,"temp_kf":0},"weather":[{"id":804,"main":"Clouds","description":"overcast clouds","icon":"04n"}],"clouds":{"all"
23:53:31.656 [main] DEBUG org.apache.http.wire - http-outgoing-11 << "":88},"wind":{"speed":4.27,"deg":186,"gust":4.45},"visibility":10000,"pop":0,"sys":{"pod":"n"},"dt_txt":"2025-05-11 00:00:00"},{"dt":1746932400,"main":{"temp":55.51,"feels_like":53.29,"temp_min":55.51,"temp_max":55.51,"pressure":1013,"sea_level":1013,"grnd_level":938,"humidity":54,"temp_kf":0},"weather":[{"id":803,"main":"Clouds","description":"broken clouds","icon":"04n"}],"clouds":{"all":84},"wind":{"speed":0.36,"deg":338,"gust":2.68},"visibility":10000,"pop":0,"sys":{"pod":"n"},"dt_txt":"2025-05-11 03:00:00"},{"dt":1746943200,"main":{"temp":54.48,"feels_like":52.3,"temp_min":54.48,"temp_max":54.48,"pressure":1013,"sea_level":1013,"grnd_level":938,"humidity":57,"temp_kf":0},"weather":[{"id":803,"main":"Clouds","description":"broken clouds","icon":"04d"}],"clouds":{"all":79},"wind":{"speed":2.95,"deg":46,"gust":4.03},"visibility":10000,"pop":0,"sys":{"pod":"d"},"dt_txt":"2025-05-11 06:00:00"},{"dt":1746954000,"main":{"temp":62.8,"feels_like":60.71,"temp_min":62.8,"temp_max":62.8,"pressure":1013,"sea_level":1"
23:53:31.656 [main] DEBUG org.apache.http.wire - http-outgoing-11 << "013,"grnd_level":939,"humidity":41,"temp_kf":0},"weather":[{"id":804,"main":"Clouds","description":"overcast clouds","icon":"04d"}],"clouds":{"all":91},"wind":{"speed":1.57,"deg":193,"gust":3.18},"visibility":10000,"pop":0,"sys":{"pod":"d"},"dt_txt":"2025-05-11 09:00:00"},{"dt":1746964800,"main":{"temp":67.91,"feels_like":65.95,"temp_min":67.91,"temp_max":67.91,"pressure":1012,"sea_level":1012,"grnd_level":938,"humidity":33,"temp_kf":0},"weather":[{"id":804,"main":"Clouds","description":"overcast clouds","icon":"04d"}],"clouds":{"all":85},"wind":{"speed":9.89,"deg":231,"gust":10.47},"visibility":10000,"pop":0,"sys":{"pod":"d"},"dt_txt":"2025-05-11 12:00:00"},{"dt":1746975600,"main":{"temp":69.44,"feels_like":67.64,"temp_min":69.44,"temp_max":69.44,"pressure":1010,"sea_level":1010,"grnd_level":937,"humidity":33,"temp_kf":0},"weather":[{"id":803,"main":"Clouds","description":"broken clouds","icon":"04d"}],"clouds":{"all":81},"wind":{"speed":13.09,"deg":244,"gust":16.02},"visibility":10000,"pop":0,"sys":{"pod":""
23:53:31.656 [main] DEBUG org.apache.http.wire - http-outgoing-11 << "d"},"dt_txt":"2025-05-11 15:00:00"},{"dt":1746986400,"main":{"temp":65.46,"feels_like":63.64,"temp_min":65.46,"temp_max":65.46,"pressure":1011,"sea_level":1011,"grnd_level":937,"humidity":41,"temp_kf":0},"weather":[{"id":803,"main":"Clouds","description":"broken clouds","icon":"04d"}],"clouds":{"all":61},"wind":{"speed":16.55,"deg":237,"gust":17.56},"visibility":10000,"pop":0,"sys":{"pod":"d"},"dt_txt":"2025-05-11 18:00:00"},{"dt":1746997200,"main":{"temp":61.11,"feels_like":59.07,"temp_min":61.11,"temp_max":61.11,"pressure":1013,"sea_level":1013,"grnd_level":939,"humidity":46,"temp_kf":0},"weather":[{"id":800,"main":"Clear","description":"clear sky","icon":"01n"}],"clouds":{"all":0},"wind":{"speed":9.01,"deg":273,"gust":16.73},"visibility":10000,"pop":0,"sys":{"pod":"n"},"dt_txt":"2025-05-11 21:00:00"}],"city":{"id":3117735,"name":"Madrid","coord":{"lat":40.4168,"lon":-3.7038},"country":"ES","population":1000000,"timezone":7200,"sunrise":1746508074,"sunset":1746558894}}"
23:53:31.656 [main] DEBUG org.apache.http.impl.conn.PoolingHttpClientConnectionManager - Connection [id: 11][route: {s}->https://api.openweathermap.org:443] can be kept alive indefinitely
23:53:31.656 [main] DEBUG org.apache.http.impl.conn.DefaultManagedHttpClientConnection - http-outgoing-11: set socket timeout to 0
23:53:31.656 [main] DEBUG org.apache.http.impl.conn.PoolingHttpClientConnectionManager - Connection released: [id: 11][route: {s}->https://api.openweathermap.org:443][total available: 1; route allocated: 1 of 5; total allocated: 1 of 10]
23:53:31.656 [main] DEBUG org.apache.http.impl.conn.PoolingHttpClientConnectionManager - Connection manager is shutting down
23:53:31.656 [main] DEBUG org.apache.http.impl.conn.DefaultManagedHttpClientConnection - http-outgoing-11: Close connection
23:53:31.657 [main] DEBUG org.apache.http.impl.conn.PoolingHttpClientConnectionManager - Connection manager shut down
23:53:31.657 [main] DEBUG com.intuit.karate - response time in milliseconds: 198
1 < 200
1 < Server: openresty
1 < Date: Tue, 06 May 2025 21:53:31 GMT
1 < Content-Type: application/json; charset=utf-8
1 < Content-Length: 15996
1 < Connection: keep-alive
1 < X-Cache-Key: /data/2.5/forecast?lat=40.42&lon=-3.7&units=imperial
1 < Access-Control-Allow-Origin: *
1 < Access-Control-Allow-Credentials: true
1 < Access-Control-Allow-Methods: GET, POST
{"cod":"200","message":0,"cnt":40,"list":[{"dt":1746576000,"main":{"temp":52.65,"feels_like":50.2,"temp_min":50.32,"temp_max":52.65,"pressure":1014,"sea_level":1014,"grnd_level":940,"humidity":55,"temp_kf":1.29},"weather":[{"id":802,"main":"Clouds","description":"scattered clouds","icon":"03n"}],"clouds":{"all":43},"wind":{"speed":12.5,"deg":38,"gust":21.07},"visibility":10000,"pop":0,"sys":{"pod":"n"},"dt_txt":"2025-05-07 00:00:00"},{"dt":1746586800,"main":{"temp":50.18,"feels_like":47.39,"temp_min":48.36,"temp_max":50.18,"pressure":1014,"sea_level":1014,"grnd_level":939,"humidity":53,"temp_kf":1.01},"weather":[{"id":801,"main":"Clouds","description":"few clouds","icon":"02n"}],"clouds":{"all":20},"wind":{"speed":11.41,"deg":45,"gust":20.42},"visibility":10000,"pop":0,"sys":{"pod":"n"},"dt_txt":"2025-05-07 03:00:00"},{"dt":1746597600,"main":{"temp":48.49,"feels_like":43.99,"temp_min":48.49,"temp_max":48.49,"pressure":1015,"sea_level":1015,"grnd_level":939,"humidity":51,"temp_kf":0},"weather":[{"id":801,"main":"Clouds","description":"few clouds","icon":"02d"}],"clouds":{"all":21},"wind":{"speed":10.51,"deg":41,"gust":18.41},"visibility":10000,"pop":0,"sys":{"pod":"d"},"dt_txt":"2025-05-07 06:00:00"},{"dt":1746608400,"main":{"temp":56.43,"feels_like":53.74,"temp_min":56.43,"temp_max":56.43,"pressure":1014,"sea_level":1014,"grnd_level":940,"humidity":42,"temp_kf":0},"weather":[{"id":801,"main":"Clouds","description":"few clouds","icon":"02d"}],"clouds":{"all":17},"wind":{"speed":8.39,"deg":59,"gust":8.37},"visibility":10000,"pop":0,"sys":{"pod":"d"},"dt_txt":"2025-05-07 09:00:00"},{"dt":1746619200,"main":{"temp":53.87,"feels_like":50.85,"temp_min":53.87,"temp_max":53.87,"pressure":1013,"sea_level":1013,"grnd_level":939,"humidity":40,"temp_kf":0},"weather":[{"id":802,"main":"Clouds","description":"scattered clouds","icon":"03d"}],"clouds":{"all":48},"wind":{"speed":4.79,"deg":131,"gust":5.32},"visibility":10000,"pop":0,"sys":{"pod":"d"},"dt_txt":"2025-05-07 12:00:00"},{"dt":1746630000,"main":{"temp":66.63,"feels_like":64.63,"temp_min":66.63,"temp_max":66.63,"pressure":1011,"sea_level":1011,"grnd_level":937,"humidity":35,"temp_kf":0},"weather":[{"id":804,"main":"Clouds","description":"overcast clouds","icon":"04d"}],"clouds":{"all":100},"wind":{"speed":4.56,"deg":212,"gust":8.79},"visibility":10000,"pop":0,"sys":{"pod":"d"},"dt_txt":"2025-05-07 15:00:00"},{"dt":1746640800,"main":{"temp":65.44,"feels_like":63.34,"temp_min":65.44,"temp_max":65.44,"pressure":1010,"sea_level":1010,"grnd_level":936,"humidity":35,"temp_kf":0},"weather":[{"id":804,"main":"Clouds","description":"overcast clouds","icon":"04d"}],"clouds":{"all":100},"wind":{"speed":6.33,"deg":249,"gust":7.25},"visibility":10000,"pop":0,"sys":{"pod":"d"},"dt_txt":"2025-05-07 18:00:00"},{"dt":1746651600,"main":{"temp":60.78,"feels_like":58.77,"temp_min":60.78,"temp_max":60.78,"pressure":1011,"sea_level":1011,"grnd_level":937,"humidity":47,"temp_kf":0},"weather":[{"id":804,"main":"Clouds","description":"overcast clouds","icon":"04n"}],"clouds":{"all":100},"wind":{"speed":5.06,"deg":253,"gust":8.1},"visibility":10000,"pop":0,"sys":{"pod":"n"},"dt_txt":"2025-05-07 21:00:00"},{"dt":1746662400,"main":{"temp":58.73,"feels_like":56.75,"temp_min":58.73,"temp_max":58.73,"pressure":1010,"sea_level":1010,"grnd_level":936,"humidity":52,"temp_kf":0},"weather":[{"id":804,"main":"Clouds","description":"overcast clouds","icon":"04n"}],"clouds":{"all":100},"wind":{"speed":1.05,"deg":2,"gust":4.27},"visibility":10000,"pop":0,"sys":{"pod":"n"},"dt_txt":"2025-05-08 00:00:00"},{"dt":1746673200,"main":{"temp":54.5,"feels_like":52.66,"temp_min":54.5,"temp_max":54.5,"pressure":1010,"sea_level":1010,"grnd_level":936,"humidity":64,"temp_kf":0},"weather":[{"id":500,"main":"Rain","description":"light rain","icon":"10n"}],"clouds":{"all":87},"wind":{"speed":4.92,"deg":43,"gust":9.44},"visibility":10000,"pop":0.33,"rain":{"3h":0.17},"sys":{"pod":"n"},"dt_txt":"2025-05-08 03:00:00"},{"dt":1746684000,"main":{"temp":54.25,"feels_like":52.38,"temp_min":54.25,"temp_max":54.25,"pressure":1010,"sea_level":1010,"grnd_level":936,"humidity":64,"temp_kf":0},"weather":[{"id":804,"main":"Clouds","description":"overcast clouds","icon":"04d"}],"clouds":{"all":94},"wind":{"speed":3.6,"deg":34,"gust":5.57},"visibility":10000,"pop":0,"sys":{"pod":"d"},"dt_txt":"2025-05-08 06:00:00"},{"dt":1746694800,"main":{"temp":60.71,"feels_like":58.87,"temp_min":60.71,"temp_max":60.71,"pressure":1010,"sea_level":1010,"grnd_level":936,"humidity":51,"temp_kf":0},"weather":[{"id":804,"main":"Clouds","description":"overcast clouds","icon":"04d"}],"clouds":{"all":99},"wind":{"speed":2.13,"deg":195,"gust":3.58},"visibility":10000,"pop":0,"sys":{"pod":"d"},"dt_txt":"2025-05-08 09:00:00"},{"dt":1746705600,"main":{"temp":67.93,"feels_like":66.02,"temp_min":67.93,"temp_max":67.93,"pressure":1008,"sea_level":1008,"grnd_level":935,"humidity":34,"temp_kf":0},"weather":[{"id":500,"main":"Rain","description":"light rain","icon":"10d"}],"clouds":{"all":100},"wind":{"speed":7.45,"deg":247,"gust":7.65},"visibility":10000,"pop":0.32,"rain":{"3h":0.34},"sys":{"pod":"d"},"dt_txt":"2025-05-08 12:00:00"},{"dt":1746716400,"main":{"temp":60.71,"feels_like":59.16,"temp_min":60.71,"temp_max":60.71,"pressure":1009,"sea_level":1009,"grnd_level":935,"humidity":57,"temp_kf":0},"weather":[{"id":500,"main":"Rain","description":"light rain","icon":"10d"}],"clouds":{"all":100},"wind":{"speed":9.15,"deg":298,"gust":11.99},"visibility":10000,"pop":1,"rain":{"3h":0.77},"sys":{"pod":"d"},"dt_txt":"2025-05-08 15:00:00"},{"dt":1746727200,"main":{"temp":61.2,"feels_like":59.41,"temp_min":61.2,"temp_max":61.2,"pressure":1009,"sea_level":1009,"grnd_level":935,"humidity":51,"temp_kf":0},"weather":[{"id":500,"main":"Rain","description":"light rain","icon":"10d"}],"clouds":{"all":100},"wind":{"speed":1.3,"deg":262,"gust":3.65},"visibility":10000,"pop":1,"rain":{"3h":0.46},"sys":{"pod":"d"},"dt_txt":"2025-05-08 18:00:00"},{"dt":1746738000,"main":{"temp":58.14,"feels_like":56.52,"temp_min":58.14,"temp_max":58.14,"pressure":1010,"sea_level":1010,"grnd_level":936,"humidity":61,"temp_kf":0},"weather":[{"id":804,"main":"Clouds","description":"overcast clouds","icon":"04n"}],"clouds":{"all":100},"wind":{"speed":6.87,"deg":235,"gust":8.81},"visibility":10000,"pop":0.06,"sys":{"pod":"n"},"dt_txt":"2025-05-08 21:00:00"},{"dt":1746748800,"main":{"temp":56.55,"feels_like":55.06,"temp_min":56.55,"temp_max":56.55,"pressure":1010,"sea_level":1010,"grnd_level":935,"humidity":67,"temp_kf":0},"weather":[{"id":500,"main":"Rain","description":"light rain","icon":"10n"}],"clouds":{"all":100},"wind":{"speed":2.73,"deg":255,"gust":3.8},"visibility":10000,"pop":0.43,"rain":{"3h":0.48},"sys":{"pod":"n"},"dt_txt":"2025-05-09 00:00:00"},{"dt":1746759600,"main":{"temp":55.31,"feels_like":53.98,"temp_min":55.31,"temp_max":55.31,"pressure":1009,"sea_level":1009,"grnd_level":935,"humidity":73,"temp_kf":0},"weather":[{"id":500,"main":"Rain","description":"light rain","icon":"10n"}],"clouds":{"all":100},"wind":{"speed":2.06,"deg":247,"gust":4.63},"visibility":10000,"pop":0.8,"rain":{"3h":0.44},"sys":{"pod":"n"},"dt_txt":"2025-05-09 03:00:00"},{"dt":1746770400,"main":{"temp":53.83,"feels_like":52.59,"temp_min":53.83,"temp_max":53.83,"pressure":1010,"sea_level":1010,"grnd_level":935,"humidity":78,"temp_kf":0},"weather":[{"id":500,"main":"Rain","description":"light rain","icon":"10d"}],"clouds":{"all":100},"wind":{"speed":3.69,"deg":215,"gust":5.46},"visibility":10000,"pop":0.79,"rain":{"3h":0.35},"sys":{"pod":"d"},"dt_txt":"2025-05-09 06:00:00"},{"dt":1746781200,"main":{"temp":54.1,"feels_like":52.7,"temp_min":54.1,"temp_max":54.1,"pressure":1010,"sea_level":1010,"grnd_level":936,"humidity":74,"temp_kf":0},"weather":[{"id":500,"main":"Rain","description":"light rain","icon":"10d"}],"clouds":{"all":100},"wind":{"speed":10.6,"deg":228,"gust":11.86},"visibility":10000,"pop":0.36,"rain":{"3h":0.2},"sys":{"pod":"d"},"dt_txt":"2025-05-09 09:00:00"},{"dt":1746792000,"main":{"temp":63.21,"feels_like":61.21,"temp_min":63.21,"temp_max":63.21,"pressure":1009,"sea_level":1009,"grnd_level":936,"humidity":42,"temp_kf":0},"weather":[{"id":804,"main":"Clouds","description":"overcast clouds","icon":"04d"}],"clouds":{"all":86},"wind":{"speed":13.73,"deg":217,"gust":13.94},"visibility":10000,"pop":0.17,"sys":{"pod":"d"},"dt_txt":"2025-05-09 12:00:00"},{"dt":1746802800,"main":{"temp":66.38,"feels_like":64.22,"temp_min":66.38,"temp_max":66.38,"pressure":1008,"sea_level":1008,"grnd_level":935,"humidity":32,"temp_kf":0},"weather":[{"id":800,"main":"Clear","description":"clear sky","icon":"01d"}],"clouds":{"all":8},"wind":{"speed":14.25,"deg":224,"gust":17.18},"visibility":10000,"pop":0,"sys":{"pod":"d"},"dt_txt":"2025-05-09 15:00:00"},{"dt":1746813600,"main":{"temp":63.93,"feels_like":61.66,"temp_min":63.93,"temp_max":63.93,"pressure":1009,"sea_level":1009,"grnd_level":935,"humidity":35,"temp_kf":0},"weather":[{"id":800,"main":"Clear","description":"clear sky","icon":"01d"}],"clouds":{"all":9},"wind":{"speed":15.01,"deg":223,"gust":16.96},"visibility":10000,"pop":0,"sys":{"pod":"d"},"dt_txt":"2025-05-09 18:00:00"},{"dt":1746824400,"main":{"temp":58.55,"feels_like":56.35,"temp_min":58.55,"temp_max":58.55,"pressure":1011,"sea_level":1011,"grnd_level":937,"humidity":48,"temp_kf":0},"weather":[{"id":800,"main":"Clear","description":"clear sky","icon":"01n"}],"clouds":{"all":3},"wind":{"speed":7.81,"deg":234,"gust":16.6},"visibility":10000,"pop":0,"sys":{"pod":"n"},"dt_txt":"2025-05-09 21:00:00"},{"dt":1746835200,"main":{"temp":54.93,"feels_like":53.19,"temp_min":54.93,"temp_max":54.93,"pressure":1012,"sea_level":1012,"grnd_level":937,"humidity":65,"temp_kf":0},"weather":[{"id":800,"main":"Clear","description":"clear sky","icon":"01n"}],"clouds":{"all":3},"wind":{"speed":6.33,"deg":223,"gust":12.48},"visibility":10000,"pop":0,"sys":{"pod":"n"},"dt_txt":"2025-05-10 00:00:00"},{"dt":1746846000,"main":{"temp":55.24,"feels_like":53.28,"temp_min":55.24,"temp_max":55.24,"pressure":1012,"sea_level":1012,"grnd_level":937,"humidity":60,"temp_kf":0},"weather":[{"id":803,"main":"Clouds","description":"broken clouds","icon":"04n"}],"clouds":{"all":52},"wind":{"speed":4.23,"deg":193,"gust":6.44},"visibility":10000,"pop":0,"sys":{"pod":"n"},"dt_txt":"2025-05-10 03:00:00"},{"dt":1746856800,"main":{"temp":55,"feels_like":53.11,"temp_min":55,"temp_max":55,"pressure":1012,"sea_level":1012,"grnd_level":938,"humidity":62,"temp_kf":0},"weather":[{"id":803,"main":"Clouds","description":"broken clouds","icon":"04d"}],"clouds":{"all":70},"wind":{"speed":3.36,"deg":213,"gust":6.02},"visibility":10000,"pop":0,"sys":{"pod":"d"},"dt_txt":"2025-05-10 06:00:00"},{"dt":1746867600,"main":{"temp":59.09,"feels_like":57.15,"temp_min":59.09,"temp_max":59.09,"pressure":1012,"sea_level":1012,"grnd_level":938,"humidity":52,"temp_kf":0},"weather":[{"id":500,"main":"Rain","description":"light rain","icon":"10d"}],"clouds":{"all":99},"wind":{"speed":5.37,"deg":214,"gust":12.5},"visibility":10000,"pop":0.2,"rain":{"3h":0.13},"sys":{"pod":"d"},"dt_txt":"2025-05-10 09:00:00"},{"dt":1746878400,"main":{"temp":67.55,"feels_like":65.55,"temp_min":67.55,"temp_max":67.55,"pressure":1011,"sea_level":1011,"grnd_level":937,"humidity":33,"temp_kf":0},"weather":[{"id":803,"main":"Clouds","description":"broken clouds","icon":"04d"}],"clouds":{"all":68},"wind":{"speed":12.75,"deg":225,"gust":18.7},"visibility":10000,"pop":0,"sys":{"pod":"d"},"dt_txt":"2025-05-10 12:00:00"},{"dt":1746889200,"main":{"temp":68.63,"feels_like":66.7,"temp_min":68.63,"temp_max":68.63,"pressure":1010,"sea_level":1010,"grnd_level":937,"humidity":32,"temp_kf":0},"weather":[{"id":802,"main":"Clouds","description":"scattered clouds","icon":"03d"}],"clouds":{"all":50},"wind":{"speed":12.19,"deg":203,"gust":17.65},"visibility":10000,"pop":0,"sys":{"pod":"d"},"dt_txt":"2025-05-10 15:00:00"},{"dt":1746900000,"main":{"temp":66.31,"feels_like":64.29,"temp_min":66.31,"temp_max":66.31,"pressure":1011,"sea_level":1011,"grnd_level":937,"humidity":35,"temp_kf":0},"weather":[{"id":803,"main":"Clouds","description":"broken clouds","icon":"04d"}],"clouds":{"all":65},"wind":{"speed":9.84,"deg":234,"gust":13.78},"visibility":10000,"pop":0,"sys":{"pod":"d"},"dt_txt":"2025-05-10 18:00:00"},{"dt":1746910800,"main":{"temp":61.25,"feels_like":59.09,"temp_min":61.25,"temp_max":61.25,"pressure":1012,"sea_level":1012,"grnd_level":938,"humidity":43,"temp_kf":0},"weather":[{"id":803,"main":"Clouds","description":"broken clouds","icon":"04n"}],"clouds":{"all":79},"wind":{"speed":5.53,"deg":269,"gust":10},"visibility":10000,"pop":0,"sys":{"pod":"n"},"dt_txt":"2025-05-10 21:00:00"},{"dt":1746921600,"main":{"temp":59.14,"feels_like":56.88,"temp_min":59.14,"temp_max":59.14,"pressure":1013,"sea_level":1013,"grnd_level":939,"humidity":45,"temp_kf":0},"weather":[{"id":804,"main":"Clouds","description":"overcast clouds","icon":"04n"}],"clouds":{"all":88},"wind":{"speed":4.27,"deg":186,"gust":4.45},"visibility":10000,"pop":0,"sys":{"pod":"n"},"dt_txt":"2025-05-11 00:00:00"},{"dt":1746932400,"main":{"temp":55.51,"feels_like":53.29,"temp_min":55.51,"temp_max":55.51,"pressure":1013,"sea_level":1013,"grnd_level":938,"humidity":54,"temp_kf":0},"weather":[{"id":803,"main":"Clouds","description":"broken clouds","icon":"04n"}],"clouds":{"all":84},"wind":{"speed":0.36,"deg":338,"gust":2.68},"visibility":10000,"pop":0,"sys":{"pod":"n"},"dt_txt":"2025-05-11 03:00:00"},{"dt":1746943200,"main":{"temp":54.48,"feels_like":52.3,"temp_min":54.48,"temp_max":54.48,"pressure":1013,"sea_level":1013,"grnd_level":938,"humidity":57,"temp_kf":0},"weather":[{"id":803,"main":"Clouds","description":"broken clouds","icon":"04d"}],"clouds":{"all":79},"wind":{"speed":2.95,"deg":46,"gust":4.03},"visibility":10000,"pop":0,"sys":{"pod":"d"},"dt_txt":"2025-05-11 06:00:00"},{"dt":1746954000,"main":{"temp":62.8,"feels_like":60.71,"temp_min":62.8,"temp_max":62.8,"pressure":1013,"sea_level":1013,"grnd_level":939,"humidity":41,"temp_kf":0},"weather":[{"id":804,"main":"Clouds","description":"overcast clouds","icon":"04d"}],"clouds":{"all":91},"wind":{"speed":1.57,"deg":193,"gust":3.18},"visibility":10000,"pop":0,"sys":{"pod":"d"},"dt_txt":"2025-05-11 09:00:00"},{"dt":1746964800,"main":{"temp":67.91,"feels_like":65.95,"temp_min":67.91,"temp_max":67.91,"pressure":1012,"sea_level":1012,"grnd_level":938,"humidity":33,"temp_kf":0},"weather":[{"id":804,"main":"Clouds","description":"overcast clouds","icon":"04d"}],"clouds":{"all":85},"wind":{"speed":9.89,"deg":231,"gust":10.47},"visibility":10000,"pop":0,"sys":{"pod":"d"},"dt_txt":"2025-05-11 12:00:00"},{"dt":1746975600,"main":{"temp":69.44,"feels_like":67.64,"temp_min":69.44,"temp_max":69.44,"pressure":1010,"sea_level":1010,"grnd_level":937,"humidity":33,"temp_kf":0},"weather":[{"id":803,"main":"Clouds","description":"broken clouds","icon":"04d"}],"clouds":{"all":81},"wind":{"speed":13.09,"deg":244,"gust":16.02},"visibility":10000,"pop":0,"sys":{"pod":"d"},"dt_txt":"2025-05-11 15:00:00"},{"dt":1746986400,"main":{"temp":65.46,"feels_like":63.64,"temp_min":65.46,"temp_max":65.46,"pressure":1011,"sea_level":1011,"grnd_level":937,"humidity":41,"temp_kf":0},"weather":[{"id":803,"main":"Clouds","description":"broken clouds","icon":"04d"}],"clouds":{"all":61},"wind":{"speed":16.55,"deg":237,"gust":17.56},"visibility":10000,"pop":0,"sys":{"pod":"d"},"dt_txt":"2025-05-11 18:00:00"},{"dt":1746997200,"main":{"temp":61.11,"feels_like":59.07,"temp_min":61.11,"temp_max":61.11,"pressure":1013,"sea_level":1013,"grnd_level":939,"humidity":46,"temp_kf":0},"weather":[{"id":800,"main":"Clear","description":"clear sky","icon":"01n"}],"clouds":{"all":0},"wind":{"speed":9.01,"deg":273,"gust":16.73},"visibility":10000,"pop":0,"sys":{"pod":"n"},"dt_txt":"2025-05-11 21:00:00"}],"city":{"id":3117735,"name":"Madrid","coord":{"lat":40.4168,"lon":-3.7038},"country":"ES","population":1000000,"timezone":7200,"sunrise":1746508074,"sunset":1746558894}}

23:53:31.663 [main] DEBUG com.jayway.jsonpath.internal.path.CompiledPath - Evaluating path: $['list'][0]['main']['temp']
]]></system-out>
  </testcase>
  <testcase name="[5:51] Forecast with Spanish lang returns non-empty description" classname="tests/test_forecast" time="0.648">
    <system-out><![CDATA[23:53:31.679 [main] DEBUG org.apache.http.client.protocol.RequestAddCookies - CookieSpec selected: karate
23:53:31.679 [main] DEBUG org.apache.http.client.protocol.RequestAuthCache - Auth cache not set in the context
23:53:31.679 [main] DEBUG com.intuit.karate - request:
1 > GET https://api.openweathermap.org/data/2.5/forecast?appid=4b66cf4f354cd07b407c07800dc8c2f9&lon=-3.7038&units=metric&lang=es&lat=40.4168
1 > Accept: application/json
1 > Host: api.openweathermap.org
1 > Connection: Keep-Alive
1 > User-Agent: Apache-HttpClient/4.5.14 (Java/21.0.7)
1 > Accept-Encoding: gzip,deflate


23:53:31.679 [main] DEBUG org.apache.http.impl.conn.PoolingHttpClientConnectionManager - Connection request: [route: {s}->https://api.openweathermap.org:443][total available: 0; route allocated: 0 of 5; total allocated: 0 of 10]
23:53:31.680 [main] DEBUG org.apache.http.impl.conn.PoolingHttpClientConnectionManager - Connection leased: [id: 12][route: {s}->https://api.openweathermap.org:443][total available: 0; route allocated: 1 of 5; total allocated: 1 of 10]
23:53:31.680 [main] DEBUG org.apache.http.impl.execchain.MainClientExec - Opening connection {s}->https://api.openweathermap.org:443
23:53:31.680 [main] DEBUG org.apache.http.impl.conn.DefaultHttpClientConnectionOperator - Connecting to api.openweathermap.org/176.9.63.49:443
23:53:31.680 [main] DEBUG org.apache.http.conn.ssl.SSLConnectionSocketFactory - Connecting socket to api.openweathermap.org/176.9.63.49:443 with timeout 30000
23:53:31.727 [main] DEBUG org.apache.http.conn.ssl.SSLConnectionSocketFactory - Enabled protocols: [TLSv1.3, TLSv1.2]
23:53:31.728 [main] DEBUG org.apache.http.conn.ssl.SSLConnectionSocketFactory - Enabled cipher suites:[TLS_AES_256_GCM_SHA384, TLS_AES_128_GCM_SHA256, TLS_CHACHA20_POLY1305_SHA256, TLS_ECDHE_ECDSA_WITH_AES_256_GCM_SHA384, TLS_ECDHE_ECDSA_WITH_AES_128_GCM_SHA256, TLS_ECDHE_ECDSA_WITH_CHACHA20_POLY1305_SHA256, TLS_ECDHE_RSA_WITH_AES_256_GCM_SHA384, TLS_ECDHE_RSA_WITH_CHACHA20_POLY1305_SHA256, TLS_ECDHE_RSA_WITH_AES_128_GCM_SHA256, TLS_DHE_RSA_WITH_AES_256_GCM_SHA384, TLS_DHE_RSA_WITH_CHACHA20_POLY1305_SHA256, TLS_DHE_DSS_WITH_AES_256_GCM_SHA384, TLS_DHE_RSA_WITH_AES_128_GCM_SHA256, TLS_DHE_DSS_WITH_AES_128_GCM_SHA256, TLS_ECDHE_ECDSA_WITH_AES_256_CBC_SHA384, TLS_ECDHE_RSA_WITH_AES_256_CBC_SHA384, TLS_ECDHE_ECDSA_WITH_AES_128_CBC_SHA256, TLS_ECDHE_RSA_WITH_AES_128_CBC_SHA256, TLS_DHE_RSA_WITH_AES_256_CBC_SHA256, TLS_DHE_DSS_WITH_AES_256_CBC_SHA256, TLS_DHE_RSA_WITH_AES_128_CBC_SHA256, TLS_DHE_DSS_WITH_AES_128_CBC_SHA256, TLS_ECDHE_ECDSA_WITH_AES_256_CBC_SHA, TLS_ECDHE_RSA_WITH_AES_256_CBC_SHA, TLS_ECDHE_ECDSA_WITH_AES_128_CBC_SHA, TLS_ECDHE_RSA_WITH_AES_128_CBC_SHA, TLS_DHE_RSA_WITH_AES_256_CBC_SHA, TLS_DHE_DSS_WITH_AES_256_CBC_SHA, TLS_DHE_RSA_WITH_AES_128_CBC_SHA, TLS_DHE_DSS_WITH_AES_128_CBC_SHA, TLS_RSA_WITH_AES_256_GCM_SHA384, TLS_RSA_WITH_AES_128_GCM_SHA256, TLS_RSA_WITH_AES_256_CBC_SHA256, TLS_RSA_WITH_AES_128_CBC_SHA256, TLS_RSA_WITH_AES_256_CBC_SHA, TLS_RSA_WITH_AES_128_CBC_SHA, TLS_EMPTY_RENEGOTIATION_INFO_SCSV]
23:53:31.728 [main] DEBUG org.apache.http.conn.ssl.SSLConnectionSocketFactory - Starting handshake
23:53:31.778 [main] DEBUG org.apache.http.conn.ssl.SSLConnectionSocketFactory - Secure session established
23:53:31.778 [main] DEBUG org.apache.http.conn.ssl.SSLConnectionSocketFactory -  negotiated protocol: TLSv1.3
23:53:31.778 [main] DEBUG org.apache.http.conn.ssl.SSLConnectionSocketFactory -  negotiated cipher suite: TLS_AES_256_GCM_SHA384
23:53:31.778 [main] DEBUG org.apache.http.conn.ssl.SSLConnectionSocketFactory -  peer principal: CN=*.openweathermap.org, O=Openweather Ltd., ST=London, C=GB
23:53:31.778 [main] DEBUG org.apache.http.conn.ssl.SSLConnectionSocketFactory -  peer alternative names: [*.openweathermap.org, openweathermap.org]
23:53:31.778 [main] DEBUG org.apache.http.conn.ssl.SSLConnectionSocketFactory -  issuer principal: CN=Sectigo RSA Organization Validation Secure Server CA, O=Sectigo Limited, L=Salford, ST=Greater Manchester, C=GB
23:53:31.778 [main] DEBUG org.apache.http.impl.conn.DefaultHttpClientConnectionOperator - Connection established 192.168.1.135:42394<->176.9.63.49:443
23:53:31.778 [main] DEBUG org.apache.http.impl.conn.DefaultManagedHttpClientConnection - http-outgoing-12: set socket timeout to 30000
23:53:31.778 [main] DEBUG org.apache.http.impl.execchain.MainClientExec - Executing request GET /data/2.5/forecast?appid=4b66cf4f354cd07b407c07800dc8c2f9&lon=-3.7038&units=metric&lang=es&lat=40.4168 HTTP/1.1
23:53:31.778 [main] DEBUG org.apache.http.impl.execchain.MainClientExec - Target auth state: UNCHALLENGED
23:53:31.778 [main] DEBUG org.apache.http.impl.execchain.MainClientExec - Proxy auth state: UNCHALLENGED
23:53:31.778 [main] DEBUG org.apache.http.headers - http-outgoing-12 >> GET /data/2.5/forecast?appid=4b66cf4f354cd07b407c07800dc8c2f9&lon=-3.7038&units=metric&lang=es&lat=40.4168 HTTP/1.1
23:53:31.778 [main] DEBUG org.apache.http.headers - http-outgoing-12 >> Accept: application/json
23:53:31.778 [main] DEBUG org.apache.http.headers - http-outgoing-12 >> Host: api.openweathermap.org
23:53:31.778 [main] DEBUG org.apache.http.headers - http-outgoing-12 >> Connection: Keep-Alive
23:53:31.778 [main] DEBUG org.apache.http.headers - http-outgoing-12 >> User-Agent: Apache-HttpClient/4.5.14 (Java/21.0.7)
23:53:31.778 [main] DEBUG org.apache.http.headers - http-outgoing-12 >> Accept-Encoding: gzip,deflate
23:53:31.779 [main] DEBUG org.apache.http.wire - http-outgoing-12 >> "GET /data/2.5/forecast?appid=4b66cf4f354cd07b407c07800dc8c2f9&lon=-3.7038&units=metric&lang=es&lat=40.4168 HTTP/1.1[\r][\n]"
23:53:31.779 [main] DEBUG org.apache.http.wire - http-outgoing-12 >> "Accept: application/json[\r][\n]"
23:53:31.779 [main] DEBUG org.apache.http.wire - http-outgoing-12 >> "Host: api.openweathermap.org[\r][\n]"
23:53:31.779 [main] DEBUG org.apache.http.wire - http-outgoing-12 >> "Connection: Keep-Alive[\r][\n]"
23:53:31.779 [main] DEBUG org.apache.http.wire - http-outgoing-12 >> "User-Agent: Apache-HttpClient/4.5.14 (Java/21.0.7)[\r][\n]"
23:53:31.779 [main] DEBUG org.apache.http.wire - http-outgoing-12 >> "Accept-Encoding: gzip,deflate[\r][\n]"
23:53:31.779 [main] DEBUG org.apache.http.wire - http-outgoing-12 >> "[\r][\n]"
23:53:31.871 [main] DEBUG org.apache.http.wire - http-outgoing-12 << "HTTP/1.1 200 OK[\r][\n]"
23:53:31.871 [main] DEBUG org.apache.http.wire - http-outgoing-12 << "Server: openresty[\r][\n]"
23:53:31.871 [main] DEBUG org.apache.http.wire - http-outgoing-12 << "Date: Tue, 06 May 2025 21:53:31 GMT[\r][\n]"
23:53:31.871 [main] DEBUG org.apache.http.wire - http-outgoing-12 << "Content-Type: application/json; charset=utf-8[\r][\n]"
23:53:31.871 [main] DEBUG org.apache.http.wire - http-outgoing-12 << "Content-Length: 15865[\r][\n]"
23:53:31.871 [main] DEBUG org.apache.http.wire - http-outgoing-12 << "Connection: keep-alive[\r][\n]"
23:53:31.871 [main] DEBUG org.apache.http.wire - http-outgoing-12 << "X-Cache-Key: /data/2.5/forecast?lang=es&lat=40.42&lon=-3.7&units=metric[\r][\n]"
23:53:31.871 [main] DEBUG org.apache.http.wire - http-outgoing-12 << "Access-Control-Allow-Origin: *[\r][\n]"
23:53:31.871 [main] DEBUG org.apache.http.wire - http-outgoing-12 << "Access-Control-Allow-Credentials: true[\r][\n]"
23:53:31.871 [main] DEBUG org.apache.http.wire - http-outgoing-12 << "Access-Control-Allow-Methods: GET, POST[\r][\n]"
23:53:31.871 [main] DEBUG org.apache.http.wire - http-outgoing-12 << "[\r][\n]"
23:53:31.872 [main] DEBUG org.apache.http.wire - http-outgoing-12 << "{"cod":"200","message":0,"cnt":40,"list":[{"dt":1746576000,"main":{"temp":11.47,"feels_like":10.11,"temp_min":10.18,"temp_max":11.47,"pressure":1014,"sea_level":1014,"grnd_level":940,"humidity":55,"temp_kf":1.29},"weather":[{"id":802,"main":"Clouds","description":"nubes dispersas","icon":"03n"}],"clouds":{"all":43},"wind":{"speed":5.59,"deg":38,"gust":9.42},"visibility":10000,"pop":0,"sys":{"pod":"n"},"dt_txt":"2025-05-07 00:00:00"},{"dt":1746586800,"main":{"temp":10.1,"feels_like":8.55,"temp_min":9.09,"temp_max":10.1,"pressure":1014,"sea_level":1014,"grnd_level":939,"humidity":53,"temp_kf":1.01},"weather":[{"id":801,"main":"Clouds","description":"algo de nubes","icon":"02n"}],"clouds":{"all":20},"wind":{"speed":5.1,"deg":45,"gust":9.13},"visibility":10000,"pop":0,"sys":{"pod":"n"},"dt_txt":"2025-05-07 03:00:00"},{"dt":1746597600,"main":{"temp":9.16,"feels_like":6.66,"temp_min":9.16,"temp_max":9.16,"pressure":1015,"sea_level":1015,"grnd_level":939,"humidity":51,"temp_kf":0},"weather":[{"id":801,"main":"Clouds","description":"algo de nubes","icon":"02d"}],"clouds":{"all":21},"wind":{"speed":4.7,"deg":41,"gust":8.23},"visibility":10000,"pop":0,"sys":{"pod":"d"},"dt_txt":"2025-05-07 06:00:00"},{"dt":1746608400,"main":{"temp":13.57,"feels_like":12.08,"temp_min":13.57,"temp_max":13.57,"pressure":1014,"sea_level":1014,"grnd_level":940,"humidity":42,"temp_kf":0},"weather":[{"id":801,"main":"Clouds","description":"algo de nubes","icon":"02d"}],"clouds":{"all":17},"wind":{"speed":3.75,"deg":59,"gust":3.74},"visibility":10000,"pop":0,"sys":{"pod":"d"},"dt_txt":"2025-05-07 09:00:00"},{"dt":1746619200,"main":{"temp":12.15,"feels_like":10.47,"temp_min":12.15,"temp_max":12.15,"pressure":1013,"sea_level":1013,"grnd_level":939,"humidity":40,"temp_kf":0},"weather":[{"id":802,"main":"Clouds","description":"nubes dispersas","icon":"03d"}],"clouds":{"all":48},"wind":{"speed":2.14,"deg":131,"gust":2.38},"visibility":10000,"pop":0,"sys":{"pod":"d"},"dt_txt":"2025-05-07 12:00:00"},{"dt":1746630000,"main":{"temp":19.24,"feels_like":18.13,"temp_min":19.24,"temp_max":19.24,"pressure":1011,"sea_level":1011,"grnd_level":937,"humidity":35,"temp_kf":0},"weather":[{"id":804,"main":"Clouds","description":"nubes","icon":"04d"}],"clouds":{"all":100},"wind":{"speed":2.04,"deg":212,"gust":3.93},"visibility":10000,"pop":0,"sys":{"pod":"d"},"dt_txt":"2025-05-07 15:00:00"},{"dt":1746640800,"main":{"temp":18.58,"feels_like":17.41,"temp_min":18.58,"temp_max":18.58,"pressure":1010,"sea_level":1010,"grnd_level":936,"humidity":35,"temp_kf":0},"weather":[{"id":804,"main":"Clouds","description":"nubes","icon":"04d"}],"clouds":{"all":100},"wind":{"speed":2.83,"deg":249,"gust":3.24},"visibility":10000,"pop":0,"sys":{"pod":"d"},"dt_txt":"2025-05-07 18:00:00"},{"dt":1746651600,"main":{"temp":15.99,"feels_like":14.87,"temp_min":15.99,"temp_max":15.99,"pressure":1011,"sea_level":1011,"grnd_level":937,"humidity":47,"temp_kf":0},"weather":[{"id":804,"main":"Clouds","description":"nubes","icon":"04n"}],"clouds":{"all":100},"wind":{"speed":2.26,"deg":253,"gust":3.62},"visibility":10000,"pop":0,"sys":{"pod":"n"},"dt_txt":"2025-05-07 21:00:00"},{"dt":1746662400,"main":{"temp":14.85,"feels_like":13.75,"temp_min":14.85,"temp_max":14.85,"pressure":1010,"sea_level":1010,"grnd_level":936,"humidity":52,"temp_kf":0},"weather":[{"id":804,"main":"Clouds","description":"nubes","icon":"04n"}],"clouds":{"all":100},"wind":{"speed":0.47,"deg":2,"gust":1.91},"visibility":10000,"pop":0,"sys":{"pod":"n"},"dt_txt":"2025-05-08 00:00:00"},{"dt":1746673200,"main":{"temp":12.5,"feels_like":11.48,"temp_min":12.5,"temp_max":12.5,"pressure":1010,"sea_level":1010,"grnd_level":936,"humidity":64,"temp_kf":0},"weather":[{"id":500,"main":"Rain","description":"lluvia ligera","icon":"10n"}],"clouds":{"all":87},"wind":{"speed":2.2,"deg":43,"gust":4.22},"visibility":10000,"pop":0.33,"rain":{"3h":0.17},"sys":{"pod":"n"},"dt_txt":"2025-05-08 03:00:00"},{"dt":1746684000,"main":{"temp":12.36,"feels_like":11.32,"temp_min":12.36,"temp_max":12.36,"pressure":1010,"sea_level":1010,"grnd_level":936,"humidity":64,"temp_kf":0},"weather":[{"id":804,"main":"Clouds","description":"nubes","icon":"04d"}],"clouds":{"all":94},"wind":{"speed":1.61,"deg":34,"gust":2.49},"visibility":10000,"pop":0,"sys":{"pod":"d"},"dt_txt":"2025-05-08 06:00:00"},{"dt":1746694800,"main":{"temp":15.95,"feels_like":14.93,"temp_min":15.95,"temp_max":15.95,"pressure":1010,"sea_level":1010,"grnd_level":936,"humidity":51,"temp_kf":0},"weather":[{"id":804,"main":"Clouds","description":"nubes","icon":"04d"}],"clouds":{"all":99},"wind":{"speed":0.95,"deg":195,"gust":1.6},"visibility":10000,"pop":0,"sys":{"pod":"d"},"dt_txt":"2025-05-08 09:00:00"},{"dt":1746705600,"main":{"temp":19.96,"feels_like":18.9,"temp_min":19.96,"temp_max":19.96,"pressure":1008,"sea_level":1008,"grnd_level":935,"humidity":34,"temp_kf":0},"weather":[{"id":500,"main":"Rain","description":"lluvia ligera","icon":"10d"}],"clouds":{"all":100},"wind":{"speed":3.33,"deg":247,"gust":3.42},"visibility":10000,"pop":0.32,"rain":{"3h":0.34},"sys":{"pod":"d"},"dt_txt":"2025-05-08 12:00:00"},{"dt":1746716400,"main":{"temp":15.95,"feels_like":15.09,"temp_min":15.95,"temp_max":15.95,"pressure":1009,"sea_level":1009,"grnd_level":935,"humidity":57,"temp_kf":0},"weather":[{"id":500,"main":"Rain","description":"lluvia ligera","icon":"10d"}],"clouds":{"all":100},"wind":{"speed":4.09,"deg":298,"gust":5.36},"visibility":10000,"pop":1,"rain":{"3h":0.77},"sys":{"pod":"d"},"dt_txt":"2025-05-08 15:00:00"},{"dt":1746727200,"main":{"temp":16.22,"feels_like":15.23,"temp_min":16.22,"temp_max":16.22,"pressure":1009,"sea_level":1009,"grnd_level":935,"humidity":51,"temp_kf":0},"weather":[{"id":500,"main":"Rain","description":"lluvia ligera","icon":"10d"}],"clouds":{"all":100},"wind":{"speed":0.58,"deg":262,"gust":1.63},"visibility":10000,"pop":1,"rain":{"3h":0.46},"sys":{"pod":"d"},"dt_txt":"2025-05-08 18:00:00"},{"dt":1746738000,"main":{"temp":14.52,"feels_like":13.62,"temp_min":14.52,"temp_max":14.52,"pressure":1010,"sea_level":1010,"grnd_level":936,"humidity":61,"temp_kf":0},"weather":[{"id":804,"main":"Clouds","description":"nubes","icon":"04n"}],"clouds":{"all":100},"wind":{"speed":3.07,"deg":235,"gust":3.94},"visibility":10000,"pop":0.06,"sys":{"pod":"n"},"dt_txt":"2025-05-08 21:00:00"},{"dt":1746748800,"main":{"temp":13.64,"feels_like":12.81,"temp_min":13.64,"temp_max":13.64,"pressure":1010,"sea_level":1010,"grnd_level":935,"humidity":67,"temp_kf":0},"weather":[{"id":500,"main":"Rain","description":"lluvia ligera","icon":"10n"}],"clouds":{"all":100},"wind":{"speed":1.22,"deg":255,"gust":1.7},"visibility":10000,"pop":0.43,"rain":{"3h":0.48},"sys":{"pod":"n"},"dt_txt":"2025-05-09 00:00:00"},{"dt":1746759600,"main":{"temp":12.95,"feels_like":12.21,"temp_min":12.95,"temp_max":12.95,"pressure":1009,"sea_level":1009,"grnd_level":935,"humidity":73,"temp_kf":0},"weather":[{"id":500,"main":"Rain","description":"lluvia ligera","icon":"10n"}],"clouds":{"all":100},"wind":{"speed":0.92,"deg":247,"gust":2.07},"visibility":10000,"pop":0.8,"rain":{"3h":0.44},"sys":{"pod":"n"},"dt_txt":"2025-05-09 03:00:00"},{"dt":1746770400,"main":{"temp":12.13,"feels_like":11.44,"temp_min":12.13,"temp_max":12.13,"pressure":1010,"sea_level":1010,"grnd_level":935,"humidity":78,"temp_kf":0},"weather":[{"id":500,"main":"Rain","description":"lluvia ligera","icon":"10d"}],"clouds":{"all":100},"wind":{"speed":1.65,"deg":215,"gust":2.44},"visibility":10000,"pop":0.79,"rain":{"3h":0.35},"sys":{"pod":"d"},"dt_txt":"2025-05-09 06:00:00"},{"dt":1746781200,"main":{"temp":12.28,"feels_like":11.5,"temp_min":12.28,"temp_max":12.28,"pressure":1010,"sea_level":1010,"grnd_level":936,"humidity":74,"temp_kf":0},"weather":[{"id":500,"main":"Rain","description":"lluvia ligera","icon":"10d"}],"clouds":{"all":100},"wind":{"speed":4.74,""
23:53:31.872 [main] DEBUG org.apache.http.headers - http-outgoing-12 << HTTP/1.1 200 OK
23:53:31.872 [main] DEBUG org.apache.http.headers - http-outgoing-12 << Server: openresty
23:53:31.872 [main] DEBUG org.apache.http.headers - http-outgoing-12 << Date: Tue, 06 May 2025 21:53:31 GMT
23:53:31.872 [main] DEBUG org.apache.http.headers - http-outgoing-12 << Content-Type: application/json; charset=utf-8
23:53:31.872 [main] DEBUG org.apache.http.headers - http-outgoing-12 << Content-Length: 15865
23:53:31.872 [main] DEBUG org.apache.http.headers - http-outgoing-12 << Connection: keep-alive
23:53:31.872 [main] DEBUG org.apache.http.headers - http-outgoing-12 << X-Cache-Key: /data/2.5/forecast?lang=es&lat=40.42&lon=-3.7&units=metric
23:53:31.872 [main] DEBUG org.apache.http.headers - http-outgoing-12 << Access-Control-Allow-Origin: *
23:53:31.872 [main] DEBUG org.apache.http.headers - http-outgoing-12 << Access-Control-Allow-Credentials: true
23:53:31.872 [main] DEBUG org.apache.http.headers - http-outgoing-12 << Access-Control-Allow-Methods: GET, POST
23:53:31.872 [main] DEBUG org.apache.http.impl.execchain.MainClientExec - Connection can be kept alive indefinitely
23:53:31.873 [main] DEBUG org.apache.http.wire - http-outgoing-12 << "deg":228,"gust":5.3},"visibility":10000,"pop":0.36,"rain":{"3h":0.2},"sys":{"pod":"d"},"dt_txt":"2025-05-09 09:00:00"},{"dt":1746792000,"main":{"temp":17.34,"feels_like":16.23,"temp_min":17.34,"temp_max":17.34,"pressure":1009,"sea_level":1009,"grnd_level":936,"humidity":42,"temp_kf":0},"weather":[{"id":804,"main":"Clouds","description":"nubes","icon":"04d"}],"clouds":{"all":86},"wind":{"speed":6.14,"deg":217,"gust":6.23},"visibility":10000,"pop":0.17,"sys":{"pod":"d"},"dt_txt":"2025-05-09 12:00:00"},{"dt":1746802800,"main":{"temp":19.1,"feels_like":17.9,"temp_min":19.1,"temp_max":19.1,"pressure":1008,"sea_level":1008,"grnd_level":935,"humidity":32,"temp_kf":0},"weather":[{"id":800,"main":"Clear","description":"cielo claro","icon":"01d"}],"clouds":{"all":8},"wind":{"speed":6.37,"deg":224,"gust":7.68},"visibility":10000,"pop":0,"sys":{"pod":"d"},"dt_txt":"2025-05-09 15:00:00"},{"dt":1746813600,"main":{"temp":17.74,"feels_like":16.48,"temp_min":17.74,"temp_max":17.74,"pressure":1009,"sea_level":1009,"grnd_level""
23:53:31.873 [main] DEBUG org.apache.http.wire - http-outgoing-12 << ":935,"humidity":35,"temp_kf":0},"weather":[{"id":800,"main":"Clear","description":"cielo claro","icon":"01d"}],"clouds":{"all":9},"wind":{"speed":6.71,"deg":223,"gust":7.58},"visibility":10000,"pop":0,"sys":{"pod":"d"},"dt_txt":"2025-05-09 18:00:00"},{"dt":1746824400,"main":{"temp":14.75,"feels_like":13.53,"temp_min":14.75,"temp_max":14.75,"pressure":1011,"sea_level":1011,"grnd_level":937,"humidity":48,"temp_kf":0},"weather":[{"id":800,"main":"Clear","description":"cielo claro","icon":"01n"}],"clouds":{"all":3},"wind":{"speed":3.49,"deg":234,"gust":7.42},"visibility":10000,"pop":0,"sys":{"pod":"n"},"dt_txt":"2025-05-09 21:00:00"},{"dt":1746835200,"main":{"temp":12.74,"feels_like":11.77,"temp_min":12.74,"temp_max":12.74,"pressure":1012,"sea_level":1012,"grnd_level":937,"humidity":65,"temp_kf":0},"weather":[{"id":800,"main":"Clear","description":"cielo claro","icon":"01n"}],"clouds":{"all":3},"wind":{"speed":2.83,"deg":223,"gust":5.58},"visibility":10000,"pop":0,"sys":{"pod":"n"},"dt_txt":"2025-05-10 00:00:00"}"
23:53:31.873 [main] DEBUG org.apache.http.wire - http-outgoing-12 << ",{"dt":1746846000,"main":{"temp":12.91,"feels_like":11.82,"temp_min":12.91,"temp_max":12.91,"pressure":1012,"sea_level":1012,"grnd_level":937,"humidity":60,"temp_kf":0},"weather":[{"id":803,"main":"Clouds","description":"muy nuboso","icon":"04n"}],"clouds":{"all":52},"wind":{"speed":1.89,"deg":193,"gust":2.88},"visibility":10000,"pop":0,"sys":{"pod":"n"},"dt_txt":"2025-05-10 03:00:00"},{"dt":1746856800,"main":{"temp":12.78,"feels_like":11.73,"temp_min":12.78,"temp_max":12.78,"pressure":1012,"sea_level":1012,"grnd_level":938,"humidity":62,"temp_kf":0},"weather":[{"id":803,"main":"Clouds","description":"muy nuboso","icon":"04d"}],"clouds":{"all":70},"wind":{"speed":1.5,"deg":213,"gust":2.69},"visibility":10000,"pop":0,"sys":{"pod":"d"},"dt_txt":"2025-05-10 06:00:00"},{"dt":1746867600,"main":{"temp":15.05,"feels_like":13.97,"temp_min":15.05,"temp_max":15.05,"pressure":1012,"sea_level":1012,"grnd_level":938,"humidity":52,"temp_kf":0},"weather":[{"id":500,"main":"Rain","description":"lluvia ligera","icon":"10d"}],"
23:53:31.873 [main] DEBUG org.apache.http.wire - http-outgoing-12 << ""clouds":{"all":99},"wind":{"speed":2.4,"deg":214,"gust":5.59},"visibility":10000,"pop":0.2,"rain":{"3h":0.13},"sys":{"pod":"d"},"dt_txt":"2025-05-10 09:00:00"},{"dt":1746878400,"main":{"temp":19.75,"feels_like":18.64,"temp_min":19.75,"temp_max":19.75,"pressure":1011,"sea_level":1011,"grnd_level":937,"humidity":33,"temp_kf":0},"weather":[{"id":803,"main":"Clouds","description":"muy nuboso","icon":"04d"}],"clouds":{"all":68},"wind":{"speed":5.7,"deg":225,"gust":8.36},"visibility":10000,"pop":0,"sys":{"pod":"d"},"dt_txt":"2025-05-10 12:00:00"},{"dt":1746889200,"main":{"temp":20.35,"feels_like":19.28,"temp_min":20.35,"temp_max":20.35,"pressure":1010,"sea_level":1010,"grnd_level":937,"humidity":32,"temp_kf":0},"weather":[{"id":802,"main":"Clouds","description":"nubes dispersas","icon":"03d"}],"clouds":{"all":50},"wind":{"speed":5.45,"deg":203,"gust":7.89},"visibility":10000,"pop":0,"sys":{"pod":"d"},"dt_txt":"2025-05-10 15:00:00"},{"dt":1746900000,"main":{"temp":19.06,"feels_like":17.94,"temp_min":19.06,"temp_max"
23:53:31.873 [main] DEBUG org.apache.http.wire - http-outgoing-12 << "":19.06,"pressure":1011,"sea_level":1011,"grnd_level":937,"humidity":35,"temp_kf":0},"weather":[{"id":803,"main":"Clouds","description":"muy nuboso","icon":"04d"}],"clouds":{"all":65},"wind":{"speed":4.4,"deg":234,"gust":6.16},"visibility":10000,"pop":0,"sys":{"pod":"d"},"dt_txt":"2025-05-10 18:00:00"},{"dt":1746910800,"main":{"temp":16.25,"feels_like":15.05,"temp_min":16.25,"temp_max":16.25,"pressure":1012,"sea_level":1012,"grnd_level":938,"humidity":43,"temp_kf":0},"weather":[{"id":803,"main":"Clouds","description":"muy nuboso","icon":"04n"}],"clouds":{"all":79},"wind":{"speed":2.47,"deg":269,"gust":4.47},"visibility":10000,"pop":0,"sys":{"pod":"n"},"dt_txt":"2025-05-10 21:00:00"},{"dt":1746921600,"main":{"temp":15.08,"feels_like":13.82,"temp_min":15.08,"temp_max":15.08,"pressure":1013,"sea_level":1013,"grnd_level":939,"humidity":45,"temp_kf":0},"weather":[{"id":804,"main":"Clouds","description":"nubes","icon":"04n"}],"clouds":{"all":88},"wind":{"speed":1.91,"deg":186,"gust":1.99},"visibility":10000,"pop":0"
23:53:31.873 [main] DEBUG org.apache.http.wire - http-outgoing-12 << ","sys":{"pod":"n"},"dt_txt":"2025-05-11 00:00:00"},{"dt":1746932400,"main":{"temp":13.06,"feels_like":11.83,"temp_min":13.06,"temp_max":13.06,"pressure":1013,"sea_level":1013,"grnd_level":938,"humidity":54,"temp_kf":0},"weather":[{"id":803,"main":"Clouds","description":"muy nuboso","icon":"04n"}],"clouds":{"all":84},"wind":{"speed":0.16,"deg":338,"gust":1.2},"visibility":10000,"pop":0,"sys":{"pod":"n"},"dt_txt":"2025-05-11 03:00:00"},{"dt":1746943200,"main":{"temp":12.49,"feels_like":11.28,"temp_min":12.49,"temp_max":12.49,"pressure":1013,"sea_level":1013,"grnd_level":938,"humidity":57,"temp_kf":0},"weather":[{"id":803,"main":"Clouds","description":"muy nuboso","icon":"04d"}],"clouds":{"all":79},"wind":{"speed":1.32,"deg":46,"gust":1.8},"visibility":10000,"pop":0,"sys":{"pod":"d"},"dt_txt":"2025-05-11 06:00:00"},{"dt":1746954000,"main":{"temp":17.11,"feels_like":15.95,"temp_min":17.11,"temp_max":17.11,"pressure":1013,"sea_level":1013,"grnd_level":939,"humidity":41,"temp_kf":0},"weather":[{"id":804,"main":"Clo"
23:53:31.873 [main] DEBUG org.apache.http.wire - http-outgoing-12 << "uds","description":"nubes","icon":"04d"}],"clouds":{"all":91},"wind":{"speed":0.7,"deg":193,"gust":1.42},"visibility":10000,"pop":0,"sys":{"pod":"d"},"dt_txt":"2025-05-11 09:00:00"},{"dt":1746964800,"main":{"temp":19.95,"feels_like":18.86,"temp_min":19.95,"temp_max":19.95,"pressure":1012,"sea_level":1012,"grnd_level":938,"humidity":33,"temp_kf":0},"weather":[{"id":804,"main":"Clouds","description":"nubes","icon":"04d"}],"clouds":{"all":85},"wind":{"speed":4.42,"deg":231,"gust":4.68},"visibility":10000,"pop":0,"sys":{"pod":"d"},"dt_txt":"2025-05-11 12:00:00"},{"dt":1746975600,"main":{"temp":20.8,"feels_like":19.8,"temp_min":20.8,"temp_max":20.8,"pressure":1010,"sea_level":1010,"grnd_level":937,"humidity":33,"temp_kf":0},"weather":[{"id":803,"main":"Clouds","description":"muy nuboso","icon":"04d"}],"clouds":{"all":81},"wind":{"speed":5.85,"deg":244,"gust":7.16},"visibility":10000,"pop":0,"sys":{"pod":"d"},"dt_txt":"2025-05-11 15:00:00"},{"dt":1746986400,"main":{"temp":18.59,"feels_like":17.58,"temp_min":18.59,""
23:53:31.873 [main] DEBUG org.apache.http.wire - http-outgoing-12 << "temp_max":18.59,"pressure":1011,"sea_level":1011,"grnd_level":937,"humidity":41,"temp_kf":0},"weather":[{"id":803,"main":"Clouds","description":"muy nuboso","icon":"04d"}],"clouds":{"all":61},"wind":{"speed":7.4,"deg":237,"gust":7.85},"visibility":10000,"pop":0,"sys":{"pod":"d"},"dt_txt":"2025-05-11 18:00:00"},{"dt":1746997200,"main":{"temp":16.17,"feels_like":15.04,"temp_min":16.17,"temp_max":16.17,"pressure":1013,"sea_level":1013,"grnd_level":939,"humidity":46,"temp_kf":0},"weather":[{"id":800,"main":"Clear","description":"cielo claro","icon":"01n"}],"clouds":{"all":0},"wind":{"speed":4.03,"deg":273,"gust":7.48},"visibility":10000,"pop":0,"sys":{"pod":"n"},"dt_txt":"2025-05-11 21:00:00"}],"city":{"id":6545083,"name":"Sol","coord":{"lat":40.4168,"lon":-3.7038},"country":"ES","population":0,"timezone":7200,"sunrise":1746508074,"sunset":1746558894}}"
23:53:31.873 [main] DEBUG org.apache.http.impl.conn.PoolingHttpClientConnectionManager - Connection [id: 12][route: {s}->https://api.openweathermap.org:443] can be kept alive indefinitely
23:53:31.873 [main] DEBUG org.apache.http.impl.conn.DefaultManagedHttpClientConnection - http-outgoing-12: set socket timeout to 0
23:53:31.873 [main] DEBUG org.apache.http.impl.conn.PoolingHttpClientConnectionManager - Connection released: [id: 12][route: {s}->https://api.openweathermap.org:443][total available: 1; route allocated: 1 of 5; total allocated: 1 of 10]
23:53:31.873 [main] DEBUG org.apache.http.impl.conn.PoolingHttpClientConnectionManager - Connection manager is shutting down
23:53:31.873 [main] DEBUG org.apache.http.impl.conn.DefaultManagedHttpClientConnection - http-outgoing-12: Close connection
23:53:31.874 [main] DEBUG org.apache.http.impl.conn.PoolingHttpClientConnectionManager - Connection manager shut down
23:53:31.875 [main] DEBUG com.intuit.karate - response time in milliseconds: 194
1 < 200
1 < Server: openresty
1 < Date: Tue, 06 May 2025 21:53:31 GMT
1 < Content-Type: application/json; charset=utf-8
1 < Content-Length: 15865
1 < Connection: keep-alive
1 < X-Cache-Key: /data/2.5/forecast?lang=es&lat=40.42&lon=-3.7&units=metric
1 < Access-Control-Allow-Origin: *
1 < Access-Control-Allow-Credentials: true
1 < Access-Control-Allow-Methods: GET, POST
{"cod":"200","message":0,"cnt":40,"list":[{"dt":1746576000,"main":{"temp":11.47,"feels_like":10.11,"temp_min":10.18,"temp_max":11.47,"pressure":1014,"sea_level":1014,"grnd_level":940,"humidity":55,"temp_kf":1.29},"weather":[{"id":802,"main":"Clouds","description":"nubes dispersas","icon":"03n"}],"clouds":{"all":43},"wind":{"speed":5.59,"deg":38,"gust":9.42},"visibility":10000,"pop":0,"sys":{"pod":"n"},"dt_txt":"2025-05-07 00:00:00"},{"dt":1746586800,"main":{"temp":10.1,"feels_like":8.55,"temp_min":9.09,"temp_max":10.1,"pressure":1014,"sea_level":1014,"grnd_level":939,"humidity":53,"temp_kf":1.01},"weather":[{"id":801,"main":"Clouds","description":"algo de nubes","icon":"02n"}],"clouds":{"all":20},"wind":{"speed":5.1,"deg":45,"gust":9.13},"visibility":10000,"pop":0,"sys":{"pod":"n"},"dt_txt":"2025-05-07 03:00:00"},{"dt":1746597600,"main":{"temp":9.16,"feels_like":6.66,"temp_min":9.16,"temp_max":9.16,"pressure":1015,"sea_level":1015,"grnd_level":939,"humidity":51,"temp_kf":0},"weather":[{"id":801,"main":"Clouds","description":"algo de nubes","icon":"02d"}],"clouds":{"all":21},"wind":{"speed":4.7,"deg":41,"gust":8.23},"visibility":10000,"pop":0,"sys":{"pod":"d"},"dt_txt":"2025-05-07 06:00:00"},{"dt":1746608400,"main":{"temp":13.57,"feels_like":12.08,"temp_min":13.57,"temp_max":13.57,"pressure":1014,"sea_level":1014,"grnd_level":940,"humidity":42,"temp_kf":0},"weather":[{"id":801,"main":"Clouds","description":"algo de nubes","icon":"02d"}],"clouds":{"all":17},"wind":{"speed":3.75,"deg":59,"gust":3.74},"visibility":10000,"pop":0,"sys":{"pod":"d"},"dt_txt":"2025-05-07 09:00:00"},{"dt":1746619200,"main":{"temp":12.15,"feels_like":10.47,"temp_min":12.15,"temp_max":12.15,"pressure":1013,"sea_level":1013,"grnd_level":939,"humidity":40,"temp_kf":0},"weather":[{"id":802,"main":"Clouds","description":"nubes dispersas","icon":"03d"}],"clouds":{"all":48},"wind":{"speed":2.14,"deg":131,"gust":2.38},"visibility":10000,"pop":0,"sys":{"pod":"d"},"dt_txt":"2025-05-07 12:00:00"},{"dt":1746630000,"main":{"temp":19.24,"feels_like":18.13,"temp_min":19.24,"temp_max":19.24,"pressure":1011,"sea_level":1011,"grnd_level":937,"humidity":35,"temp_kf":0},"weather":[{"id":804,"main":"Clouds","description":"nubes","icon":"04d"}],"clouds":{"all":100},"wind":{"speed":2.04,"deg":212,"gust":3.93},"visibility":10000,"pop":0,"sys":{"pod":"d"},"dt_txt":"2025-05-07 15:00:00"},{"dt":1746640800,"main":{"temp":18.58,"feels_like":17.41,"temp_min":18.58,"temp_max":18.58,"pressure":1010,"sea_level":1010,"grnd_level":936,"humidity":35,"temp_kf":0},"weather":[{"id":804,"main":"Clouds","description":"nubes","icon":"04d"}],"clouds":{"all":100},"wind":{"speed":2.83,"deg":249,"gust":3.24},"visibility":10000,"pop":0,"sys":{"pod":"d"},"dt_txt":"2025-05-07 18:00:00"},{"dt":1746651600,"main":{"temp":15.99,"feels_like":14.87,"temp_min":15.99,"temp_max":15.99,"pressure":1011,"sea_level":1011,"grnd_level":937,"humidity":47,"temp_kf":0},"weather":[{"id":804,"main":"Clouds","description":"nubes","icon":"04n"}],"clouds":{"all":100},"wind":{"speed":2.26,"deg":253,"gust":3.62},"visibility":10000,"pop":0,"sys":{"pod":"n"},"dt_txt":"2025-05-07 21:00:00"},{"dt":1746662400,"main":{"temp":14.85,"feels_like":13.75,"temp_min":14.85,"temp_max":14.85,"pressure":1010,"sea_level":1010,"grnd_level":936,"humidity":52,"temp_kf":0},"weather":[{"id":804,"main":"Clouds","description":"nubes","icon":"04n"}],"clouds":{"all":100},"wind":{"speed":0.47,"deg":2,"gust":1.91},"visibility":10000,"pop":0,"sys":{"pod":"n"},"dt_txt":"2025-05-08 00:00:00"},{"dt":1746673200,"main":{"temp":12.5,"feels_like":11.48,"temp_min":12.5,"temp_max":12.5,"pressure":1010,"sea_level":1010,"grnd_level":936,"humidity":64,"temp_kf":0},"weather":[{"id":500,"main":"Rain","description":"lluvia ligera","icon":"10n"}],"clouds":{"all":87},"wind":{"speed":2.2,"deg":43,"gust":4.22},"visibility":10000,"pop":0.33,"rain":{"3h":0.17},"sys":{"pod":"n"},"dt_txt":"2025-05-08 03:00:00"},{"dt":1746684000,"main":{"temp":12.36,"feels_like":11.32,"temp_min":12.36,"temp_max":12.36,"pressure":1010,"sea_level":1010,"grnd_level":936,"humidity":64,"temp_kf":0},"weather":[{"id":804,"main":"Clouds","description":"nubes","icon":"04d"}],"clouds":{"all":94},"wind":{"speed":1.61,"deg":34,"gust":2.49},"visibility":10000,"pop":0,"sys":{"pod":"d"},"dt_txt":"2025-05-08 06:00:00"},{"dt":1746694800,"main":{"temp":15.95,"feels_like":14.93,"temp_min":15.95,"temp_max":15.95,"pressure":1010,"sea_level":1010,"grnd_level":936,"humidity":51,"temp_kf":0},"weather":[{"id":804,"main":"Clouds","description":"nubes","icon":"04d"}],"clouds":{"all":99},"wind":{"speed":0.95,"deg":195,"gust":1.6},"visibility":10000,"pop":0,"sys":{"pod":"d"},"dt_txt":"2025-05-08 09:00:00"},{"dt":1746705600,"main":{"temp":19.96,"feels_like":18.9,"temp_min":19.96,"temp_max":19.96,"pressure":1008,"sea_level":1008,"grnd_level":935,"humidity":34,"temp_kf":0},"weather":[{"id":500,"main":"Rain","description":"lluvia ligera","icon":"10d"}],"clouds":{"all":100},"wind":{"speed":3.33,"deg":247,"gust":3.42},"visibility":10000,"pop":0.32,"rain":{"3h":0.34},"sys":{"pod":"d"},"dt_txt":"2025-05-08 12:00:00"},{"dt":1746716400,"main":{"temp":15.95,"feels_like":15.09,"temp_min":15.95,"temp_max":15.95,"pressure":1009,"sea_level":1009,"grnd_level":935,"humidity":57,"temp_kf":0},"weather":[{"id":500,"main":"Rain","description":"lluvia ligera","icon":"10d"}],"clouds":{"all":100},"wind":{"speed":4.09,"deg":298,"gust":5.36},"visibility":10000,"pop":1,"rain":{"3h":0.77},"sys":{"pod":"d"},"dt_txt":"2025-05-08 15:00:00"},{"dt":1746727200,"main":{"temp":16.22,"feels_like":15.23,"temp_min":16.22,"temp_max":16.22,"pressure":1009,"sea_level":1009,"grnd_level":935,"humidity":51,"temp_kf":0},"weather":[{"id":500,"main":"Rain","description":"lluvia ligera","icon":"10d"}],"clouds":{"all":100},"wind":{"speed":0.58,"deg":262,"gust":1.63},"visibility":10000,"pop":1,"rain":{"3h":0.46},"sys":{"pod":"d"},"dt_txt":"2025-05-08 18:00:00"},{"dt":1746738000,"main":{"temp":14.52,"feels_like":13.62,"temp_min":14.52,"temp_max":14.52,"pressure":1010,"sea_level":1010,"grnd_level":936,"humidity":61,"temp_kf":0},"weather":[{"id":804,"main":"Clouds","description":"nubes","icon":"04n"}],"clouds":{"all":100},"wind":{"speed":3.07,"deg":235,"gust":3.94},"visibility":10000,"pop":0.06,"sys":{"pod":"n"},"dt_txt":"2025-05-08 21:00:00"},{"dt":1746748800,"main":{"temp":13.64,"feels_like":12.81,"temp_min":13.64,"temp_max":13.64,"pressure":1010,"sea_level":1010,"grnd_level":935,"humidity":67,"temp_kf":0},"weather":[{"id":500,"main":"Rain","description":"lluvia ligera","icon":"10n"}],"clouds":{"all":100},"wind":{"speed":1.22,"deg":255,"gust":1.7},"visibility":10000,"pop":0.43,"rain":{"3h":0.48},"sys":{"pod":"n"},"dt_txt":"2025-05-09 00:00:00"},{"dt":1746759600,"main":{"temp":12.95,"feels_like":12.21,"temp_min":12.95,"temp_max":12.95,"pressure":1009,"sea_level":1009,"grnd_level":935,"humidity":73,"temp_kf":0},"weather":[{"id":500,"main":"Rain","description":"lluvia ligera","icon":"10n"}],"clouds":{"all":100},"wind":{"speed":0.92,"deg":247,"gust":2.07},"visibility":10000,"pop":0.8,"rain":{"3h":0.44},"sys":{"pod":"n"},"dt_txt":"2025-05-09 03:00:00"},{"dt":1746770400,"main":{"temp":12.13,"feels_like":11.44,"temp_min":12.13,"temp_max":12.13,"pressure":1010,"sea_level":1010,"grnd_level":935,"humidity":78,"temp_kf":0},"weather":[{"id":500,"main":"Rain","description":"lluvia ligera","icon":"10d"}],"clouds":{"all":100},"wind":{"speed":1.65,"deg":215,"gust":2.44},"visibility":10000,"pop":0.79,"rain":{"3h":0.35},"sys":{"pod":"d"},"dt_txt":"2025-05-09 06:00:00"},{"dt":1746781200,"main":{"temp":12.28,"feels_like":11.5,"temp_min":12.28,"temp_max":12.28,"pressure":1010,"sea_level":1010,"grnd_level":936,"humidity":74,"temp_kf":0},"weather":[{"id":500,"main":"Rain","description":"lluvia ligera","icon":"10d"}],"clouds":{"all":100},"wind":{"speed":4.74,"deg":228,"gust":5.3},"visibility":10000,"pop":0.36,"rain":{"3h":0.2},"sys":{"pod":"d"},"dt_txt":"2025-05-09 09:00:00"},{"dt":1746792000,"main":{"temp":17.34,"feels_like":16.23,"temp_min":17.34,"temp_max":17.34,"pressure":1009,"sea_level":1009,"grnd_level":936,"humidity":42,"temp_kf":0},"weather":[{"id":804,"main":"Clouds","description":"nubes","icon":"04d"}],"clouds":{"all":86},"wind":{"speed":6.14,"deg":217,"gust":6.23},"visibility":10000,"pop":0.17,"sys":{"pod":"d"},"dt_txt":"2025-05-09 12:00:00"},{"dt":1746802800,"main":{"temp":19.1,"feels_like":17.9,"temp_min":19.1,"temp_max":19.1,"pressure":1008,"sea_level":1008,"grnd_level":935,"humidity":32,"temp_kf":0},"weather":[{"id":800,"main":"Clear","description":"cielo claro","icon":"01d"}],"clouds":{"all":8},"wind":{"speed":6.37,"deg":224,"gust":7.68},"visibility":10000,"pop":0,"sys":{"pod":"d"},"dt_txt":"2025-05-09 15:00:00"},{"dt":1746813600,"main":{"temp":17.74,"feels_like":16.48,"temp_min":17.74,"temp_max":17.74,"pressure":1009,"sea_level":1009,"grnd_level":935,"humidity":35,"temp_kf":0},"weather":[{"id":800,"main":"Clear","description":"cielo claro","icon":"01d"}],"clouds":{"all":9},"wind":{"speed":6.71,"deg":223,"gust":7.58},"visibility":10000,"pop":0,"sys":{"pod":"d"},"dt_txt":"2025-05-09 18:00:00"},{"dt":1746824400,"main":{"temp":14.75,"feels_like":13.53,"temp_min":14.75,"temp_max":14.75,"pressure":1011,"sea_level":1011,"grnd_level":937,"humidity":48,"temp_kf":0},"weather":[{"id":800,"main":"Clear","description":"cielo claro","icon":"01n"}],"clouds":{"all":3},"wind":{"speed":3.49,"deg":234,"gust":7.42},"visibility":10000,"pop":0,"sys":{"pod":"n"},"dt_txt":"2025-05-09 21:00:00"},{"dt":1746835200,"main":{"temp":12.74,"feels_like":11.77,"temp_min":12.74,"temp_max":12.74,"pressure":1012,"sea_level":1012,"grnd_level":937,"humidity":65,"temp_kf":0},"weather":[{"id":800,"main":"Clear","description":"cielo claro","icon":"01n"}],"clouds":{"all":3},"wind":{"speed":2.83,"deg":223,"gust":5.58},"visibility":10000,"pop":0,"sys":{"pod":"n"},"dt_txt":"2025-05-10 00:00:00"},{"dt":1746846000,"main":{"temp":12.91,"feels_like":11.82,"temp_min":12.91,"temp_max":12.91,"pressure":1012,"sea_level":1012,"grnd_level":937,"humidity":60,"temp_kf":0},"weather":[{"id":803,"main":"Clouds","description":"muy nuboso","icon":"04n"}],"clouds":{"all":52},"wind":{"speed":1.89,"deg":193,"gust":2.88},"visibility":10000,"pop":0,"sys":{"pod":"n"},"dt_txt":"2025-05-10 03:00:00"},{"dt":1746856800,"main":{"temp":12.78,"feels_like":11.73,"temp_min":12.78,"temp_max":12.78,"pressure":1012,"sea_level":1012,"grnd_level":938,"humidity":62,"temp_kf":0},"weather":[{"id":803,"main":"Clouds","description":"muy nuboso","icon":"04d"}],"clouds":{"all":70},"wind":{"speed":1.5,"deg":213,"gust":2.69},"visibility":10000,"pop":0,"sys":{"pod":"d"},"dt_txt":"2025-05-10 06:00:00"},{"dt":1746867600,"main":{"temp":15.05,"feels_like":13.97,"temp_min":15.05,"temp_max":15.05,"pressure":1012,"sea_level":1012,"grnd_level":938,"humidity":52,"temp_kf":0},"weather":[{"id":500,"main":"Rain","description":"lluvia ligera","icon":"10d"}],"clouds":{"all":99},"wind":{"speed":2.4,"deg":214,"gust":5.59},"visibility":10000,"pop":0.2,"rain":{"3h":0.13},"sys":{"pod":"d"},"dt_txt":"2025-05-10 09:00:00"},{"dt":1746878400,"main":{"temp":19.75,"feels_like":18.64,"temp_min":19.75,"temp_max":19.75,"pressure":1011,"sea_level":1011,"grnd_level":937,"humidity":33,"temp_kf":0},"weather":[{"id":803,"main":"Clouds","description":"muy nuboso","icon":"04d"}],"clouds":{"all":68},"wind":{"speed":5.7,"deg":225,"gust":8.36},"visibility":10000,"pop":0,"sys":{"pod":"d"},"dt_txt":"2025-05-10 12:00:00"},{"dt":1746889200,"main":{"temp":20.35,"feels_like":19.28,"temp_min":20.35,"temp_max":20.35,"pressure":1010,"sea_level":1010,"grnd_level":937,"humidity":32,"temp_kf":0},"weather":[{"id":802,"main":"Clouds","description":"nubes dispersas","icon":"03d"}],"clouds":{"all":50},"wind":{"speed":5.45,"deg":203,"gust":7.89},"visibility":10000,"pop":0,"sys":{"pod":"d"},"dt_txt":"2025-05-10 15:00:00"},{"dt":1746900000,"main":{"temp":19.06,"feels_like":17.94,"temp_min":19.06,"temp_max":19.06,"pressure":1011,"sea_level":1011,"grnd_level":937,"humidity":35,"temp_kf":0},"weather":[{"id":803,"main":"Clouds","description":"muy nuboso","icon":"04d"}],"clouds":{"all":65},"wind":{"speed":4.4,"deg":234,"gust":6.16},"visibility":10000,"pop":0,"sys":{"pod":"d"},"dt_txt":"2025-05-10 18:00:00"},{"dt":1746910800,"main":{"temp":16.25,"feels_like":15.05,"temp_min":16.25,"temp_max":16.25,"pressure":1012,"sea_level":1012,"grnd_level":938,"humidity":43,"temp_kf":0},"weather":[{"id":803,"main":"Clouds","description":"muy nuboso","icon":"04n"}],"clouds":{"all":79},"wind":{"speed":2.47,"deg":269,"gust":4.47},"visibility":10000,"pop":0,"sys":{"pod":"n"},"dt_txt":"2025-05-10 21:00:00"},{"dt":1746921600,"main":{"temp":15.08,"feels_like":13.82,"temp_min":15.08,"temp_max":15.08,"pressure":1013,"sea_level":1013,"grnd_level":939,"humidity":45,"temp_kf":0},"weather":[{"id":804,"main":"Clouds","description":"nubes","icon":"04n"}],"clouds":{"all":88},"wind":{"speed":1.91,"deg":186,"gust":1.99},"visibility":10000,"pop":0,"sys":{"pod":"n"},"dt_txt":"2025-05-11 00:00:00"},{"dt":1746932400,"main":{"temp":13.06,"feels_like":11.83,"temp_min":13.06,"temp_max":13.06,"pressure":1013,"sea_level":1013,"grnd_level":938,"humidity":54,"temp_kf":0},"weather":[{"id":803,"main":"Clouds","description":"muy nuboso","icon":"04n"}],"clouds":{"all":84},"wind":{"speed":0.16,"deg":338,"gust":1.2},"visibility":10000,"pop":0,"sys":{"pod":"n"},"dt_txt":"2025-05-11 03:00:00"},{"dt":1746943200,"main":{"temp":12.49,"feels_like":11.28,"temp_min":12.49,"temp_max":12.49,"pressure":1013,"sea_level":1013,"grnd_level":938,"humidity":57,"temp_kf":0},"weather":[{"id":803,"main":"Clouds","description":"muy nuboso","icon":"04d"}],"clouds":{"all":79},"wind":{"speed":1.32,"deg":46,"gust":1.8},"visibility":10000,"pop":0,"sys":{"pod":"d"},"dt_txt":"2025-05-11 06:00:00"},{"dt":1746954000,"main":{"temp":17.11,"feels_like":15.95,"temp_min":17.11,"temp_max":17.11,"pressure":1013,"sea_level":1013,"grnd_level":939,"humidity":41,"temp_kf":0},"weather":[{"id":804,"main":"Clouds","description":"nubes","icon":"04d"}],"clouds":{"all":91},"wind":{"speed":0.7,"deg":193,"gust":1.42},"visibility":10000,"pop":0,"sys":{"pod":"d"},"dt_txt":"2025-05-11 09:00:00"},{"dt":1746964800,"main":{"temp":19.95,"feels_like":18.86,"temp_min":19.95,"temp_max":19.95,"pressure":1012,"sea_level":1012,"grnd_level":938,"humidity":33,"temp_kf":0},"weather":[{"id":804,"main":"Clouds","description":"nubes","icon":"04d"}],"clouds":{"all":85},"wind":{"speed":4.42,"deg":231,"gust":4.68},"visibility":10000,"pop":0,"sys":{"pod":"d"},"dt_txt":"2025-05-11 12:00:00"},{"dt":1746975600,"main":{"temp":20.8,"feels_like":19.8,"temp_min":20.8,"temp_max":20.8,"pressure":1010,"sea_level":1010,"grnd_level":937,"humidity":33,"temp_kf":0},"weather":[{"id":803,"main":"Clouds","description":"muy nuboso","icon":"04d"}],"clouds":{"all":81},"wind":{"speed":5.85,"deg":244,"gust":7.16},"visibility":10000,"pop":0,"sys":{"pod":"d"},"dt_txt":"2025-05-11 15:00:00"},{"dt":1746986400,"main":{"temp":18.59,"feels_like":17.58,"temp_min":18.59,"temp_max":18.59,"pressure":1011,"sea_level":1011,"grnd_level":937,"humidity":41,"temp_kf":0},"weather":[{"id":803,"main":"Clouds","description":"muy nuboso","icon":"04d"}],"clouds":{"all":61},"wind":{"speed":7.4,"deg":237,"gust":7.85},"visibility":10000,"pop":0,"sys":{"pod":"d"},"dt_txt":"2025-05-11 18:00:00"},{"dt":1746997200,"main":{"temp":16.17,"feels_like":15.04,"temp_min":16.17,"temp_max":16.17,"pressure":1013,"sea_level":1013,"grnd_level":939,"humidity":46,"temp_kf":0},"weather":[{"id":800,"main":"Clear","description":"cielo claro","icon":"01n"}],"clouds":{"all":0},"wind":{"speed":4.03,"deg":273,"gust":7.48},"visibility":10000,"pop":0,"sys":{"pod":"n"},"dt_txt":"2025-05-11 21:00:00"}],"city":{"id":6545083,"name":"Sol","coord":{"lat":40.4168,"lon":-3.7038},"country":"ES","population":0,"timezone":7200,"sunrise":1746508074,"sunset":1746558894}}

23:53:31.881 [main] DEBUG com.jayway.jsonpath.internal.path.CompiledPath - Evaluating path: $['list'][0]['weather'][0]['description']
23:53:31.903 [main] DEBUG org.thymeleaf.TemplateEngine - [THYMELEAF] INITIALIZING TEMPLATE ENGINE
23:53:31.937 [main] DEBUG org.thymeleaf.TemplateEngine.CONFIG - Initializing Thymeleaf Template engine configuration...
[THYMELEAF] TEMPLATE ENGINE CONFIGURATION:
[THYMELEAF] * Thymeleaf version: 3.0.14.RELEASE (built 2021-12-08T00:45:29+0000)
[THYMELEAF] * Cache Manager implementation: org.thymeleaf.cache.StandardCacheManager
[THYMELEAF] * Template resolvers:
[THYMELEAF]     * [1] com.intuit.karate.template.ResourceHtmlTemplateResolver
[THYMELEAF] * Message resolvers:
[THYMELEAF]     * org.thymeleaf.messageresolver.StandardMessageResolver
[THYMELEAF] * Link builders:
[THYMELEAF]     * org.thymeleaf.linkbuilder.StandardLinkBuilder
[THYMELEAF] * Dialect [1 of 2]: Standard (com.intuit.karate.template.KarateStandardDialect)
[THYMELEAF]     * Prefix: "th"
[THYMELEAF]     * Processors for Template Mode: HTML
[THYMELEAF]         * Element Tag Processors by [matching element and attribute name] [precedence]:
[THYMELEAF]             * [* {th:include,data-th-include}] [100]: org.thymeleaf.standard.processor.StandardIncludeTagProcessor
[THYMELEAF]             * [* {th:insert,data-th-insert}] [100]: org.thymeleaf.standard.processor.StandardInsertTagProcessor
[THYMELEAF]             * [* {th:replace,data-th-replace}] [100]: org.thymeleaf.standard.processor.StandardReplaceTagProcessor
[THYMELEAF]             * [* {th:substituteby,data-th-substituteby}] [100]: org.thymeleaf.standard.processor.StandardSubstituteByTagProcessor
[THYMELEAF]             * [* {th:each,data-th-each}] [200]: com.intuit.karate.template.KarateEachTagProcessor
[THYMELEAF]             * [* {th:switch,data-th-switch}] [250]: org.thymeleaf.standard.processor.StandardSwitchTagProcessor
[THYMELEAF]             * [* {th:case,data-th-case}] [275]: org.thymeleaf.standard.processor.StandardCaseTagProcessor
[THYMELEAF]             * [* {th:if,data-th-if}] [300]: org.thymeleaf.standard.processor.StandardIfTagProcessor
[THYMELEAF]             * [* {th:unless,data-th-unless}] [400]: org.thymeleaf.standard.processor.StandardUnlessTagProcessor
[THYMELEAF]             * [* {th:object,data-th-object}] [500]: org.thymeleaf.standard.processor.StandardObjectTagProcessor
[THYMELEAF]             * [* {th:with,data-th-with}] [600]: com.intuit.karate.template.KarateWithTagProcessor
[THYMELEAF]             * [* {th:attr,data-th-attr}] [700]: com.intuit.karate.template.KarateAttributeTagProcessor.KarateAttrTagProcessor
[THYMELEAF]             * [* {th:attrappend,data-th-attrappend}] [900]: com.intuit.karate.template.KarateAttributeTagProcessor.KarateAttrappendTagProcessor
[THYMELEAF]             * [* {th:attrprepend,data-th-attrprepend}] [900]: com.intuit.karate.template.KarateAttributeTagProcessor.KarateAttrprependTagProcessor
[THYMELEAF]             * [* {th:alt-title,data-th-alt-title}] [990]: org.thymeleaf.standard.processor.StandardAltTitleTagProcessor
[THYMELEAF]             * [* {th:lang-xmllang,data-th-lang-xmllang}] [990]: org.thymeleaf.standard.processor.StandardLangXmlLangTagProcessor
[THYMELEAF]             * [* {th:action,data-th-action}] [1000]: org.thymeleaf.standard.processor.StandardActionTagProcessor
[THYMELEAF]             * [* {th:disabled,data-th-disabled}] [1000]: org.thymeleaf.standard.processor.StandardConditionalFixedValueTagProcessor
[THYMELEAF]             * [* {th:selected,data-th-selected}] [1000]: org.thymeleaf.standard.processor.StandardConditionalFixedValueTagProcessor
[THYMELEAF]             * [* {th:loop,data-th-loop}] [1000]: org.thymeleaf.standard.processor.StandardConditionalFixedValueTagProcessor
[THYMELEAF]             * [* {th:autofocus,data-th-autofocus}] [1000]: org.thymeleaf.standard.processor.StandardConditionalFixedValueTagProcessor
[THYMELEAF]             * [* {th:nowrap,data-th-nowrap}] [1000]: org.thymeleaf.standard.processor.StandardConditionalFixedValueTagProcessor
[THYMELEAF]             * [* {th:open,data-th-open}] [1000]: org.thymeleaf.standard.processor.StandardConditionalFixedValueTagProcessor
[THYMELEAF]             * [* {th:ismap,data-th-ismap}] [1000]: org.thymeleaf.standard.processor.StandardConditionalFixedValueTagProcessor
[THYMELEAF]             * [* {th:required,data-th-required}] [1000]: org.thymeleaf.standard.processor.StandardConditionalFixedValueTagProcessor
[THYMELEAF]             * [* {th:readonly,data-th-readonly}] [1000]: org.thymeleaf.standard.processor.StandardConditionalFixedValueTagProcessor
[THYMELEAF]             * [* {th:declare,data-th-declare}] [1000]: org.thymeleaf.standard.processor.StandardConditionalFixedValueTagProcessor
[THYMELEAF]             * [* {th:pubdate,data-th-pubdate}] [1000]: org.thymeleaf.standard.processor.StandardConditionalFixedValueTagProcessor
[THYMELEAF]             * [* {th:multiple,data-th-multiple}] [1000]: org.thymeleaf.standard.processor.StandardConditionalFixedValueTagProcessor
[THYMELEAF]             * [* {th:controls,data-th-controls}] [1000]: org.thymeleaf.standard.processor.StandardConditionalFixedValueTagProcessor
[THYMELEAF]             * [* {th:checked,data-th-checked}] [1000]: org.thymeleaf.standard.processor.StandardConditionalFixedValueTagProcessor
[THYMELEAF]             * [* {th:async,data-th-async}] [1000]: org.thymeleaf.standard.processor.StandardConditionalFixedValueTagProcessor
[THYMELEAF]             * [* {th:novalidate,data-th-novalidate}] [1000]: org.thymeleaf.standard.processor.StandardConditionalFixedValueTagProcessor
[THYMELEAF]             * [* {th:seamless,data-th-seamless}] [1000]: org.thymeleaf.standard.processor.StandardConditionalFixedValueTagProcessor
[THYMELEAF]             * [* {th:default,data-th-default}] [1000]: org.thymeleaf.standard.processor.StandardConditionalFixedValueTagProcessor
[THYMELEAF]             * [* {th:formnovalidate,data-th-formnovalidate}] [1000]: org.thymeleaf.standard.processor.StandardConditionalFixedValueTagProcessor
[THYMELEAF]             * [* {th:scoped,data-th-scoped}] [1000]: org.thymeleaf.standard.processor.StandardConditionalFixedValueTagProcessor
[THYMELEAF]             * [* {th:reversed,data-th-reversed}] [1000]: org.thymeleaf.standard.processor.StandardConditionalFixedValueTagProcessor
[THYMELEAF]             * [* {th:defer,data-th-defer}] [1000]: org.thymeleaf.standard.processor.StandardConditionalFixedValueTagProcessor
[THYMELEAF]             * [* {th:autoplay,data-th-autoplay}] [1000]: org.thymeleaf.standard.processor.StandardConditionalFixedValueTagProcessor
[THYMELEAF]             * [* {th:hidden,data-th-hidden}] [1000]: org.thymeleaf.standard.processor.StandardConditionalFixedValueTagProcessor
[THYMELEAF]             * [* {th:onselect,data-th-onselect}] [1000]: org.thymeleaf.standard.processor.StandardDOMEventAttributeTagProcessor
[THYMELEAF]             * [* {th:onscroll,data-th-onscroll}] [1000]: org.thymeleaf.standard.processor.StandardDOMEventAttributeTagProcessor
[THYMELEAF]             * [* {th:oninvalid,data-th-oninvalid}] [1000]: org.thymeleaf.standard.processor.StandardDOMEventAttributeTagProcessor
[THYMELEAF]             * [* {th:onplay,data-th-onplay}] [1000]: org.thymeleaf.standard.processor.StandardDOMEventAttributeTagProcessor
[THYMELEAF]             * [* {th:onhashchange,data-th-onhashchange}] [1000]: org.thymeleaf.standard.processor.StandardDOMEventAttributeTagProcessor
[THYMELEAF]             * [* {th:onshow,data-th-onshow}] [1000]: org.thymeleaf.standard.processor.StandardDOMEventAttributeTagProcessor
[THYMELEAF]             * [* {th:onchange,data-th-onchange}] [1000]: org.thymeleaf.standard.processor.StandardDOMEventAttributeTagProcessor
[THYMELEAF]             * [* {th:oncanplaythrough,data-th-oncanplaythrough}] [1000]: org.thymeleaf.standard.processor.StandardDOMEventAttributeTagProcessor
[THYMELEAF]             * [* {th:onafterprint,data-th-onafterprint}] [1000]: org.thymeleaf.standard.processor.StandardDOMEventAttributeTagProcessor
[THYMELEAF]             * [* {th:onbeforeunload,data-th-onbeforeunload}] [1000]: org.thymeleaf.standard.processor.StandardDOMEventAttributeTagProcessor
[THYMELEAF]             * [* {th:onprogress,data-th-onprogress}] [1000]: org.thymeleaf.standard.processor.StandardDOMEventAttributeTagProcessor
[THYMELEAF]             * [* {th:onsuspend,data-th-onsuspend}] [1000]: org.thymeleaf.standard.processor.StandardDOMEventAttributeTagProcessor
[THYMELEAF]             * [* {th:ondrop,data-th-ondrop}] [1000]: org.thymeleaf.standard.processor.StandardDOMEventAttributeTagProcessor
[THYMELEAF]             * [* {th:ondragleave,data-th-ondragleave}] [1000]: org.thymeleaf.standard.processor.StandardDOMEventAttributeTagProcessor
[THYMELEAF]             * [* {th:onloadedmetadata,data-th-onloadedmetadata}] [1000]: org.thymeleaf.standard.processor.StandardDOMEventAttributeTagProcessor
[THYMELEAF]             * [* {th:onseeking,data-th-onseeking}] [1000]: org.thymeleaf.standard.processor.StandardDOMEventAttributeTagProcessor
[THYMELEAF]             * [* {th:onmouseup,data-th-onmouseup}] [1000]: org.thymeleaf.standard.processor.StandardDOMEventAttributeTagProcessor
[THYMELEAF]             * [* {th:onsubmit,data-th-onsubmit}] [1000]: org.thymeleaf.standard.processor.StandardDOMEventAttributeTagProcessor
[THYMELEAF]             * [* {th:oninput,data-th-oninput}] [1000]: org.thymeleaf.standard.processor.StandardDOMEventAttributeTagProcessor
[THYMELEAF]             * [* {th:onresize,data-th-onresize}] [1000]: org.thymeleaf.standard.processor.StandardDOMEventAttributeTagProcessor
[THYMELEAF]             * [* {th:onmouseover,data-th-onmouseover}] [1000]: org.thymeleaf.standard.processor.StandardDOMEventAttributeTagProcessor
[THYMELEAF]             * [* {th:onforminput,data-th-onforminput}] [1000]: org.thymeleaf.standard.processor.StandardDOMEventAttributeTagProcessor
[THYMELEAF]             * [* {th:ondragenter,data-th-ondragenter}] [1000]: org.thymeleaf.standard.processor.StandardDOMEventAttributeTagProcessor
[THYMELEAF]             * [* {th:onmousemove,data-th-onmousemove}] [1000]: org.thymeleaf.standard.processor.StandardDOMEventAttributeTagProcessor
[THYMELEAF]             * [* {th:ondragover,data-th-ondragover}] [1000]: org.thymeleaf.standard.processor.StandardDOMEventAttributeTagProcessor
[THYMELEAF]             * [* {th:onkeyup,data-th-onkeyup}] [1000]: org.thymeleaf.standard.processor.StandardDOMEventAttributeTagProcessor
[THYMELEAF]             * [* {th:onplaying,data-th-onplaying}] [1000]: org.thymeleaf.standard.processor.StandardDOMEventAttributeTagProcessor
[THYMELEAF]             * [* {th:onunload,data-th-onunload}] [1000]: org.thymeleaf.standard.processor.StandardDOMEventAttributeTagProcessor
[THYMELEAF]             * [* {th:onmouseout,data-th-onmouseout}] [1000]: org.thymeleaf.standard.processor.StandardDOMEventAttributeTagProcessor
[THYMELEAF]             * [* {th:ondragend,data-th-ondragend}] [1000]: org.thymeleaf.standard.processor.StandardDOMEventAttributeTagProcessor
[THYMELEAF]             * [* {th:onstalled,data-th-onstalled}] [1000]: org.thymeleaf.standard.processor.StandardDOMEventAttributeTagProcessor
[THYMELEAF]             * [* {th:onseeked,data-th-onseeked}] [1000]: org.thymeleaf.standard.processor.StandardDOMEventAttributeTagProcessor
[THYMELEAF]             * [* {th:onmousedown,data-th-onmousedown}] [1000]: org.thymeleaf.standard.processor.StandardDOMEventAttributeTagProcessor
[THYMELEAF]             * [* {th:onabort,data-th-onabort}] [1000]: org.thymeleaf.standard.processor.StandardDOMEventAttributeTagProcessor
[THYMELEAF]             * [* {th:onmousewheel,data-th-onmousewheel}] [1000]: org.thymeleaf.standard.processor.StandardDOMEventAttributeTagProcessor
[THYMELEAF]             * [* {th:onreadystatechange,data-th-onreadystatechange}] [1000]: org.thymeleaf.standard.processor.StandardDOMEventAttributeTagProcessor
[THYMELEAF]             * [* {th:onclick,data-th-onclick}] [1000]: org.thymeleaf.standard.processor.StandardDOMEventAttributeTagProcessor
[THYMELEAF]             * [* {th:onpause,data-th-onpause}] [1000]: org.thymeleaf.standard.processor.StandardDOMEventAttributeTagProcessor
[THYMELEAF]             * [* {th:oncontextmenu,data-th-oncontextmenu}] [1000]: org.thymeleaf.standard.processor.StandardDOMEventAttributeTagProcessor
[THYMELEAF]             * [* {th:onloadstart,data-th-onloadstart}] [1000]: org.thymeleaf.standard.processor.StandardDOMEventAttributeTagProcessor
[THYMELEAF]             * [* {th:onundo,data-th-onundo}] [1000]: org.thymeleaf.standard.processor.StandardDOMEventAttributeTagProcessor
[THYMELEAF]             * [* {th:ondragstart,data-th-ondragstart}] [1000]: org.thymeleaf.standard.processor.StandardDOMEventAttributeTagProcessor
[THYMELEAF]             * [* {th:onoffline,data-th-onoffline}] [1000]: org.thymeleaf.standard.processor.StandardDOMEventAttributeTagProcessor
[THYMELEAF]             * [* {th:ondblclick,data-th-ondblclick}] [1000]: org.thymeleaf.standard.processor.StandardDOMEventAttributeTagProcessor
[THYMELEAF]             * [* {th:onbeforeprint,data-th-onbeforeprint}] [1000]: org.thymeleaf.standard.processor.StandardDOMEventAttributeTagProcessor
[THYMELEAF]             * [* {th:onloadeddata,data-th-onloadeddata}] [1000]: org.thymeleaf.standard.processor.StandardDOMEventAttributeTagProcessor
[THYMELEAF]             * [* {th:onredo,data-th-onredo}] [1000]: org.thymeleaf.standard.processor.StandardDOMEventAttributeTagProcessor
[THYMELEAF]             * [* {th:onended,data-th-onended}] [1000]: org.thymeleaf.standard.processor.StandardDOMEventAttributeTagProcessor
[THYMELEAF]             * [* {th:onkeypress,data-th-onkeypress}] [1000]: org.thymeleaf.standard.processor.StandardDOMEventAttributeTagProcessor
[THYMELEAF]             * [* {th:onformchange,data-th-onformchange}] [1000]: org.thymeleaf.standard.processor.StandardDOMEventAttributeTagProcessor
[THYMELEAF]             * [* {th:ononline,data-th-ononline}] [1000]: org.thymeleaf.standard.processor.StandardDOMEventAttributeTagProcessor
[THYMELEAF]             * [* {th:onmessage,data-th-onmessage}] [1000]: org.thymeleaf.standard.processor.StandardDOMEventAttributeTagProcessor
[THYMELEAF]             * [* {th:ondrag,data-th-ondrag}] [1000]: org.thymeleaf.standard.processor.StandardDOMEventAttributeTagProcessor
[THYMELEAF]             * [* {th:onemptied,data-th-onemptied}] [1000]: org.thymeleaf.standard.processor.StandardDOMEventAttributeTagProcessor
[THYMELEAF]             * [* {th:oncanplay,data-th-oncanplay}] [1000]: org.thymeleaf.standard.processor.StandardDOMEventAttributeTagProcessor
[THYMELEAF]             * [* {th:onfocus,data-th-onfocus}] [1000]: org.thymeleaf.standard.processor.StandardDOMEventAttributeTagProcessor
[THYMELEAF]             * [* {th:onwaiting,data-th-onwaiting}] [1000]: org.thymeleaf.standard.processor.StandardDOMEventAttributeTagProcessor
[THYMELEAF]             * [* {th:ontimeupdate,data-th-ontimeupdate}] [1000]: org.thymeleaf.standard.processor.StandardDOMEventAttributeTagProcessor
[THYMELEAF]             * [* {th:onratechange,data-th-onratechange}] [1000]: org.thymeleaf.standard.processor.StandardDOMEventAttributeTagProcessor
[THYMELEAF]             * [* {th:onblur,data-th-onblur}] [1000]: org.thymeleaf.standard.processor.StandardDOMEventAttributeTagProcessor
[THYMELEAF]             * [* {th:onstorage,data-th-onstorage}] [1000]: org.thymeleaf.standard.processor.StandardDOMEventAttributeTagProcessor
[THYMELEAF]             * [* {th:ondurationchange,data-th-ondurationchange}] [1000]: org.thymeleaf.standard.processor.StandardDOMEventAttributeTagProcessor
[THYMELEAF]             * [* {th:onerror,data-th-onerror}] [1000]: org.thymeleaf.standard.processor.StandardDOMEventAttributeTagProcessor
[THYMELEAF]             * [* {th:onpopstate,data-th-onpopstate}] [1000]: org.thymeleaf.standard.processor.StandardDOMEventAttributeTagProcessor
[THYMELEAF]             * [* {th:onkeydown,data-th-onkeydown}] [1000]: org.thymeleaf.standard.processor.StandardDOMEventAttributeTagProcessor
[THYMELEAF]             * [* {th:onload,data-th-onload}] [1000]: org.thymeleaf.standard.processor.StandardDOMEventAttributeTagProcessor
[THYMELEAF]             * [* {th:onreset,data-th-onreset}] [1000]: org.thymeleaf.standard.processor.StandardDOMEventAttributeTagProcessor
[THYMELEAF]             * [* {th:onvolumechange,data-th-onvolumechange}] [1000]: org.thymeleaf.standard.processor.StandardDOMEventAttributeTagProcessor
[THYMELEAF]             * [* {th:href,data-th-href}] [1000]: org.thymeleaf.standard.processor.StandardHrefTagProcessor
[THYMELEAF]             * [* {th:inline,data-th-inline}] [1000]: org.thymeleaf.standard.processor.StandardInlineHTMLTagProcessor
[THYMELEAF]             * [* {th:method,data-th-method}] [1000]: org.thymeleaf.standard.processor.StandardMethodTagProcessor
[THYMELEAF]             * [* {th:type,data-th-type}] [1000]: org.thymeleaf.standard.processor.StandardNonRemovableAttributeTagProcessor
[THYMELEAF]             * [* {th:name,data-th-name}] [1000]: org.thymeleaf.standard.processor.StandardNonRemovableAttributeTagProcessor
[THYMELEAF]             * [* {th:archive,data-th-archive}] [1000]: org.thymeleaf.standard.processor.StandardRemovableAttributeTagProcessor
[THYMELEAF]             * [* {th:high,data-th-high}] [1000]: org.thymeleaf.standard.processor.StandardRemovableAttributeTagProcessor
[THYMELEAF]             * [* {th:draggable,data-th-draggable}] [1000]: org.thymeleaf.standard.processor.StandardRemovableAttributeTagProcessor
[THYMELEAF]             * [* {th:formtarget,data-th-formtarget}] [1000]: org.thymeleaf.standard.processor.StandardRemovableAttributeTagProcessor
[THYMELEAF]             * [* {th:span,data-th-span}] [1000]: org.thymeleaf.standard.processor.StandardRemovableAttributeTagProcessor
[THYMELEAF]             * [* {th:formenctype,data-th-formenctype}] [1000]: org.thymeleaf.standard.processor.StandardRemovableAttributeTagProcessor
[THYMELEAF]             * [* {th:placeholder,data-th-placeholder}] [1000]: org.thymeleaf.standard.processor.StandardRemovableAttributeTagProcessor
[THYMELEAF]             * [* {th:form,data-th-form}] [1000]: org.thymeleaf.standard.processor.StandardRemovableAttributeTagProcessor
[THYMELEAF]             * [* {th:media,data-th-media}] [1000]: org.thymeleaf.standard.processor.StandardRemovableAttributeTagProcessor
[THYMELEAF]             * [* {th:cite,data-th-cite}] [1000]: org.thymeleaf.standard.processor.StandardRemovableAttributeTagProcessor
[THYMELEAF]             * [* {th:max,data-th-max}] [1000]: org.thymeleaf.standard.processor.StandardRemovableAttributeTagProcessor
[THYMELEAF]             * [* {th:rows,data-th-rows}] [1000]: org.thymeleaf.standard.processor.StandardRemovableAttributeTagProcessor
[THYMELEAF]             * [* {th:width,data-th-width}] [1000]: org.thymeleaf.standard.processor.StandardRemovableAttributeTagProcessor
[THYMELEAF]             * [* {th:title,data-th-title}] [1000]: org.thymeleaf.standard.processor.StandardRemovableAttributeTagProcessor
[THYMELEAF]             * [* {th:icon,data-th-icon}] [1000]: org.thymeleaf.standard.processor.StandardRemovableAttributeTagProcessor
[THYMELEAF]             * [* {th:codetype,data-th-codetype}] [1000]: org.thymeleaf.standard.processor.StandardRemovableAttributeTagProcessor
[THYMELEAF]             * [* {th:summary,data-th-summary}] [1000]: org.thymeleaf.standard.processor.StandardRemovableAttributeTagProcessor
[THYMELEAF]             * [* {th:axis,data-th-axis}] [1000]: org.thymeleaf.standard.processor.StandardRemovableAttributeTagProcessor
[THYMELEAF]             * [* {th:start,data-th-start}] [1000]: org.thymeleaf.standard.processor.StandardRemovableAttributeTagProcessor
[THYMELEAF]             * [* {th:classid,data-th-classid}] [1000]: org.thymeleaf.standard.processor.StandardRemovableAttributeTagProcessor
[THYMELEAF]             * [* {th:rev,data-th-rev}] [1000]: org.thymeleaf.standard.processor.StandardRemovableAttributeTagProcessor
[THYMELEAF]             * [* {th:content,data-th-content}] [1000]: org.thymeleaf.standard.processor.StandardRemovableAttributeTagProcessor
[THYMELEAF]             * [* {th:target,data-th-target}] [1000]: org.thymeleaf.standard.processor.StandardRemovableAttributeTagProcessor
[THYMELEAF]             * [* {th:poster,data-th-poster}] [1000]: org.thymeleaf.standard.processor.StandardRemovableAttributeTagProcessor
[THYMELEAF]             * [* {th:rel,data-th-rel}] [1000]: org.thymeleaf.standard.processor.StandardRemovableAttributeTagProcessor
[THYMELEAF]             * [* {th:scope,data-th-scope}] [1000]: org.thymeleaf.standard.processor.StandardRemovableAttributeTagProcessor
[THYMELEAF]             * [* {th:longdesc,data-th-longdesc}] [1000]: org.thymeleaf.standard.processor.StandardRemovableAttributeTagProcessor
[THYMELEAF]             * [* {th:http-equiv,data-th-http-equiv}] [1000]: org.thymeleaf.standard.processor.StandardRemovableAttributeTagProcessor
[THYMELEAF]             * [* {th:usemap,data-th-usemap}] [1000]: org.thymeleaf.standard.processor.StandardRemovableAttributeTagProcessor
[THYMELEAF]             * [* {th:class,data-th-class}] [1000]: org.thymeleaf.standard.processor.StandardRemovableAttributeTagProcessor
[THYMELEAF]             * [* {th:accept-charset,data-th-accept-charset}] [1000]: org.thymeleaf.standard.processor.StandardRemovableAttributeTagProcessor
[THYMELEAF]             * [* {th:scrolling,data-th-scrolling}] [1000]: org.thymeleaf.standard.processor.StandardRemovableAttributeTagProcessor
[THYMELEAF]             * [* {th:enctype,data-th-enctype}] [1000]: org.thymeleaf.standard.processor.StandardRemovableAttributeTagProcessor
[THYMELEAF]             * [* {th:low,data-th-low}] [1000]: org.thymeleaf.standard.processor.StandardRemovableAttributeTagProcessor
[THYMELEAF]             * [* {th:rowspan,data-th-rowspan}] [1000]: org.thymeleaf.standard.processor.StandardRemovableAttributeTagProcessor
[THYMELEAF]             * [* {th:for,data-th-for}] [1000]: org.thymeleaf.standard.processor.StandardRemovableAttributeTagProcessor
[THYMELEAF]             * [* {th:style,data-th-style}] [1000]: org.thymeleaf.standard.processor.StandardRemovableAttributeTagProcessor
[THYMELEAF]             * [* {th:dropzone,data-th-dropzone}] [1000]: org.thymeleaf.standard.processor.StandardRemovableAttributeTagProcessor
[THYMELEAF]             * [* {th:frameborder,data-th-frameborder}] [1000]: org.thymeleaf.standard.processor.StandardRemovableAttributeTagProcessor
[THYMELEAF]             * [* {th:scheme,data-th-scheme}] [1000]: org.thymeleaf.standard.processor.StandardRemovableAttributeTagProcessor
[THYMELEAF]             * [* {th:min,data-th-min}] [1000]: org.thymeleaf.standard.processor.StandardRemovableAttributeTagProcessor
[THYMELEAF]             * [* {th:contenteditable,data-th-contenteditable}] [1000]: org.thymeleaf.standard.processor.StandardRemovableAttributeTagProcessor
[THYMELEAF]             * [* {th:cellspacing,data-th-cellspacing}] [1000]: org.thymeleaf.standard.processor.StandardRemovableAttributeTagProcessor
[THYMELEAF]             * [* {th:valuetype,data-th-valuetype}] [1000]: org.thymeleaf.standard.processor.StandardRemovableAttributeTagProcessor
[THYMELEAF]             * [* {th:wrap,data-th-wrap}] [1000]: org.thymeleaf.standard.processor.StandardRemovableAttributeTagProcessor
[THYMELEAF]             * [* {th:dir,data-th-dir}] [1000]: org.thymeleaf.standard.processor.StandardRemovableAttributeTagProcessor
[THYMELEAF]             * [* {th:accesskey,data-th-accesskey}] [1000]: org.thymeleaf.standard.processor.StandardRemovableAttributeTagProcessor
[THYMELEAF]             * [* {th:step,data-th-step}] [1000]: org.thymeleaf.standard.processor.StandardRemovableAttributeTagProcessor
[THYMELEAF]             * [* {th:srclang,data-th-srclang}] [1000]: org.thymeleaf.standard.processor.StandardRemovableAttributeTagProcessor
[THYMELEAF]             * [* {th:vspace,data-th-vspace}] [1000]: org.thymeleaf.standard.processor.StandardRemovableAttributeTagProcessor
[THYMELEAF]             * [* {th:kind,data-th-kind}] [1000]: org.thymeleaf.standard.processor.StandardRemovableAttributeTagProcessor
[THYMELEAF]             * [* {th:size,data-th-size}] [1000]: org.thymeleaf.standard.processor.StandardRemovableAttributeTagProcessor
[THYMELEAF]             * [* {th:data,data-th-data}] [1000]: org.thymeleaf.standard.processor.StandardRemovableAttributeTagProcessor
[THYMELEAF]             * [* {th:manifest,data-th-manifest}] [1000]: org.thymeleaf.standard.processor.StandardRemovableAttributeTagProcessor
[THYMELEAF]             * [* {th:audio,data-th-audio}] [1000]: org.thymeleaf.standard.processor.StandardRemovableAttributeTagProcessor
[THYMELEAF]             * [* {th:charset,data-th-charset}] [1000]: org.thymeleaf.standard.processor.StandardRemovableAttributeTagProcessor
[THYMELEAF]             * [* {th:autocomplete,data-th-autocomplete}] [1000]: org.thymeleaf.standard.processor.StandardRemovableAttributeTagProcessor
[THYMELEAF]             * [* {th:hspace,data-th-hspace}] [1000]: org.thymeleaf.standard.processor.StandardRemovableAttributeTagProcessor
[THYMELEAF]             * [* {th:accept,data-th-accept}] [1000]: org.thymeleaf.standard.processor.StandardRemovableAttributeTagProcessor
[THYMELEAF]             * [* {th:abbr,data-th-abbr}] [1000]: org.thymeleaf.standard.processor.StandardRemovableAttributeTagProcessor
[THYMELEAF]             * [* {th:maxlength,data-th-maxlength}] [1000]: org.thymeleaf.standard.processor.StandardRemovableAttributeTagProcessor
[THYMELEAF]             * [* {th:border,data-th-border}] [1000]: org.thymeleaf.standard.processor.StandardRemovableAttributeTagProcessor
[THYMELEAF]             * [* {th:tabindex,data-th-tabindex}] [1000]: org.thymeleaf.standard.processor.StandardRemovableAttributeTagProcessor
[THYMELEAF]             * [* {th:spellcheck,data-th-spellcheck}] [1000]: org.thymeleaf.standard.processor.StandardRemovableAttributeTagProcessor
[THYMELEAF]             * [* {th:id,data-th-id}] [1000]: org.thymeleaf.standard.processor.StandardRemovableAttributeTagProcessor
[THYMELEAF]             * [* {th:list,data-th-list}] [1000]: org.thymeleaf.standard.processor.StandardRemovableAttributeTagProcessor
[THYMELEAF]             * [* {th:cellpadding,data-th-cellpadding}] [1000]: org.thymeleaf.standard.processor.StandardRemovableAttributeTagProcessor
[THYMELEAF]             * [* {th:label,data-th-label}] [1000]: org.thymeleaf.standard.processor.StandardRemovableAttributeTagProcessor
[THYMELEAF]             * [* {th:formmethod,data-th-formmethod}] [1000]: org.thymeleaf.standard.processor.StandardRemovableAttributeTagProcessor
[THYMELEAF]             * [* {th:lang,data-th-lang}] [1000]: org.thymeleaf.standard.processor.StandardRemovableAttributeTagProcessor
[THYMELEAF]             * [* {th:align,data-th-align}] [1000]: org.thymeleaf.standard.processor.StandardRemovableAttributeTagProcessor
[THYMELEAF]             * [* {th:sandbox,data-th-sandbox}] [1000]: org.thymeleaf.standard.processor.StandardRemovableAttributeTagProcessor
[THYMELEAF]             * [* {th:sizes,data-th-sizes}] [1000]: org.thymeleaf.standard.processor.StandardRemovableAttributeTagProcessor
[THYMELEAF]             * [* {th:marginwidth,data-th-marginwidth}] [1000]: org.thymeleaf.standard.processor.StandardRemovableAttributeTagProcessor
[THYMELEAF]             * [* {th:contextmenu,data-th-contextmenu}] [1000]: org.thymeleaf.standard.processor.StandardRemovableAttributeTagProcessor
[THYMELEAF]             * [* {th:radiogroup,data-th-radiogroup}] [1000]: org.thymeleaf.standard.processor.StandardRemovableAttributeTagProcessor
[THYMELEAF]             * [* {th:codebase,data-th-codebase}] [1000]: org.thymeleaf.standard.processor.StandardRemovableAttributeTagProcessor
[THYMELEAF]             * [* {th:frame,data-th-frame}] [1000]: org.thymeleaf.standard.processor.StandardRemovableAttributeTagProcessor
[THYMELEAF]             * [* {th:headers,data-th-headers}] [1000]: org.thymeleaf.standard.processor.StandardRemovableAttributeTagProcessor
[THYMELEAF]             * [* {th:keytype,data-th-keytype}] [1000]: org.thymeleaf.standard.processor.StandardRemovableAttributeTagProcessor
[THYMELEAF]             * [* {th:datetime,data-th-datetime}] [1000]: org.thymeleaf.standard.processor.StandardRemovableAttributeTagProcessor
[THYMELEAF]             * [* {th:optimum,data-th-optimum}] [1000]: org.thymeleaf.standard.processor.StandardRemovableAttributeTagProcessor
[THYMELEAF]             * [* {th:colspan,data-th-colspan}] [1000]: org.thymeleaf.standard.processor.StandardRemovableAttributeTagProcessor
[THYMELEAF]             * [* {th:background,data-th-background}] [1000]: org.thymeleaf.standard.processor.StandardRemovableAttributeTagProcessor
[THYMELEAF]             * [* {th:marginheight,data-th-marginheight}] [1000]: org.thymeleaf.standard.processor.StandardRemovableAttributeTagProcessor
[THYMELEAF]             * [* {th:bgcolor,data-th-bgcolor}] [1000]: org.thymeleaf.standard.processor.StandardRemovableAttributeTagProcessor
[THYMELEAF]             * [* {th:standby,data-th-standby}] [1000]: org.thymeleaf.standard.processor.StandardRemovableAttributeTagProcessor
[THYMELEAF]             * [* {th:pattern,data-th-pattern}] [1000]: org.thymeleaf.standard.processor.StandardRemovableAttributeTagProcessor
[THYMELEAF]             * [* {th:alt,data-th-alt}] [1000]: org.thymeleaf.standard.processor.StandardRemovableAttributeTagProcessor
[THYMELEAF]             * [* {th:cols,data-th-cols}] [1000]: org.thymeleaf.standard.processor.StandardRemovableAttributeTagProcessor
[THYMELEAF]             * [* {th:preload,data-th-preload}] [1000]: org.thymeleaf.standard.processor.StandardRemovableAttributeTagProcessor
[THYMELEAF]             * [* {th:challenge,data-th-challenge}] [1000]: org.thymeleaf.standard.processor.StandardRemovableAttributeTagProcessor
[THYMELEAF]             * [* {th:rules,data-th-rules}] [1000]: org.thymeleaf.standard.processor.StandardRemovableAttributeTagProcessor
[THYMELEAF]             * [* {th:compact,data-th-compact}] [1000]: org.thymeleaf.standard.processor.StandardRemovableAttributeTagProcessor
[THYMELEAF]             * [* {th:formaction,data-th-formaction}] [1000]: org.thymeleaf.standard.processor.StandardRemovableAttributeTagProcessor
[THYMELEAF]             * [* {th:height,data-th-height}] [1000]: org.thymeleaf.standard.processor.StandardRemovableAttributeTagProcessor
[THYMELEAF]             * [* {th:hreflang,data-th-hreflang}] [1000]: org.thymeleaf.standard.processor.StandardRemovableAttributeTagProcessor
[THYMELEAF]             * [* {th:src,data-th-src}] [1000]: org.thymeleaf.standard.processor.StandardSrcTagProcessor
[THYMELEAF]             * [* {th:value,data-th-value}] [1000]: org.thymeleaf.standard.processor.StandardValueTagProcessor
[THYMELEAF]             * [* {th:xmlbase,data-th-xmlbase}] [1000]: org.thymeleaf.standard.processor.StandardXmlBaseTagProcessor
[THYMELEAF]             * [* {th:xmllang,data-th-xmllang}] [1000]: org.thymeleaf.standard.processor.StandardXmlLangTagProcessor
[THYMELEAF]             * [* {xmlns:th}] [1000]: org.thymeleaf.standard.processor.StandardXmlNsTagProcessor
[THYMELEAF]             * [* {th:xmlspace,data-th-xmlspace}] [1000]: org.thymeleaf.standard.processor.StandardXmlSpaceTagProcessor
[THYMELEAF]             * [* {th:classappend,data-th-classappend}] [1100]: org.thymeleaf.standard.processor.StandardClassappendTagProcessor
[THYMELEAF]             * [* {th:styleappend,data-th-styleappend}] [1100]: org.thymeleaf.standard.processor.StandardStyleappendTagProcessor
[THYMELEAF]             * [* {th:text,data-th-text}] [1300]: org.thymeleaf.standard.processor.StandardTextTagProcessor
[THYMELEAF]             * [* {th:utext,data-th-utext}] [1400]: org.thymeleaf.standard.processor.StandardUtextTagProcessor
[THYMELEAF]             * [* {th:fragment,data-th-fragment}] [1500]: org.thymeleaf.standard.processor.StandardFragmentTagProcessor
[THYMELEAF]             * [* {th:assert,data-th-assert}] [1550]: org.thymeleaf.standard.processor.StandardAssertTagProcessor
[THYMELEAF]             * [* {th:remove,data-th-remove}] [1600]: org.thymeleaf.standard.processor.StandardRemoveTagProcessor
[THYMELEAF]             * [* {th:ref,data-th-ref}] [10000]: org.thymeleaf.standard.processor.StandardRefAttributeTagProcessor
[THYMELEAF]             * [{th:block,th-block} *] [100000]: org.thymeleaf.standard.processor.StandardBlockTagProcessor
[THYMELEAF]             * [* th:*] [2147483647]: org.thymeleaf.standard.processor.StandardDefaultAttributesTagProcessor
[THYMELEAF]         * Text Processors by [precedence]:
[THYMELEAF]             * [1000]: org.thymeleaf.standard.processor.StandardInliningTextProcessor
[THYMELEAF]         * DOCTYPE Processors by [precedence]:
[THYMELEAF]             * [1000]: org.thymeleaf.standard.processor.StandardTranslationDocTypeProcessor
[THYMELEAF]         * CDATA Section Processors by [precedence]:
[THYMELEAF]             * [1000]: org.thymeleaf.standard.processor.StandardInliningCDATASectionProcessor
[THYMELEAF]         * Comment Processors by [precedence]:
[THYMELEAF]             * [1000]: org.thymeleaf.standard.processor.StandardInliningCommentProcessor
[THYMELEAF]             * [1100]: org.thymeleaf.standard.processor.StandardConditionalCommentProcessor
[THYMELEAF]     * Processors for Template Mode: XML
[THYMELEAF]         * Element Tag Processors by [matching element and attribute name] [precedence]:
[THYMELEAF]             * [* {th:include}] [100]: org.thymeleaf.standard.processor.StandardIncludeTagProcessor
[THYMELEAF]             * [* {th:insert}] [100]: org.thymeleaf.standard.processor.StandardInsertTagProcessor
[THYMELEAF]             * [* {th:replace}] [100]: org.thymeleaf.standard.processor.StandardReplaceTagProcessor
[THYMELEAF]             * [* {th:substituteby}] [100]: org.thymeleaf.standard.processor.StandardSubstituteByTagProcessor
[THYMELEAF]             * [* {th:each}] [200]: com.intuit.karate.template.KarateEachTagProcessor
[THYMELEAF]             * [* {th:switch}] [250]: org.thymeleaf.standard.processor.StandardSwitchTagProcessor
[THYMELEAF]             * [* {th:case}] [275]: org.thymeleaf.standard.processor.StandardCaseTagProcessor
[THYMELEAF]             * [* {th:if}] [300]: org.thymeleaf.standard.processor.StandardIfTagProcessor
[THYMELEAF]             * [* {th:unless}] [400]: org.thymeleaf.standard.processor.StandardUnlessTagProcessor
[THYMELEAF]             * [* {th:object}] [500]: org.thymeleaf.standard.processor.StandardObjectTagProcessor
[THYMELEAF]             * [* {th:with}] [600]: com.intuit.karate.template.KarateWithTagProcessor
[THYMELEAF]             * [* {th:attr}] [700]: com.intuit.karate.template.KarateAttributeTagProcessor.KarateAttrTagProcessor
[THYMELEAF]             * [* {th:attrappend}] [900]: com.intuit.karate.template.KarateAttributeTagProcessor.KarateAttrappendTagProcessor
[THYMELEAF]             * [* {th:attrprepend}] [900]: com.intuit.karate.template.KarateAttributeTagProcessor.KarateAttrprependTagProcessor
[THYMELEAF]             * [* {th:inline}] [1000]: org.thymeleaf.standard.processor.StandardInlineXMLTagProcessor
[THYMELEAF]             * [* {xmlns:th}] [1000]: org.thymeleaf.standard.processor.StandardXmlNsTagProcessor
[THYMELEAF]             * [* {th:text}] [1300]: org.thymeleaf.standard.processor.StandardTextTagProcessor
[THYMELEAF]             * [* {th:utext}] [1400]: org.thymeleaf.standard.processor.StandardUtextTagProcessor
[THYMELEAF]             * [* {th:fragment}] [1500]: org.thymeleaf.standard.processor.StandardFragmentTagProcessor
[THYMELEAF]             * [* {th:assert}] [1550]: org.thymeleaf.standard.processor.StandardAssertTagProcessor
[THYMELEAF]             * [* {th:remove}] [1600]: org.thymeleaf.standard.processor.StandardRemoveTagProcessor
[THYMELEAF]             * [* {th:ref}] [10000]: org.thymeleaf.standard.processor.StandardRefAttributeTagProcessor
[THYMELEAF]             * [{th:block} *] [100000]: org.thymeleaf.standard.processor.StandardBlockTagProcessor
[THYMELEAF]             * [* th:*] [2147483647]: org.thymeleaf.standard.processor.StandardDefaultAttributesTagProcessor
[THYMELEAF]         * Text Processors by [precedence]:
[THYMELEAF]             * [1000]: org.thymeleaf.standard.processor.StandardInliningTextProcessor
[THYMELEAF]         * CDATA Section Processors by [precedence]:
[THYMELEAF]             * [1000]: org.thymeleaf.standard.processor.StandardInliningCDATASectionProcessor
[THYMELEAF]         * Comment Processors by [precedence]:
[THYMELEAF]             * [1000]: org.thymeleaf.standard.processor.StandardInliningCommentProcessor
[THYMELEAF]     * Processors for Template Mode: TEXT
[THYMELEAF]         * Element Tag Processors by [matching element and attribute name] [precedence]:
[THYMELEAF]             * [* {th:insert}] [100]: org.thymeleaf.standard.processor.StandardInsertTagProcessor
[THYMELEAF]             * [* {th:replace}] [100]: org.thymeleaf.standard.processor.StandardReplaceTagProcessor
[THYMELEAF]             * [* {th:each}] [200]: com.intuit.karate.template.KarateEachTagProcessor
[THYMELEAF]             * [* {th:switch}] [250]: org.thymeleaf.standard.processor.StandardSwitchTagProcessor
[THYMELEAF]             * [* {th:case}] [275]: org.thymeleaf.standard.processor.StandardCaseTagProcessor
[THYMELEAF]             * [* {th:if}] [300]: org.thymeleaf.standard.processor.StandardIfTagProcessor
[THYMELEAF]             * [* {th:unless}] [400]: org.thymeleaf.standard.processor.StandardUnlessTagProcessor
[THYMELEAF]             * [* {th:object}] [500]: org.thymeleaf.standard.processor.StandardObjectTagProcessor
[THYMELEAF]             * [* {th:with}] [600]: com.intuit.karate.template.KarateWithTagProcessor
[THYMELEAF]             * [* {th:inline}] [1000]: org.thymeleaf.standard.processor.StandardInlineTextualTagProcessor
[THYMELEAF]             * [* {th:text}] [1300]: org.thymeleaf.standard.processor.StandardTextTagProcessor
[THYMELEAF]             * [* {th:utext}] [1400]: org.thymeleaf.standard.processor.StandardUtextTagProcessor
[THYMELEAF]             * [* {th:assert}] [1550]: org.thymeleaf.standard.processor.StandardAssertTagProcessor
[THYMELEAF]             * [* {th:remove}] [1600]: org.thymeleaf.standard.processor.StandardRemoveTagProcessor
[THYMELEAF]             * [* 100000] [org.thymeleaf.standard.processor.StandardBlockTagProcessor]: {}
[THYMELEAF]             * [{th:block} *] [100000]: org.thymeleaf.standard.processor.StandardBlockTagProcessor
[THYMELEAF]         * Text Processors by [precedence]:
[THYMELEAF]             * [1000]: org.thymeleaf.standard.processor.StandardInliningTextProcessor
[THYMELEAF]     * Processors for Template Mode: JAVASCRIPT
[THYMELEAF]         * Element Tag Processors by [matching element and attribute name] [precedence]:
[THYMELEAF]             * [* {th:insert}] [100]: org.thymeleaf.standard.processor.StandardInsertTagProcessor
[THYMELEAF]             * [* {th:replace}] [100]: org.thymeleaf.standard.processor.StandardReplaceTagProcessor
[THYMELEAF]             * [* {th:each}] [200]: com.intuit.karate.template.KarateEachTagProcessor
[THYMELEAF]             * [* {th:switch}] [250]: org.thymeleaf.standard.processor.StandardSwitchTagProcessor
[THYMELEAF]             * [* {th:case}] [275]: org.thymeleaf.standard.processor.StandardCaseTagProcessor
[THYMELEAF]             * [* {th:if}] [300]: org.thymeleaf.standard.processor.StandardIfTagProcessor
[THYMELEAF]             * [* {th:unless}] [400]: org.thymeleaf.standard.processor.StandardUnlessTagProcessor
[THYMELEAF]             * [* {th:object}] [500]: org.thymeleaf.standard.processor.StandardObjectTagProcessor
[THYMELEAF]             * [* {th:with}] [600]: com.intuit.karate.template.KarateWithTagProcessor
[THYMELEAF]             * [* {th:inline}] [1000]: org.thymeleaf.standard.processor.StandardInlineTextualTagProcessor
[THYMELEAF]             * [* {th:text}] [1300]: org.thymeleaf.standard.processor.StandardTextTagProcessor
[THYMELEAF]             * [* {th:utext}] [1400]: org.thymeleaf.standard.processor.StandardUtextTagProcessor
[THYMELEAF]             * [* {th:assert}] [1550]: org.thymeleaf.standard.processor.StandardAssertTagProcessor
[THYMELEAF]             * [* {th:remove}] [1600]: org.thymeleaf.standard.processor.StandardRemoveTagProcessor
[THYMELEAF]             * [{th:block} *] [100000]: org.thymeleaf.standard.processor.StandardBlockTagProcessor
[THYMELEAF]             * [* 100000] [org.thymeleaf.standard.processor.StandardBlockTagProcessor]: {}
[THYMELEAF]         * Text Processors by [precedence]:
[THYMELEAF]             * [1000]: org.thymeleaf.standard.processor.StandardInliningTextProcessor
[THYMELEAF]     * Processors for Template Mode: CSS
[THYMELEAF]         * Element Tag Processors by [matching element and attribute name] [precedence]:
[THYMELEAF]             * [* {th:insert}] [100]: org.thymeleaf.standard.processor.StandardInsertTagProcessor
[THYMELEAF]             * [* {th:replace}] [100]: org.thymeleaf.standard.processor.StandardReplaceTagProcessor
[THYMELEAF]             * [* {th:each}] [200]: com.intuit.karate.template.KarateEachTagProcessor
[THYMELEAF]             * [* {th:switch}] [250]: org.thymeleaf.standard.processor.StandardSwitchTagProcessor
[THYMELEAF]             * [* {th:case}] [275]: org.thymeleaf.standard.processor.StandardCaseTagProcessor
[THYMELEAF]             * [* {th:if}] [300]: org.thymeleaf.standard.processor.StandardIfTagProcessor
[THYMELEAF]             * [* {th:unless}] [400]: org.thymeleaf.standard.processor.StandardUnlessTagProcessor
[THYMELEAF]             * [* {th:object}] [500]: org.thymeleaf.standard.processor.StandardObjectTagProcessor
[THYMELEAF]             * [* {th:with}] [600]: com.intuit.karate.template.KarateWithTagProcessor
[THYMELEAF]             * [* {th:inline}] [1000]: org.thymeleaf.standard.processor.StandardInlineTextualTagProcessor
[THYMELEAF]             * [* {th:text}] [1300]: org.thymeleaf.standard.processor.StandardTextTagProcessor
[THYMELEAF]             * [* {th:utext}] [1400]: org.thymeleaf.standard.processor.StandardUtextTagProcessor
[THYMELEAF]             * [* {th:assert}] [1550]: org.thymeleaf.standard.processor.StandardAssertTagProcessor
[THYMELEAF]             * [* {th:remove}] [1600]: org.thymeleaf.standard.processor.StandardRemoveTagProcessor
[THYMELEAF]             * [* 100000] [org.thymeleaf.standard.processor.StandardBlockTagProcessor]: {}
[THYMELEAF]             * [{th:block} *] [100000]: org.thymeleaf.standard.processor.StandardBlockTagProcessor
[THYMELEAF]         * Text Processors by [precedence]:
[THYMELEAF]             * [1000]: org.thymeleaf.standard.processor.StandardInliningTextProcessor
[THYMELEAF]     * Expression Objects:
[THYMELEAF]         * #ctx
[THYMELEAF]         * #root
[THYMELEAF]         * #vars
[THYMELEAF]         * #object
[THYMELEAF]         * #locale
[THYMELEAF]         * #request
[THYMELEAF]         * #response
[THYMELEAF]         * #session
[THYMELEAF]         * #servletContext
[THYMELEAF]         * #conversions
[THYMELEAF]         * #uris
[THYMELEAF]         * #calendars
[THYMELEAF]         * #dates
[THYMELEAF]         * #bools
[THYMELEAF]         * #numbers
[THYMELEAF]         * #objects
[THYMELEAF]         * #strings
[THYMELEAF]         * #arrays
[THYMELEAF]         * #lists
[THYMELEAF]         * #sets
[THYMELEAF]         * #maps
[THYMELEAF]         * #aggregates
[THYMELEAF]         * #messages
[THYMELEAF]         * #ids
[THYMELEAF]         * #execInfo
[THYMELEAF]         * #httpServletRequest
[THYMELEAF]         * #httpSession
[THYMELEAF]     * Execution Attributes:
[THYMELEAF]         * "StandardExpressionParser": com.intuit.karate.template.KarateStandardDialect@d6b532f
[THYMELEAF]         * "StandardJavaScriptSerializer": org.thymeleaf.standard.serializer.StandardJavaScriptSerializer@bb6f3f7
[THYMELEAF]         * "StandardCSSSerializer": org.thymeleaf.standard.serializer.StandardCSSSerializer@388f1258
[THYMELEAF]         * "StandardVariableExpressionEvaluator": com.intuit.karate.template.KarateStandardDialect@d6b532f
[THYMELEAF]         * "StandardConversionService": org.thymeleaf.standard.expression.StandardConversionService@62058742
[THYMELEAF] * Dialect [2 of 2]: karate (com.intuit.karate.template.KarateScriptDialect)
[THYMELEAF]     * Prefix: "ka"
[THYMELEAF]     * Processors for Template Mode: HTML
[THYMELEAF]         * Element Tag Processors by [matching element and attribute name] [precedence]:
[THYMELEAF]             * [* {src}] [1000]: com.intuit.karate.template.KaScriptAttrProcessor
[THYMELEAF]         * Element Model Processors by [matching element and attribute name] [precedence]:
[THYMELEAF]             * [{script} {ka:scope,data-ka-scope}] [1000]: com.intuit.karate.template.KaScriptElemProcessor
[THYMELEAF]             * [* {ka:set,data-ka-set}] [1000]: com.intuit.karate.template.KaSetElemProcessor
[THYMELEAF] TEMPLATE ENGINE CONFIGURED OK
23:53:31.938 [main] DEBUG org.thymeleaf.TemplateEngine - [THYMELEAF] TEMPLATE ENGINE INITIALIZED
---------------------------------------------------------
feature: classpath:tests/test_forecast.feature
scenarios:  7 | passed:  7 | failed:  0 | time: 1,4196
---------------------------------------------------------

Karate version: 1.4.0
======================================================
elapsed:   5,67 | threads:    1 | thread time: 3,15 
features:     2 | skipped:    0 | efficiency: 0,56
scenarios:   13 | passed:    13 | failed: 0
======================================================
23:53:32.194 [main] DEBUG org.thymeleaf.TemplateEngine - [THYMELEAF] INITIALIZING TEMPLATE ENGINE
23:53:32.206 [main] DEBUG org.thymeleaf.TemplateEngine.CONFIG - Initializing Thymeleaf Template engine configuration...
[THYMELEAF] TEMPLATE ENGINE CONFIGURATION:
[THYMELEAF] * Thymeleaf version: 3.0.14.RELEASE (built 2021-12-08T00:45:29+0000)
[THYMELEAF] * Cache Manager implementation: org.thymeleaf.cache.StandardCacheManager
[THYMELEAF] * Template resolvers:
[THYMELEAF]     * [1] com.intuit.karate.template.ResourceHtmlTemplateResolver
[THYMELEAF] * Message resolvers:
[THYMELEAF]     * org.thymeleaf.messageresolver.StandardMessageResolver
[THYMELEAF] * Link builders:
[THYMELEAF]     * org.thymeleaf.linkbuilder.StandardLinkBuilder
[THYMELEAF] * Dialect [1 of 2]: Standard (com.intuit.karate.template.KarateStandardDialect)
[THYMELEAF]     * Prefix: "th"
[THYMELEAF]     * Processors for Template Mode: HTML
[THYMELEAF]         * Element Tag Processors by [matching element and attribute name] [precedence]:
[THYMELEAF]             * [* {th:include,data-th-include}] [100]: org.thymeleaf.standard.processor.StandardIncludeTagProcessor
[THYMELEAF]             * [* {th:insert,data-th-insert}] [100]: org.thymeleaf.standard.processor.StandardInsertTagProcessor
[THYMELEAF]             * [* {th:replace,data-th-replace}] [100]: org.thymeleaf.standard.processor.StandardReplaceTagProcessor
[THYMELEAF]             * [* {th:substituteby,data-th-substituteby}] [100]: org.thymeleaf.standard.processor.StandardSubstituteByTagProcessor
[THYMELEAF]             * [* {th:each,data-th-each}] [200]: com.intuit.karate.template.KarateEachTagProcessor
[THYMELEAF]             * [* {th:switch,data-th-switch}] [250]: org.thymeleaf.standard.processor.StandardSwitchTagProcessor
[THYMELEAF]             * [* {th:case,data-th-case}] [275]: org.thymeleaf.standard.processor.StandardCaseTagProcessor
[THYMELEAF]             * [* {th:if,data-th-if}] [300]: org.thymeleaf.standard.processor.StandardIfTagProcessor
[THYMELEAF]             * [* {th:unless,data-th-unless}] [400]: org.thymeleaf.standard.processor.StandardUnlessTagProcessor
[THYMELEAF]             * [* {th:object,data-th-object}] [500]: org.thymeleaf.standard.processor.StandardObjectTagProcessor
[THYMELEAF]             * [* {th:with,data-th-with}] [600]: com.intuit.karate.template.KarateWithTagProcessor
[THYMELEAF]             * [* {th:attr,data-th-attr}] [700]: com.intuit.karate.template.KarateAttributeTagProcessor.KarateAttrTagProcessor
[THYMELEAF]             * [* {th:attrappend,data-th-attrappend}] [900]: com.intuit.karate.template.KarateAttributeTagProcessor.KarateAttrappendTagProcessor
[THYMELEAF]             * [* {th:attrprepend,data-th-attrprepend}] [900]: com.intuit.karate.template.KarateAttributeTagProcessor.KarateAttrprependTagProcessor
[THYMELEAF]             * [* {th:alt-title,data-th-alt-title}] [990]: org.thymeleaf.standard.processor.StandardAltTitleTagProcessor
[THYMELEAF]             * [* {th:lang-xmllang,data-th-lang-xmllang}] [990]: org.thymeleaf.standard.processor.StandardLangXmlLangTagProcessor
[THYMELEAF]             * [* {th:action,data-th-action}] [1000]: org.thymeleaf.standard.processor.StandardActionTagProcessor
[THYMELEAF]             * [* {th:multiple,data-th-multiple}] [1000]: org.thymeleaf.standard.processor.StandardConditionalFixedValueTagProcessor
[THYMELEAF]             * [* {th:scoped,data-th-scoped}] [1000]: org.thymeleaf.standard.processor.StandardConditionalFixedValueTagProcessor
[THYMELEAF]             * [* {th:checked,data-th-checked}] [1000]: org.thymeleaf.standard.processor.StandardConditionalFixedValueTagProcessor
[THYMELEAF]             * [* {th:readonly,data-th-readonly}] [1000]: org.thymeleaf.standard.processor.StandardConditionalFixedValueTagProcessor
[THYMELEAF]             * [* {th:disabled,data-th-disabled}] [1000]: org.thymeleaf.standard.processor.StandardConditionalFixedValueTagProcessor
[THYMELEAF]             * [* {th:declare,data-th-declare}] [1000]: org.thymeleaf.standard.processor.StandardConditionalFixedValueTagProcessor
[THYMELEAF]             * [* {th:required,data-th-required}] [1000]: org.thymeleaf.standard.processor.StandardConditionalFixedValueTagProcessor
[THYMELEAF]             * [* {th:async,data-th-async}] [1000]: org.thymeleaf.standard.processor.StandardConditionalFixedValueTagProcessor
[THYMELEAF]             * [* {th:pubdate,data-th-pubdate}] [1000]: org.thymeleaf.standard.processor.StandardConditionalFixedValueTagProcessor
[THYMELEAF]             * [* {th:hidden,data-th-hidden}] [1000]: org.thymeleaf.standard.processor.StandardConditionalFixedValueTagProcessor
[THYMELEAF]             * [* {th:default,data-th-default}] [1000]: org.thymeleaf.standard.processor.StandardConditionalFixedValueTagProcessor
[THYMELEAF]             * [* {th:formnovalidate,data-th-formnovalidate}] [1000]: org.thymeleaf.standard.processor.StandardConditionalFixedValueTagProcessor
[THYMELEAF]             * [* {th:novalidate,data-th-novalidate}] [1000]: org.thymeleaf.standard.processor.StandardConditionalFixedValueTagProcessor
[THYMELEAF]             * [* {th:open,data-th-open}] [1000]: org.thymeleaf.standard.processor.StandardConditionalFixedValueTagProcessor
[THYMELEAF]             * [* {th:autofocus,data-th-autofocus}] [1000]: org.thymeleaf.standard.processor.StandardConditionalFixedValueTagProcessor
[THYMELEAF]             * [* {th:controls,data-th-controls}] [1000]: org.thymeleaf.standard.processor.StandardConditionalFixedValueTagProcessor
[THYMELEAF]             * [* {th:nowrap,data-th-nowrap}] [1000]: org.thymeleaf.standard.processor.StandardConditionalFixedValueTagProcessor
[THYMELEAF]             * [* {th:defer,data-th-defer}] [1000]: org.thymeleaf.standard.processor.StandardConditionalFixedValueTagProcessor
[THYMELEAF]             * [* {th:seamless,data-th-seamless}] [1000]: org.thymeleaf.standard.processor.StandardConditionalFixedValueTagProcessor
[THYMELEAF]             * [* {th:loop,data-th-loop}] [1000]: org.thymeleaf.standard.processor.StandardConditionalFixedValueTagProcessor
[THYMELEAF]             * [* {th:ismap,data-th-ismap}] [1000]: org.thymeleaf.standard.processor.StandardConditionalFixedValueTagProcessor
[THYMELEAF]             * [* {th:selected,data-th-selected}] [1000]: org.thymeleaf.standard.processor.StandardConditionalFixedValueTagProcessor
[THYMELEAF]             * [* {th:reversed,data-th-reversed}] [1000]: org.thymeleaf.standard.processor.StandardConditionalFixedValueTagProcessor
[THYMELEAF]             * [* {th:autoplay,data-th-autoplay}] [1000]: org.thymeleaf.standard.processor.StandardConditionalFixedValueTagProcessor
[THYMELEAF]             * [* {th:onloadstart,data-th-onloadstart}] [1000]: org.thymeleaf.standard.processor.StandardDOMEventAttributeTagProcessor
[THYMELEAF]             * [* {th:onmousedown,data-th-onmousedown}] [1000]: org.thymeleaf.standard.processor.StandardDOMEventAttributeTagProcessor
[THYMELEAF]             * [* {th:onclick,data-th-onclick}] [1000]: org.thymeleaf.standard.processor.StandardDOMEventAttributeTagProcessor
[THYMELEAF]             * [* {th:onreadystatechange,data-th-onreadystatechange}] [1000]: org.thymeleaf.standard.processor.StandardDOMEventAttributeTagProcessor
[THYMELEAF]             * [* {th:onmouseup,data-th-onmouseup}] [1000]: org.thymeleaf.standard.processor.StandardDOMEventAttributeTagProcessor
[THYMELEAF]             * [* {th:onresize,data-th-onresize}] [1000]: org.thymeleaf.standard.processor.StandardDOMEventAttributeTagProcessor
[THYMELEAF]             * [* {th:ontimeupdate,data-th-ontimeupdate}] [1000]: org.thymeleaf.standard.processor.StandardDOMEventAttributeTagProcessor
[THYMELEAF]             * [* {th:ondurationchange,data-th-ondurationchange}] [1000]: org.thymeleaf.standard.processor.StandardDOMEventAttributeTagProcessor
[THYMELEAF]             * [* {th:onredo,data-th-onredo}] [1000]: org.thymeleaf.standard.processor.StandardDOMEventAttributeTagProcessor
[THYMELEAF]             * [* {th:onreset,data-th-onreset}] [1000]: org.thymeleaf.standard.processor.StandardDOMEventAttributeTagProcessor
[THYMELEAF]             * [* {th:ondragover,data-th-ondragover}] [1000]: org.thymeleaf.standard.processor.StandardDOMEventAttributeTagProcessor
[THYMELEAF]             * [* {th:onerror,data-th-onerror}] [1000]: org.thymeleaf.standard.processor.StandardDOMEventAttributeTagProcessor
[THYMELEAF]             * [* {th:oninput,data-th-oninput}] [1000]: org.thymeleaf.standard.processor.StandardDOMEventAttributeTagProcessor
[THYMELEAF]             * [* {th:onkeydown,data-th-onkeydown}] [1000]: org.thymeleaf.standard.processor.StandardDOMEventAttributeTagProcessor
[THYMELEAF]             * [* {th:onratechange,data-th-onratechange}] [1000]: org.thymeleaf.standard.processor.StandardDOMEventAttributeTagProcessor
[THYMELEAF]             * [* {th:onformchange,data-th-onformchange}] [1000]: org.thymeleaf.standard.processor.StandardDOMEventAttributeTagProcessor
[THYMELEAF]             * [* {th:ondragend,data-th-ondragend}] [1000]: org.thymeleaf.standard.processor.StandardDOMEventAttributeTagProcessor
[THYMELEAF]             * [* {th:onseeking,data-th-onseeking}] [1000]: org.thymeleaf.standard.processor.StandardDOMEventAttributeTagProcessor
[THYMELEAF]             * [* {th:onafterprint,data-th-onafterprint}] [1000]: org.thymeleaf.standard.processor.StandardDOMEventAttributeTagProcessor
[THYMELEAF]             * [* {th:onplay,data-th-onplay}] [1000]: org.thymeleaf.standard.processor.StandardDOMEventAttributeTagProcessor
[THYMELEAF]             * [* {th:ondragenter,data-th-ondragenter}] [1000]: org.thymeleaf.standard.processor.StandardDOMEventAttributeTagProcessor
[THYMELEAF]             * [* {th:onforminput,data-th-onforminput}] [1000]: org.thymeleaf.standard.processor.StandardDOMEventAttributeTagProcessor
[THYMELEAF]             * [* {th:onloadedmetadata,data-th-onloadedmetadata}] [1000]: org.thymeleaf.standard.processor.StandardDOMEventAttributeTagProcessor
[THYMELEAF]             * [* {th:onchange,data-th-onchange}] [1000]: org.thymeleaf.standard.processor.StandardDOMEventAttributeTagProcessor
[THYMELEAF]             * [* {th:oncontextmenu,data-th-oncontextmenu}] [1000]: org.thymeleaf.standard.processor.StandardDOMEventAttributeTagProcessor
[THYMELEAF]             * [* {th:oncanplay,data-th-oncanplay}] [1000]: org.thymeleaf.standard.processor.StandardDOMEventAttributeTagProcessor
[THYMELEAF]             * [* {th:onkeyup,data-th-onkeyup}] [1000]: org.thymeleaf.standard.processor.StandardDOMEventAttributeTagProcessor
[THYMELEAF]             * [* {th:onmouseover,data-th-onmouseover}] [1000]: org.thymeleaf.standard.processor.StandardDOMEventAttributeTagProcessor
[THYMELEAF]             * [* {th:onundo,data-th-onundo}] [1000]: org.thymeleaf.standard.processor.StandardDOMEventAttributeTagProcessor
[THYMELEAF]             * [* {th:onbeforeprint,data-th-onbeforeprint}] [1000]: org.thymeleaf.standard.processor.StandardDOMEventAttributeTagProcessor
[THYMELEAF]             * [* {th:onstorage,data-th-onstorage}] [1000]: org.thymeleaf.standard.processor.StandardDOMEventAttributeTagProcessor
[THYMELEAF]             * [* {th:ondragleave,data-th-ondragleave}] [1000]: org.thymeleaf.standard.processor.StandardDOMEventAttributeTagProcessor
[THYMELEAF]             * [* {th:onmousemove,data-th-onmousemove}] [1000]: org.thymeleaf.standard.processor.StandardDOMEventAttributeTagProcessor
[THYMELEAF]             * [* {th:onsuspend,data-th-onsuspend}] [1000]: org.thymeleaf.standard.processor.StandardDOMEventAttributeTagProcessor
[THYMELEAF]             * [* {th:onstalled,data-th-onstalled}] [1000]: org.thymeleaf.standard.processor.StandardDOMEventAttributeTagProcessor
[THYMELEAF]             * [* {th:onsubmit,data-th-onsubmit}] [1000]: org.thymeleaf.standard.processor.StandardDOMEventAttributeTagProcessor
[THYMELEAF]             * [* {th:oncanplaythrough,data-th-oncanplaythrough}] [1000]: org.thymeleaf.standard.processor.StandardDOMEventAttributeTagProcessor
[THYMELEAF]             * [* {th:onmouseout,data-th-onmouseout}] [1000]: org.thymeleaf.standard.processor.StandardDOMEventAttributeTagProcessor
[THYMELEAF]             * [* {th:onabort,data-th-onabort}] [1000]: org.thymeleaf.standard.processor.StandardDOMEventAttributeTagProcessor
[THYMELEAF]             * [* {th:onpause,data-th-onpause}] [1000]: org.thymeleaf.standard.processor.StandardDOMEventAttributeTagProcessor
[THYMELEAF]             * [* {th:ondblclick,data-th-ondblclick}] [1000]: org.thymeleaf.standard.processor.StandardDOMEventAttributeTagProcessor
[THYMELEAF]             * [* {th:onemptied,data-th-onemptied}] [1000]: org.thymeleaf.standard.processor.StandardDOMEventAttributeTagProcessor
[THYMELEAF]             * [* {th:onshow,data-th-onshow}] [1000]: org.thymeleaf.standard.processor.StandardDOMEventAttributeTagProcessor
[THYMELEAF]             * [* {th:oninvalid,data-th-oninvalid}] [1000]: org.thymeleaf.standard.processor.StandardDOMEventAttributeTagProcessor
[THYMELEAF]             * [* {th:onprogress,data-th-onprogress}] [1000]: org.thymeleaf.standard.processor.StandardDOMEventAttributeTagProcessor
[THYMELEAF]             * [* {th:onended,data-th-onended}] [1000]: org.thymeleaf.standard.processor.StandardDOMEventAttributeTagProcessor
[THYMELEAF]             * [* {th:onseeked,data-th-onseeked}] [1000]: org.thymeleaf.standard.processor.StandardDOMEventAttributeTagProcessor
[THYMELEAF]             * [* {th:onhashchange,data-th-onhashchange}] [1000]: org.thymeleaf.standard.processor.StandardDOMEventAttributeTagProcessor
[THYMELEAF]             * [* {th:onselect,data-th-onselect}] [1000]: org.thymeleaf.standard.processor.StandardDOMEventAttributeTagProcessor
[THYMELEAF]             * [* {th:ondrop,data-th-ondrop}] [1000]: org.thymeleaf.standard.processor.StandardDOMEventAttributeTagProcessor
[THYMELEAF]             * [* {th:ondrag,data-th-ondrag}] [1000]: org.thymeleaf.standard.processor.StandardDOMEventAttributeTagProcessor
[THYMELEAF]             * [* {th:onpopstate,data-th-onpopstate}] [1000]: org.thymeleaf.standard.processor.StandardDOMEventAttributeTagProcessor
[THYMELEAF]             * [* {th:onkeypress,data-th-onkeypress}] [1000]: org.thymeleaf.standard.processor.StandardDOMEventAttributeTagProcessor
[THYMELEAF]             * [* {th:ondragstart,data-th-ondragstart}] [1000]: org.thymeleaf.standard.processor.StandardDOMEventAttributeTagProcessor
[THYMELEAF]             * [* {th:onbeforeunload,data-th-onbeforeunload}] [1000]: org.thymeleaf.standard.processor.StandardDOMEventAttributeTagProcessor
[THYMELEAF]             * [* {th:onfocus,data-th-onfocus}] [1000]: org.thymeleaf.standard.processor.StandardDOMEventAttributeTagProcessor
[THYMELEAF]             * [* {th:onunload,data-th-onunload}] [1000]: org.thymeleaf.standard.processor.StandardDOMEventAttributeTagProcessor
[THYMELEAF]             * [* {th:onloadeddata,data-th-onloadeddata}] [1000]: org.thymeleaf.standard.processor.StandardDOMEventAttributeTagProcessor
[THYMELEAF]             * [* {th:onoffline,data-th-onoffline}] [1000]: org.thymeleaf.standard.processor.StandardDOMEventAttributeTagProcessor
[THYMELEAF]             * [* {th:onscroll,data-th-onscroll}] [1000]: org.thymeleaf.standard.processor.StandardDOMEventAttributeTagProcessor
[THYMELEAF]             * [* {th:onwaiting,data-th-onwaiting}] [1000]: org.thymeleaf.standard.processor.StandardDOMEventAttributeTagProcessor
[THYMELEAF]             * [* {th:onmousewheel,data-th-onmousewheel}] [1000]: org.thymeleaf.standard.processor.StandardDOMEventAttributeTagProcessor
[THYMELEAF]             * [* {th:onplaying,data-th-onplaying}] [1000]: org.thymeleaf.standard.processor.StandardDOMEventAttributeTagProcessor
[THYMELEAF]             * [* {th:onload,data-th-onload}] [1000]: org.thymeleaf.standard.processor.StandardDOMEventAttributeTagProcessor
[THYMELEAF]             * [* {th:ononline,data-th-ononline}] [1000]: org.thymeleaf.standard.processor.StandardDOMEventAttributeTagProcessor
[THYMELEAF]             * [* {th:onblur,data-th-onblur}] [1000]: org.thymeleaf.standard.processor.StandardDOMEventAttributeTagProcessor
[THYMELEAF]             * [* {th:onmessage,data-th-onmessage}] [1000]: org.thymeleaf.standard.processor.StandardDOMEventAttributeTagProcessor
[THYMELEAF]             * [* {th:onvolumechange,data-th-onvolumechange}] [1000]: org.thymeleaf.standard.processor.StandardDOMEventAttributeTagProcessor
[THYMELEAF]             * [* {th:href,data-th-href}] [1000]: org.thymeleaf.standard.processor.StandardHrefTagProcessor
[THYMELEAF]             * [* {th:inline,data-th-inline}] [1000]: org.thymeleaf.standard.processor.StandardInlineHTMLTagProcessor
[THYMELEAF]             * [* {th:method,data-th-method}] [1000]: org.thymeleaf.standard.processor.StandardMethodTagProcessor
[THYMELEAF]             * [* {th:type,data-th-type}] [1000]: org.thymeleaf.standard.processor.StandardNonRemovableAttributeTagProcessor
[THYMELEAF]             * [* {th:name,data-th-name}] [1000]: org.thymeleaf.standard.processor.StandardNonRemovableAttributeTagProcessor
[THYMELEAF]             * [* {th:archive,data-th-archive}] [1000]: org.thymeleaf.standard.processor.StandardRemovableAttributeTagProcessor
[THYMELEAF]             * [* {th:codetype,data-th-codetype}] [1000]: org.thymeleaf.standard.processor.StandardRemovableAttributeTagProcessor
[THYMELEAF]             * [* {th:form,data-th-form}] [1000]: org.thymeleaf.standard.processor.StandardRemovableAttributeTagProcessor
[THYMELEAF]             * [* {th:scope,data-th-scope}] [1000]: org.thymeleaf.standard.processor.StandardRemovableAttributeTagProcessor
[THYMELEAF]             * [* {th:kind,data-th-kind}] [1000]: org.thymeleaf.standard.processor.StandardRemovableAttributeTagProcessor
[THYMELEAF]             * [* {th:bgcolor,data-th-bgcolor}] [1000]: org.thymeleaf.standard.processor.StandardRemovableAttributeTagProcessor
[THYMELEAF]             * [* {th:rowspan,data-th-rowspan}] [1000]: org.thymeleaf.standard.processor.StandardRemovableAttributeTagProcessor
[THYMELEAF]             * [* {th:placeholder,data-th-placeholder}] [1000]: org.thymeleaf.standard.processor.StandardRemovableAttributeTagProcessor
[THYMELEAF]             * [* {th:width,data-th-width}] [1000]: org.thymeleaf.standard.processor.StandardRemovableAttributeTagProcessor
[THYMELEAF]             * [* {th:for,data-th-for}] [1000]: org.thymeleaf.standard.processor.StandardRemovableAttributeTagProcessor
[THYMELEAF]             * [* {th:cellspacing,data-th-cellspacing}] [1000]: org.thymeleaf.standard.processor.StandardRemovableAttributeTagProcessor
[THYMELEAF]             * [* {th:classid,data-th-classid}] [1000]: org.thymeleaf.standard.processor.StandardRemovableAttributeTagProcessor
[THYMELEAF]             * [* {th:axis,data-th-axis}] [1000]: org.thymeleaf.standard.processor.StandardRemovableAttributeTagProcessor
[THYMELEAF]             * [* {th:sizes,data-th-sizes}] [1000]: org.thymeleaf.standard.processor.StandardRemovableAttributeTagProcessor
[THYMELEAF]             * [* {th:scheme,data-th-scheme}] [1000]: org.thymeleaf.standard.processor.StandardRemovableAttributeTagProcessor
[THYMELEAF]             * [* {th:vspace,data-th-vspace}] [1000]: org.thymeleaf.standard.processor.StandardRemovableAttributeTagProcessor
[THYMELEAF]             * [* {th:usemap,data-th-usemap}] [1000]: org.thymeleaf.standard.processor.StandardRemovableAttributeTagProcessor
[THYMELEAF]             * [* {th:formaction,data-th-formaction}] [1000]: org.thymeleaf.standard.processor.StandardRemovableAttributeTagProcessor
[THYMELEAF]             * [* {th:dropzone,data-th-dropzone}] [1000]: org.thymeleaf.standard.processor.StandardRemovableAttributeTagProcessor
[THYMELEAF]             * [* {th:dir,data-th-dir}] [1000]: org.thymeleaf.standard.processor.StandardRemovableAttributeTagProcessor
[THYMELEAF]             * [* {th:max,data-th-max}] [1000]: org.thymeleaf.standard.processor.StandardRemovableAttributeTagProcessor
[THYMELEAF]             * [* {th:start,data-th-start}] [1000]: org.thymeleaf.standard.processor.StandardRemovableAttributeTagProcessor
[THYMELEAF]             * [* {th:pattern,data-th-pattern}] [1000]: org.thymeleaf.standard.processor.StandardRemovableAttributeTagProcessor
[THYMELEAF]             * [* {th:rows,data-th-rows}] [1000]: org.thymeleaf.standard.processor.StandardRemovableAttributeTagProcessor
[THYMELEAF]             * [* {th:preload,data-th-preload}] [1000]: org.thymeleaf.standard.processor.StandardRemovableAttributeTagProcessor
[THYMELEAF]             * [* {th:frameborder,data-th-frameborder}] [1000]: org.thymeleaf.standard.processor.StandardRemovableAttributeTagProcessor
[THYMELEAF]             * [* {th:alt,data-th-alt}] [1000]: org.thymeleaf.standard.processor.StandardRemovableAttributeTagProcessor
[THYMELEAF]             * [* {th:datetime,data-th-datetime}] [1000]: org.thymeleaf.standard.processor.StandardRemovableAttributeTagProcessor
[THYMELEAF]             * [* {th:optimum,data-th-optimum}] [1000]: org.thymeleaf.standard.processor.StandardRemovableAttributeTagProcessor
[THYMELEAF]             * [* {th:colspan,data-th-colspan}] [1000]: org.thymeleaf.standard.processor.StandardRemovableAttributeTagProcessor
[THYMELEAF]             * [* {th:valuetype,data-th-valuetype}] [1000]: org.thymeleaf.standard.processor.StandardRemovableAttributeTagProcessor
[THYMELEAF]             * [* {th:cols,data-th-cols}] [1000]: org.thymeleaf.standard.processor.StandardRemovableAttributeTagProcessor
[THYMELEAF]             * [* {th:charset,data-th-charset}] [1000]: org.thymeleaf.standard.processor.StandardRemovableAttributeTagProcessor
[THYMELEAF]             * [* {th:title,data-th-title}] [1000]: org.thymeleaf.standard.processor.StandardRemovableAttributeTagProcessor
[THYMELEAF]             * [* {th:cellpadding,data-th-cellpadding}] [1000]: org.thymeleaf.standard.processor.StandardRemovableAttributeTagProcessor
[THYMELEAF]             * [* {th:label,data-th-label}] [1000]: org.thymeleaf.standard.processor.StandardRemovableAttributeTagProcessor
[THYMELEAF]             * [* {th:headers,data-th-headers}] [1000]: org.thymeleaf.standard.processor.StandardRemovableAttributeTagProcessor
[THYMELEAF]             * [* {th:span,data-th-span}] [1000]: org.thymeleaf.standard.processor.StandardRemovableAttributeTagProcessor
[THYMELEAF]             * [* {th:formenctype,data-th-formenctype}] [1000]: org.thymeleaf.standard.processor.StandardRemovableAttributeTagProcessor
[THYMELEAF]             * [* {th:marginheight,data-th-marginheight}] [1000]: org.thymeleaf.standard.processor.StandardRemovableAttributeTagProcessor
[THYMELEAF]             * [* {th:compact,data-th-compact}] [1000]: org.thymeleaf.standard.processor.StandardRemovableAttributeTagProcessor
[THYMELEAF]             * [* {th:contextmenu,data-th-contextmenu}] [1000]: org.thymeleaf.standard.processor.StandardRemovableAttributeTagProcessor
[THYMELEAF]             * [* {th:border,data-th-border}] [1000]: org.thymeleaf.standard.processor.StandardRemovableAttributeTagProcessor
[THYMELEAF]             * [* {th:autocomplete,data-th-autocomplete}] [1000]: org.thymeleaf.standard.processor.StandardRemovableAttributeTagProcessor
[THYMELEAF]             * [* {th:srclang,data-th-srclang}] [1000]: org.thymeleaf.standard.processor.StandardRemovableAttributeTagProcessor
[THYMELEAF]             * [* {th:target,data-th-target}] [1000]: org.thymeleaf.standard.processor.StandardRemovableAttributeTagProcessor
[THYMELEAF]             * [* {th:tabindex,data-th-tabindex}] [1000]: org.thymeleaf.standard.processor.StandardRemovableAttributeTagProcessor
[THYMELEAF]             * [* {th:contenteditable,data-th-contenteditable}] [1000]: org.thymeleaf.standard.processor.StandardRemovableAttributeTagProcessor
[THYMELEAF]             * [* {th:accept-charset,data-th-accept-charset}] [1000]: org.thymeleaf.standard.processor.StandardRemovableAttributeTagProcessor
[THYMELEAF]             * [* {th:style,data-th-style}] [1000]: org.thymeleaf.standard.processor.StandardRemovableAttributeTagProcessor
[THYMELEAF]             * [* {th:spellcheck,data-th-spellcheck}] [1000]: org.thymeleaf.standard.processor.StandardRemovableAttributeTagProcessor
[THYMELEAF]             * [* {th:scrolling,data-th-scrolling}] [1000]: org.thymeleaf.standard.processor.StandardRemovableAttributeTagProcessor
[THYMELEAF]             * [* {th:keytype,data-th-keytype}] [1000]: org.thymeleaf.standard.processor.StandardRemovableAttributeTagProcessor
[THYMELEAF]             * [* {th:summary,data-th-summary}] [1000]: org.thymeleaf.standard.processor.StandardRemovableAttributeTagProcessor
[THYMELEAF]             * [* {th:size,data-th-size}] [1000]: org.thymeleaf.standard.processor.StandardRemovableAttributeTagProcessor
[THYMELEAF]             * [* {th:radiogroup,data-th-radiogroup}] [1000]: org.thymeleaf.standard.processor.StandardRemovableAttributeTagProcessor
[THYMELEAF]             * [* {th:enctype,data-th-enctype}] [1000]: org.thymeleaf.standard.processor.StandardRemovableAttributeTagProcessor
[THYMELEAF]             * [* {th:rules,data-th-rules}] [1000]: org.thymeleaf.standard.processor.StandardRemovableAttributeTagProcessor
[THYMELEAF]             * [* {th:hreflang,data-th-hreflang}] [1000]: org.thymeleaf.standard.processor.StandardRemovableAttributeTagProcessor
[THYMELEAF]             * [* {th:data,data-th-data}] [1000]: org.thymeleaf.standard.processor.StandardRemovableAttributeTagProcessor
[THYMELEAF]             * [* {th:align,data-th-align}] [1000]: org.thymeleaf.standard.processor.StandardRemovableAttributeTagProcessor
[THYMELEAF]             * [* {th:sandbox,data-th-sandbox}] [1000]: org.thymeleaf.standard.processor.StandardRemovableAttributeTagProcessor
[THYMELEAF]             * [* {th:class,data-th-class}] [1000]: org.thymeleaf.standard.processor.StandardRemovableAttributeTagProcessor
[THYMELEAF]             * [* {th:accesskey,data-th-accesskey}] [1000]: org.thymeleaf.standard.processor.StandardRemovableAttributeTagProcessor
[THYMELEAF]             * [* {th:manifest,data-th-manifest}] [1000]: org.thymeleaf.standard.processor.StandardRemovableAttributeTagProcessor
[THYMELEAF]             * [* {th:http-equiv,data-th-http-equiv}] [1000]: org.thymeleaf.standard.processor.StandardRemovableAttributeTagProcessor
[THYMELEAF]             * [* {th:low,data-th-low}] [1000]: org.thymeleaf.standard.processor.StandardRemovableAttributeTagProcessor
[THYMELEAF]             * [* {th:draggable,data-th-draggable}] [1000]: org.thymeleaf.standard.processor.StandardRemovableAttributeTagProcessor
[THYMELEAF]             * [* {th:audio,data-th-audio}] [1000]: org.thymeleaf.standard.processor.StandardRemovableAttributeTagProcessor
[THYMELEAF]             * [* {th:icon,data-th-icon}] [1000]: org.thymeleaf.standard.processor.StandardRemovableAttributeTagProcessor
[THYMELEAF]             * [* {th:step,data-th-step}] [1000]: org.thymeleaf.standard.processor.StandardRemovableAttributeTagProcessor
[THYMELEAF]             * [* {th:standby,data-th-standby}] [1000]: org.thymeleaf.standard.processor.StandardRemovableAttributeTagProcessor
[THYMELEAF]             * [* {th:list,data-th-list}] [1000]: org.thymeleaf.standard.processor.StandardRemovableAttributeTagProcessor
[THYMELEAF]             * [* {th:cite,data-th-cite}] [1000]: org.thymeleaf.standard.processor.StandardRemovableAttributeTagProcessor
[THYMELEAF]             * [* {th:height,data-th-height}] [1000]: org.thymeleaf.standard.processor.StandardRemovableAttributeTagProcessor
[THYMELEAF]             * [* {th:formtarget,data-th-formtarget}] [1000]: org.thymeleaf.standard.processor.StandardRemovableAttributeTagProcessor
[THYMELEAF]             * [* {th:rev,data-th-rev}] [1000]: org.thymeleaf.standard.processor.StandardRemovableAttributeTagProcessor
[THYMELEAF]             * [* {th:formmethod,data-th-formmethod}] [1000]: org.thymeleaf.standard.processor.StandardRemovableAttributeTagProcessor
[THYMELEAF]             * [* {th:high,data-th-high}] [1000]: org.thymeleaf.standard.processor.StandardRemovableAttributeTagProcessor
[THYMELEAF]             * [* {th:poster,data-th-poster}] [1000]: org.thymeleaf.standard.processor.StandardRemovableAttributeTagProcessor
[THYMELEAF]             * [* {th:longdesc,data-th-longdesc}] [1000]: org.thymeleaf.standard.processor.StandardRemovableAttributeTagProcessor
[THYMELEAF]             * [* {th:rel,data-th-rel}] [1000]: org.thymeleaf.standard.processor.StandardRemovableAttributeTagProcessor
[THYMELEAF]             * [* {th:hspace,data-th-hspace}] [1000]: org.thymeleaf.standard.processor.StandardRemovableAttributeTagProcessor
[THYMELEAF]             * [* {th:lang,data-th-lang}] [1000]: org.thymeleaf.standard.processor.StandardRemovableAttributeTagProcessor
[THYMELEAF]             * [* {th:abbr,data-th-abbr}] [1000]: org.thymeleaf.standard.processor.StandardRemovableAttributeTagProcessor
[THYMELEAF]             * [* {th:codebase,data-th-codebase}] [1000]: org.thymeleaf.standard.processor.StandardRemovableAttributeTagProcessor
[THYMELEAF]             * [* {th:accept,data-th-accept}] [1000]: org.thymeleaf.standard.processor.StandardRemovableAttributeTagProcessor
[THYMELEAF]             * [* {th:min,data-th-min}] [1000]: org.thymeleaf.standard.processor.StandardRemovableAttributeTagProcessor
[THYMELEAF]             * [* {th:maxlength,data-th-maxlength}] [1000]: org.thymeleaf.standard.processor.StandardRemovableAttributeTagProcessor
[THYMELEAF]             * [* {th:frame,data-th-frame}] [1000]: org.thymeleaf.standard.processor.StandardRemovableAttributeTagProcessor
[THYMELEAF]             * [* {th:media,data-th-media}] [1000]: org.thymeleaf.standard.processor.StandardRemovableAttributeTagProcessor
[THYMELEAF]             * [* {th:id,data-th-id}] [1000]: org.thymeleaf.standard.processor.StandardRemovableAttributeTagProcessor
[THYMELEAF]             * [* {th:wrap,data-th-wrap}] [1000]: org.thymeleaf.standard.processor.StandardRemovableAttributeTagProcessor
[THYMELEAF]             * [* {th:background,data-th-background}] [1000]: org.thymeleaf.standard.processor.StandardRemovableAttributeTagProcessor
[THYMELEAF]             * [* {th:marginwidth,data-th-marginwidth}] [1000]: org.thymeleaf.standard.processor.StandardRemovableAttributeTagProcessor
[THYMELEAF]             * [* {th:content,data-th-content}] [1000]: org.thymeleaf.standard.processor.StandardRemovableAttributeTagProcessor
[THYMELEAF]             * [* {th:challenge,data-th-challenge}] [1000]: org.thymeleaf.standard.processor.StandardRemovableAttributeTagProcessor
[THYMELEAF]             * [* {th:src,data-th-src}] [1000]: org.thymeleaf.standard.processor.StandardSrcTagProcessor
[THYMELEAF]             * [* {th:value,data-th-value}] [1000]: org.thymeleaf.standard.processor.StandardValueTagProcessor
[THYMELEAF]             * [* {th:xmlbase,data-th-xmlbase}] [1000]: org.thymeleaf.standard.processor.StandardXmlBaseTagProcessor
[THYMELEAF]             * [* {th:xmllang,data-th-xmllang}] [1000]: org.thymeleaf.standard.processor.StandardXmlLangTagProcessor
[THYMELEAF]             * [* {xmlns:th}] [1000]: org.thymeleaf.standard.processor.StandardXmlNsTagProcessor
[THYMELEAF]             * [* {th:xmlspace,data-th-xmlspace}] [1000]: org.thymeleaf.standard.processor.StandardXmlSpaceTagProcessor
[THYMELEAF]             * [* {th:classappend,data-th-classappend}] [1100]: org.thymeleaf.standard.processor.StandardClassappendTagProcessor
[THYMELEAF]             * [* {th:styleappend,data-th-styleappend}] [1100]: org.thymeleaf.standard.processor.StandardStyleappendTagProcessor
[THYMELEAF]             * [* {th:text,data-th-text}] [1300]: org.thymeleaf.standard.processor.StandardTextTagProcessor
[THYMELEAF]             * [* {th:utext,data-th-utext}] [1400]: org.thymeleaf.standard.processor.StandardUtextTagProcessor
[THYMELEAF]             * [* {th:fragment,data-th-fragment}] [1500]: org.thymeleaf.standard.processor.StandardFragmentTagProcessor
[THYMELEAF]             * [* {th:assert,data-th-assert}] [1550]: org.thymeleaf.standard.processor.StandardAssertTagProcessor
[THYMELEAF]             * [* {th:remove,data-th-remove}] [1600]: org.thymeleaf.standard.processor.StandardRemoveTagProcessor
[THYMELEAF]             * [* {th:ref,data-th-ref}] [10000]: org.thymeleaf.standard.processor.StandardRefAttributeTagProcessor
[THYMELEAF]             * [{th:block,th-block} *] [100000]: org.thymeleaf.standard.processor.StandardBlockTagProcessor
[THYMELEAF]             * [* th:*] [2147483647]: org.thymeleaf.standard.processor.StandardDefaultAttributesTagProcessor
[THYMELEAF]         * Text Processors by [precedence]:
[THYMELEAF]             * [1000]: org.thymeleaf.standard.processor.StandardInliningTextProcessor
[THYMELEAF]         * DOCTYPE Processors by [precedence]:
[THYMELEAF]             * [1000]: org.thymeleaf.standard.processor.StandardTranslationDocTypeProcessor
[THYMELEAF]         * CDATA Section Processors by [precedence]:
[THYMELEAF]             * [1000]: org.thymeleaf.standard.processor.StandardInliningCDATASectionProcessor
[THYMELEAF]         * Comment Processors by [precedence]:
[THYMELEAF]             * [1000]: org.thymeleaf.standard.processor.StandardInliningCommentProcessor
[THYMELEAF]             * [1100]: org.thymeleaf.standard.processor.StandardConditionalCommentProcessor
[THYMELEAF]     * Processors for Template Mode: XML
[THYMELEAF]         * Element Tag Processors by [matching element and attribute name] [precedence]:
[THYMELEAF]             * [* {th:include}] [100]: org.thymeleaf.standard.processor.StandardIncludeTagProcessor
[THYMELEAF]             * [* {th:insert}] [100]: org.thymeleaf.standard.processor.StandardInsertTagProcessor
[THYMELEAF]             * [* {th:replace}] [100]: org.thymeleaf.standard.processor.StandardReplaceTagProcessor
[THYMELEAF]             * [* {th:substituteby}] [100]: org.thymeleaf.standard.processor.StandardSubstituteByTagProcessor
[THYMELEAF]             * [* {th:each}] [200]: com.intuit.karate.template.KarateEachTagProcessor
[THYMELEAF]             * [* {th:switch}] [250]: org.thymeleaf.standard.processor.StandardSwitchTagProcessor
[THYMELEAF]             * [* {th:case}] [275]: org.thymeleaf.standard.processor.StandardCaseTagProcessor
[THYMELEAF]             * [* {th:if}] [300]: org.thymeleaf.standard.processor.StandardIfTagProcessor
[THYMELEAF]             * [* {th:unless}] [400]: org.thymeleaf.standard.processor.StandardUnlessTagProcessor
[THYMELEAF]             * [* {th:object}] [500]: org.thymeleaf.standard.processor.StandardObjectTagProcessor
[THYMELEAF]             * [* {th:with}] [600]: com.intuit.karate.template.KarateWithTagProcessor
[THYMELEAF]             * [* {th:attr}] [700]: com.intuit.karate.template.KarateAttributeTagProcessor.KarateAttrTagProcessor
[THYMELEAF]             * [* {th:attrappend}] [900]: com.intuit.karate.template.KarateAttributeTagProcessor.KarateAttrappendTagProcessor
[THYMELEAF]             * [* {th:attrprepend}] [900]: com.intuit.karate.template.KarateAttributeTagProcessor.KarateAttrprependTagProcessor
[THYMELEAF]             * [* {th:inline}] [1000]: org.thymeleaf.standard.processor.StandardInlineXMLTagProcessor
[THYMELEAF]             * [* {xmlns:th}] [1000]: org.thymeleaf.standard.processor.StandardXmlNsTagProcessor
[THYMELEAF]             * [* {th:text}] [1300]: org.thymeleaf.standard.processor.StandardTextTagProcessor
[THYMELEAF]             * [* {th:utext}] [1400]: org.thymeleaf.standard.processor.StandardUtextTagProcessor
[THYMELEAF]             * [* {th:fragment}] [1500]: org.thymeleaf.standard.processor.StandardFragmentTagProcessor
[THYMELEAF]             * [* {th:assert}] [1550]: org.thymeleaf.standard.processor.StandardAssertTagProcessor
[THYMELEAF]             * [* {th:remove}] [1600]: org.thymeleaf.standard.processor.StandardRemoveTagProcessor
[THYMELEAF]             * [* {th:ref}] [10000]: org.thymeleaf.standard.processor.StandardRefAttributeTagProcessor
[THYMELEAF]             * [{th:block} *] [100000]: org.thymeleaf.standard.processor.StandardBlockTagProcessor
[THYMELEAF]             * [* th:*] [2147483647]: org.thymeleaf.standard.processor.StandardDefaultAttributesTagProcessor
[THYMELEAF]         * Text Processors by [precedence]:
[THYMELEAF]             * [1000]: org.thymeleaf.standard.processor.StandardInliningTextProcessor
[THYMELEAF]         * CDATA Section Processors by [precedence]:
[THYMELEAF]             * [1000]: org.thymeleaf.standard.processor.StandardInliningCDATASectionProcessor
[THYMELEAF]         * Comment Processors by [precedence]:
[THYMELEAF]             * [1000]: org.thymeleaf.standard.processor.StandardInliningCommentProcessor
[THYMELEAF]     * Processors for Template Mode: TEXT
[THYMELEAF]         * Element Tag Processors by [matching element and attribute name] [precedence]:
[THYMELEAF]             * [* {th:insert}] [100]: org.thymeleaf.standard.processor.StandardInsertTagProcessor
[THYMELEAF]             * [* {th:replace}] [100]: org.thymeleaf.standard.processor.StandardReplaceTagProcessor
[THYMELEAF]             * [* {th:each}] [200]: com.intuit.karate.template.KarateEachTagProcessor
[THYMELEAF]             * [* {th:switch}] [250]: org.thymeleaf.standard.processor.StandardSwitchTagProcessor
[THYMELEAF]             * [* {th:case}] [275]: org.thymeleaf.standard.processor.StandardCaseTagProcessor
[THYMELEAF]             * [* {th:if}] [300]: org.thymeleaf.standard.processor.StandardIfTagProcessor
[THYMELEAF]             * [* {th:unless}] [400]: org.thymeleaf.standard.processor.StandardUnlessTagProcessor
[THYMELEAF]             * [* {th:object}] [500]: org.thymeleaf.standard.processor.StandardObjectTagProcessor
[THYMELEAF]             * [* {th:with}] [600]: com.intuit.karate.template.KarateWithTagProcessor
[THYMELEAF]             * [* {th:inline}] [1000]: org.thymeleaf.standard.processor.StandardInlineTextualTagProcessor
[THYMELEAF]             * [* {th:text}] [1300]: org.thymeleaf.standard.processor.StandardTextTagProcessor
[THYMELEAF]             * [* {th:utext}] [1400]: org.thymeleaf.standard.processor.StandardUtextTagProcessor
[THYMELEAF]             * [* {th:assert}] [1550]: org.thymeleaf.standard.processor.StandardAssertTagProcessor
[THYMELEAF]             * [* {th:remove}] [1600]: org.thymeleaf.standard.processor.StandardRemoveTagProcessor
[THYMELEAF]             * [{th:block} *] [100000]: org.thymeleaf.standard.processor.StandardBlockTagProcessor
[THYMELEAF]             * [* 100000] [org.thymeleaf.standard.processor.StandardBlockTagProcessor]: {}
[THYMELEAF]         * Text Processors by [precedence]:
[THYMELEAF]             * [1000]: org.thymeleaf.standard.processor.StandardInliningTextProcessor
[THYMELEAF]     * Processors for Template Mode: JAVASCRIPT
[THYMELEAF]         * Element Tag Processors by [matching element and attribute name] [precedence]:
[THYMELEAF]             * [* {th:insert}] [100]: org.thymeleaf.standard.processor.StandardInsertTagProcessor
[THYMELEAF]             * [* {th:replace}] [100]: org.thymeleaf.standard.processor.StandardReplaceTagProcessor
[THYMELEAF]             * [* {th:each}] [200]: com.intuit.karate.template.KarateEachTagProcessor
[THYMELEAF]             * [* {th:switch}] [250]: org.thymeleaf.standard.processor.StandardSwitchTagProcessor
[THYMELEAF]             * [* {th:case}] [275]: org.thymeleaf.standard.processor.StandardCaseTagProcessor
[THYMELEAF]             * [* {th:if}] [300]: org.thymeleaf.standard.processor.StandardIfTagProcessor
[THYMELEAF]             * [* {th:unless}] [400]: org.thymeleaf.standard.processor.StandardUnlessTagProcessor
[THYMELEAF]             * [* {th:object}] [500]: org.thymeleaf.standard.processor.StandardObjectTagProcessor
[THYMELEAF]             * [* {th:with}] [600]: com.intuit.karate.template.KarateWithTagProcessor
[THYMELEAF]             * [* {th:inline}] [1000]: org.thymeleaf.standard.processor.StandardInlineTextualTagProcessor
[THYMELEAF]             * [* {th:text}] [1300]: org.thymeleaf.standard.processor.StandardTextTagProcessor
[THYMELEAF]             * [* {th:utext}] [1400]: org.thymeleaf.standard.processor.StandardUtextTagProcessor
[THYMELEAF]             * [* {th:assert}] [1550]: org.thymeleaf.standard.processor.StandardAssertTagProcessor
[THYMELEAF]             * [* {th:remove}] [1600]: org.thymeleaf.standard.processor.StandardRemoveTagProcessor
[THYMELEAF]             * [{th:block} *] [100000]: org.thymeleaf.standard.processor.StandardBlockTagProcessor
[THYMELEAF]             * [* 100000] [org.thymeleaf.standard.processor.StandardBlockTagProcessor]: {}
[THYMELEAF]         * Text Processors by [precedence]:
[THYMELEAF]             * [1000]: org.thymeleaf.standard.processor.StandardInliningTextProcessor
[THYMELEAF]     * Processors for Template Mode: CSS
[THYMELEAF]         * Element Tag Processors by [matching element and attribute name] [precedence]:
[THYMELEAF]             * [* {th:insert}] [100]: org.thymeleaf.standard.processor.StandardInsertTagProcessor
[THYMELEAF]             * [* {th:replace}] [100]: org.thymeleaf.standard.processor.StandardReplaceTagProcessor
[THYMELEAF]             * [* {th:each}] [200]: com.intuit.karate.template.KarateEachTagProcessor
[THYMELEAF]             * [* {th:switch}] [250]: org.thymeleaf.standard.processor.StandardSwitchTagProcessor
[THYMELEAF]             * [* {th:case}] [275]: org.thymeleaf.standard.processor.StandardCaseTagProcessor
[THYMELEAF]             * [* {th:if}] [300]: org.thymeleaf.standard.processor.StandardIfTagProcessor
[THYMELEAF]             * [* {th:unless}] [400]: org.thymeleaf.standard.processor.StandardUnlessTagProcessor
[THYMELEAF]             * [* {th:object}] [500]: org.thymeleaf.standard.processor.StandardObjectTagProcessor
[THYMELEAF]             * [* {th:with}] [600]: com.intuit.karate.template.KarateWithTagProcessor
[THYMELEAF]             * [* {th:inline}] [1000]: org.thymeleaf.standard.processor.StandardInlineTextualTagProcessor
[THYMELEAF]             * [* {th:text}] [1300]: org.thymeleaf.standard.processor.StandardTextTagProcessor
[THYMELEAF]             * [* {th:utext}] [1400]: org.thymeleaf.standard.processor.StandardUtextTagProcessor
[THYMELEAF]             * [* {th:assert}] [1550]: org.thymeleaf.standard.processor.StandardAssertTagProcessor
[THYMELEAF]             * [* {th:remove}] [1600]: org.thymeleaf.standard.processor.StandardRemoveTagProcessor
[THYMELEAF]             * [* 100000] [org.thymeleaf.standard.processor.StandardBlockTagProcessor]: {}
[THYMELEAF]             * [{th:block} *] [100000]: org.thymeleaf.standard.processor.StandardBlockTagProcessor
[THYMELEAF]         * Text Processors by [precedence]:
[THYMELEAF]             * [1000]: org.thymeleaf.standard.processor.StandardInliningTextProcessor
[THYMELEAF]     * Expression Objects:
[THYMELEAF]         * #ctx
[THYMELEAF]         * #root
[THYMELEAF]         * #vars
[THYMELEAF]         * #object
[THYMELEAF]         * #locale
[THYMELEAF]         * #request
[THYMELEAF]         * #response
[THYMELEAF]         * #session
[THYMELEAF]         * #servletContext
[THYMELEAF]         * #conversions
[THYMELEAF]         * #uris
[THYMELEAF]         * #calendars
[THYMELEAF]         * #dates
[THYMELEAF]         * #bools
[THYMELEAF]         * #numbers
[THYMELEAF]         * #objects
[THYMELEAF]         * #strings
[THYMELEAF]         * #arrays
[THYMELEAF]         * #lists
[THYMELEAF]         * #sets
[THYMELEAF]         * #maps
[THYMELEAF]         * #aggregates
[THYMELEAF]         * #messages
[THYMELEAF]         * #ids
[THYMELEAF]         * #execInfo
[THYMELEAF]         * #httpServletRequest
[THYMELEAF]         * #httpSession
[THYMELEAF]     * Execution Attributes:
[THYMELEAF]         * "StandardExpressionParser": com.intuit.karate.template.KarateStandardDialect@4d20616a
[THYMELEAF]         * "StandardJavaScriptSerializer": org.thymeleaf.standard.serializer.StandardJavaScriptSerializer@2e349cf2
[THYMELEAF]         * "StandardCSSSerializer": org.thymeleaf.standard.serializer.StandardCSSSerializer@3dbb3fb7
[THYMELEAF]         * "StandardVariableExpressionEvaluator": com.intuit.karate.template.KarateStandardDialect@4d20616a
[THYMELEAF]         * "StandardConversionService": org.thymeleaf.standard.expression.StandardConversionService@68a426c3
[THYMELEAF] * Dialect [2 of 2]: karate (com.intuit.karate.template.KarateScriptDialect)
[THYMELEAF]     * Prefix: "ka"
[THYMELEAF]     * Processors for Template Mode: HTML
[THYMELEAF]         * Element Tag Processors by [matching element and attribute name] [precedence]:
[THYMELEAF]             * [* {src}] [1000]: com.intuit.karate.template.KaScriptAttrProcessor
[THYMELEAF]         * Element Model Processors by [matching element and attribute name] [precedence]:
[THYMELEAF]             * [{script} {ka:scope,data-ka-scope}] [1000]: com.intuit.karate.template.KaScriptElemProcessor
[THYMELEAF]             * [* {ka:set,data-ka-set}] [1000]: com.intuit.karate.template.KaSetElemProcessor
[THYMELEAF] TEMPLATE ENGINE CONFIGURED OK
23:53:32.206 [main] DEBUG org.thymeleaf.TemplateEngine - [THYMELEAF] TEMPLATE ENGINE INITIALIZED
23:53:32.213 [main] DEBUG org.thymeleaf.TemplateEngine - [THYMELEAF] INITIALIZING TEMPLATE ENGINE
23:53:32.237 [main] DEBUG org.thymeleaf.TemplateEngine.CONFIG - Initializing Thymeleaf Template engine configuration...
[THYMELEAF] TEMPLATE ENGINE CONFIGURATION:
[THYMELEAF] * Thymeleaf version: 3.0.14.RELEASE (built 2021-12-08T00:45:29+0000)
[THYMELEAF] * Cache Manager implementation: org.thymeleaf.cache.StandardCacheManager
[THYMELEAF] * Template resolvers:
[THYMELEAF]     * [1] com.intuit.karate.template.ResourceHtmlTemplateResolver
[THYMELEAF] * Message resolvers:
[THYMELEAF]     * org.thymeleaf.messageresolver.StandardMessageResolver
[THYMELEAF] * Link builders:
[THYMELEAF]     * org.thymeleaf.linkbuilder.StandardLinkBuilder
[THYMELEAF] * Dialect [1 of 2]: Standard (com.intuit.karate.template.KarateStandardDialect)
[THYMELEAF]     * Prefix: "th"
[THYMELEAF]     * Processors for Template Mode: HTML
[THYMELEAF]         * Element Tag Processors by [matching element and attribute name] [precedence]:
[THYMELEAF]             * [* {th:include,data-th-include}] [100]: org.thymeleaf.standard.processor.StandardIncludeTagProcessor
[THYMELEAF]             * [* {th:insert,data-th-insert}] [100]: org.thymeleaf.standard.processor.StandardInsertTagProcessor
[THYMELEAF]             * [* {th:replace,data-th-replace}] [100]: org.thymeleaf.standard.processor.StandardReplaceTagProcessor
[THYMELEAF]             * [* {th:substituteby,data-th-substituteby}] [100]: org.thymeleaf.standard.processor.StandardSubstituteByTagProcessor
[THYMELEAF]             * [* {th:each,data-th-each}] [200]: com.intuit.karate.template.KarateEachTagProcessor
[THYMELEAF]             * [* {th:switch,data-th-switch}] [250]: org.thymeleaf.standard.processor.StandardSwitchTagProcessor
[THYMELEAF]             * [* {th:case,data-th-case}] [275]: org.thymeleaf.standard.processor.StandardCaseTagProcessor
[THYMELEAF]             * [* {th:if,data-th-if}] [300]: org.thymeleaf.standard.processor.StandardIfTagProcessor
[THYMELEAF]             * [* {th:unless,data-th-unless}] [400]: org.thymeleaf.standard.processor.StandardUnlessTagProcessor
[THYMELEAF]             * [* {th:object,data-th-object}] [500]: org.thymeleaf.standard.processor.StandardObjectTagProcessor
[THYMELEAF]             * [* {th:with,data-th-with}] [600]: com.intuit.karate.template.KarateWithTagProcessor
[THYMELEAF]             * [* {th:attr,data-th-attr}] [700]: com.intuit.karate.template.KarateAttributeTagProcessor.KarateAttrTagProcessor
[THYMELEAF]             * [* {th:attrappend,data-th-attrappend}] [900]: com.intuit.karate.template.KarateAttributeTagProcessor.KarateAttrappendTagProcessor
[THYMELEAF]             * [* {th:attrprepend,data-th-attrprepend}] [900]: com.intuit.karate.template.KarateAttributeTagProcessor.KarateAttrprependTagProcessor
[THYMELEAF]             * [* {th:alt-title,data-th-alt-title}] [990]: org.thymeleaf.standard.processor.StandardAltTitleTagProcessor
[THYMELEAF]             * [* {th:lang-xmllang,data-th-lang-xmllang}] [990]: org.thymeleaf.standard.processor.StandardLangXmlLangTagProcessor
[THYMELEAF]             * [* {th:action,data-th-action}] [1000]: org.thymeleaf.standard.processor.StandardActionTagProcessor
[THYMELEAF]             * [* {th:declare,data-th-declare}] [1000]: org.thymeleaf.standard.processor.StandardConditionalFixedValueTagProcessor
[THYMELEAF]             * [* {th:pubdate,data-th-pubdate}] [1000]: org.thymeleaf.standard.processor.StandardConditionalFixedValueTagProcessor
[THYMELEAF]             * [* {th:reversed,data-th-reversed}] [1000]: org.thymeleaf.standard.processor.StandardConditionalFixedValueTagProcessor
[THYMELEAF]             * [* {th:nowrap,data-th-nowrap}] [1000]: org.thymeleaf.standard.processor.StandardConditionalFixedValueTagProcessor
[THYMELEAF]             * [* {th:open,data-th-open}] [1000]: org.thymeleaf.standard.processor.StandardConditionalFixedValueTagProcessor
[THYMELEAF]             * [* {th:seamless,data-th-seamless}] [1000]: org.thymeleaf.standard.processor.StandardConditionalFixedValueTagProcessor
[THYMELEAF]             * [* {th:loop,data-th-loop}] [1000]: org.thymeleaf.standard.processor.StandardConditionalFixedValueTagProcessor
[THYMELEAF]             * [* {th:checked,data-th-checked}] [1000]: org.thymeleaf.standard.processor.StandardConditionalFixedValueTagProcessor
[THYMELEAF]             * [* {th:controls,data-th-controls}] [1000]: org.thymeleaf.standard.processor.StandardConditionalFixedValueTagProcessor
[THYMELEAF]             * [* {th:selected,data-th-selected}] [1000]: org.thymeleaf.standard.processor.StandardConditionalFixedValueTagProcessor
[THYMELEAF]             * [* {th:defer,data-th-defer}] [1000]: org.thymeleaf.standard.processor.StandardConditionalFixedValueTagProcessor
[THYMELEAF]             * [* {th:ismap,data-th-ismap}] [1000]: org.thymeleaf.standard.processor.StandardConditionalFixedValueTagProcessor
[THYMELEAF]             * [* {th:disabled,data-th-disabled}] [1000]: org.thymeleaf.standard.processor.StandardConditionalFixedValueTagProcessor
[THYMELEAF]             * [* {th:formnovalidate,data-th-formnovalidate}] [1000]: org.thymeleaf.standard.processor.StandardConditionalFixedValueTagProcessor
[THYMELEAF]             * [* {th:scoped,data-th-scoped}] [1000]: org.thymeleaf.standard.processor.StandardConditionalFixedValueTagProcessor
[THYMELEAF]             * [* {th:required,data-th-required}] [1000]: org.thymeleaf.standard.processor.StandardConditionalFixedValueTagProcessor
[THYMELEAF]             * [* {th:hidden,data-th-hidden}] [1000]: org.thymeleaf.standard.processor.StandardConditionalFixedValueTagProcessor
[THYMELEAF]             * [* {th:multiple,data-th-multiple}] [1000]: org.thymeleaf.standard.processor.StandardConditionalFixedValueTagProcessor
[THYMELEAF]             * [* {th:readonly,data-th-readonly}] [1000]: org.thymeleaf.standard.processor.StandardConditionalFixedValueTagProcessor
[THYMELEAF]             * [* {th:default,data-th-default}] [1000]: org.thymeleaf.standard.processor.StandardConditionalFixedValueTagProcessor
[THYMELEAF]             * [* {th:novalidate,data-th-novalidate}] [1000]: org.thymeleaf.standard.processor.StandardConditionalFixedValueTagProcessor
[THYMELEAF]             * [* {th:async,data-th-async}] [1000]: org.thymeleaf.standard.processor.StandardConditionalFixedValueTagProcessor
[THYMELEAF]             * [* {th:autoplay,data-th-autoplay}] [1000]: org.thymeleaf.standard.processor.StandardConditionalFixedValueTagProcessor
[THYMELEAF]             * [* {th:autofocus,data-th-autofocus}] [1000]: org.thymeleaf.standard.processor.StandardConditionalFixedValueTagProcessor
[THYMELEAF]             * [* {th:onloadstart,data-th-onloadstart}] [1000]: org.thymeleaf.standard.processor.StandardDOMEventAttributeTagProcessor
[THYMELEAF]             * [* {th:onsuspend,data-th-onsuspend}] [1000]: org.thymeleaf.standard.processor.StandardDOMEventAttributeTagProcessor
[THYMELEAF]             * [* {th:ondurationchange,data-th-ondurationchange}] [1000]: org.thymeleaf.standard.processor.StandardDOMEventAttributeTagProcessor
[THYMELEAF]             * [* {th:onmousemove,data-th-onmousemove}] [1000]: org.thymeleaf.standard.processor.StandardDOMEventAttributeTagProcessor
[THYMELEAF]             * [* {th:oninput,data-th-oninput}] [1000]: org.thymeleaf.standard.processor.StandardDOMEventAttributeTagProcessor
[THYMELEAF]             * [* {th:onerror,data-th-onerror}] [1000]: org.thymeleaf.standard.processor.StandardDOMEventAttributeTagProcessor
[THYMELEAF]             * [* {th:onload,data-th-onload}] [1000]: org.thymeleaf.standard.processor.StandardDOMEventAttributeTagProcessor
[THYMELEAF]             * [* {th:onhashchange,data-th-onhashchange}] [1000]: org.thymeleaf.standard.processor.StandardDOMEventAttributeTagProcessor
[THYMELEAF]             * [* {th:onprogress,data-th-onprogress}] [1000]: org.thymeleaf.standard.processor.StandardDOMEventAttributeTagProcessor
[THYMELEAF]             * [* {th:onloadedmetadata,data-th-onloadedmetadata}] [1000]: org.thymeleaf.standard.processor.StandardDOMEventAttributeTagProcessor
[THYMELEAF]             * [* {th:oncontextmenu,data-th-oncontextmenu}] [1000]: org.thymeleaf.standard.processor.StandardDOMEventAttributeTagProcessor
[THYMELEAF]             * [* {th:ondblclick,data-th-ondblclick}] [1000]: org.thymeleaf.standard.processor.StandardDOMEventAttributeTagProcessor
[THYMELEAF]             * [* {th:onstalled,data-th-onstalled}] [1000]: org.thymeleaf.standard.processor.StandardDOMEventAttributeTagProcessor
[THYMELEAF]             * [* {th:onblur,data-th-onblur}] [1000]: org.thymeleaf.standard.processor.StandardDOMEventAttributeTagProcessor
[THYMELEAF]             * [* {th:ondragenter,data-th-ondragenter}] [1000]: org.thymeleaf.standard.processor.StandardDOMEventAttributeTagProcessor
[THYMELEAF]             * [* {th:onreadystatechange,data-th-onreadystatechange}] [1000]: org.thymeleaf.standard.processor.StandardDOMEventAttributeTagProcessor
[THYMELEAF]             * [* {th:onchange,data-th-onchange}] [1000]: org.thymeleaf.standard.processor.StandardDOMEventAttributeTagProcessor
[THYMELEAF]             * [* {th:onselect,data-th-onselect}] [1000]: org.thymeleaf.standard.processor.StandardDOMEventAttributeTagProcessor
[THYMELEAF]             * [* {th:onshow,data-th-onshow}] [1000]: org.thymeleaf.standard.processor.StandardDOMEventAttributeTagProcessor
[THYMELEAF]             * [* {th:ondragover,data-th-ondragover}] [1000]: org.thymeleaf.standard.processor.StandardDOMEventAttributeTagProcessor
[THYMELEAF]             * [* {th:onformchange,data-th-onformchange}] [1000]: org.thymeleaf.standard.processor.StandardDOMEventAttributeTagProcessor
[THYMELEAF]             * [* {th:ondragleave,data-th-ondragleave}] [1000]: org.thymeleaf.standard.processor.StandardDOMEventAttributeTagProcessor
[THYMELEAF]             * [* {th:onkeydown,data-th-onkeydown}] [1000]: org.thymeleaf.standard.processor.StandardDOMEventAttributeTagProcessor
[THYMELEAF]             * [* {th:ondrop,data-th-ondrop}] [1000]: org.thymeleaf.standard.processor.StandardDOMEventAttributeTagProcessor
[THYMELEAF]             * [* {th:onabort,data-th-onabort}] [1000]: org.thymeleaf.standard.processor.StandardDOMEventAttributeTagProcessor
[THYMELEAF]             * [* {th:ontimeupdate,data-th-ontimeupdate}] [1000]: org.thymeleaf.standard.processor.StandardDOMEventAttributeTagProcessor
[THYMELEAF]             * [* {th:onforminput,data-th-onforminput}] [1000]: org.thymeleaf.standard.processor.StandardDOMEventAttributeTagProcessor
[THYMELEAF]             * [* {th:onseeking,data-th-onseeking}] [1000]: org.thymeleaf.standard.processor.StandardDOMEventAttributeTagProcessor
[THYMELEAF]             * [* {th:onstorage,data-th-onstorage}] [1000]: org.thymeleaf.standard.processor.StandardDOMEventAttributeTagProcessor
[THYMELEAF]             * [* {th:onscroll,data-th-onscroll}] [1000]: org.thymeleaf.standard.processor.StandardDOMEventAttributeTagProcessor
[THYMELEAF]             * [* {th:onunload,data-th-onunload}] [1000]: org.thymeleaf.standard.processor.StandardDOMEventAttributeTagProcessor
[THYMELEAF]             * [* {th:onbeforeunload,data-th-onbeforeunload}] [1000]: org.thymeleaf.standard.processor.StandardDOMEventAttributeTagProcessor
[THYMELEAF]             * [* {th:onpopstate,data-th-onpopstate}] [1000]: org.thymeleaf.standard.processor.StandardDOMEventAttributeTagProcessor
[THYMELEAF]             * [* {th:ondragend,data-th-ondragend}] [1000]: org.thymeleaf.standard.processor.StandardDOMEventAttributeTagProcessor
[THYMELEAF]             * [* {th:onmousedown,data-th-onmousedown}] [1000]: org.thymeleaf.standard.processor.StandardDOMEventAttributeTagProcessor
[THYMELEAF]             * [* {th:onratechange,data-th-onratechange}] [1000]: org.thymeleaf.standard.processor.StandardDOMEventAttributeTagProcessor
[THYMELEAF]             * [* {th:onkeypress,data-th-onkeypress}] [1000]: org.thymeleaf.standard.processor.StandardDOMEventAttributeTagProcessor
[THYMELEAF]             * [* {th:onseeked,data-th-onseeked}] [1000]: org.thymeleaf.standard.processor.StandardDOMEventAttributeTagProcessor
[THYMELEAF]             * [* {th:onfocus,data-th-onfocus}] [1000]: org.thymeleaf.standard.processor.StandardDOMEventAttributeTagProcessor
[THYMELEAF]             * [* {th:onafterprint,data-th-onafterprint}] [1000]: org.thymeleaf.standard.processor.StandardDOMEventAttributeTagProcessor
[THYMELEAF]             * [* {th:onresize,data-th-onresize}] [1000]: org.thymeleaf.standard.processor.StandardDOMEventAttributeTagProcessor
[THYMELEAF]             * [* {th:onredo,data-th-onredo}] [1000]: org.thymeleaf.standard.processor.StandardDOMEventAttributeTagProcessor
[THYMELEAF]             * [* {th:onloadeddata,data-th-onloadeddata}] [1000]: org.thymeleaf.standard.processor.StandardDOMEventAttributeTagProcessor
[THYMELEAF]             * [* {th:onmouseover,data-th-onmouseover}] [1000]: org.thymeleaf.standard.processor.StandardDOMEventAttributeTagProcessor
[THYMELEAF]             * [* {th:ondrag,data-th-ondrag}] [1000]: org.thymeleaf.standard.processor.StandardDOMEventAttributeTagProcessor
[THYMELEAF]             * [* {th:onclick,data-th-onclick}] [1000]: org.thymeleaf.standard.processor.StandardDOMEventAttributeTagProcessor
[THYMELEAF]             * [* {th:onwaiting,data-th-onwaiting}] [1000]: org.thymeleaf.standard.processor.StandardDOMEventAttributeTagProcessor
[THYMELEAF]             * [* {th:ononline,data-th-ononline}] [1000]: org.thymeleaf.standard.processor.StandardDOMEventAttributeTagProcessor
[THYMELEAF]             * [* {th:oncanplaythrough,data-th-oncanplaythrough}] [1000]: org.thymeleaf.standard.processor.StandardDOMEventAttributeTagProcessor
[THYMELEAF]             * [* {th:onsubmit,data-th-onsubmit}] [1000]: org.thymeleaf.standard.processor.StandardDOMEventAttributeTagProcessor
[THYMELEAF]             * [* {th:onreset,data-th-onreset}] [1000]: org.thymeleaf.standard.processor.StandardDOMEventAttributeTagProcessor
[THYMELEAF]             * [* {th:oninvalid,data-th-oninvalid}] [1000]: org.thymeleaf.standard.processor.StandardDOMEventAttributeTagProcessor
[THYMELEAF]             * [* {th:onkeyup,data-th-onkeyup}] [1000]: org.thymeleaf.standard.processor.StandardDOMEventAttributeTagProcessor
[THYMELEAF]             * [* {th:onvolumechange,data-th-onvolumechange}] [1000]: org.thymeleaf.standard.processor.StandardDOMEventAttributeTagProcessor
[THYMELEAF]             * [* {th:onundo,data-th-onundo}] [1000]: org.thymeleaf.standard.processor.StandardDOMEventAttributeTagProcessor
[THYMELEAF]             * [* {th:onoffline,data-th-onoffline}] [1000]: org.thymeleaf.standard.processor.StandardDOMEventAttributeTagProcessor
[THYMELEAF]             * [* {th:onpause,data-th-onpause}] [1000]: org.thymeleaf.standard.processor.StandardDOMEventAttributeTagProcessor
[THYMELEAF]             * [* {th:onmouseout,data-th-onmouseout}] [1000]: org.thymeleaf.standard.processor.StandardDOMEventAttributeTagProcessor
[THYMELEAF]             * [* {th:onmouseup,data-th-onmouseup}] [1000]: org.thymeleaf.standard.processor.StandardDOMEventAttributeTagProcessor
[THYMELEAF]             * [* {th:onemptied,data-th-onemptied}] [1000]: org.thymeleaf.standard.processor.StandardDOMEventAttributeTagProcessor
[THYMELEAF]             * [* {th:onbeforeprint,data-th-onbeforeprint}] [1000]: org.thymeleaf.standard.processor.StandardDOMEventAttributeTagProcessor
[THYMELEAF]             * [* {th:onplaying,data-th-onplaying}] [1000]: org.thymeleaf.standard.processor.StandardDOMEventAttributeTagProcessor
[THYMELEAF]             * [* {th:onmessage,data-th-onmessage}] [1000]: org.thymeleaf.standard.processor.StandardDOMEventAttributeTagProcessor
[THYMELEAF]             * [* {th:onmousewheel,data-th-onmousewheel}] [1000]: org.thymeleaf.standard.processor.StandardDOMEventAttributeTagProcessor
[THYMELEAF]             * [* {th:ondragstart,data-th-ondragstart}] [1000]: org.thymeleaf.standard.processor.StandardDOMEventAttributeTagProcessor
[THYMELEAF]             * [* {th:onplay,data-th-onplay}] [1000]: org.thymeleaf.standard.processor.StandardDOMEventAttributeTagProcessor
[THYMELEAF]             * [* {th:oncanplay,data-th-oncanplay}] [1000]: org.thymeleaf.standard.processor.StandardDOMEventAttributeTagProcessor
[THYMELEAF]             * [* {th:onended,data-th-onended}] [1000]: org.thymeleaf.standard.processor.StandardDOMEventAttributeTagProcessor
[THYMELEAF]             * [* {th:href,data-th-href}] [1000]: org.thymeleaf.standard.processor.StandardHrefTagProcessor
[THYMELEAF]             * [* {th:inline,data-th-inline}] [1000]: org.thymeleaf.standard.processor.StandardInlineHTMLTagProcessor
[THYMELEAF]             * [* {th:method,data-th-method}] [1000]: org.thymeleaf.standard.processor.StandardMethodTagProcessor
[THYMELEAF]             * [* {th:type,data-th-type}] [1000]: org.thymeleaf.standard.processor.StandardNonRemovableAttributeTagProcessor
[THYMELEAF]             * [* {th:name,data-th-name}] [1000]: org.thymeleaf.standard.processor.StandardNonRemovableAttributeTagProcessor
[THYMELEAF]             * [* {th:challenge,data-th-challenge}] [1000]: org.thymeleaf.standard.processor.StandardRemovableAttributeTagProcessor
[THYMELEAF]             * [* {th:poster,data-th-poster}] [1000]: org.thymeleaf.standard.processor.StandardRemovableAttributeTagProcessor
[THYMELEAF]             * [* {th:align,data-th-align}] [1000]: org.thymeleaf.standard.processor.StandardRemovableAttributeTagProcessor
[THYMELEAF]             * [* {th:dropzone,data-th-dropzone}] [1000]: org.thymeleaf.standard.processor.StandardRemovableAttributeTagProcessor
[THYMELEAF]             * [* {th:rel,data-th-rel}] [1000]: org.thymeleaf.standard.processor.StandardRemovableAttributeTagProcessor
[THYMELEAF]             * [* {th:width,data-th-width}] [1000]: org.thymeleaf.standard.processor.StandardRemovableAttributeTagProcessor
[THYMELEAF]             * [* {th:high,data-th-high}] [1000]: org.thymeleaf.standard.processor.StandardRemovableAttributeTagProcessor
[THYMELEAF]             * [* {th:form,data-th-form}] [1000]: org.thymeleaf.standard.processor.StandardRemovableAttributeTagProcessor
[THYMELEAF]             * [* {th:pattern,data-th-pattern}] [1000]: org.thymeleaf.standard.processor.StandardRemovableAttributeTagProcessor
[THYMELEAF]             * [* {th:rows,data-th-rows}] [1000]: org.thymeleaf.standard.processor.StandardRemovableAttributeTagProcessor
[THYMELEAF]             * [* {th:abbr,data-th-abbr}] [1000]: org.thymeleaf.standard.processor.StandardRemovableAttributeTagProcessor
[THYMELEAF]             * [* {th:placeholder,data-th-placeholder}] [1000]: org.thymeleaf.standard.processor.StandardRemovableAttributeTagProcessor
[THYMELEAF]             * [* {th:height,data-th-height}] [1000]: org.thymeleaf.standard.processor.StandardRemovableAttributeTagProcessor
[THYMELEAF]             * [* {th:cellpadding,data-th-cellpadding}] [1000]: org.thymeleaf.standard.processor.StandardRemovableAttributeTagProcessor
[THYMELEAF]             * [* {th:cellspacing,data-th-cellspacing}] [1000]: org.thymeleaf.standard.processor.StandardRemovableAttributeTagProcessor
[THYMELEAF]             * [* {th:optimum,data-th-optimum}] [1000]: org.thymeleaf.standard.processor.StandardRemovableAttributeTagProcessor
[THYMELEAF]             * [* {th:sizes,data-th-sizes}] [1000]: org.thymeleaf.standard.processor.StandardRemovableAttributeTagProcessor
[THYMELEAF]             * [* {th:formmethod,data-th-formmethod}] [1000]: org.thymeleaf.standard.processor.StandardRemovableAttributeTagProcessor
[THYMELEAF]             * [* {th:low,data-th-low}] [1000]: org.thymeleaf.standard.processor.StandardRemovableAttributeTagProcessor
[THYMELEAF]             * [* {th:rules,data-th-rules}] [1000]: org.thymeleaf.standard.processor.StandardRemovableAttributeTagProcessor
[THYMELEAF]             * [* {th:start,data-th-start}] [1000]: org.thymeleaf.standard.processor.StandardRemovableAttributeTagProcessor
[THYMELEAF]             * [* {th:lang,data-th-lang}] [1000]: org.thymeleaf.standard.processor.StandardRemovableAttributeTagProcessor
[THYMELEAF]             * [* {th:hreflang,data-th-hreflang}] [1000]: org.thymeleaf.standard.processor.StandardRemovableAttributeTagProcessor
[THYMELEAF]             * [* {th:formenctype,data-th-formenctype}] [1000]: org.thymeleaf.standard.processor.StandardRemovableAttributeTagProcessor
[THYMELEAF]             * [* {th:dir,data-th-dir}] [1000]: org.thymeleaf.standard.processor.StandardRemovableAttributeTagProcessor
[THYMELEAF]             * [* {th:marginwidth,data-th-marginwidth}] [1000]: org.thymeleaf.standard.processor.StandardRemovableAttributeTagProcessor
[THYMELEAF]             * [* {th:border,data-th-border}] [1000]: org.thymeleaf.standard.processor.StandardRemovableAttributeTagProcessor
[THYMELEAF]             * [* {th:target,data-th-target}] [1000]: org.thymeleaf.standard.processor.StandardRemovableAttributeTagProcessor
[THYMELEAF]             * [* {th:maxlength,data-th-maxlength}] [1000]: org.thymeleaf.standard.processor.StandardRemovableAttributeTagProcessor
[THYMELEAF]             * [* {th:background,data-th-background}] [1000]: org.thymeleaf.standard.processor.StandardRemovableAttributeTagProcessor
[THYMELEAF]             * [* {th:icon,data-th-icon}] [1000]: org.thymeleaf.standard.processor.StandardRemovableAttributeTagProcessor
[THYMELEAF]             * [* {th:cite,data-th-cite}] [1000]: org.thymeleaf.standard.processor.StandardRemovableAttributeTagProcessor
[THYMELEAF]             * [* {th:span,data-th-span}] [1000]: org.thymeleaf.standard.processor.StandardRemovableAttributeTagProcessor
[THYMELEAF]             * [* {th:preload,data-th-preload}] [1000]: org.thymeleaf.standard.processor.StandardRemovableAttributeTagProcessor
[THYMELEAF]             * [* {th:step,data-th-step}] [1000]: org.thymeleaf.standard.processor.StandardRemovableAttributeTagProcessor
[THYMELEAF]             * [* {th:codebase,data-th-codebase}] [1000]: org.thymeleaf.standard.processor.StandardRemovableAttributeTagProcessor
[THYMELEAF]             * [* {th:codetype,data-th-codetype}] [1000]: org.thymeleaf.standard.processor.StandardRemovableAttributeTagProcessor
[THYMELEAF]             * [* {th:frame,data-th-frame}] [1000]: org.thymeleaf.standard.processor.StandardRemovableAttributeTagProcessor
[THYMELEAF]             * [* {th:rowspan,data-th-rowspan}] [1000]: org.thymeleaf.standard.processor.StandardRemovableAttributeTagProcessor
[THYMELEAF]             * [* {th:archive,data-th-archive}] [1000]: org.thymeleaf.standard.processor.StandardRemovableAttributeTagProcessor
[THYMELEAF]             * [* {th:accept-charset,data-th-accept-charset}] [1000]: org.thymeleaf.standard.processor.StandardRemovableAttributeTagProcessor
[THYMELEAF]             * [* {th:label,data-th-label}] [1000]: org.thymeleaf.standard.processor.StandardRemovableAttributeTagProcessor
[THYMELEAF]             * [* {th:max,data-th-max}] [1000]: org.thymeleaf.standard.processor.StandardRemovableAttributeTagProcessor
[THYMELEAF]             * [* {th:title,data-th-title}] [1000]: org.thymeleaf.standard.processor.StandardRemovableAttributeTagProcessor
[THYMELEAF]             * [* {th:accesskey,data-th-accesskey}] [1000]: org.thymeleaf.standard.processor.StandardRemovableAttributeTagProcessor
[THYMELEAF]             * [* {th:radiogroup,data-th-radiogroup}] [1000]: org.thymeleaf.standard.processor.StandardRemovableAttributeTagProcessor
[THYMELEAF]             * [* {th:headers,data-th-headers}] [1000]: org.thymeleaf.standard.processor.StandardRemovableAttributeTagProcessor
[THYMELEAF]             * [* {th:alt,data-th-alt}] [1000]: org.thymeleaf.standard.processor.StandardRemovableAttributeTagProcessor
[THYMELEAF]             * [* {th:standby,data-th-standby}] [1000]: org.thymeleaf.standard.processor.StandardRemovableAttributeTagProcessor
[THYMELEAF]             * [* {th:scrolling,data-th-scrolling}] [1000]: org.thymeleaf.standard.processor.StandardRemovableAttributeTagProcessor
[THYMELEAF]             * [* {th:autocomplete,data-th-autocomplete}] [1000]: org.thymeleaf.standard.processor.StandardRemovableAttributeTagProcessor
[THYMELEAF]             * [* {th:scheme,data-th-scheme}] [1000]: org.thymeleaf.standard.processor.StandardRemovableAttributeTagProcessor
[THYMELEAF]             * [* {th:datetime,data-th-datetime}] [1000]: org.thymeleaf.standard.processor.StandardRemovableAttributeTagProcessor
[THYMELEAF]             * [* {th:classid,data-th-classid}] [1000]: org.thymeleaf.standard.processor.StandardRemovableAttributeTagProcessor
[THYMELEAF]             * [* {th:manifest,data-th-manifest}] [1000]: org.thymeleaf.standard.processor.StandardRemovableAttributeTagProcessor
[THYMELEAF]             * [* {th:scope,data-th-scope}] [1000]: org.thymeleaf.standard.processor.StandardRemovableAttributeTagProcessor
[THYMELEAF]             * [* {th:formaction,data-th-formaction}] [1000]: org.thymeleaf.standard.processor.StandardRemovableAttributeTagProcessor
[THYMELEAF]             * [* {th:accept,data-th-accept}] [1000]: org.thymeleaf.standard.processor.StandardRemovableAttributeTagProcessor
[THYMELEAF]             * [* {th:cols,data-th-cols}] [1000]: org.thymeleaf.standard.processor.StandardRemovableAttributeTagProcessor
[THYMELEAF]             * [* {th:data,data-th-data}] [1000]: org.thymeleaf.standard.processor.StandardRemovableAttributeTagProcessor
[THYMELEAF]             * [* {th:media,data-th-media}] [1000]: org.thymeleaf.standard.processor.StandardRemovableAttributeTagProcessor
[THYMELEAF]             * [* {th:size,data-th-size}] [1000]: org.thymeleaf.standard.processor.StandardRemovableAttributeTagProcessor
[THYMELEAF]             * [* {th:longdesc,data-th-longdesc}] [1000]: org.thymeleaf.standard.processor.StandardRemovableAttributeTagProcessor
[THYMELEAF]             * [* {th:bgcolor,data-th-bgcolor}] [1000]: org.thymeleaf.standard.processor.StandardRemovableAttributeTagProcessor
[THYMELEAF]             * [* {th:summary,data-th-summary}] [1000]: org.thymeleaf.standard.processor.StandardRemovableAttributeTagProcessor
[THYMELEAF]             * [* {th:colspan,data-th-colspan}] [1000]: org.thymeleaf.standard.processor.StandardRemovableAttributeTagProcessor
[THYMELEAF]             * [* {th:draggable,data-th-draggable}] [1000]: org.thymeleaf.standard.processor.StandardRemovableAttributeTagProcessor
[THYMELEAF]             * [* {th:marginheight,data-th-marginheight}] [1000]: org.thymeleaf.standard.processor.StandardRemovableAttributeTagProcessor
[THYMELEAF]             * [* {th:rev,data-th-rev}] [1000]: org.thymeleaf.standard.processor.StandardRemovableAttributeTagProcessor
[THYMELEAF]             * [* {th:charset,data-th-charset}] [1000]: org.thymeleaf.standard.processor.StandardRemovableAttributeTagProcessor
[THYMELEAF]             * [* {th:list,data-th-list}] [1000]: org.thymeleaf.standard.processor.StandardRemovableAttributeTagProcessor
[THYMELEAF]             * [* {th:hspace,data-th-hspace}] [1000]: org.thymeleaf.standard.processor.StandardRemovableAttributeTagProcessor
[THYMELEAF]             * [* {th:contenteditable,data-th-contenteditable}] [1000]: org.thymeleaf.standard.processor.StandardRemovableAttributeTagProcessor
[THYMELEAF]             * [* {th:spellcheck,data-th-spellcheck}] [1000]: org.thymeleaf.standard.processor.StandardRemovableAttributeTagProcessor
[THYMELEAF]             * [* {th:keytype,data-th-keytype}] [1000]: org.thymeleaf.standard.processor.StandardRemovableAttributeTagProcessor
[THYMELEAF]             * [* {th:kind,data-th-kind}] [1000]: org.thymeleaf.standard.processor.StandardRemovableAttributeTagProcessor
[THYMELEAF]             * [* {th:vspace,data-th-vspace}] [1000]: org.thymeleaf.standard.processor.StandardRemovableAttributeTagProcessor
[THYMELEAF]             * [* {th:for,data-th-for}] [1000]: org.thymeleaf.standard.processor.StandardRemovableAttributeTagProcessor
[THYMELEAF]             * [* {th:formtarget,data-th-formtarget}] [1000]: org.thymeleaf.standard.processor.StandardRemovableAttributeTagProcessor
[THYMELEAF]             * [* {th:style,data-th-style}] [1000]: org.thymeleaf.standard.processor.StandardRemovableAttributeTagProcessor
[THYMELEAF]             * [* {th:content,data-th-content}] [1000]: org.thymeleaf.standard.processor.StandardRemovableAttributeTagProcessor
[THYMELEAF]             * [* {th:contextmenu,data-th-contextmenu}] [1000]: org.thymeleaf.standard.processor.StandardRemovableAttributeTagProcessor
[THYMELEAF]             * [* {th:min,data-th-min}] [1000]: org.thymeleaf.standard.processor.StandardRemovableAttributeTagProcessor
[THYMELEAF]             * [* {th:frameborder,data-th-frameborder}] [1000]: org.thymeleaf.standard.processor.StandardRemovableAttributeTagProcessor
[THYMELEAF]             * [* {th:valuetype,data-th-valuetype}] [1000]: org.thymeleaf.standard.processor.StandardRemovableAttributeTagProcessor
[THYMELEAF]             * [* {th:class,data-th-class}] [1000]: org.thymeleaf.standard.processor.StandardRemovableAttributeTagProcessor
[THYMELEAF]             * [* {th:id,data-th-id}] [1000]: org.thymeleaf.standard.processor.StandardRemovableAttributeTagProcessor
[THYMELEAF]             * [* {th:wrap,data-th-wrap}] [1000]: org.thymeleaf.standard.processor.StandardRemovableAttributeTagProcessor
[THYMELEAF]             * [* {th:enctype,data-th-enctype}] [1000]: org.thymeleaf.standard.processor.StandardRemovableAttributeTagProcessor
[THYMELEAF]             * [* {th:usemap,data-th-usemap}] [1000]: org.thymeleaf.standard.processor.StandardRemovableAttributeTagProcessor
[THYMELEAF]             * [* {th:sandbox,data-th-sandbox}] [1000]: org.thymeleaf.standard.processor.StandardRemovableAttributeTagProcessor
[THYMELEAF]             * [* {th:compact,data-th-compact}] [1000]: org.thymeleaf.standard.processor.StandardRemovableAttributeTagProcessor
[THYMELEAF]             * [* {th:http-equiv,data-th-http-equiv}] [1000]: org.thymeleaf.standard.processor.StandardRemovableAttributeTagProcessor
[THYMELEAF]             * [* {th:axis,data-th-axis}] [1000]: org.thymeleaf.standard.processor.StandardRemovableAttributeTagProcessor
[THYMELEAF]             * [* {th:srclang,data-th-srclang}] [1000]: org.thymeleaf.standard.processor.StandardRemovableAttributeTagProcessor
[THYMELEAF]             * [* {th:audio,data-th-audio}] [1000]: org.thymeleaf.standard.processor.StandardRemovableAttributeTagProcessor
[THYMELEAF]             * [* {th:tabindex,data-th-tabindex}] [1000]: org.thymeleaf.standard.processor.StandardRemovableAttributeTagProcessor
[THYMELEAF]             * [* {th:src,data-th-src}] [1000]: org.thymeleaf.standard.processor.StandardSrcTagProcessor
[THYMELEAF]             * [* {th:value,data-th-value}] [1000]: org.thymeleaf.standard.processor.StandardValueTagProcessor
[THYMELEAF]             * [* {th:xmlbase,data-th-xmlbase}] [1000]: org.thymeleaf.standard.processor.StandardXmlBaseTagProcessor
[THYMELEAF]             * [* {th:xmllang,data-th-xmllang}] [1000]: org.thymeleaf.standard.processor.StandardXmlLangTagProcessor
[THYMELEAF]             * [* {xmlns:th}] [1000]: org.thymeleaf.standard.processor.StandardXmlNsTagProcessor
[THYMELEAF]             * [* {th:xmlspace,data-th-xmlspace}] [1000]: org.thymeleaf.standard.processor.StandardXmlSpaceTagProcessor
[THYMELEAF]             * [* {th:classappend,data-th-classappend}] [1100]: org.thymeleaf.standard.processor.StandardClassappendTagProcessor
[THYMELEAF]             * [* {th:styleappend,data-th-styleappend}] [1100]: org.thymeleaf.standard.processor.StandardStyleappendTagProcessor
[THYMELEAF]             * [* {th:text,data-th-text}] [1300]: org.thymeleaf.standard.processor.StandardTextTagProcessor
[THYMELEAF]             * [* {th:utext,data-th-utext}] [1400]: org.thymeleaf.standard.processor.StandardUtextTagProcessor
[THYMELEAF]             * [* {th:fragment,data-th-fragment}] [1500]: org.thymeleaf.standard.processor.StandardFragmentTagProcessor
[THYMELEAF]             * [* {th:assert,data-th-assert}] [1550]: org.thymeleaf.standard.processor.StandardAssertTagProcessor
[THYMELEAF]             * [* {th:remove,data-th-remove}] [1600]: org.thymeleaf.standard.processor.StandardRemoveTagProcessor
[THYMELEAF]             * [* {th:ref,data-th-ref}] [10000]: org.thymeleaf.standard.processor.StandardRefAttributeTagProcessor
[THYMELEAF]             * [{th:block,th-block} *] [100000]: org.thymeleaf.standard.processor.StandardBlockTagProcessor
[THYMELEAF]             * [* th:*] [2147483647]: org.thymeleaf.standard.processor.StandardDefaultAttributesTagProcessor
[THYMELEAF]         * Text Processors by [precedence]:
[THYMELEAF]             * [1000]: org.thymeleaf.standard.processor.StandardInliningTextProcessor
[THYMELEAF]         * DOCTYPE Processors by [precedence]:
[THYMELEAF]             * [1000]: org.thymeleaf.standard.processor.StandardTranslationDocTypeProcessor
[THYMELEAF]         * CDATA Section Processors by [precedence]:
[THYMELEAF]             * [1000]: org.thymeleaf.standard.processor.StandardInliningCDATASectionProcessor
[THYMELEAF]         * Comment Processors by [precedence]:
[THYMELEAF]             * [1000]: org.thymeleaf.standard.processor.StandardInliningCommentProcessor
[THYMELEAF]             * [1100]: org.thymeleaf.standard.processor.StandardConditionalCommentProcessor
[THYMELEAF]     * Processors for Template Mode: XML
[THYMELEAF]         * Element Tag Processors by [matching element and attribute name] [precedence]:
[THYMELEAF]             * [* {th:include}] [100]: org.thymeleaf.standard.processor.StandardIncludeTagProcessor
[THYMELEAF]             * [* {th:insert}] [100]: org.thymeleaf.standard.processor.StandardInsertTagProcessor
[THYMELEAF]             * [* {th:replace}] [100]: org.thymeleaf.standard.processor.StandardReplaceTagProcessor
[THYMELEAF]             * [* {th:substituteby}] [100]: org.thymeleaf.standard.processor.StandardSubstituteByTagProcessor
[THYMELEAF]             * [* {th:each}] [200]: com.intuit.karate.template.KarateEachTagProcessor
[THYMELEAF]             * [* {th:switch}] [250]: org.thymeleaf.standard.processor.StandardSwitchTagProcessor
[THYMELEAF]             * [* {th:case}] [275]: org.thymeleaf.standard.processor.StandardCaseTagProcessor
[THYMELEAF]             * [* {th:if}] [300]: org.thymeleaf.standard.processor.StandardIfTagProcessor
[THYMELEAF]             * [* {th:unless}] [400]: org.thymeleaf.standard.processor.StandardUnlessTagProcessor
[THYMELEAF]             * [* {th:object}] [500]: org.thymeleaf.standard.processor.StandardObjectTagProcessor
[THYMELEAF]             * [* {th:with}] [600]: com.intuit.karate.template.KarateWithTagProcessor
[THYMELEAF]             * [* {th:attr}] [700]: com.intuit.karate.template.KarateAttributeTagProcessor.KarateAttrTagProcessor
[THYMELEAF]             * [* {th:attrappend}] [900]: com.intuit.karate.template.KarateAttributeTagProcessor.KarateAttrappendTagProcessor
[THYMELEAF]             * [* {th:attrprepend}] [900]: com.intuit.karate.template.KarateAttributeTagProcessor.KarateAttrprependTagProcessor
[THYMELEAF]             * [* {th:inline}] [1000]: org.thymeleaf.standard.processor.StandardInlineXMLTagProcessor
[THYMELEAF]             * [* {xmlns:th}] [1000]: org.thymeleaf.standard.processor.StandardXmlNsTagProcessor
[THYMELEAF]             * [* {th:text}] [1300]: org.thymeleaf.standard.processor.StandardTextTagProcessor
[THYMELEAF]             * [* {th:utext}] [1400]: org.thymeleaf.standard.processor.StandardUtextTagProcessor
[THYMELEAF]             * [* {th:fragment}] [1500]: org.thymeleaf.standard.processor.StandardFragmentTagProcessor
[THYMELEAF]             * [* {th:assert}] [1550]: org.thymeleaf.standard.processor.StandardAssertTagProcessor
[THYMELEAF]             * [* {th:remove}] [1600]: org.thymeleaf.standard.processor.StandardRemoveTagProcessor
[THYMELEAF]             * [* {th:ref}] [10000]: org.thymeleaf.standard.processor.StandardRefAttributeTagProcessor
[THYMELEAF]             * [{th:block} *] [100000]: org.thymeleaf.standard.processor.StandardBlockTagProcessor
[THYMELEAF]             * [* th:*] [2147483647]: org.thymeleaf.standard.processor.StandardDefaultAttributesTagProcessor
[THYMELEAF]         * Text Processors by [precedence]:
[THYMELEAF]             * [1000]: org.thymeleaf.standard.processor.StandardInliningTextProcessor
[THYMELEAF]         * CDATA Section Processors by [precedence]:
[THYMELEAF]             * [1000]: org.thymeleaf.standard.processor.StandardInliningCDATASectionProcessor
[THYMELEAF]         * Comment Processors by [precedence]:
[THYMELEAF]             * [1000]: org.thymeleaf.standard.processor.StandardInliningCommentProcessor
[THYMELEAF]     * Processors for Template Mode: TEXT
[THYMELEAF]         * Element Tag Processors by [matching element and attribute name] [precedence]:
[THYMELEAF]             * [* {th:insert}] [100]: org.thymeleaf.standard.processor.StandardInsertTagProcessor
[THYMELEAF]             * [* {th:replace}] [100]: org.thymeleaf.standard.processor.StandardReplaceTagProcessor
[THYMELEAF]             * [* {th:each}] [200]: com.intuit.karate.template.KarateEachTagProcessor
[THYMELEAF]             * [* {th:switch}] [250]: org.thymeleaf.standard.processor.StandardSwitchTagProcessor
[THYMELEAF]             * [* {th:case}] [275]: org.thymeleaf.standard.processor.StandardCaseTagProcessor
[THYMELEAF]             * [* {th:if}] [300]: org.thymeleaf.standard.processor.StandardIfTagProcessor
[THYMELEAF]             * [* {th:unless}] [400]: org.thymeleaf.standard.processor.StandardUnlessTagProcessor
[THYMELEAF]             * [* {th:object}] [500]: org.thymeleaf.standard.processor.StandardObjectTagProcessor
[THYMELEAF]             * [* {th:with}] [600]: com.intuit.karate.template.KarateWithTagProcessor
[THYMELEAF]             * [* {th:inline}] [1000]: org.thymeleaf.standard.processor.StandardInlineTextualTagProcessor
[THYMELEAF]             * [* {th:text}] [1300]: org.thymeleaf.standard.processor.StandardTextTagProcessor
[THYMELEAF]             * [* {th:utext}] [1400]: org.thymeleaf.standard.processor.StandardUtextTagProcessor
[THYMELEAF]             * [* {th:assert}] [1550]: org.thymeleaf.standard.processor.StandardAssertTagProcessor
[THYMELEAF]             * [* {th:remove}] [1600]: org.thymeleaf.standard.processor.StandardRemoveTagProcessor
[THYMELEAF]             * [{th:block} *] [100000]: org.thymeleaf.standard.processor.StandardBlockTagProcessor
[THYMELEAF]             * [* 100000] [org.thymeleaf.standard.processor.StandardBlockTagProcessor]: {}
[THYMELEAF]         * Text Processors by [precedence]:
[THYMELEAF]             * [1000]: org.thymeleaf.standard.processor.StandardInliningTextProcessor
[THYMELEAF]     * Processors for Template Mode: JAVASCRIPT
[THYMELEAF]         * Element Tag Processors by [matching element and attribute name] [precedence]:
[THYMELEAF]             * [* {th:insert}] [100]: org.thymeleaf.standard.processor.StandardInsertTagProcessor
[THYMELEAF]             * [* {th:replace}] [100]: org.thymeleaf.standard.processor.StandardReplaceTagProcessor
[THYMELEAF]             * [* {th:each}] [200]: com.intuit.karate.template.KarateEachTagProcessor
[THYMELEAF]             * [* {th:switch}] [250]: org.thymeleaf.standard.processor.StandardSwitchTagProcessor
[THYMELEAF]             * [* {th:case}] [275]: org.thymeleaf.standard.processor.StandardCaseTagProcessor
[THYMELEAF]             * [* {th:if}] [300]: org.thymeleaf.standard.processor.StandardIfTagProcessor
[THYMELEAF]             * [* {th:unless}] [400]: org.thymeleaf.standard.processor.StandardUnlessTagProcessor
[THYMELEAF]             * [* {th:object}] [500]: org.thymeleaf.standard.processor.StandardObjectTagProcessor
[THYMELEAF]             * [* {th:with}] [600]: com.intuit.karate.template.KarateWithTagProcessor
[THYMELEAF]             * [* {th:inline}] [1000]: org.thymeleaf.standard.processor.StandardInlineTextualTagProcessor
[THYMELEAF]             * [* {th:text}] [1300]: org.thymeleaf.standard.processor.StandardTextTagProcessor
[THYMELEAF]             * [* {th:utext}] [1400]: org.thymeleaf.standard.processor.StandardUtextTagProcessor
[THYMELEAF]             * [* {th:assert}] [1550]: org.thymeleaf.standard.processor.StandardAssertTagProcessor
[THYMELEAF]             * [* {th:remove}] [1600]: org.thymeleaf.standard.processor.StandardRemoveTagProcessor
[THYMELEAF]             * [* 100000] [org.thymeleaf.standard.processor.StandardBlockTagProcessor]: {}
[THYMELEAF]             * [{th:block} *] [100000]: org.thymeleaf.standard.processor.StandardBlockTagProcessor
[THYMELEAF]         * Text Processors by [precedence]:
[THYMELEAF]             * [1000]: org.thymeleaf.standard.processor.StandardInliningTextProcessor
[THYMELEAF]     * Processors for Template Mode: CSS
[THYMELEAF]         * Element Tag Processors by [matching element and attribute name] [precedence]:
[THYMELEAF]             * [* {th:insert}] [100]: org.thymeleaf.standard.processor.StandardInsertTagProcessor
[THYMELEAF]             * [* {th:replace}] [100]: org.thymeleaf.standard.processor.StandardReplaceTagProcessor
[THYMELEAF]             * [* {th:each}] [200]: com.intuit.karate.template.KarateEachTagProcessor
[THYMELEAF]             * [* {th:switch}] [250]: org.thymeleaf.standard.processor.StandardSwitchTagProcessor
[THYMELEAF]             * [* {th:case}] [275]: org.thymeleaf.standard.processor.StandardCaseTagProcessor
[THYMELEAF]             * [* {th:if}] [300]: org.thymeleaf.standard.processor.StandardIfTagProcessor
[THYMELEAF]             * [* {th:unless}] [400]: org.thymeleaf.standard.processor.StandardUnlessTagProcessor
[THYMELEAF]             * [* {th:object}] [500]: org.thymeleaf.standard.processor.StandardObjectTagProcessor
[THYMELEAF]             * [* {th:with}] [600]: com.intuit.karate.template.KarateWithTagProcessor
[THYMELEAF]             * [* {th:inline}] [1000]: org.thymeleaf.standard.processor.StandardInlineTextualTagProcessor
[THYMELEAF]             * [* {th:text}] [1300]: org.thymeleaf.standard.processor.StandardTextTagProcessor
[THYMELEAF]             * [* {th:utext}] [1400]: org.thymeleaf.standard.processor.StandardUtextTagProcessor
[THYMELEAF]             * [* {th:assert}] [1550]: org.thymeleaf.standard.processor.StandardAssertTagProcessor
[THYMELEAF]             * [* {th:remove}] [1600]: org.thymeleaf.standard.processor.StandardRemoveTagProcessor
[THYMELEAF]             * [{th:block} *] [100000]: org.thymeleaf.standard.processor.StandardBlockTagProcessor
[THYMELEAF]             * [* 100000] [org.thymeleaf.standard.processor.StandardBlockTagProcessor]: {}
[THYMELEAF]         * Text Processors by [precedence]:
[THYMELEAF]             * [1000]: org.thymeleaf.standard.processor.StandardInliningTextProcessor
[THYMELEAF]     * Expression Objects:
[THYMELEAF]         * #ctx
[THYMELEAF]         * #root
[THYMELEAF]         * #vars
[THYMELEAF]         * #object
[THYMELEAF]         * #locale
[THYMELEAF]         * #request
[THYMELEAF]         * #response
[THYMELEAF]         * #session
[THYMELEAF]         * #servletContext
[THYMELEAF]         * #conversions
[THYMELEAF]         * #uris
[THYMELEAF]         * #calendars
[THYMELEAF]         * #dates
[THYMELEAF]         * #bools
[THYMELEAF]         * #numbers
[THYMELEAF]         * #objects
[THYMELEAF]         * #strings
[THYMELEAF]         * #arrays
[THYMELEAF]         * #lists
[THYMELEAF]         * #sets
[THYMELEAF]         * #maps
[THYMELEAF]         * #aggregates
[THYMELEAF]         * #messages
[THYMELEAF]         * #ids
[THYMELEAF]         * #execInfo
[THYMELEAF]         * #httpServletRequest
[THYMELEAF]         * #httpSession
[THYMELEAF]     * Execution Attributes:
[THYMELEAF]         * "StandardExpressionParser": com.intuit.karate.template.KarateStandardDialect@61dd1c3d
[THYMELEAF]         * "StandardJavaScriptSerializer": org.thymeleaf.standard.serializer.StandardJavaScriptSerializer@37d3aa8c
[THYMELEAF]         * "StandardCSSSerializer": org.thymeleaf.standard.serializer.StandardCSSSerializer@5dd747c1
[THYMELEAF]         * "StandardVariableExpressionEvaluator": com.intuit.karate.template.KarateStandardDialect@61dd1c3d
[THYMELEAF]         * "StandardConversionService": org.thymeleaf.standard.expression.StandardConversionService@1bdafb01
[THYMELEAF] * Dialect [2 of 2]: karate (com.intuit.karate.template.KarateScriptDialect)
[THYMELEAF]     * Prefix: "ka"
[THYMELEAF]     * Processors for Template Mode: HTML
[THYMELEAF]         * Element Tag Processors by [matching element and attribute name] [precedence]:
[THYMELEAF]             * [* {src}] [1000]: com.intuit.karate.template.KaScriptAttrProcessor
[THYMELEAF]         * Element Model Processors by [matching element and attribute name] [precedence]:
[THYMELEAF]             * [{script} {ka:scope,data-ka-scope}] [1000]: com.intuit.karate.template.KaScriptElemProcessor
[THYMELEAF]             * [* {ka:set,data-ka-set}] [1000]: com.intuit.karate.template.KaSetElemProcessor
[THYMELEAF] TEMPLATE ENGINE CONFIGURED OK
23:53:32.237 [main] DEBUG org.thymeleaf.TemplateEngine - [THYMELEAF] TEMPLATE ENGINE INITIALIZED
23:53:32.262 [main] DEBUG org.thymeleaf.TemplateEngine - [THYMELEAF] INITIALIZING TEMPLATE ENGINE
23:53:32.289 [main] DEBUG org.thymeleaf.TemplateEngine.CONFIG - Initializing Thymeleaf Template engine configuration...
[THYMELEAF] TEMPLATE ENGINE CONFIGURATION:
[THYMELEAF] * Thymeleaf version: 3.0.14.RELEASE (built 2021-12-08T00:45:29+0000)
[THYMELEAF] * Cache Manager implementation: org.thymeleaf.cache.StandardCacheManager
[THYMELEAF] * Template resolvers:
[THYMELEAF]     * [1] com.intuit.karate.template.ResourceHtmlTemplateResolver
[THYMELEAF] * Message resolvers:
[THYMELEAF]     * org.thymeleaf.messageresolver.StandardMessageResolver
[THYMELEAF] * Link builders:
[THYMELEAF]     * org.thymeleaf.linkbuilder.StandardLinkBuilder
[THYMELEAF] * Dialect [1 of 2]: Standard (com.intuit.karate.template.KarateStandardDialect)
[THYMELEAF]     * Prefix: "th"
[THYMELEAF]     * Processors for Template Mode: HTML
[THYMELEAF]         * Element Tag Processors by [matching element and attribute name] [precedence]:
[THYMELEAF]             * [* {th:include,data-th-include}] [100]: org.thymeleaf.standard.processor.StandardIncludeTagProcessor
[THYMELEAF]             * [* {th:insert,data-th-insert}] [100]: org.thymeleaf.standard.processor.StandardInsertTagProcessor
[THYMELEAF]             * [* {th:replace,data-th-replace}] [100]: org.thymeleaf.standard.processor.StandardReplaceTagProcessor
[THYMELEAF]             * [* {th:substituteby,data-th-substituteby}] [100]: org.thymeleaf.standard.processor.StandardSubstituteByTagProcessor
[THYMELEAF]             * [* {th:each,data-th-each}] [200]: com.intuit.karate.template.KarateEachTagProcessor
[THYMELEAF]             * [* {th:switch,data-th-switch}] [250]: org.thymeleaf.standard.processor.StandardSwitchTagProcessor
[THYMELEAF]             * [* {th:case,data-th-case}] [275]: org.thymeleaf.standard.processor.StandardCaseTagProcessor
[THYMELEAF]             * [* {th:if,data-th-if}] [300]: org.thymeleaf.standard.processor.StandardIfTagProcessor
[THYMELEAF]             * [* {th:unless,data-th-unless}] [400]: org.thymeleaf.standard.processor.StandardUnlessTagProcessor
[THYMELEAF]             * [* {th:object,data-th-object}] [500]: org.thymeleaf.standard.processor.StandardObjectTagProcessor
[THYMELEAF]             * [* {th:with,data-th-with}] [600]: com.intuit.karate.template.KarateWithTagProcessor
[THYMELEAF]             * [* {th:attr,data-th-attr}] [700]: com.intuit.karate.template.KarateAttributeTagProcessor.KarateAttrTagProcessor
[THYMELEAF]             * [* {th:attrappend,data-th-attrappend}] [900]: com.intuit.karate.template.KarateAttributeTagProcessor.KarateAttrappendTagProcessor
[THYMELEAF]             * [* {th:attrprepend,data-th-attrprepend}] [900]: com.intuit.karate.template.KarateAttributeTagProcessor.KarateAttrprependTagProcessor
[THYMELEAF]             * [* {th:alt-title,data-th-alt-title}] [990]: org.thymeleaf.standard.processor.StandardAltTitleTagProcessor
[THYMELEAF]             * [* {th:lang-xmllang,data-th-lang-xmllang}] [990]: org.thymeleaf.standard.processor.StandardLangXmlLangTagProcessor
[THYMELEAF]             * [* {th:action,data-th-action}] [1000]: org.thymeleaf.standard.processor.StandardActionTagProcessor
[THYMELEAF]             * [* {th:multiple,data-th-multiple}] [1000]: org.thymeleaf.standard.processor.StandardConditionalFixedValueTagProcessor
[THYMELEAF]             * [* {th:required,data-th-required}] [1000]: org.thymeleaf.standard.processor.StandardConditionalFixedValueTagProcessor
[THYMELEAF]             * [* {th:async,data-th-async}] [1000]: org.thymeleaf.standard.processor.StandardConditionalFixedValueTagProcessor
[THYMELEAF]             * [* {th:readonly,data-th-readonly}] [1000]: org.thymeleaf.standard.processor.StandardConditionalFixedValueTagProcessor
[THYMELEAF]             * [* {th:seamless,data-th-seamless}] [1000]: org.thymeleaf.standard.processor.StandardConditionalFixedValueTagProcessor
[THYMELEAF]             * [* {th:hidden,data-th-hidden}] [1000]: org.thymeleaf.standard.processor.StandardConditionalFixedValueTagProcessor
[THYMELEAF]             * [* {th:defer,data-th-defer}] [1000]: org.thymeleaf.standard.processor.StandardConditionalFixedValueTagProcessor
[THYMELEAF]             * [* {th:disabled,data-th-disabled}] [1000]: org.thymeleaf.standard.processor.StandardConditionalFixedValueTagProcessor
[THYMELEAF]             * [* {th:formnovalidate,data-th-formnovalidate}] [1000]: org.thymeleaf.standard.processor.StandardConditionalFixedValueTagProcessor
[THYMELEAF]             * [* {th:autofocus,data-th-autofocus}] [1000]: org.thymeleaf.standard.processor.StandardConditionalFixedValueTagProcessor
[THYMELEAF]             * [* {th:loop,data-th-loop}] [1000]: org.thymeleaf.standard.processor.StandardConditionalFixedValueTagProcessor
[THYMELEAF]             * [* {th:reversed,data-th-reversed}] [1000]: org.thymeleaf.standard.processor.StandardConditionalFixedValueTagProcessor
[THYMELEAF]             * [* {th:default,data-th-default}] [1000]: org.thymeleaf.standard.processor.StandardConditionalFixedValueTagProcessor
[THYMELEAF]             * [* {th:nowrap,data-th-nowrap}] [1000]: org.thymeleaf.standard.processor.StandardConditionalFixedValueTagProcessor
[THYMELEAF]             * [* {th:ismap,data-th-ismap}] [1000]: org.thymeleaf.standard.processor.StandardConditionalFixedValueTagProcessor
[THYMELEAF]             * [* {th:controls,data-th-controls}] [1000]: org.thymeleaf.standard.processor.StandardConditionalFixedValueTagProcessor
[THYMELEAF]             * [* {th:declare,data-th-declare}] [1000]: org.thymeleaf.standard.processor.StandardConditionalFixedValueTagProcessor
[THYMELEAF]             * [* {th:selected,data-th-selected}] [1000]: org.thymeleaf.standard.processor.StandardConditionalFixedValueTagProcessor
[THYMELEAF]             * [* {th:novalidate,data-th-novalidate}] [1000]: org.thymeleaf.standard.processor.StandardConditionalFixedValueTagProcessor
[THYMELEAF]             * [* {th:checked,data-th-checked}] [1000]: org.thymeleaf.standard.processor.StandardConditionalFixedValueTagProcessor
[THYMELEAF]             * [* {th:autoplay,data-th-autoplay}] [1000]: org.thymeleaf.standard.processor.StandardConditionalFixedValueTagProcessor
[THYMELEAF]             * [* {th:scoped,data-th-scoped}] [1000]: org.thymeleaf.standard.processor.StandardConditionalFixedValueTagProcessor
[THYMELEAF]             * [* {th:pubdate,data-th-pubdate}] [1000]: org.thymeleaf.standard.processor.StandardConditionalFixedValueTagProcessor
[THYMELEAF]             * [* {th:open,data-th-open}] [1000]: org.thymeleaf.standard.processor.StandardConditionalFixedValueTagProcessor
[THYMELEAF]             * [* {th:onload,data-th-onload}] [1000]: org.thymeleaf.standard.processor.StandardDOMEventAttributeTagProcessor
[THYMELEAF]             * [* {th:ondragenter,data-th-ondragenter}] [1000]: org.thymeleaf.standard.processor.StandardDOMEventAttributeTagProcessor
[THYMELEAF]             * [* {th:onseeked,data-th-onseeked}] [1000]: org.thymeleaf.standard.processor.StandardDOMEventAttributeTagProcessor
[THYMELEAF]             * [* {th:onloadeddata,data-th-onloadeddata}] [1000]: org.thymeleaf.standard.processor.StandardDOMEventAttributeTagProcessor
[THYMELEAF]             * [* {th:onerror,data-th-onerror}] [1000]: org.thymeleaf.standard.processor.StandardDOMEventAttributeTagProcessor
[THYMELEAF]             * [* {th:onloadedmetadata,data-th-onloadedmetadata}] [1000]: org.thymeleaf.standard.processor.StandardDOMEventAttributeTagProcessor
[THYMELEAF]             * [* {th:onformchange,data-th-onformchange}] [1000]: org.thymeleaf.standard.processor.StandardDOMEventAttributeTagProcessor
[THYMELEAF]             * [* {th:ondragstart,data-th-ondragstart}] [1000]: org.thymeleaf.standard.processor.StandardDOMEventAttributeTagProcessor
[THYMELEAF]             * [* {th:onplay,data-th-onplay}] [1000]: org.thymeleaf.standard.processor.StandardDOMEventAttributeTagProcessor
[THYMELEAF]             * [* {th:onbeforeprint,data-th-onbeforeprint}] [1000]: org.thymeleaf.standard.processor.StandardDOMEventAttributeTagProcessor
[THYMELEAF]             * [* {th:onmousedown,data-th-onmousedown}] [1000]: org.thymeleaf.standard.processor.StandardDOMEventAttributeTagProcessor
[THYMELEAF]             * [* {th:onhashchange,data-th-onhashchange}] [1000]: org.thymeleaf.standard.processor.StandardDOMEventAttributeTagProcessor
[THYMELEAF]             * [* {th:onkeypress,data-th-onkeypress}] [1000]: org.thymeleaf.standard.processor.StandardDOMEventAttributeTagProcessor
[THYMELEAF]             * [* {th:onkeydown,data-th-onkeydown}] [1000]: org.thymeleaf.standard.processor.StandardDOMEventAttributeTagProcessor
[THYMELEAF]             * [* {th:ondragleave,data-th-ondragleave}] [1000]: org.thymeleaf.standard.processor.StandardDOMEventAttributeTagProcessor
[THYMELEAF]             * [* {th:oncanplaythrough,data-th-oncanplaythrough}] [1000]: org.thymeleaf.standard.processor.StandardDOMEventAttributeTagProcessor
[THYMELEAF]             * [* {th:onplaying,data-th-onplaying}] [1000]: org.thymeleaf.standard.processor.StandardDOMEventAttributeTagProcessor
[THYMELEAF]             * [* {th:onprogress,data-th-onprogress}] [1000]: org.thymeleaf.standard.processor.StandardDOMEventAttributeTagProcessor
[THYMELEAF]             * [* {th:onended,data-th-onended}] [1000]: org.thymeleaf.standard.processor.StandardDOMEventAttributeTagProcessor
[THYMELEAF]             * [* {th:oncanplay,data-th-oncanplay}] [1000]: org.thymeleaf.standard.processor.StandardDOMEventAttributeTagProcessor
[THYMELEAF]             * [* {th:onresize,data-th-onresize}] [1000]: org.thymeleaf.standard.processor.StandardDOMEventAttributeTagProcessor
[THYMELEAF]             * [* {th:onmousewheel,data-th-onmousewheel}] [1000]: org.thymeleaf.standard.processor.StandardDOMEventAttributeTagProcessor
[THYMELEAF]             * [* {th:onmouseup,data-th-onmouseup}] [1000]: org.thymeleaf.standard.processor.StandardDOMEventAttributeTagProcessor
[THYMELEAF]             * [* {th:oncontextmenu,data-th-oncontextmenu}] [1000]: org.thymeleaf.standard.processor.StandardDOMEventAttributeTagProcessor
[THYMELEAF]             * [* {th:onwaiting,data-th-onwaiting}] [1000]: org.thymeleaf.standard.processor.StandardDOMEventAttributeTagProcessor
[THYMELEAF]             * [* {th:onundo,data-th-onundo}] [1000]: org.thymeleaf.standard.processor.StandardDOMEventAttributeTagProcessor
[THYMELEAF]             * [* {th:oninput,data-th-oninput}] [1000]: org.thymeleaf.standard.processor.StandardDOMEventAttributeTagProcessor
[THYMELEAF]             * [* {th:ontimeupdate,data-th-ontimeupdate}] [1000]: org.thymeleaf.standard.processor.StandardDOMEventAttributeTagProcessor
[THYMELEAF]             * [* {th:onseeking,data-th-onseeking}] [1000]: org.thymeleaf.standard.processor.StandardDOMEventAttributeTagProcessor
[THYMELEAF]             * [* {th:ondrop,data-th-ondrop}] [1000]: org.thymeleaf.standard.processor.StandardDOMEventAttributeTagProcessor
[THYMELEAF]             * [* {th:ononline,data-th-ononline}] [1000]: org.thymeleaf.standard.processor.StandardDOMEventAttributeTagProcessor
[THYMELEAF]             * [* {th:oninvalid,data-th-oninvalid}] [1000]: org.thymeleaf.standard.processor.StandardDOMEventAttributeTagProcessor
[THYMELEAF]             * [* {th:onscroll,data-th-onscroll}] [1000]: org.thymeleaf.standard.processor.StandardDOMEventAttributeTagProcessor
[THYMELEAF]             * [* {th:onreadystatechange,data-th-onreadystatechange}] [1000]: org.thymeleaf.standard.processor.StandardDOMEventAttributeTagProcessor
[THYMELEAF]             * [* {th:onreset,data-th-onreset}] [1000]: org.thymeleaf.standard.processor.StandardDOMEventAttributeTagProcessor
[THYMELEAF]             * [* {th:onkeyup,data-th-onkeyup}] [1000]: org.thymeleaf.standard.processor.StandardDOMEventAttributeTagProcessor
[THYMELEAF]             * [* {th:onfocus,data-th-onfocus}] [1000]: org.thymeleaf.standard.processor.StandardDOMEventAttributeTagProcessor
[THYMELEAF]             * [* {th:ondragend,data-th-ondragend}] [1000]: org.thymeleaf.standard.processor.StandardDOMEventAttributeTagProcessor
[THYMELEAF]             * [* {th:onclick,data-th-onclick}] [1000]: org.thymeleaf.standard.processor.StandardDOMEventAttributeTagProcessor
[THYMELEAF]             * [* {th:onunload,data-th-onunload}] [1000]: org.thymeleaf.standard.processor.StandardDOMEventAttributeTagProcessor
[THYMELEAF]             * [* {th:ondurationchange,data-th-ondurationchange}] [1000]: org.thymeleaf.standard.processor.StandardDOMEventAttributeTagProcessor
[THYMELEAF]             * [* {th:onselect,data-th-onselect}] [1000]: org.thymeleaf.standard.processor.StandardDOMEventAttributeTagProcessor
[THYMELEAF]             * [* {th:onbeforeunload,data-th-onbeforeunload}] [1000]: org.thymeleaf.standard.processor.StandardDOMEventAttributeTagProcessor
[THYMELEAF]             * [* {th:onpopstate,data-th-onpopstate}] [1000]: org.thymeleaf.standard.processor.StandardDOMEventAttributeTagProcessor
[THYMELEAF]             * [* {th:onsubmit,data-th-onsubmit}] [1000]: org.thymeleaf.standard.processor.StandardDOMEventAttributeTagProcessor
[THYMELEAF]             * [* {th:ondragover,data-th-ondragover}] [1000]: org.thymeleaf.standard.processor.StandardDOMEventAttributeTagProcessor
[THYMELEAF]             * [* {th:onvolumechange,data-th-onvolumechange}] [1000]: org.thymeleaf.standard.processor.StandardDOMEventAttributeTagProcessor
[THYMELEAF]             * [* {th:onemptied,data-th-onemptied}] [1000]: org.thymeleaf.standard.processor.StandardDOMEventAttributeTagProcessor
[THYMELEAF]             * [* {th:onmouseover,data-th-onmouseover}] [1000]: org.thymeleaf.standard.processor.StandardDOMEventAttributeTagProcessor
[THYMELEAF]             * [* {th:onstalled,data-th-onstalled}] [1000]: org.thymeleaf.standard.processor.StandardDOMEventAttributeTagProcessor
[THYMELEAF]             * [* {th:onabort,data-th-onabort}] [1000]: org.thymeleaf.standard.processor.StandardDOMEventAttributeTagProcessor
[THYMELEAF]             * [* {th:onloadstart,data-th-onloadstart}] [1000]: org.thymeleaf.standard.processor.StandardDOMEventAttributeTagProcessor
[THYMELEAF]             * [* {th:ondrag,data-th-ondrag}] [1000]: org.thymeleaf.standard.processor.StandardDOMEventAttributeTagProcessor
[THYMELEAF]             * [* {th:onoffline,data-th-onoffline}] [1000]: org.thymeleaf.standard.processor.StandardDOMEventAttributeTagProcessor
[THYMELEAF]             * [* {th:onredo,data-th-onredo}] [1000]: org.thymeleaf.standard.processor.StandardDOMEventAttributeTagProcessor
[THYMELEAF]             * [* {th:onblur,data-th-onblur}] [1000]: org.thymeleaf.standard.processor.StandardDOMEventAttributeTagProcessor
[THYMELEAF]             * [* {th:onafterprint,data-th-onafterprint}] [1000]: org.thymeleaf.standard.processor.StandardDOMEventAttributeTagProcessor
[THYMELEAF]             * [* {th:onchange,data-th-onchange}] [1000]: org.thymeleaf.standard.processor.StandardDOMEventAttributeTagProcessor
[THYMELEAF]             * [* {th:onratechange,data-th-onratechange}] [1000]: org.thymeleaf.standard.processor.StandardDOMEventAttributeTagProcessor
[THYMELEAF]             * [* {th:onmousemove,data-th-onmousemove}] [1000]: org.thymeleaf.standard.processor.StandardDOMEventAttributeTagProcessor
[THYMELEAF]             * [* {th:onmouseout,data-th-onmouseout}] [1000]: org.thymeleaf.standard.processor.StandardDOMEventAttributeTagProcessor
[THYMELEAF]             * [* {th:onstorage,data-th-onstorage}] [1000]: org.thymeleaf.standard.processor.StandardDOMEventAttributeTagProcessor
[THYMELEAF]             * [* {th:onsuspend,data-th-onsuspend}] [1000]: org.thymeleaf.standard.processor.StandardDOMEventAttributeTagProcessor
[THYMELEAF]             * [* {th:onpause,data-th-onpause}] [1000]: org.thymeleaf.standard.processor.StandardDOMEventAttributeTagProcessor
[THYMELEAF]             * [* {th:onforminput,data-th-onforminput}] [1000]: org.thymeleaf.standard.processor.StandardDOMEventAttributeTagProcessor
[THYMELEAF]             * [* {th:onmessage,data-th-onmessage}] [1000]: org.thymeleaf.standard.processor.StandardDOMEventAttributeTagProcessor
[THYMELEAF]             * [* {th:onshow,data-th-onshow}] [1000]: org.thymeleaf.standard.processor.StandardDOMEventAttributeTagProcessor
[THYMELEAF]             * [* {th:ondblclick,data-th-ondblclick}] [1000]: org.thymeleaf.standard.processor.StandardDOMEventAttributeTagProcessor
[THYMELEAF]             * [* {th:href,data-th-href}] [1000]: org.thymeleaf.standard.processor.StandardHrefTagProcessor
[THYMELEAF]             * [* {th:inline,data-th-inline}] [1000]: org.thymeleaf.standard.processor.StandardInlineHTMLTagProcessor
[THYMELEAF]             * [* {th:method,data-th-method}] [1000]: org.thymeleaf.standard.processor.StandardMethodTagProcessor
[THYMELEAF]             * [* {th:type,data-th-type}] [1000]: org.thymeleaf.standard.processor.StandardNonRemovableAttributeTagProcessor
[THYMELEAF]             * [* {th:name,data-th-name}] [1000]: org.thymeleaf.standard.processor.StandardNonRemovableAttributeTagProcessor
[THYMELEAF]             * [* {th:alt,data-th-alt}] [1000]: org.thymeleaf.standard.processor.StandardRemovableAttributeTagProcessor
[THYMELEAF]             * [* {th:enctype,data-th-enctype}] [1000]: org.thymeleaf.standard.processor.StandardRemovableAttributeTagProcessor
[THYMELEAF]             * [* {th:title,data-th-title}] [1000]: org.thymeleaf.standard.processor.StandardRemovableAttributeTagProcessor
[THYMELEAF]             * [* {th:id,data-th-id}] [1000]: org.thymeleaf.standard.processor.StandardRemovableAttributeTagProcessor
[THYMELEAF]             * [* {th:abbr,data-th-abbr}] [1000]: org.thymeleaf.standard.processor.StandardRemovableAttributeTagProcessor
[THYMELEAF]             * [* {th:wrap,data-th-wrap}] [1000]: org.thymeleaf.standard.processor.StandardRemovableAttributeTagProcessor
[THYMELEAF]             * [* {th:srclang,data-th-srclang}] [1000]: org.thymeleaf.standard.processor.StandardRemovableAttributeTagProcessor
[THYMELEAF]             * [* {th:standby,data-th-standby}] [1000]: org.thymeleaf.standard.processor.StandardRemovableAttributeTagProcessor
[THYMELEAF]             * [* {th:span,data-th-span}] [1000]: org.thymeleaf.standard.processor.StandardRemovableAttributeTagProcessor
[THYMELEAF]             * [* {th:align,data-th-align}] [1000]: org.thymeleaf.standard.processor.StandardRemovableAttributeTagProcessor
[THYMELEAF]             * [* {th:bgcolor,data-th-bgcolor}] [1000]: org.thymeleaf.standard.processor.StandardRemovableAttributeTagProcessor
[THYMELEAF]             * [* {th:accept-charset,data-th-accept-charset}] [1000]: org.thymeleaf.standard.processor.StandardRemovableAttributeTagProcessor
[THYMELEAF]             * [* {th:challenge,data-th-challenge}] [1000]: org.thymeleaf.standard.processor.StandardRemovableAttributeTagProcessor
[THYMELEAF]             * [* {th:poster,data-th-poster}] [1000]: org.thymeleaf.standard.processor.StandardRemovableAttributeTagProcessor
[THYMELEAF]             * [* {th:codebase,data-th-codebase}] [1000]: org.thymeleaf.standard.processor.StandardRemovableAttributeTagProcessor
[THYMELEAF]             * [* {th:headers,data-th-headers}] [1000]: org.thymeleaf.standard.processor.StandardRemovableAttributeTagProcessor
[THYMELEAF]             * [* {th:formenctype,data-th-formenctype}] [1000]: org.thymeleaf.standard.processor.StandardRemovableAttributeTagProcessor
[THYMELEAF]             * [* {th:vspace,data-th-vspace}] [1000]: org.thymeleaf.standard.processor.StandardRemovableAttributeTagProcessor
[THYMELEAF]             * [* {th:http-equiv,data-th-http-equiv}] [1000]: org.thymeleaf.standard.processor.StandardRemovableAttributeTagProcessor
[THYMELEAF]             * [* {th:list,data-th-list}] [1000]: org.thymeleaf.standard.processor.StandardRemovableAttributeTagProcessor
[THYMELEAF]             * [* {th:hreflang,data-th-hreflang}] [1000]: org.thymeleaf.standard.processor.StandardRemovableAttributeTagProcessor
[THYMELEAF]             * [* {th:dir,data-th-dir}] [1000]: org.thymeleaf.standard.processor.StandardRemovableAttributeTagProcessor
[THYMELEAF]             * [* {th:optimum,data-th-optimum}] [1000]: org.thymeleaf.standard.processor.StandardRemovableAttributeTagProcessor
[THYMELEAF]             * [* {th:formmethod,data-th-formmethod}] [1000]: org.thymeleaf.standard.processor.StandardRemovableAttributeTagProcessor
[THYMELEAF]             * [* {th:scrolling,data-th-scrolling}] [1000]: org.thymeleaf.standard.processor.StandardRemovableAttributeTagProcessor
[THYMELEAF]             * [* {th:manifest,data-th-manifest}] [1000]: org.thymeleaf.standard.processor.StandardRemovableAttributeTagProcessor
[THYMELEAF]             * [* {th:marginheight,data-th-marginheight}] [1000]: org.thymeleaf.standard.processor.StandardRemovableAttributeTagProcessor
[THYMELEAF]             * [* {th:high,data-th-high}] [1000]: org.thymeleaf.standard.processor.StandardRemovableAttributeTagProcessor
[THYMELEAF]             * [* {th:rowspan,data-th-rowspan}] [1000]: org.thymeleaf.standard.processor.StandardRemovableAttributeTagProcessor
[THYMELEAF]             * [* {th:maxlength,data-th-maxlength}] [1000]: org.thymeleaf.standard.processor.StandardRemovableAttributeTagProcessor
[THYMELEAF]             * [* {th:cellpadding,data-th-cellpadding}] [1000]: org.thymeleaf.standard.processor.StandardRemovableAttributeTagProcessor
[THYMELEAF]             * [* {th:scope,data-th-scope}] [1000]: org.thymeleaf.standard.processor.StandardRemovableAttributeTagProcessor
[THYMELEAF]             * [* {th:rel,data-th-rel}] [1000]: org.thymeleaf.standard.processor.StandardRemovableAttributeTagProcessor
[THYMELEAF]             * [* {th:axis,data-th-axis}] [1000]: org.thymeleaf.standard.processor.StandardRemovableAttributeTagProcessor
[THYMELEAF]             * [* {th:charset,data-th-charset}] [1000]: org.thymeleaf.standard.processor.StandardRemovableAttributeTagProcessor
[THYMELEAF]             * [* {th:accept,data-th-accept}] [1000]: org.thymeleaf.standard.processor.StandardRemovableAttributeTagProcessor
[THYMELEAF]             * [* {th:cite,data-th-cite}] [1000]: org.thymeleaf.standard.processor.StandardRemovableAttributeTagProcessor
[THYMELEAF]             * [* {th:rules,data-th-rules}] [1000]: org.thymeleaf.standard.processor.StandardRemovableAttributeTagProcessor
[THYMELEAF]             * [* {th:radiogroup,data-th-radiogroup}] [1000]: org.thymeleaf.standard.processor.StandardRemovableAttributeTagProcessor
[THYMELEAF]             * [* {th:pattern,data-th-pattern}] [1000]: org.thymeleaf.standard.processor.StandardRemovableAttributeTagProcessor
[THYMELEAF]             * [* {th:sandbox,data-th-sandbox}] [1000]: org.thymeleaf.standard.processor.StandardRemovableAttributeTagProcessor
[THYMELEAF]             * [* {th:target,data-th-target}] [1000]: org.thymeleaf.standard.processor.StandardRemovableAttributeTagProcessor
[THYMELEAF]             * [* {th:scheme,data-th-scheme}] [1000]: org.thymeleaf.standard.processor.StandardRemovableAttributeTagProcessor
[THYMELEAF]             * [* {th:max,data-th-max}] [1000]: org.thymeleaf.standard.processor.StandardRemovableAttributeTagProcessor
[THYMELEAF]             * [* {th:size,data-th-size}] [1000]: org.thymeleaf.standard.processor.StandardRemovableAttributeTagProcessor
[THYMELEAF]             * [* {th:height,data-th-height}] [1000]: org.thymeleaf.standard.processor.StandardRemovableAttributeTagProcessor
[THYMELEAF]             * [* {th:hspace,data-th-hspace}] [1000]: org.thymeleaf.standard.processor.StandardRemovableAttributeTagProcessor
[THYMELEAF]             * [* {th:formaction,data-th-formaction}] [1000]: org.thymeleaf.standard.processor.StandardRemovableAttributeTagProcessor
[THYMELEAF]             * [* {th:codetype,data-th-codetype}] [1000]: org.thymeleaf.standard.processor.StandardRemovableAttributeTagProcessor
[THYMELEAF]             * [* {th:frameborder,data-th-frameborder}] [1000]: org.thymeleaf.standard.processor.StandardRemovableAttributeTagProcessor
[THYMELEAF]             * [* {th:summary,data-th-summary}] [1000]: org.thymeleaf.standard.processor.StandardRemovableAttributeTagProcessor
[THYMELEAF]             * [* {th:contenteditable,data-th-contenteditable}] [1000]: org.thymeleaf.standard.processor.StandardRemovableAttributeTagProcessor
[THYMELEAF]             * [* {th:border,data-th-border}] [1000]: org.thymeleaf.standard.processor.StandardRemovableAttributeTagProcessor
[THYMELEAF]             * [* {th:tabindex,data-th-tabindex}] [1000]: org.thymeleaf.standard.processor.StandardRemovableAttributeTagProcessor
[THYMELEAF]             * [* {th:keytype,data-th-keytype}] [1000]: org.thymeleaf.standard.processor.StandardRemovableAttributeTagProcessor
[THYMELEAF]             * [* {th:formtarget,data-th-formtarget}] [1000]: org.thymeleaf.standard.processor.StandardRemovableAttributeTagProcessor
[THYMELEAF]             * [* {th:cols,data-th-cols}] [1000]: org.thymeleaf.standard.processor.StandardRemovableAttributeTagProcessor
[THYMELEAF]             * [* {th:lang,data-th-lang}] [1000]: org.thymeleaf.standard.processor.StandardRemovableAttributeTagProcessor
[THYMELEAF]             * [* {th:kind,data-th-kind}] [1000]: org.thymeleaf.standard.processor.StandardRemovableAttributeTagProcessor
[THYMELEAF]             * [* {th:icon,data-th-icon}] [1000]: org.thymeleaf.standard.processor.StandardRemovableAttributeTagProcessor
[THYMELEAF]             * [* {th:archive,data-th-archive}] [1000]: org.thymeleaf.standard.processor.StandardRemovableAttributeTagProcessor
[THYMELEAF]             * [* {th:draggable,data-th-draggable}] [1000]: org.thymeleaf.standard.processor.StandardRemovableAttributeTagProcessor
[THYMELEAF]             * [* {th:step,data-th-step}] [1000]: org.thymeleaf.standard.processor.StandardRemovableAttributeTagProcessor
[THYMELEAF]             * [* {th:content,data-th-content}] [1000]: org.thymeleaf.standard.processor.StandardRemovableAttributeTagProcessor
[THYMELEAF]             * [* {th:frame,data-th-frame}] [1000]: org.thymeleaf.standard.processor.StandardRemovableAttributeTagProcessor
[THYMELEAF]             * [* {th:placeholder,data-th-placeholder}] [1000]: org.thymeleaf.standard.processor.StandardRemovableAttributeTagProcessor
[THYMELEAF]             * [* {th:colspan,data-th-colspan}] [1000]: org.thymeleaf.standard.processor.StandardRemovableAttributeTagProcessor
[THYMELEAF]             * [* {th:for,data-th-for}] [1000]: org.thymeleaf.standard.processor.StandardRemovableAttributeTagProcessor
[THYMELEAF]             * [* {th:sizes,data-th-sizes}] [1000]: org.thymeleaf.standard.processor.StandardRemovableAttributeTagProcessor
[THYMELEAF]             * [* {th:accesskey,data-th-accesskey}] [1000]: org.thymeleaf.standard.processor.StandardRemovableAttributeTagProcessor
[THYMELEAF]             * [* {th:usemap,data-th-usemap}] [1000]: org.thymeleaf.standard.processor.StandardRemovableAttributeTagProcessor
[THYMELEAF]             * [* {th:contextmenu,data-th-contextmenu}] [1000]: org.thymeleaf.standard.processor.StandardRemovableAttributeTagProcessor
[THYMELEAF]             * [* {th:background,data-th-background}] [1000]: org.thymeleaf.standard.processor.StandardRemovableAttributeTagProcessor
[THYMELEAF]             * [* {th:width,data-th-width}] [1000]: org.thymeleaf.standard.processor.StandardRemovableAttributeTagProcessor
[THYMELEAF]             * [* {th:class,data-th-class}] [1000]: org.thymeleaf.standard.processor.StandardRemovableAttributeTagProcessor
[THYMELEAF]             * [* {th:autocomplete,data-th-autocomplete}] [1000]: org.thymeleaf.standard.processor.StandardRemovableAttributeTagProcessor
[THYMELEAF]             * [* {th:datetime,data-th-datetime}] [1000]: org.thymeleaf.standard.processor.StandardRemovableAttributeTagProcessor
[THYMELEAF]             * [* {th:longdesc,data-th-longdesc}] [1000]: org.thymeleaf.standard.processor.StandardRemovableAttributeTagProcessor
[THYMELEAF]             * [* {th:media,data-th-media}] [1000]: org.thymeleaf.standard.processor.StandardRemovableAttributeTagProcessor
[THYMELEAF]             * [* {th:form,data-th-form}] [1000]: org.thymeleaf.standard.processor.StandardRemovableAttributeTagProcessor
[THYMELEAF]             * [* {th:marginwidth,data-th-marginwidth}] [1000]: org.thymeleaf.standard.processor.StandardRemovableAttributeTagProcessor
[THYMELEAF]             * [* {th:spellcheck,data-th-spellcheck}] [1000]: org.thymeleaf.standard.processor.StandardRemovableAttributeTagProcessor
[THYMELEAF]             * [* {th:dropzone,data-th-dropzone}] [1000]: org.thymeleaf.standard.processor.StandardRemovableAttributeTagProcessor
[THYMELEAF]             * [* {th:rev,data-th-rev}] [1000]: org.thymeleaf.standard.processor.StandardRemovableAttributeTagProcessor
[THYMELEAF]             * [* {th:cellspacing,data-th-cellspacing}] [1000]: org.thymeleaf.standard.processor.StandardRemovableAttributeTagProcessor
[THYMELEAF]             * [* {th:min,data-th-min}] [1000]: org.thymeleaf.standard.processor.StandardRemovableAttributeTagProcessor
[THYMELEAF]             * [* {th:rows,data-th-rows}] [1000]: org.thymeleaf.standard.processor.StandardRemovableAttributeTagProcessor
[THYMELEAF]             * [* {th:compact,data-th-compact}] [1000]: org.thymeleaf.standard.processor.StandardRemovableAttributeTagProcessor
[THYMELEAF]             * [* {th:label,data-th-label}] [1000]: org.thymeleaf.standard.processor.StandardRemovableAttributeTagProcessor
[THYMELEAF]             * [* {th:style,data-th-style}] [1000]: org.thymeleaf.standard.processor.StandardRemovableAttributeTagProcessor
[THYMELEAF]             * [* {th:audio,data-th-audio}] [1000]: org.thymeleaf.standard.processor.StandardRemovableAttributeTagProcessor
[THYMELEAF]             * [* {th:low,data-th-low}] [1000]: org.thymeleaf.standard.processor.StandardRemovableAttributeTagProcessor
[THYMELEAF]             * [* {th:start,data-th-start}] [1000]: org.thymeleaf.standard.processor.StandardRemovableAttributeTagProcessor
[THYMELEAF]             * [* {th:preload,data-th-preload}] [1000]: org.thymeleaf.standard.processor.StandardRemovableAttributeTagProcessor
[THYMELEAF]             * [* {th:data,data-th-data}] [1000]: org.thymeleaf.standard.processor.StandardRemovableAttributeTagProcessor
[THYMELEAF]             * [* {th:classid,data-th-classid}] [1000]: org.thymeleaf.standard.processor.StandardRemovableAttributeTagProcessor
[THYMELEAF]             * [* {th:valuetype,data-th-valuetype}] [1000]: org.thymeleaf.standard.processor.StandardRemovableAttributeTagProcessor
[THYMELEAF]             * [* {th:src,data-th-src}] [1000]: org.thymeleaf.standard.processor.StandardSrcTagProcessor
[THYMELEAF]             * [* {th:value,data-th-value}] [1000]: org.thymeleaf.standard.processor.StandardValueTagProcessor
[THYMELEAF]             * [* {th:xmlbase,data-th-xmlbase}] [1000]: org.thymeleaf.standard.processor.StandardXmlBaseTagProcessor
[THYMELEAF]             * [* {th:xmllang,data-th-xmllang}] [1000]: org.thymeleaf.standard.processor.StandardXmlLangTagProcessor
[THYMELEAF]             * [* {xmlns:th}] [1000]: org.thymeleaf.standard.processor.StandardXmlNsTagProcessor
[THYMELEAF]             * [* {th:xmlspace,data-th-xmlspace}] [1000]: org.thymeleaf.standard.processor.StandardXmlSpaceTagProcessor
[THYMELEAF]             * [* {th:classappend,data-th-classappend}] [1100]: org.thymeleaf.standard.processor.StandardClassappendTagProcessor
[THYMELEAF]             * [* {th:styleappend,data-th-styleappend}] [1100]: org.thymeleaf.standard.processor.StandardStyleappendTagProcessor
[THYMELEAF]             * [* {th:text,data-th-text}] [1300]: org.thymeleaf.standard.processor.StandardTextTagProcessor
[THYMELEAF]             * [* {th:utext,data-th-utext}] [1400]: org.thymeleaf.standard.processor.StandardUtextTagProcessor
[THYMELEAF]             * [* {th:fragment,data-th-fragment}] [1500]: org.thymeleaf.standard.processor.StandardFragmentTagProcessor
[THYMELEAF]             * [* {th:assert,data-th-assert}] [1550]: org.thymeleaf.standard.processor.StandardAssertTagProcessor
[THYMELEAF]             * [* {th:remove,data-th-remove}] [1600]: org.thymeleaf.standard.processor.StandardRemoveTagProcessor
[THYMELEAF]             * [* {th:ref,data-th-ref}] [10000]: org.thymeleaf.standard.processor.StandardRefAttributeTagProcessor
[THYMELEAF]             * [{th:block,th-block} *] [100000]: org.thymeleaf.standard.processor.StandardBlockTagProcessor
[THYMELEAF]             * [* th:*] [2147483647]: org.thymeleaf.standard.processor.StandardDefaultAttributesTagProcessor
[THYMELEAF]         * Text Processors by [precedence]:
[THYMELEAF]             * [1000]: org.thymeleaf.standard.processor.StandardInliningTextProcessor
[THYMELEAF]         * DOCTYPE Processors by [precedence]:
[THYMELEAF]             * [1000]: org.thymeleaf.standard.processor.StandardTranslationDocTypeProcessor
[THYMELEAF]         * CDATA Section Processors by [precedence]:
[THYMELEAF]             * [1000]: org.thymeleaf.standard.processor.StandardInliningCDATASectionProcessor
[THYMELEAF]         * Comment Processors by [precedence]:
[THYMELEAF]             * [1000]: org.thymeleaf.standard.processor.StandardInliningCommentProcessor
[THYMELEAF]             * [1100]: org.thymeleaf.standard.processor.StandardConditionalCommentProcessor
[THYMELEAF]     * Processors for Template Mode: XML
[THYMELEAF]         * Element Tag Processors by [matching element and attribute name] [precedence]:
[THYMELEAF]             * [* {th:include}] [100]: org.thymeleaf.standard.processor.StandardIncludeTagProcessor
[THYMELEAF]             * [* {th:insert}] [100]: org.thymeleaf.standard.processor.StandardInsertTagProcessor
[THYMELEAF]             * [* {th:replace}] [100]: org.thymeleaf.standard.processor.StandardReplaceTagProcessor
[THYMELEAF]             * [* {th:substituteby}] [100]: org.thymeleaf.standard.processor.StandardSubstituteByTagProcessor
[THYMELEAF]             * [* {th:each}] [200]: com.intuit.karate.template.KarateEachTagProcessor
[THYMELEAF]             * [* {th:switch}] [250]: org.thymeleaf.standard.processor.StandardSwitchTagProcessor
[THYMELEAF]             * [* {th:case}] [275]: org.thymeleaf.standard.processor.StandardCaseTagProcessor
[THYMELEAF]             * [* {th:if}] [300]: org.thymeleaf.standard.processor.StandardIfTagProcessor
[THYMELEAF]             * [* {th:unless}] [400]: org.thymeleaf.standard.processor.StandardUnlessTagProcessor
[THYMELEAF]             * [* {th:object}] [500]: org.thymeleaf.standard.processor.StandardObjectTagProcessor
[THYMELEAF]             * [* {th:with}] [600]: com.intuit.karate.template.KarateWithTagProcessor
[THYMELEAF]             * [* {th:attr}] [700]: com.intuit.karate.template.KarateAttributeTagProcessor.KarateAttrTagProcessor
[THYMELEAF]             * [* {th:attrappend}] [900]: com.intuit.karate.template.KarateAttributeTagProcessor.KarateAttrappendTagProcessor
[THYMELEAF]             * [* {th:attrprepend}] [900]: com.intuit.karate.template.KarateAttributeTagProcessor.KarateAttrprependTagProcessor
[THYMELEAF]             * [* {th:inline}] [1000]: org.thymeleaf.standard.processor.StandardInlineXMLTagProcessor
[THYMELEAF]             * [* {xmlns:th}] [1000]: org.thymeleaf.standard.processor.StandardXmlNsTagProcessor
[THYMELEAF]             * [* {th:text}] [1300]: org.thymeleaf.standard.processor.StandardTextTagProcessor
[THYMELEAF]             * [* {th:utext}] [1400]: org.thymeleaf.standard.processor.StandardUtextTagProcessor
[THYMELEAF]             * [* {th:fragment}] [1500]: org.thymeleaf.standard.processor.StandardFragmentTagProcessor
[THYMELEAF]             * [* {th:assert}] [1550]: org.thymeleaf.standard.processor.StandardAssertTagProcessor
[THYMELEAF]             * [* {th:remove}] [1600]: org.thymeleaf.standard.processor.StandardRemoveTagProcessor
[THYMELEAF]             * [* {th:ref}] [10000]: org.thymeleaf.standard.processor.StandardRefAttributeTagProcessor
[THYMELEAF]             * [{th:block} *] [100000]: org.thymeleaf.standard.processor.StandardBlockTagProcessor
[THYMELEAF]             * [* th:*] [2147483647]: org.thymeleaf.standard.processor.StandardDefaultAttributesTagProcessor
[THYMELEAF]         * Text Processors by [precedence]:
[THYMELEAF]             * [1000]: org.thymeleaf.standard.processor.StandardInliningTextProcessor
[THYMELEAF]         * CDATA Section Processors by [precedence]:
[THYMELEAF]             * [1000]: org.thymeleaf.standard.processor.StandardInliningCDATASectionProcessor
[THYMELEAF]         * Comment Processors by [precedence]:
[THYMELEAF]             * [1000]: org.thymeleaf.standard.processor.StandardInliningCommentProcessor
[THYMELEAF]     * Processors for Template Mode: TEXT
[THYMELEAF]         * Element Tag Processors by [matching element and attribute name] [precedence]:
[THYMELEAF]             * [* {th:insert}] [100]: org.thymeleaf.standard.processor.StandardInsertTagProcessor
[THYMELEAF]             * [* {th:replace}] [100]: org.thymeleaf.standard.processor.StandardReplaceTagProcessor
[THYMELEAF]             * [* {th:each}] [200]: com.intuit.karate.template.KarateEachTagProcessor
[THYMELEAF]             * [* {th:switch}] [250]: org.thymeleaf.standard.processor.StandardSwitchTagProcessor
[THYMELEAF]             * [* {th:case}] [275]: org.thymeleaf.standard.processor.StandardCaseTagProcessor
[THYMELEAF]             * [* {th:if}] [300]: org.thymeleaf.standard.processor.StandardIfTagProcessor
[THYMELEAF]             * [* {th:unless}] [400]: org.thymeleaf.standard.processor.StandardUnlessTagProcessor
[THYMELEAF]             * [* {th:object}] [500]: org.thymeleaf.standard.processor.StandardObjectTagProcessor
[THYMELEAF]             * [* {th:with}] [600]: com.intuit.karate.template.KarateWithTagProcessor
[THYMELEAF]             * [* {th:inline}] [1000]: org.thymeleaf.standard.processor.StandardInlineTextualTagProcessor
[THYMELEAF]             * [* {th:text}] [1300]: org.thymeleaf.standard.processor.StandardTextTagProcessor
[THYMELEAF]             * [* {th:utext}] [1400]: org.thymeleaf.standard.processor.StandardUtextTagProcessor
[THYMELEAF]             * [* {th:assert}] [1550]: org.thymeleaf.standard.processor.StandardAssertTagProcessor
[THYMELEAF]             * [* {th:remove}] [1600]: org.thymeleaf.standard.processor.StandardRemoveTagProcessor
[THYMELEAF]             * [* 100000] [org.thymeleaf.standard.processor.StandardBlockTagProcessor]: {}
[THYMELEAF]             * [{th:block} *] [100000]: org.thymeleaf.standard.processor.StandardBlockTagProcessor
[THYMELEAF]         * Text Processors by [precedence]:
[THYMELEAF]             * [1000]: org.thymeleaf.standard.processor.StandardInliningTextProcessor
[THYMELEAF]     * Processors for Template Mode: JAVASCRIPT
[THYMELEAF]         * Element Tag Processors by [matching element and attribute name] [precedence]:
[THYMELEAF]             * [* {th:insert}] [100]: org.thymeleaf.standard.processor.StandardInsertTagProcessor
[THYMELEAF]             * [* {th:replace}] [100]: org.thymeleaf.standard.processor.StandardReplaceTagProcessor
[THYMELEAF]             * [* {th:each}] [200]: com.intuit.karate.template.KarateEachTagProcessor
[THYMELEAF]             * [* {th:switch}] [250]: org.thymeleaf.standard.processor.StandardSwitchTagProcessor
[THYMELEAF]             * [* {th:case}] [275]: org.thymeleaf.standard.processor.StandardCaseTagProcessor
[THYMELEAF]             * [* {th:if}] [300]: org.thymeleaf.standard.processor.StandardIfTagProcessor
[THYMELEAF]             * [* {th:unless}] [400]: org.thymeleaf.standard.processor.StandardUnlessTagProcessor
[THYMELEAF]             * [* {th:object}] [500]: org.thymeleaf.standard.processor.StandardObjectTagProcessor
[THYMELEAF]             * [* {th:with}] [600]: com.intuit.karate.template.KarateWithTagProcessor
[THYMELEAF]             * [* {th:inline}] [1000]: org.thymeleaf.standard.processor.StandardInlineTextualTagProcessor
[THYMELEAF]             * [* {th:text}] [1300]: org.thymeleaf.standard.processor.StandardTextTagProcessor
[THYMELEAF]             * [* {th:utext}] [1400]: org.thymeleaf.standard.processor.StandardUtextTagProcessor
[THYMELEAF]             * [* {th:assert}] [1550]: org.thymeleaf.standard.processor.StandardAssertTagProcessor
[THYMELEAF]             * [* {th:remove}] [1600]: org.thymeleaf.standard.processor.StandardRemoveTagProcessor
[THYMELEAF]             * [{th:block} *] [100000]: org.thymeleaf.standard.processor.StandardBlockTagProcessor
[THYMELEAF]             * [* 100000] [org.thymeleaf.standard.processor.StandardBlockTagProcessor]: {}
[THYMELEAF]         * Text Processors by [precedence]:
[THYMELEAF]             * [1000]: org.thymeleaf.standard.processor.StandardInliningTextProcessor
[THYMELEAF]     * Processors for Template Mode: CSS
[THYMELEAF]         * Element Tag Processors by [matching element and attribute name] [precedence]:
[THYMELEAF]             * [* {th:insert}] [100]: org.thymeleaf.standard.processor.StandardInsertTagProcessor
[THYMELEAF]             * [* {th:replace}] [100]: org.thymeleaf.standard.processor.StandardReplaceTagProcessor
[THYMELEAF]             * [* {th:each}] [200]: com.intuit.karate.template.KarateEachTagProcessor
[THYMELEAF]             * [* {th:switch}] [250]: org.thymeleaf.standard.processor.StandardSwitchTagProcessor
[THYMELEAF]             * [* {th:case}] [275]: org.thymeleaf.standard.processor.StandardCaseTagProcessor
[THYMELEAF]             * [* {th:if}] [300]: org.thymeleaf.standard.processor.StandardIfTagProcessor
[THYMELEAF]             * [* {th:unless}] [400]: org.thymeleaf.standard.processor.StandardUnlessTagProcessor
[THYMELEAF]             * [* {th:object}] [500]: org.thymeleaf.standard.processor.StandardObjectTagProcessor
[THYMELEAF]             * [* {th:with}] [600]: com.intuit.karate.template.KarateWithTagProcessor
[THYMELEAF]             * [* {th:inline}] [1000]: org.thymeleaf.standard.processor.StandardInlineTextualTagProcessor
[THYMELEAF]             * [* {th:text}] [1300]: org.thymeleaf.standard.processor.StandardTextTagProcessor
[THYMELEAF]             * [* {th:utext}] [1400]: org.thymeleaf.standard.processor.StandardUtextTagProcessor
[THYMELEAF]             * [* {th:assert}] [1550]: org.thymeleaf.standard.processor.StandardAssertTagProcessor
[THYMELEAF]             * [* {th:remove}] [1600]: org.thymeleaf.standard.processor.StandardRemoveTagProcessor
[THYMELEAF]             * [{th:block} *] [100000]: org.thymeleaf.standard.processor.StandardBlockTagProcessor
[THYMELEAF]             * [* 100000] [org.thymeleaf.standard.processor.StandardBlockTagProcessor]: {}
[THYMELEAF]         * Text Processors by [precedence]:
[THYMELEAF]             * [1000]: org.thymeleaf.standard.processor.StandardInliningTextProcessor
[THYMELEAF]     * Expression Objects:
[THYMELEAF]         * #ctx
[THYMELEAF]         * #root
[THYMELEAF]         * #vars
[THYMELEAF]         * #object
[THYMELEAF]         * #locale
[THYMELEAF]         * #request
[THYMELEAF]         * #response
[THYMELEAF]         * #session
[THYMELEAF]         * #servletContext
[THYMELEAF]         * #conversions
[THYMELEAF]         * #uris
[THYMELEAF]         * #calendars
[THYMELEAF]         * #dates
[THYMELEAF]         * #bools
[THYMELEAF]         * #numbers
[THYMELEAF]         * #objects
[THYMELEAF]         * #strings
[THYMELEAF]         * #arrays
[THYMELEAF]         * #lists
[THYMELEAF]         * #sets
[THYMELEAF]         * #maps
[THYMELEAF]         * #aggregates
[THYMELEAF]         * #messages
[THYMELEAF]         * #ids
[THYMELEAF]         * #execInfo
[THYMELEAF]         * #httpServletRequest
[THYMELEAF]         * #httpSession
[THYMELEAF]     * Execution Attributes:
[THYMELEAF]         * "StandardExpressionParser": com.intuit.karate.template.KarateStandardDialect@7ba1cdbe
[THYMELEAF]         * "StandardJavaScriptSerializer": org.thymeleaf.standard.serializer.StandardJavaScriptSerializer@1dcca426
[THYMELEAF]         * "StandardCSSSerializer": org.thymeleaf.standard.serializer.StandardCSSSerializer@e6e5da4
[THYMELEAF]         * "StandardVariableExpressionEvaluator": com.intuit.karate.template.KarateStandardDialect@7ba1cdbe
[THYMELEAF]         * "StandardConversionService": org.thymeleaf.standard.expression.StandardConversionService@720c8f80
[THYMELEAF] * Dialect [2 of 2]: karate (com.intuit.karate.template.KarateScriptDialect)
[THYMELEAF]     * Prefix: "ka"
[THYMELEAF]     * Processors for Template Mode: HTML
[THYMELEAF]         * Element Tag Processors by [matching element and attribute name] [precedence]:
[THYMELEAF]             * [* {src}] [1000]: com.intuit.karate.template.KaScriptAttrProcessor
[THYMELEAF]         * Element Model Processors by [matching element and attribute name] [precedence]:
[THYMELEAF]             * [{script} {ka:scope,data-ka-scope}] [1000]: com.intuit.karate.template.KaScriptElemProcessor
[THYMELEAF]             * [* {ka:set,data-ka-set}] [1000]: com.intuit.karate.template.KaSetElemProcessor
[THYMELEAF] TEMPLATE ENGINE CONFIGURED OK
23:53:32.289 [main] DEBUG org.thymeleaf.TemplateEngine - [THYMELEAF] TEMPLATE ENGINE INITIALIZED

HTML report: (paste into browser to view) | Karate version: 1.4.0
file:///home/developer/repos/hector/ozymandyas_perfect_holidays/karate/target/karate-reports/karate-summary.html
===================================================================

]]></system-out>
  </testcase>
</testsuite>